  Using 'git status' to determine working set for adaptive non-unity build (D:\missp\Projects\Retail-Game).
  Creating makefile for Retail1Editor (config setting changed)
  Parsing headers for Retail1Editor
    Running UnrealHeaderTool "D:\missp\Projects\Retail-Game\Retail1\Retail1.uproject" "D:\missp\Projects\Retail-Game\Retail1\Intermediate\Build\Win64\Retail1Editor\Development\Retail1Editor.uhtmanifest" -LogCmds="loginit warning, logexit warning, logdatabase error" -Unattended -WarningsAsErrors -abslog="C:\Users\missp\AppData\Local\UnrealBuildTool\Log_UHT.txt" -installed
  Reflection code generated for Retail1Editor in 31.3485198 seconds
  Building Retail1Editor...
  Using Visual Studio 2019 14.28.29333 toolchain (D:\VSCommunity\VC\Tools\MSVC\14.28.29333) and Windows 10.0.18362.0 SDK (C:\Program Files (x86)\Windows Kits\10).
  Building 12 actions with 8 processes...
    [1/12] SharedPCH.Engine.ShadowErrors.cpp
    [2/12] Retail1.cpp
    [3/12] Retail1.init.gen.cpp
    [4/12] Cleanup.gen.cpp
    [5/12] Retail1Character.gen.cpp
    [6/12] Retail1GameMode.gen.cpp
    [7/12] Cleanup.cpp
    [8/12] Retail1Character.cpp
    [9/12] Retail1GameMode.cpp
    [10/12] UE4Editor-Retail1-0001.lib
       Creating library D:\missp\Projects\Retail-Game\Retail1\Intermediate\Build\Win64\UE4Editor\Development\Retail1\UE4Editor-Retail1-0001.lib and object D:\missp\Projects\Retail-Game\Retail1\Intermediate\Build\Win64\UE4Editor\Development\Retail1\UE4Editor-Retail1-0001.exp
    [11/12] UE4Editor-Retail1-0001.dll
       Creating library D:\missp\Projects\Retail-Game\Retail1\Intermediate\Build\Win64\UE4Editor\Development\Retail1\UE4Editor-Retail1-0001.suppressed.lib and object D:\missp\Projects\Retail-Game\Retail1\Intermediate\Build\Win64\UE4Editor\Development\Retail1\UE4Editor-Retail1-0001.suppressed.exp
    [12/12] Retail1Editor.target
  Total time in Parallel executor: 52.56 seconds
  Total execution time: 88.28 seconds
