Log file open, 04/22/21 10:55:58
LogInit: Display: Running engine for game: Retail1
LogPlatformFile: Not using cached read wrapper
LogTaskGraph: Started task graph with 5 named threads and 23 total threads with 3 sets of task threads.
LogStats: Stats thread started at 0.853338
LogD3D11RHI: Loaded GFSDK_Aftermath_Lib.x64.dll
LogICUInternationalization: ICU TimeZone Detection - Raw Offset: -7:00, Platform Override: ''
LogPluginManager: Mounting plugin Paper2D
LogPluginManager: Mounting plugin AISupport
LogPluginManager: Mounting plugin LightPropagationVolume
LogPluginManager: Mounting plugin CameraShakePreviewer
LogPluginManager: Mounting plugin ActorLayerUtilities
LogPluginManager: Mounting plugin AnimationSharing
LogPluginManager: Mounting plugin CLionSourceCodeAccess
LogPluginManager: Mounting plugin CodeLiteSourceCodeAccess
LogPluginManager: Mounting plugin GitSourceControl
LogPluginManager: Mounting plugin KDevelopSourceCodeAccess
LogPluginManager: Mounting plugin NullSourceCodeAccess
LogPluginManager: Mounting plugin PerforceSourceControl
LogPluginManager: Mounting plugin PlasticSourceControl
LogPluginManager: Mounting plugin RiderSourceCodeAccess
LogPluginManager: Mounting plugin SubversionSourceControl
LogPluginManager: Mounting plugin UObjectPlugin
LogPluginManager: Mounting plugin VisualStudioCodeSourceCodeAccess
LogPluginManager: Mounting plugin VisualStudioSourceCodeAccess
LogPluginManager: Mounting plugin XCodeSourceCodeAccess
LogPluginManager: Mounting plugin AssetManagerEditor
LogPluginManager: Mounting plugin CryptoKeys
LogPluginManager: Mounting plugin CurveEditorTools
LogPluginManager: Mounting plugin DataValidation
LogPluginManager: Mounting plugin EditorScriptingUtilities
LogPluginManager: Mounting plugin FacialAnimation
LogPluginManager: Mounting plugin GameplayTagsEditor
LogPluginManager: Mounting plugin GeometryMode
LogPluginManager: Mounting plugin MacGraphicsSwitching
LogPluginManager: Mounting plugin MaterialAnalyzer
LogPluginManager: Mounting plugin MobileLauncherProfileWizard
LogPluginManager: Mounting plugin PluginBrowser
LogPluginManager: Mounting plugin SpeedTreeImporter
LogPluginManager: Mounting plugin DatasmithContent
LogPluginManager: Mounting plugin VariantManagerContent
LogPluginManager: Mounting plugin AlembicImporter
LogPluginManager: Mounting plugin AutomationUtils
LogPluginManager: Mounting plugin BackChannel
LogPluginManager: Mounting plugin ChaosCloth
LogPluginManager: Mounting plugin ChaosClothEditor
LogPluginManager: Mounting plugin ChaosEditor
LogPluginManager: Mounting plugin ChaosNiagara
LogPluginManager: Mounting plugin ChaosSolverPlugin
LogPluginManager: Mounting plugin CharacterAI
LogPluginManager: Mounting plugin GeometryCache
LogPluginManager: Mounting plugin GeometryCollectionPlugin
LogPluginManager: Mounting plugin GeometryProcessing
LogPluginManager: Mounting plugin PlanarCut
LogPluginManager: Mounting plugin PlatformCrypto
LogPluginManager: Mounting plugin ProxyLODPlugin
LogPluginManager: Mounting plugin SkeletalReduction
LogPluginManager: Mounting plugin Niagara
LogPluginManager: Mounting plugin MagicLeap
LogPluginManager: Mounting plugin MagicLeapLightEstimation
LogPluginManager: Mounting plugin MagicLeapMedia
LogPluginManager: Mounting plugin MagicLeapPassableWorld
LogPluginManager: Mounting plugin MLSDK
LogPluginManager: Mounting plugin AndroidMedia
LogPluginManager: Mounting plugin AvfMedia
LogPluginManager: Mounting plugin ImgMedia
LogPluginManager: Mounting plugin MediaCompositing
LogPluginManager: Mounting plugin MediaPlayerEditor
LogPluginManager: Mounting plugin WebMMedia
LogPluginManager: Mounting plugin WmfMedia
LogPluginManager: Mounting plugin MeshPainting
LogPluginManager: Mounting plugin TcpMessaging
LogPluginManager: Mounting plugin UdpMessaging
LogPluginManager: Mounting plugin ActorSequence
LogPluginManager: Mounting plugin LevelSequenceEditor
LogPluginManager: Mounting plugin MatineeToLevelSequence
LogPluginManager: Mounting plugin MovieRenderPipeline
LogPluginManager: Mounting plugin TemplateSequence
LogPluginManager: Mounting plugin NetcodeUnitTest
LogPluginManager: Mounting plugin NUTUnrealEngine4
LogPluginManager: Mounting plugin OnlineSubsystemGooglePlay
LogPluginManager: Mounting plugin OnlineSubsystemIOS
LogPluginManager: Mounting plugin OnlineSubsystem
LogPluginManager: Mounting plugin OnlineSubsystemNull
LogPluginManager: Mounting plugin OnlineSubsystemUtils
LogPluginManager: Mounting plugin LauncherChunkInstaller
LogPluginManager: Mounting plugin AndroidDeviceProfileSelector
LogPluginManager: Mounting plugin AndroidMoviePlayer
LogPluginManager: Mounting plugin AndroidPermission
LogPluginManager: Mounting plugin AppleImageUtils
LogPluginManager: Mounting plugin AppleMoviePlayer
LogPluginManager: Mounting plugin ArchVisCharacter
LogPluginManager: Mounting plugin AssetTags
LogPluginManager: Mounting plugin AudioCapture
LogPluginManager: Mounting plugin CableComponent
LogPluginManager: Mounting plugin CustomMeshComponent
LogPluginManager: Mounting plugin EditableMesh
LogPluginManager: Mounting plugin ExampleDeviceProfileSelector
LogPluginManager: Mounting plugin GoogleCloudMessaging
LogPluginManager: Mounting plugin GooglePAD
LogPluginManager: Mounting plugin IOSDeviceProfileSelector
LogPluginManager: Mounting plugin LinuxDeviceProfileSelector
LogPluginManager: Mounting plugin LocationServicesBPLibrary
LogPluginManager: Mounting plugin MobilePatchingUtils
LogPluginManager: Mounting plugin OculusVR
LogPluginManager: Mounting plugin PhysXVehicles
LogPluginManager: Mounting plugin PostSplashScreen
LogPluginManager: Mounting plugin ProceduralMeshComponent
LogPluginManager: Mounting plugin RuntimePhysXCooking
LogPluginManager: Mounting plugin SignificanceManager
LogPluginManager: Mounting plugin SoundFields
LogPluginManager: Mounting plugin Synthesis
LogPluginManager: Mounting plugin WebMMoviePlayer
LogPluginManager: Mounting plugin WindowsMoviePlayer
LogPluginManager: Mounting plugin ScreenshotTools
LogInit: Warning: Incompatible or missing module: Retail1
Running D:/missp/UE_4.25/Engine/Binaries/DotNET/UnrealBuildTool.exe Development Win64 -Project="D:/missp/Projects/Retail-Game/Retail1/Retail1.uproject" -TargetType=Editor -Progress -NoEngineChanges -NoHotReloadFromIDE
Using 'git status' to determine working set for adaptive non-unity build (D:\missp\Projects\Retail-Game).
Creating makefile for Retail1Editor (config setting changed)
@progress push 5%
Parsing headers for Retail1Editor
  Running UnrealHeaderTool "D:\missp\Projects\Retail-Game\Retail1\Retail1.uproject" "D:\missp\Projects\Retail-Game\Retail1\Intermediate\Build\Win64\Retail1Editor\Development\Retail1Editor.uhtmanifest" -LogCmds="loginit warning, logexit warning, logdatabase error" -Unattended -WarningsAsErrors -abslog="C:\Users\missp\AppData\Local\UnrealBuildTool\Log_UHT.txt" -installed
Reflection code generated for Retail1Editor in 34.9016028 seconds
@progress pop
Building Retail1Editor...
Using Visual Studio 2019 14.28.29333 toolchain (D:\VSCommunity\VC\Tools\MSVC\14.28.29333) and Windows 10.0.18362.0 SDK (C:\Program Files (x86)\Windows Kits\10).
Building 24 actions with 8 processes...
  @progress 'Compiling C++ source code...' 0%
  @progress 'Compiling C++ source code...' 4%
  [1/24] SharedPCH.Engine.ShadowErrors.cpp
  @progress 'Compiling C++ source code...' 8%
  [2/24] Retail1.cpp
  @progress 'Compiling C++ source code...' 12%
  [3/24] Coworker.cpp
  @progress 'Compiling C++ source code...' 17%
  [4/24] SpillSpawner.cpp
  @progress 'Compiling C++ source code...' 21%
  [5/24] CustomerSpawner.cpp
  @progress 'Compiling C++ source code...' 25%
  [6/24] Customer.cpp
  @progress 'Compiling C++ source code...' 29%
  [7/24] Cleanup.cpp
  @progress 'Compiling C++ source code...' 33%
  [8/24] ProduceSpawner.cpp
  @progress 'Compiling C++ source code...' 38%
  [9/24] ItemSpawner.cpp
  @progress 'Compiling C++ source code...' 42%
  [10/24] Cleanup.gen.cpp
  @progress 'Compiling C++ source code...' 46%
  [11/24] Customer.gen.cpp
  @progress 'Compiling C++ source code...' 50%
  [12/24] CustomerSpawner.gen.cpp
  @progress 'Compiling C++ source code...' 54%
  [13/24] Retail1.init.gen.cpp
  @progress 'Compiling C++ source code...' 58%
  [14/24] ItemSpawner.gen.cpp
  @progress 'Compiling C++ source code...' 62%
  [15/24] ProduceSpawner.gen.cpp
  @progress 'Compiling C++ source code...' 67%
  [16/24] Retail1Character.cpp
  @progress 'Compiling C++ source code...' 71%
  [17/24] Retail1Character.gen.cpp
  @progress 'Compiling C++ source code...' 75%
  [18/24] Coworker.gen.cpp
  @progress 'Compiling C++ source code...' 79%
  [19/24] SpillSpawner.gen.cpp
  @progress 'Compiling C++ source code...' 83%
  [20/24] Retail1GameMode.gen.cpp
  @progress 'Compiling C++ source code...' 88%
  [21/24] Retail1GameMode.cpp
  @progress 'Compiling C++ source code...' 92%
  [22/24] UE4Editor-Retail1.lib
     Creating library D:\missp\Projects\Retail-Game\Retail1\Intermediate\Build\Win64\UE4Editor\Development\Retail1\UE4Editor-Retail1.lib and object D:\missp\Projects\Retail-Game\Retail1\Intermediate\Build\Win64\UE4Editor\Development\Retail1\UE4Editor-Retail1.exp
  @progress 'Compiling C++ source code...' 96%
  [23/24] UE4Editor-Retail1.dll
     Creating library D:\missp\Projects\Retail-Game\Retail1\Intermediate\Build\Win64\UE4Editor\Development\Retail1\UE4Editor-Retail1.suppressed.lib and object D:\missp\Projects\Retail-Game\Retail1\Intermediate\Build\Win64\UE4Editor\Development\Retail1\UE4Editor-Retail1.suppressed.exp
  @progress 'Compiling C++ source code...' 100%
  [24/24] Retail1Editor.target
Total time in Parallel executor: 61.23 seconds
Total execution time: 102.72 seconds
LogInit: Using libcurl 7.55.1-DEV
LogInit:  - built for x86_64-pc-win32
LogInit:  - supports SSL with OpenSSL/1.1.1
LogInit:  - supports HTTP deflate (compression) using libz 1.2.8
LogInit:  - other features:
LogInit:      CURL_VERSION_SSL
LogInit:      CURL_VERSION_LIBZ
LogInit:      CURL_VERSION_IPV6
LogInit:      CURL_VERSION_ASYNCHDNS
LogInit:      CURL_VERSION_LARGEFILE
LogInit:      CURL_VERSION_IDN
LogInit:  CurlRequestOptions (configurable via config and command line):
LogInit:  - bVerifyPeer = true  - Libcurl will verify peer certificate
LogInit:  - bUseHttpProxy = false  - Libcurl will NOT use HTTP proxy
LogInit:  - bDontReuseConnections = false  - Libcurl will reuse connections
LogInit:  - MaxHostConnections = 16  - Libcurl will limit the number of connections to a host
LogInit:  - LocalHostAddr = Default
LogInit:  - BufferSize = 65536
LogOnline: OSS: Creating online subsystem instance for: NULL
LogInit: WinSock: version 1.1 (2.2), MaxSocks=32767, MaxUdp=65467
LogOnline: OSS: TryLoadSubsystemAndSetDefault: Loaded subsystem for module [NULL]
LogOculusPluginWrapper: OculusPlugin initialized successfully
LogHMD: Failed initializing OVRPlugin 1.44.0
LogInit: Build: ++UE4+Release-4.25-CL-14469661
LogInit: Engine Version: 4.25.4-14469661+++UE4+Release-4.25
LogInit: Compatible Engine Version: 4.25.0-13144385+++UE4+Release-4.25
LogInit: Net CL: 13144385
LogInit: OS: Windows 10 (Release 2009) (), CPU: Intel(R) Core(TM) i7-7820HK CPU @ 2.90GHz, GPU: NVIDIA GeForce GTX 1070
LogInit: Compiled (64-bit): Oct 11 2020 08:10:49
LogInit: Compiled with Visual C++: 19.24.28315.00
LogInit: Build Configuration: Development
LogInit: Branch Name: ++UE4+Release-4.25
LogInit: Command Line: 
LogInit: Base Directory: D:/missp/UE_4.25/Engine/Binaries/Win64/
LogInit: Allocator: TBB
LogInit: Installed Engine Build: 1
LogDevObjectVersion: Number of dev versions registered: 26
LogDevObjectVersion:   Dev-Blueprints (B0D832E4-1F89-4F0D-ACCF-7EB736FD4AA2): 10
LogDevObjectVersion:   Dev-Build (E1C64328-A22C-4D53-A36C-8E866417BD8C): 0
LogDevObjectVersion:   Dev-Core (375EC13C-06E4-48FB-B500-84F0262A717E): 4
LogDevObjectVersion:   Dev-Editor (E4B068ED-F494-42E9-A231-DA0B2E46BB41): 38
LogDevObjectVersion:   Dev-Framework (CFFC743F-43B0-4480-9391-14DF171D2073): 37
LogDevObjectVersion:   Dev-Mobile (B02B49B5-BB20-44E9-A304-32B752E40360): 2
LogDevObjectVersion:   Dev-Networking (A4E4105C-59A1-49B5-A7C5-40C4547EDFEE): 0
LogDevObjectVersion:   Dev-Online (39C831C9-5AE6-47DC-9A44-9C173E1C8E7C): 0
LogDevObjectVersion:   Dev-Physics (78F01B33-EBEA-4F98-B9B4-84EACCB95AA2): 4
LogDevObjectVersion:   Dev-Platform (6631380F-2D4D-43E0-8009-CF276956A95A): 0
LogDevObjectVersion:   Dev-Rendering (12F88B9F-8875-4AFC-A67C-D90C383ABD29): 43
LogDevObjectVersion:   Dev-Sequencer (7B5AE74C-D270-4C10-A958-57980B212A5A): 12
LogDevObjectVersion:   Dev-VR (D7296918-1DD6-4BDD-9DE2-64A83CC13884): 3
LogDevObjectVersion:   Dev-LoadTimes (C2A15278-BFE7-4AFE-6C17-90FF531DF755): 1
LogDevObjectVersion:   Private-Geometry (6EACA3D4-40EC-4CC1-B786-8BED09428FC5): 3
LogDevObjectVersion:   Dev-AnimPhys (29E575DD-E0A3-4627-9D10-D276232CDCEA): 17
LogDevObjectVersion:   Dev-Anim (AF43A65D-7FD3-4947-9873-3E8ED9C1BB05): 7
LogDevObjectVersion:   Dev-ReflectionCapture (6B266CEC-1EC7-4B8F-A30B-E4D90942FC07): 1
LogDevObjectVersion:   Dev-Automation (0DF73D61-A23F-47EA-B727-89E90C41499A): 1
LogDevObjectVersion:   FortniteMain (601D1886-AC64-4F84-AA16-D3DE0DEAC7D6): 31
LogDevObjectVersion:   Dev-Enterprise (9DFFBCD6-494F-0158-E221-12823C92A888): 10
LogDevObjectVersion:   Dev-Niagara (F2AED0AC-9AFE-416F-8664-AA7FFA26D6FC): 1
LogDevObjectVersion:   Dev-Destruction (174F1F0B-B4C6-45A5-B13F-2EE8D0FB917D): 10
LogDevObjectVersion:   Dev-Physics-Ext (35F94A83-E258-406C-A318-09F59610247C): 37
LogDevObjectVersion:   Dev-PhysicsMaterial-Chaos (B68FC16E-8B1B-42E2-B453-215C058844FE): 1
LogDevObjectVersion:   Dev-CineCamera (B2E18506-4273-CFC2-A54E-F4BB758BBA07): 1
LogInit: Presizing for max 25165824 objects, including 0 objects not considered by GC, pre-allocating 0 bytes for permanent pool.
LogConfig: Applying CVar settings from Section [/Script/Engine.StreamingSettings] File [D:/missp/Projects/Retail-Game/Retail1/Saved/Config/Windows/Engine.ini]
LogConfig: Setting CVar [[s.MinBulkDataSizeForAsyncLoading:131072]]
LogConfig: Setting CVar [[s.AsyncLoadingThreadEnabled:0]]
LogConfig: Setting CVar [[s.EventDrivenLoaderEnabled:1]]
LogConfig: Setting CVar [[s.WarnIfTimeLimitExceeded:0]]
LogConfig: Setting CVar [[s.TimeLimitExceededMultiplier:1.5]]
LogConfig: Setting CVar [[s.TimeLimitExceededMinTime:0.005]]
LogConfig: Setting CVar [[s.UseBackgroundLevelStreaming:1]]
LogConfig: Setting CVar [[s.PriorityAsyncLoadingExtraTime:15.0]]
LogConfig: Setting CVar [[s.LevelStreamingActorsUpdateTimeLimit:5.0]]
LogConfig: Setting CVar [[s.PriorityLevelStreamingActorsUpdateExtraTime:5.0]]
LogConfig: Setting CVar [[s.LevelStreamingComponentsRegistrationGranularity:10]]
LogConfig: Setting CVar [[s.UnregisterComponentsTimeLimit:1.0]]
LogConfig: Setting CVar [[s.LevelStreamingComponentsUnregistrationGranularity:5]]
LogConfig: Setting CVar [[s.FlushStreamingOnExit:1]]
LogInit: Object subsystem initialized
LogConfig: Setting CVar [[con.DebugEarlyDefault:1]]
LogConfig: Setting CVar [[r.setres:1280x720]]
[2021.04.22-16.57.48:891][  0]LogConfig: Setting CVar [[r.VSync:0]]
[2021.04.22-16.57.48:891][  0]LogConfig: Setting CVar [[r.RHICmdBypass:0]]
[2021.04.22-16.57.48:891][  0]LogConfig: Applying CVar settings from Section [/Script/Engine.RendererSettings] File [D:/missp/Projects/Retail-Game/Retail1/Saved/Config/Windows/Engine.ini]
[2021.04.22-16.57.48:891][  0]LogConfig: Setting CVar [[r.GPUCrashDebugging:0]]
[2021.04.22-16.57.48:891][  0]LogConfig: Applying CVar settings from Section [/Script/Engine.RendererOverrideSettings] File [D:/missp/Projects/Retail-Game/Retail1/Saved/Config/Windows/Engine.ini]
[2021.04.22-16.57.48:891][  0]LogConfig: Applying CVar settings from Section [/Script/Engine.StreamingSettings] File [D:/missp/Projects/Retail-Game/Retail1/Saved/Config/Windows/Engine.ini]
[2021.04.22-16.57.48:891][  0]LogConfig: Setting CVar [[s.MinBulkDataSizeForAsyncLoading:131072]]
[2021.04.22-16.57.48:891][  0]LogConfig: Setting CVar [[s.AsyncLoadingThreadEnabled:0]]
[2021.04.22-16.57.48:891][  0]LogConfig: Setting CVar [[s.EventDrivenLoaderEnabled:1]]
[2021.04.22-16.57.48:891][  0]LogConfig: Setting CVar [[s.WarnIfTimeLimitExceeded:0]]
[2021.04.22-16.57.48:891][  0]LogConfig: Setting CVar [[s.TimeLimitExceededMultiplier:1.5]]
[2021.04.22-16.57.48:891][  0]LogConfig: Setting CVar [[s.TimeLimitExceededMinTime:0.005]]
[2021.04.22-16.57.48:891][  0]LogConfig: Setting CVar [[s.UseBackgroundLevelStreaming:1]]
[2021.04.22-16.57.48:891][  0]LogConfig: Setting CVar [[s.PriorityAsyncLoadingExtraTime:15.0]]
[2021.04.22-16.57.48:891][  0]LogConfig: Setting CVar [[s.LevelStreamingActorsUpdateTimeLimit:5.0]]
[2021.04.22-16.57.48:891][  0]LogConfig: Setting CVar [[s.PriorityLevelStreamingActorsUpdateExtraTime:5.0]]
[2021.04.22-16.57.48:891][  0]LogConfig: Setting CVar [[s.LevelStreamingComponentsRegistrationGranularity:10]]
[2021.04.22-16.57.48:891][  0]LogConfig: Setting CVar [[s.UnregisterComponentsTimeLimit:1.0]]
[2021.04.22-16.57.48:891][  0]LogConfig: Setting CVar [[s.LevelStreamingComponentsUnregistrationGranularity:5]]
[2021.04.22-16.57.48:891][  0]LogConfig: Setting CVar [[s.FlushStreamingOnExit:1]]
[2021.04.22-16.57.48:891][  0]LogConfig: Applying CVar settings from Section [/Script/Engine.GarbageCollectionSettings] File [D:/missp/Projects/Retail-Game/Retail1/Saved/Config/Windows/Engine.ini]
[2021.04.22-16.57.48:891][  0]LogConfig: Setting CVar [[gc.MaxObjectsNotConsideredByGC:1]]
[2021.04.22-16.57.48:891][  0]LogConfig: Setting CVar [[gc.SizeOfPermanentObjectPool:0]]
[2021.04.22-16.57.48:891][  0]LogConfig: Setting CVar [[gc.FlushStreamingOnGC:0]]
[2021.04.22-16.57.48:891][  0]LogConfig: Setting CVar [[gc.NumRetriesBeforeForcingGC:10]]
[2021.04.22-16.57.48:891][  0]LogConfig: Setting CVar [[gc.AllowParallelGC:1]]
[2021.04.22-16.57.48:891][  0]LogConfig: Setting CVar [[gc.TimeBetweenPurgingPendingKillObjects:61.1]]
[2021.04.22-16.57.48:891][  0]LogConfig: Setting CVar [[gc.MaxObjectsInEditor:25165824]]
[2021.04.22-16.57.48:891][  0]LogConfig: Setting CVar [[gc.IncrementalBeginDestroyEnabled:1]]
[2021.04.22-16.57.48:891][  0]LogConfig: Setting CVar [[gc.CreateGCClusters:1]]
[2021.04.22-16.57.48:891][  0]LogConfig: Setting CVar [[gc.MinGCClusterSize:5]]
[2021.04.22-16.57.48:891][  0]LogConfig: Setting CVar [[gc.ActorClusteringEnabled:0]]
[2021.04.22-16.57.48:892][  0]LogConfig: Setting CVar [[gc.BlueprintClusteringEnabled:0]]
[2021.04.22-16.57.48:892][  0]LogConfig: Setting CVar [[gc.UseDisregardForGCOnDedicatedServers:0]]
[2021.04.22-16.57.48:892][  0]LogConfig: Applying CVar settings from Section [/Script/Engine.NetworkSettings] File [D:/missp/Projects/Retail-Game/Retail1/Saved/Config/Windows/Engine.ini]
[2021.04.22-16.57.48:892][  0]LogConfig: Applying CVar settings from Section [/Script/UnrealEd.CookerSettings] File [D:/missp/Projects/Retail-Game/Retail1/Saved/Config/Windows/Engine.ini]
[2021.04.22-16.57.48:896][  0]LogConfig: Applying CVar settings from Section [ViewDistanceQuality@3] File [D:/missp/Projects/Retail-Game/Retail1/Saved/Config/Windows/Scalability.ini]
[2021.04.22-16.57.48:896][  0]LogConfig: Setting CVar [[r.SkeletalMeshLODBias:0]]
[2021.04.22-16.57.48:896][  0]LogConfig: Setting CVar [[r.ViewDistanceScale:1.0]]
[2021.04.22-16.57.48:896][  0]LogConfig: Applying CVar settings from Section [AntiAliasingQuality@3] File [D:/missp/Projects/Retail-Game/Retail1/Saved/Config/Windows/Scalability.ini]
[2021.04.22-16.57.48:896][  0]LogConfig: Setting CVar [[r.PostProcessAAQuality:4]]
[2021.04.22-16.57.48:896][  0]LogConfig: Applying CVar settings from Section [ShadowQuality@3] File [D:/missp/Projects/Retail-Game/Retail1/Saved/Config/Windows/Scalability.ini]
[2021.04.22-16.57.48:896][  0]LogConfig: Setting CVar [[r.LightFunctionQuality:1]]
[2021.04.22-16.57.48:896][  0]LogConfig: Setting CVar [[r.ShadowQuality:5]]
[2021.04.22-16.57.48:896][  0]LogConfig: Setting CVar [[r.Shadow.CSM.MaxCascades:10]]
[2021.04.22-16.57.48:896][  0]LogConfig: Setting CVar [[r.Shadow.MaxResolution:2048]]
[2021.04.22-16.57.48:896][  0]LogConfig: Setting CVar [[r.Shadow.MaxCSMResolution:2048]]
[2021.04.22-16.57.48:896][  0]LogConfig: Setting CVar [[r.Shadow.RadiusThreshold:0.01]]
[2021.04.22-16.57.48:896][  0]LogConfig: Setting CVar [[r.Shadow.DistanceScale:1.0]]
[2021.04.22-16.57.48:896][  0]LogConfig: Setting CVar [[r.Shadow.CSM.TransitionScale:1.0]]
[2021.04.22-16.57.48:896][  0]LogConfig: Setting CVar [[r.Shadow.PreShadowResolutionFactor:1.0]]
[2021.04.22-16.57.48:896][  0]LogConfig: Setting CVar [[r.DistanceFieldShadowing:1]]
[2021.04.22-16.57.48:896][  0]LogConfig: Setting CVar [[r.DistanceFieldAO:1]]
[2021.04.22-16.57.48:896][  0]LogConfig: Setting CVar [[r.AOQuality:2]]
[2021.04.22-16.57.48:896][  0]LogConfig: Setting CVar [[r.VolumetricFog:1]]
[2021.04.22-16.57.48:896][  0]LogConfig: Setting CVar [[r.VolumetricFog.GridPixelSize:8]]
[2021.04.22-16.57.48:896][  0]LogConfig: Setting CVar [[r.VolumetricFog.GridSizeZ:128]]
[2021.04.22-16.57.48:896][  0]LogConfig: Setting CVar [[r.VolumetricFog.HistoryMissSupersampleCount:4]]
[2021.04.22-16.57.48:896][  0]LogConfig: Setting CVar [[r.LightMaxDrawDistanceScale:1]]
[2021.04.22-16.57.48:896][  0]LogConfig: Setting CVar [[r.CapsuleShadows:1]]
[2021.04.22-16.57.48:896][  0]LogConfig: Applying CVar settings from Section [PostProcessQuality@3] File [D:/missp/Projects/Retail-Game/Retail1/Saved/Config/Windows/Scalability.ini]
[2021.04.22-16.57.48:896][  0]LogConfig: Setting CVar [[r.MotionBlurQuality:4]]
[2021.04.22-16.57.48:896][  0]LogConfig: Setting CVar [[r.AmbientOcclusionMipLevelFactor:0.4]]
[2021.04.22-16.57.48:896][  0]LogConfig: Setting CVar [[r.AmbientOcclusionMaxQuality:100]]
[2021.04.22-16.57.48:896][  0]LogConfig: Setting CVar [[r.AmbientOcclusionLevels:-1]]
[2021.04.22-16.57.48:896][  0]LogConfig: Setting CVar [[r.AmbientOcclusionRadiusScale:1.0]]
[2021.04.22-16.57.48:896][  0]LogConfig: Setting CVar [[r.DepthOfFieldQuality:2]]
[2021.04.22-16.57.48:896][  0]LogConfig: Setting CVar [[r.RenderTargetPoolMin:400]]
[2021.04.22-16.57.48:896][  0]LogConfig: Setting CVar [[r.LensFlareQuality:2]]
[2021.04.22-16.57.48:896][  0]LogConfig: Setting CVar [[r.SceneColorFringeQuality:1]]
[2021.04.22-16.57.48:896][  0]LogConfig: Setting CVar [[r.EyeAdaptationQuality:2]]
[2021.04.22-16.57.48:896][  0]LogConfig: Setting CVar [[r.BloomQuality:5]]
[2021.04.22-16.57.48:896][  0]LogConfig: Setting CVar [[r.FastBlurThreshold:100]]
[2021.04.22-16.57.48:896][  0]LogConfig: Setting CVar [[r.Upscale.Quality:3]]
[2021.04.22-16.57.48:896][  0]LogConfig: Setting CVar [[r.Tonemapper.GrainQuantization:1]]
[2021.04.22-16.57.48:896][  0]LogConfig: Setting CVar [[r.LightShaftQuality:1]]
[2021.04.22-16.57.48:896][  0]LogConfig: Setting CVar [[r.Filter.SizeScale:1]]
[2021.04.22-16.57.48:896][  0]LogConfig: Setting CVar [[r.Tonemapper.Quality:5]]
[2021.04.22-16.57.48:896][  0]LogConfig: Setting CVar [[r.DOF.Gather.AccumulatorQuality:1        ; higher gathering accumulator quality]]
[2021.04.22-16.57.48:896][  0]LogConfig: Setting CVar [[r.DOF.Gather.PostfilterMethod:1          ; Median3x3 postfilering method]]
[2021.04.22-16.57.48:896][  0]LogConfig: Setting CVar [[r.DOF.Gather.EnableBokehSettings:0       ; no bokeh simulation when gathering]]
[2021.04.22-16.57.48:896][  0]LogConfig: Setting CVar [[r.DOF.Gather.RingCount:4                 ; medium number of samples when gathering]]
[2021.04.22-16.57.48:896][  0]LogConfig: Setting CVar [[r.DOF.Scatter.ForegroundCompositing:1    ; additive foreground scattering]]
[2021.04.22-16.57.48:896][  0]LogConfig: Setting CVar [[r.DOF.Scatter.BackgroundCompositing:2    ; additive background scattering]]
[2021.04.22-16.57.48:896][  0]LogConfig: Setting CVar [[r.DOF.Scatter.EnableBokehSettings:1      ; bokeh simulation when scattering]]
[2021.04.22-16.57.48:896][  0]LogConfig: Setting CVar [[r.DOF.Scatter.MaxSpriteRatio:0.1         ; only a maximum of 10% of scattered bokeh]]
[2021.04.22-16.57.48:896][  0]LogConfig: Setting CVar [[r.DOF.Recombine.Quality:1                ; cheap slight out of focus]]
[2021.04.22-16.57.48:896][  0]LogConfig: Setting CVar [[r.DOF.Recombine.EnableBokehSettings:0    ; no bokeh simulation on slight out of focus]]
[2021.04.22-16.57.48:897][  0]LogConfig: Setting CVar [[r.DOF.TemporalAAQuality:1                ; more stable temporal accumulation]]
[2021.04.22-16.57.48:897][  0]LogConfig: Setting CVar [[r.DOF.Kernel.MaxForegroundRadius:0.025]]
[2021.04.22-16.57.48:897][  0]LogConfig: Setting CVar [[r.DOF.Kernel.MaxBackgroundRadius:0.025]]
[2021.04.22-16.57.48:897][  0]LogConfig: Applying CVar settings from Section [TextureQuality@3] File [D:/missp/Projects/Retail-Game/Retail1/Saved/Config/Windows/Scalability.ini]
[2021.04.22-16.57.48:897][  0]LogConfig: Setting CVar [[r.Streaming.MipBias:0]]
[2021.04.22-16.57.48:897][  0]LogConfig: Setting CVar [[r.Streaming.AmortizeCPUToGPUCopy:0]]
[2021.04.22-16.57.48:897][  0]LogConfig: Setting CVar [[r.Streaming.MaxNumTexturesToStreamPerFrame:0]]
[2021.04.22-16.57.48:897][  0]LogConfig: Setting CVar [[r.Streaming.Boost:1]]
[2021.04.22-16.57.48:897][  0]LogConfig: Setting CVar [[r.MaxAnisotropy:8]]
[2021.04.22-16.57.48:897][  0]LogConfig: Setting CVar [[r.VT.MaxAnisotropy:8]]
[2021.04.22-16.57.48:897][  0]LogConfig: Setting CVar [[r.Streaming.LimitPoolSizeToVRAM:0]]
[2021.04.22-16.57.48:897][  0]LogConfig: Setting CVar [[r.Streaming.PoolSize:1000]]
[2021.04.22-16.57.48:897][  0]LogConfig: Setting CVar [[r.Streaming.MaxEffectiveScreenSize:0]]
[2021.04.22-16.57.48:897][  0]LogConfig: Applying CVar settings from Section [EffectsQuality@3] File [D:/missp/Projects/Retail-Game/Retail1/Saved/Config/Windows/Scalability.ini]
[2021.04.22-16.57.48:897][  0]LogConfig: Setting CVar [[r.TranslucencyLightingVolumeDim:64]]
[2021.04.22-16.57.48:897][  0]LogConfig: Setting CVar [[r.RefractionQuality:2]]
[2021.04.22-16.57.48:897][  0]LogConfig: Setting CVar [[r.SSR.Quality:3]]
[2021.04.22-16.57.48:897][  0]LogConfig: Setting CVar [[r.SSR.HalfResSceneColor:0]]
[2021.04.22-16.57.48:897][  0]LogConfig: Setting CVar [[r.SceneColorFormat:4]]
[2021.04.22-16.57.48:897][  0]LogConfig: Setting CVar [[r.DetailMode:2]]
[2021.04.22-16.57.48:897][  0]LogConfig: Setting CVar [[r.TranslucencyVolumeBlur:1]]
[2021.04.22-16.57.48:897][  0]LogConfig: Setting CVar [[r.MaterialQualityLevel:1 ; High quality]]
[2021.04.22-16.57.48:897][  0]LogConfig: Setting CVar [[r.SSS.Scale:1]]
[2021.04.22-16.57.48:897][  0]LogConfig: Setting CVar [[r.SSS.SampleSet:2]]
[2021.04.22-16.57.48:897][  0]LogConfig: Setting CVar [[r.SSS.Quality:1]]
[2021.04.22-16.57.48:897][  0]LogConfig: Setting CVar [[r.SSS.HalfRes:0]]
[2021.04.22-16.57.48:897][  0]LogConfig: Setting CVar [[r.SSGI.Quality:3]]
[2021.04.22-16.57.48:897][  0]LogConfig: Setting CVar [[r.EmitterSpawnRateScale:1.0]]
[2021.04.22-16.57.48:897][  0]LogConfig: Setting CVar [[r.ParticleLightQuality:2]]
[2021.04.22-16.57.48:897][  0]LogConfig: Setting CVar [[r.SkyAtmosphere.AerialPerspectiveLUT.FastApplyOnOpaque:1 ; Always have FastSkyLUT 1 in this case to avoid wrong sky]]
[2021.04.22-16.57.48:897][  0]LogConfig: Setting CVar [[r.SkyAtmosphere.AerialPerspectiveLUT.SampleCountPerSlice:1]]
[2021.04.22-16.57.48:897][  0]LogConfig: Setting CVar [[r.SkyAtmosphere.AerialPerspectiveLUT.DepthResolution:16.0]]
[2021.04.22-16.57.48:897][  0]LogConfig: Setting CVar [[r.SkyAtmosphere.FastSkyLUT:1]]
[2021.04.22-16.57.48:897][  0]LogConfig: Setting CVar [[r.SkyAtmosphere.FastSkyLUT.SampleCountMin:4.0]]
[2021.04.22-16.57.48:897][  0]LogConfig: Setting CVar [[r.SkyAtmosphere.FastSkyLUT.SampleCountMax:32.0]]
[2021.04.22-16.57.48:897][  0]LogConfig: Setting CVar [[r.SkyAtmosphere.SampleCountMin:4.0]]
[2021.04.22-16.57.48:897][  0]LogConfig: Setting CVar [[r.SkyAtmosphere.SampleCountMax:32.0]]
[2021.04.22-16.57.48:897][  0]LogConfig: Setting CVar [[r.SkyAtmosphere.TransmittanceLUT.UseSmallFormat:0]]
[2021.04.22-16.57.48:897][  0]LogConfig: Setting CVar [[r.SkyAtmosphere.TransmittanceLUT.SampleCount:10.0]]
[2021.04.22-16.57.48:897][  0]LogConfig: Setting CVar [[r.SkyAtmosphere.MultiScatteringLUT.SampleCount:15.0]]
[2021.04.22-16.57.48:897][  0]LogConfig: Applying CVar settings from Section [FoliageQuality@3] File [D:/missp/Projects/Retail-Game/Retail1/Saved/Config/Windows/Scalability.ini]
[2021.04.22-16.57.48:897][  0]LogConfig: Setting CVar [[foliage.DensityScale:1.0]]
[2021.04.22-16.57.48:897][  0]LogConfig: Setting CVar [[grass.DensityScale:1.0]]
[2021.04.22-16.57.48:897][  0]LogConfig: Applying CVar settings from Section [ShadingQuality@3] File [D:/missp/Projects/Retail-Game/Retail1/Saved/Config/Windows/Scalability.ini]
[2021.04.22-16.57.48:897][  0]LogConfig: Setting CVar [[r.HairStrands.SkyLighting.SampleCount:16]]
[2021.04.22-16.57.48:897][  0]LogConfig: Setting CVar [[r.HairStrands.SkyLighting.JitterIntegration:0]]
[2021.04.22-16.57.48:897][  0]LogConfig: Setting CVar [[r.HairStrands.SkyAO.SampleCount:16]]
[2021.04.22-16.57.48:897][  0]LogConfig: Setting CVar [[r.HairStrands.DeepShadow.SuperSampling:0]]
[2021.04.22-16.57.48:897][  0]LogConfig: Setting CVar [[r.HairStrands.VisibilityPPLL:0]]
[2021.04.22-16.57.48:897][  0]LogConfig: Setting CVar [[r.HairStrands.RasterizationScale:0.5]]
[2021.04.22-16.57.48:897][  0]LogConfig: Setting CVar [[r.HairStrands.VelocityRasterizationScale:1]]
[2021.04.22-16.57.48:897][  0]LogInit: Selected Device Profile: [Windows]
[2021.04.22-16.57.48:897][  0]LogInit: Applying CVar settings loaded from the selected device profile: [Windows]
[2021.04.22-16.57.48:897][  0]LogHAL: Display: Platform has ~ 16 GB [17042706432 / 17179869184 / 16], which maps to Larger [LargestMinGB=32, LargerMinGB=12, DefaultMinGB=8, SmallerMinGB=6, SmallestMinGB=0)
[2021.04.22-16.57.48:897][  0]LogInit: Going up to parent DeviceProfile []
[2021.04.22-16.57.48:897][  0]LogConfig: Applying CVar settings from Section [ViewDistanceQuality@3] File [D:/missp/Projects/Retail-Game/Retail1/Saved/Config/Windows/Scalability.ini]
[2021.04.22-16.57.48:897][  0]LogConfig: Setting CVar [[r.SkeletalMeshLODBias:0]]
[2021.04.22-16.57.48:897][  0]LogConfig: Setting CVar [[r.ViewDistanceScale:1.0]]
[2021.04.22-16.57.48:897][  0]LogConfig: Applying CVar settings from Section [AntiAliasingQuality@3] File [D:/missp/Projects/Retail-Game/Retail1/Saved/Config/Windows/Scalability.ini]
[2021.04.22-16.57.48:897][  0]LogConfig: Setting CVar [[r.PostProcessAAQuality:4]]
[2021.04.22-16.57.48:897][  0]LogConfig: Applying CVar settings from Section [ShadowQuality@3] File [D:/missp/Projects/Retail-Game/Retail1/Saved/Config/Windows/Scalability.ini]
[2021.04.22-16.57.48:897][  0]LogConfig: Setting CVar [[r.LightFunctionQuality:1]]
[2021.04.22-16.57.48:897][  0]LogConfig: Setting CVar [[r.ShadowQuality:5]]
[2021.04.22-16.57.48:897][  0]LogConfig: Setting CVar [[r.Shadow.CSM.MaxCascades:10]]
[2021.04.22-16.57.48:897][  0]LogConfig: Setting CVar [[r.Shadow.MaxResolution:2048]]
[2021.04.22-16.57.48:897][  0]LogConfig: Setting CVar [[r.Shadow.MaxCSMResolution:2048]]
[2021.04.22-16.57.48:897][  0]LogConfig: Setting CVar [[r.Shadow.RadiusThreshold:0.01]]
[2021.04.22-16.57.48:897][  0]LogConfig: Setting CVar [[r.Shadow.DistanceScale:1.0]]
[2021.04.22-16.57.48:897][  0]LogConfig: Setting CVar [[r.Shadow.CSM.TransitionScale:1.0]]
[2021.04.22-16.57.48:897][  0]LogConfig: Setting CVar [[r.Shadow.PreShadowResolutionFactor:1.0]]
[2021.04.22-16.57.48:897][  0]LogConfig: Setting CVar [[r.DistanceFieldShadowing:1]]
[2021.04.22-16.57.48:897][  0]LogConfig: Setting CVar [[r.DistanceFieldAO:1]]
[2021.04.22-16.57.48:897][  0]LogConfig: Setting CVar [[r.AOQuality:2]]
[2021.04.22-16.57.48:898][  0]LogConfig: Setting CVar [[r.VolumetricFog:1]]
[2021.04.22-16.57.48:898][  0]LogConfig: Setting CVar [[r.VolumetricFog.GridPixelSize:8]]
[2021.04.22-16.57.48:898][  0]LogConfig: Setting CVar [[r.VolumetricFog.GridSizeZ:128]]
[2021.04.22-16.57.48:898][  0]LogConfig: Setting CVar [[r.VolumetricFog.HistoryMissSupersampleCount:4]]
[2021.04.22-16.57.48:898][  0]LogConfig: Setting CVar [[r.LightMaxDrawDistanceScale:1]]
[2021.04.22-16.57.48:898][  0]LogConfig: Setting CVar [[r.CapsuleShadows:1]]
[2021.04.22-16.57.48:898][  0]LogConfig: Applying CVar settings from Section [PostProcessQuality@3] File [D:/missp/Projects/Retail-Game/Retail1/Saved/Config/Windows/Scalability.ini]
[2021.04.22-16.57.48:898][  0]LogConfig: Setting CVar [[r.MotionBlurQuality:4]]
[2021.04.22-16.57.48:898][  0]LogConfig: Setting CVar [[r.AmbientOcclusionMipLevelFactor:0.4]]
[2021.04.22-16.57.48:898][  0]LogConfig: Setting CVar [[r.AmbientOcclusionMaxQuality:100]]
[2021.04.22-16.57.48:898][  0]LogConfig: Setting CVar [[r.AmbientOcclusionLevels:-1]]
[2021.04.22-16.57.48:898][  0]LogConfig: Setting CVar [[r.AmbientOcclusionRadiusScale:1.0]]
[2021.04.22-16.57.48:898][  0]LogConfig: Setting CVar [[r.DepthOfFieldQuality:2]]
[2021.04.22-16.57.48:898][  0]LogConfig: Setting CVar [[r.RenderTargetPoolMin:400]]
[2021.04.22-16.57.48:898][  0]LogConfig: Setting CVar [[r.LensFlareQuality:2]]
[2021.04.22-16.57.48:898][  0]LogConfig: Setting CVar [[r.SceneColorFringeQuality:1]]
[2021.04.22-16.57.48:898][  0]LogConfig: Setting CVar [[r.EyeAdaptationQuality:2]]
[2021.04.22-16.57.48:898][  0]LogConfig: Setting CVar [[r.BloomQuality:5]]
[2021.04.22-16.57.48:898][  0]LogConfig: Setting CVar [[r.FastBlurThreshold:100]]
[2021.04.22-16.57.48:898][  0]LogConfig: Setting CVar [[r.Upscale.Quality:3]]
[2021.04.22-16.57.48:898][  0]LogConfig: Setting CVar [[r.Tonemapper.GrainQuantization:1]]
[2021.04.22-16.57.48:898][  0]LogConfig: Setting CVar [[r.LightShaftQuality:1]]
[2021.04.22-16.57.48:898][  0]LogConfig: Setting CVar [[r.Filter.SizeScale:1]]
[2021.04.22-16.57.48:898][  0]LogConfig: Setting CVar [[r.Tonemapper.Quality:5]]
[2021.04.22-16.57.48:898][  0]LogConfig: Setting CVar [[r.DOF.Gather.AccumulatorQuality:1        ; higher gathering accumulator quality]]
[2021.04.22-16.57.48:898][  0]LogConfig: Setting CVar [[r.DOF.Gather.PostfilterMethod:1          ; Median3x3 postfilering method]]
[2021.04.22-16.57.48:898][  0]LogConfig: Setting CVar [[r.DOF.Gather.EnableBokehSettings:0       ; no bokeh simulation when gathering]]
[2021.04.22-16.57.48:898][  0]LogConfig: Setting CVar [[r.DOF.Gather.RingCount:4                 ; medium number of samples when gathering]]
[2021.04.22-16.57.48:898][  0]LogConfig: Setting CVar [[r.DOF.Scatter.ForegroundCompositing:1    ; additive foreground scattering]]
[2021.04.22-16.57.48:898][  0]LogConfig: Setting CVar [[r.DOF.Scatter.BackgroundCompositing:2    ; additive background scattering]]
[2021.04.22-16.57.48:898][  0]LogConfig: Setting CVar [[r.DOF.Scatter.EnableBokehSettings:1      ; bokeh simulation when scattering]]
[2021.04.22-16.57.48:898][  0]LogConfig: Setting CVar [[r.DOF.Scatter.MaxSpriteRatio:0.1         ; only a maximum of 10% of scattered bokeh]]
[2021.04.22-16.57.48:898][  0]LogConfig: Setting CVar [[r.DOF.Recombine.Quality:1                ; cheap slight out of focus]]
[2021.04.22-16.57.48:898][  0]LogConfig: Setting CVar [[r.DOF.Recombine.EnableBokehSettings:0    ; no bokeh simulation on slight out of focus]]
[2021.04.22-16.57.48:898][  0]LogConfig: Setting CVar [[r.DOF.TemporalAAQuality:1                ; more stable temporal accumulation]]
[2021.04.22-16.57.48:898][  0]LogConfig: Setting CVar [[r.DOF.Kernel.MaxForegroundRadius:0.025]]
[2021.04.22-16.57.48:898][  0]LogConfig: Setting CVar [[r.DOF.Kernel.MaxBackgroundRadius:0.025]]
[2021.04.22-16.57.48:898][  0]LogConfig: Applying CVar settings from Section [TextureQuality@3] File [D:/missp/Projects/Retail-Game/Retail1/Saved/Config/Windows/Scalability.ini]
[2021.04.22-16.57.48:898][  0]LogConfig: Setting CVar [[r.Streaming.MipBias:0]]
[2021.04.22-16.57.48:898][  0]LogConfig: Setting CVar [[r.Streaming.AmortizeCPUToGPUCopy:0]]
[2021.04.22-16.57.48:898][  0]LogConfig: Setting CVar [[r.Streaming.MaxNumTexturesToStreamPerFrame:0]]
[2021.04.22-16.57.48:898][  0]LogConfig: Setting CVar [[r.Streaming.Boost:1]]
[2021.04.22-16.57.48:898][  0]LogConfig: Setting CVar [[r.MaxAnisotropy:8]]
[2021.04.22-16.57.48:898][  0]LogConfig: Setting CVar [[r.VT.MaxAnisotropy:8]]
[2021.04.22-16.57.48:898][  0]LogConfig: Setting CVar [[r.Streaming.LimitPoolSizeToVRAM:0]]
[2021.04.22-16.57.48:898][  0]LogConfig: Setting CVar [[r.Streaming.PoolSize:1000]]
[2021.04.22-16.57.48:898][  0]LogConfig: Setting CVar [[r.Streaming.MaxEffectiveScreenSize:0]]
[2021.04.22-16.57.48:898][  0]LogConfig: Applying CVar settings from Section [EffectsQuality@3] File [D:/missp/Projects/Retail-Game/Retail1/Saved/Config/Windows/Scalability.ini]
[2021.04.22-16.57.48:898][  0]LogConfig: Setting CVar [[r.TranslucencyLightingVolumeDim:64]]
[2021.04.22-16.57.48:898][  0]LogConfig: Setting CVar [[r.RefractionQuality:2]]
[2021.04.22-16.57.48:898][  0]LogConfig: Setting CVar [[r.SSR.Quality:3]]
[2021.04.22-16.57.48:898][  0]LogConfig: Setting CVar [[r.SSR.HalfResSceneColor:0]]
[2021.04.22-16.57.48:898][  0]LogConfig: Setting CVar [[r.SceneColorFormat:4]]
[2021.04.22-16.57.48:898][  0]LogConfig: Setting CVar [[r.DetailMode:2]]
[2021.04.22-16.57.48:898][  0]LogConfig: Setting CVar [[r.TranslucencyVolumeBlur:1]]
[2021.04.22-16.57.48:898][  0]LogConfig: Setting CVar [[r.MaterialQualityLevel:1 ; High quality]]
[2021.04.22-16.57.48:898][  0]LogConfig: Setting CVar [[r.SSS.Scale:1]]
[2021.04.22-16.57.48:898][  0]LogConfig: Setting CVar [[r.SSS.SampleSet:2]]
[2021.04.22-16.57.48:898][  0]LogConfig: Setting CVar [[r.SSS.Quality:1]]
[2021.04.22-16.57.48:898][  0]LogConfig: Setting CVar [[r.SSS.HalfRes:0]]
[2021.04.22-16.57.48:898][  0]LogConfig: Setting CVar [[r.SSGI.Quality:3]]
[2021.04.22-16.57.48:898][  0]LogConfig: Setting CVar [[r.EmitterSpawnRateScale:1.0]]
[2021.04.22-16.57.48:898][  0]LogConfig: Setting CVar [[r.ParticleLightQuality:2]]
[2021.04.22-16.57.48:898][  0]LogConfig: Setting CVar [[r.SkyAtmosphere.AerialPerspectiveLUT.FastApplyOnOpaque:1 ; Always have FastSkyLUT 1 in this case to avoid wrong sky]]
[2021.04.22-16.57.48:898][  0]LogConfig: Setting CVar [[r.SkyAtmosphere.AerialPerspectiveLUT.SampleCountPerSlice:1]]
[2021.04.22-16.57.48:898][  0]LogConfig: Setting CVar [[r.SkyAtmosphere.AerialPerspectiveLUT.DepthResolution:16.0]]
[2021.04.22-16.57.48:898][  0]LogConfig: Setting CVar [[r.SkyAtmosphere.FastSkyLUT:1]]
[2021.04.22-16.57.48:898][  0]LogConfig: Setting CVar [[r.SkyAtmosphere.FastSkyLUT.SampleCountMin:4.0]]
[2021.04.22-16.57.48:898][  0]LogConfig: Setting CVar [[r.SkyAtmosphere.FastSkyLUT.SampleCountMax:32.0]]
[2021.04.22-16.57.48:898][  0]LogConfig: Setting CVar [[r.SkyAtmosphere.SampleCountMin:4.0]]
[2021.04.22-16.57.48:898][  0]LogConfig: Setting CVar [[r.SkyAtmosphere.SampleCountMax:32.0]]
[2021.04.22-16.57.48:898][  0]LogConfig: Setting CVar [[r.SkyAtmosphere.TransmittanceLUT.UseSmallFormat:0]]
[2021.04.22-16.57.48:898][  0]LogConfig: Setting CVar [[r.SkyAtmosphere.TransmittanceLUT.SampleCount:10.0]]
[2021.04.22-16.57.48:898][  0]LogConfig: Setting CVar [[r.SkyAtmosphere.MultiScatteringLUT.SampleCount:15.0]]
[2021.04.22-16.57.48:898][  0]LogConfig: Applying CVar settings from Section [FoliageQuality@3] File [D:/missp/Projects/Retail-Game/Retail1/Saved/Config/Windows/Scalability.ini]
[2021.04.22-16.57.48:898][  0]LogConfig: Setting CVar [[foliage.DensityScale:1.0]]
[2021.04.22-16.57.48:898][  0]LogConfig: Setting CVar [[grass.DensityScale:1.0]]
[2021.04.22-16.57.48:898][  0]LogConfig: Applying CVar settings from Section [ShadingQuality@3] File [D:/missp/Projects/Retail-Game/Retail1/Saved/Config/Windows/Scalability.ini]
[2021.04.22-16.57.48:898][  0]LogConfig: Setting CVar [[r.HairStrands.SkyLighting.SampleCount:16]]
[2021.04.22-16.57.48:898][  0]LogConfig: Setting CVar [[r.HairStrands.SkyLighting.JitterIntegration:0]]
[2021.04.22-16.57.48:898][  0]LogConfig: Setting CVar [[r.HairStrands.SkyAO.SampleCount:16]]
[2021.04.22-16.57.48:898][  0]LogConfig: Setting CVar [[r.HairStrands.DeepShadow.SuperSampling:0]]
[2021.04.22-16.57.48:898][  0]LogConfig: Setting CVar [[r.HairStrands.VisibilityPPLL:0]]
[2021.04.22-16.57.48:898][  0]LogConfig: Setting CVar [[r.HairStrands.RasterizationScale:0.5]]
[2021.04.22-16.57.48:898][  0]LogConfig: Setting CVar [[r.HairStrands.VelocityRasterizationScale:1]]
[2021.04.22-16.57.48:898][  0]LogConfig: Applying CVar settings from Section [Startup] File [../../../Engine/Config/ConsoleVariables.ini]
[2021.04.22-16.57.48:899][  0]LogConfig: Setting CVar [[net.UseAdaptiveNetUpdateFrequency:0]]
[2021.04.22-16.57.48:899][  0]LogConfig: Setting CVar [[p.chaos.AllowCreatePhysxBodies:1]]
[2021.04.22-16.57.48:899][  0]LogConfig: Setting CVar [[fx.SkipVectorVMBackendOptimizations:1]]
[2021.04.22-16.57.48:899][  0]LogConfig: Applying CVar settings from Section [ConsoleVariables] File [D:/missp/Projects/Retail-Game/Retail1/Saved/Config/Windows/Engine.ini]
[2021.04.22-16.57.48:899][  0]LogInit: Computer: WONDERLAND
[2021.04.22-16.57.48:899][  0]LogInit: User: missp
[2021.04.22-16.57.48:899][  0]LogInit: CPU Page size=4096, Cores=4
[2021.04.22-16.57.48:899][  0]LogInit: High frequency timer resolution =10.000000 MHz
[2021.04.22-16.57.48:899][  0]LogMemory: Memory total: Physical=15.9GB (16GB approx)
[2021.04.22-16.57.48:899][  0]LogMemory: Platform Memory Stats for Windows
[2021.04.22-16.57.48:899][  0]LogMemory: Process Physical Memory: 125.08 MB used, 125.08 MB peak
[2021.04.22-16.57.48:899][  0]LogMemory: Process Virtual Memory: 101.05 MB used, 101.05 MB peak
[2021.04.22-16.57.48:899][  0]LogMemory: Physical Memory: 9888.58 MB used,  6364.61 MB free, 16253.19 MB total
[2021.04.22-16.57.48:899][  0]LogMemory: Virtual Memory: 5225.79 MB used,  134212504.00 MB free, 134217728.00 MB total
[2021.04.22-16.57.48:906][  0]LogWindows: WindowsPlatformFeatures enabled
[2021.04.22-16.57.49:522][  0]LogInit: Physics initialised using underlying interface: PhysX
[2021.04.22-16.57.49:523][  0]LogInit: Using OS detected language (en-US).
[2021.04.22-16.57.49:523][  0]LogInit: Using OS detected locale (en-US).
[2021.04.22-16.57.49:526][  0]LogTextLocalizationManager: No specific localization for 'en-US' exists, so the 'en' localization will be used.
[2021.04.22-16.57.49:746][  0]LogInit: Setting process to per monitor DPI aware
[2021.04.22-16.57.49:857][  0]LogSlate: New Slate User Created.  User Index 0, Is Virtual User: 0
[2021.04.22-16.57.49:858][  0]LogSlate: Slate User Registered.  User Index 0, Is Virtual User: 0
[2021.04.22-16.57.52:791][  0]LogD3D11RHI: D3D11 min allowed feature level: 11_0
[2021.04.22-16.57.52:791][  0]LogD3D11RHI: D3D11 max allowed feature level: 11_0
[2021.04.22-16.57.52:791][  0]LogD3D11RHI: D3D11 adapters:
[2021.04.22-16.57.52:866][  0]LogD3D11RHI:    0. 'NVIDIA GeForce GTX 1070' (Feature Level 11_0)
[2021.04.22-16.57.52:866][  0]LogD3D11RHI:       8081/0/8126 MB DedicatedVideo/DedicatedSystem/SharedSystem, Outputs:2, VendorId:0x10de
[2021.04.22-16.57.52:907][  0]LogD3D11RHI:    1. 'Intel(R) HD Graphics 630' (Feature Level 11_0)
[2021.04.22-16.57.52:907][  0]LogD3D11RHI:       128/0/8126 MB DedicatedVideo/DedicatedSystem/SharedSystem, Outputs:0, VendorId:0x8086
[2021.04.22-16.57.52:909][  0]LogD3D11RHI:    2. 'Microsoft Basic Render Driver' (Feature Level 11_0)
[2021.04.22-16.57.52:909][  0]LogD3D11RHI:       0/0/8126 MB DedicatedVideo/DedicatedSystem/SharedSystem, Outputs:0, VendorId:0x1414
[2021.04.22-16.57.52:909][  0]LogD3D11RHI: Chosen D3D11 Adapter: 0
[2021.04.22-16.57.52:919][  0]LogD3D11RHI: Creating new Direct3DDevice
[2021.04.22-16.57.52:919][  0]LogD3D11RHI:     GPU DeviceId: 0x1be1 (for the marketing name, search the web for "GPU Device Id")
[2021.04.22-16.57.52:919][  0]LogWindows: EnumDisplayDevices:
[2021.04.22-16.57.52:919][  0]LogWindows:    0. 'NVIDIA GeForce GTX 1070' (P:0 D:1)
[2021.04.22-16.57.52:919][  0]LogWindows:    1. 'NVIDIA GeForce GTX 1070' (P:1 D:1)
[2021.04.22-16.57.52:919][  0]LogWindows:    2. 'NVIDIA GeForce GTX 1070' (P:0 D:0)
[2021.04.22-16.57.52:920][  0]LogWindows:    3. 'NVIDIA GeForce GTX 1070' (P:0 D:0)
[2021.04.22-16.57.52:920][  0]LogWindows:    4. 'Intel(R) HD Graphics 630' (P:0 D:0)
[2021.04.22-16.57.52:920][  0]LogWindows:    5. 'Intel(R) HD Graphics 630' (P:0 D:0)
[2021.04.22-16.57.52:920][  0]LogWindows:    6. 'Intel(R) HD Graphics 630' (P:0 D:0)
[2021.04.22-16.57.52:921][  0]LogWindows: DebugString: PrimaryIsNotTheChoosenAdapter PrimaryIsNotTheChoosenAdapter PrimaryIsNotTheChoosenAdapter FoundDriverCount:4 
[2021.04.22-16.57.52:921][  0]LogD3D11RHI:     Adapter Name: NVIDIA GeForce GTX 1070
[2021.04.22-16.57.52:921][  0]LogD3D11RHI:   Driver Version: 431.53 (internal:26.21.14.3153, unified:431.53)
[2021.04.22-16.57.52:921][  0]LogD3D11RHI:      Driver Date: 7-12-2019
[2021.04.22-16.57.52:921][  0]LogRHI: Texture pool is 5656 MB (70% of 8081 MB)
[2021.04.22-16.57.52:980][  0]LogD3D11RHI: RHI has support for 64 bit atomics
[2021.04.22-16.57.52:980][  0]LogD3D11RHI: Async texture creation enabled
[2021.04.22-16.57.52:980][  0]LogD3D11RHI: Array index from any shader is supported
[2021.04.22-16.57.53:089][  0]LogD3D11RHI: GPU Timing Frequency: 1000.000000 (Debug: 2 1)
[2021.04.22-16.57.53:423][  0]LogTargetPlatformManager: Display: Loaded TargetPlatform 'AllDesktop'
[2021.04.22-16.57.53:469][  0]LogTargetPlatformManager: Display: Loaded TargetPlatform 'Android'
[2021.04.22-16.57.53:469][  0]LogTargetPlatformManager: Display: Loaded TargetPlatform 'Android_ASTC'
[2021.04.22-16.57.53:469][  0]LogTargetPlatformManager: Display: Loaded TargetPlatform 'Android_DXT'
[2021.04.22-16.57.53:469][  0]LogTargetPlatformManager: Display: Loaded TargetPlatform 'Android_ETC2'
[2021.04.22-16.57.53:469][  0]LogTargetPlatformManager: Display: Loaded TargetPlatform 'AndroidClient'
[2021.04.22-16.57.53:469][  0]LogTargetPlatformManager: Display: Loaded TargetPlatform 'Android_ASTCClient'
[2021.04.22-16.57.53:469][  0]LogTargetPlatformManager: Display: Loaded TargetPlatform 'Android_DXTClient'
[2021.04.22-16.57.53:469][  0]LogTargetPlatformManager: Display: Loaded TargetPlatform 'Android_ETC2Client'
[2021.04.22-16.57.53:470][  0]LogTargetPlatformManager: Display: Loaded TargetPlatform 'Android_Multi'
[2021.04.22-16.57.53:470][  0]LogTargetPlatformManager: Display: Loaded TargetPlatform 'Android_MultiClient'
[2021.04.22-16.57.53:597][  0]LogTargetPlatformManager: Display: Loaded TargetPlatform 'IOSClient'
[2021.04.22-16.57.53:597][  0]LogTargetPlatformManager: Display: Loaded TargetPlatform 'IOS'
[2021.04.22-16.57.53:648][  0]LogTargetPlatformManager: Display: Loaded TargetPlatform 'Linux'
[2021.04.22-16.57.53:683][  0]LogTargetPlatformManager: Display: Loaded TargetPlatform 'LinuxNoEditor'
[2021.04.22-16.57.53:741][  0]LogTargetPlatformManager: Display: Loaded TargetPlatform 'LinuxClient'
[2021.04.22-16.57.53:772][  0]LogTargetPlatformManager: Display: Loaded TargetPlatform 'LinuxServer'
[2021.04.22-16.57.53:874][  0]LogTargetPlatformManager: Display: Loaded TargetPlatform 'LinuxAArch64NoEditor'
[2021.04.22-16.57.53:902][  0]LogTargetPlatformManager: Display: Loaded TargetPlatform 'LinuxAArch64Client'
[2021.04.22-16.57.53:940][  0]LogTargetPlatformManager: Display: Loaded TargetPlatform 'LinuxAArch64Server'
[2021.04.22-16.57.54:013][  0]LogTargetPlatformManager: Display: Loaded TargetPlatform 'Lumin'
[2021.04.22-16.57.54:013][  0]LogTargetPlatformManager: Display: Loaded TargetPlatform 'LuminClient'
[2021.04.22-16.57.54:055][  0]LogTargetPlatformManager: Display: Loaded TargetPlatform 'TVOSClient'
[2021.04.22-16.57.54:055][  0]LogTargetPlatformManager: Display: Loaded TargetPlatform 'TVOS'
[2021.04.22-16.57.54:095][  0]LogTargetPlatformManager: Display: Loaded TargetPlatform 'WindowsNoEditor'
[2021.04.22-16.57.54:131][  0]LogTargetPlatformManager: Display: Loaded TargetPlatform 'Windows'
[2021.04.22-16.57.54:167][  0]LogTargetPlatformManager: Display: Loaded TargetPlatform 'WindowsClient'
[2021.04.22-16.57.54:223][  0]LogTargetPlatformManager: Display: Loaded TargetPlatform 'WindowsServer'
[2021.04.22-16.57.54:223][  0]LogTargetPlatformManager: Display: Building Assets For Windows
[2021.04.22-16.57.54:380][  0]LogAudioDebug: Display: Lib vorbis DLL was dynamically loaded.
[2021.04.22-16.57.55:319][  0]LogShaderCompilers: Guid format shader working directory is 5 characters bigger than the processId version (../../../../Projects/Retail-Game/Retail1/Intermediate/Shaders/WorkingDirectory/23596/).
[2021.04.22-16.57.55:319][  0]LogShaderCompilers: Cleaned the shader compiler working directory 'C:/Users/missp/AppData/Local/Temp/UnrealShaderWorkingDir/1FBCFE674F9AE3DBD20246A69E7C46EA/'.
[2021.04.22-16.57.55:320][  0]LogXGEController: Cannot use XGE Controller as Incredibuild is not installed on this machine.
[2021.04.22-16.57.55:320][  0]LogShaderCompilers: Cannot use XGE Shader Compiler as Incredibuild is not installed on this machine.
[2021.04.22-16.57.55:320][  0]LogShaderCompilers: Display: Using Local Shader Compiler.
[2021.04.22-16.57.58:462][  0]LogDerivedDataCache: Display: Max Cache Size: 512 MB
[2021.04.22-16.57.58:518][  0]LogDerivedDataCache: Loaded boot cache 0.06s 82MB C:/Users/missp/AppData/Local/UnrealEngine/4.25/DerivedDataCache/Boot.ddc.
[2021.04.22-16.57.58:519][  0]LogDerivedDataCache: Display: Loaded Boot cache: C:/Users/missp/AppData/Local/UnrealEngine/4.25/DerivedDataCache/Boot.ddc
[2021.04.22-16.57.58:519][  0]LogDerivedDataCache: FDerivedDataBackendGraph:  Pak pak cache file ../../../../Projects/Retail-Game/Retail1/DerivedDataCache/DDC.ddp not found, will not use a pak cache.
[2021.04.22-16.57.58:519][  0]LogDerivedDataCache: Unable to find inner node Pak for hierarchical cache Hierarchy.
[2021.04.22-16.57.58:519][  0]LogDerivedDataCache: FDerivedDataBackendGraph:  CompressedPak pak cache file ../../../../Projects/Retail-Game/Retail1/DerivedDataCache/Compressed.ddp not found, will not use a pak cache.
[2021.04.22-16.57.58:519][  0]LogDerivedDataCache: Unable to find inner node CompressedPak for hierarchical cache Hierarchy.
[2021.04.22-16.57.58:567][  0]LogDerivedDataCache: Display: Pak cache opened for reading ../../../Engine/DerivedDataCache/Compressed.ddp.
[2021.04.22-16.57.58:567][  0]LogDerivedDataCache: FDerivedDataBackendGraph:  EnterprisePak pak cache file ../../../Enterprise/DerivedDataCache/Compressed.ddp not found, will not use a pak cache.
[2021.04.22-16.57.58:567][  0]LogDerivedDataCache: Unable to find inner node EnterprisePak for hierarchical cache Hierarchy.
[2021.04.22-16.57.58:569][  0]LogDerivedDataCache: Using Local data cache path C:/Users/missp/AppData/Local/UnrealEngine/Common/DerivedDataCache: Writable
[2021.04.22-16.57.58:569][  0]LogDerivedDataCache: Shared data cache path not found in *engine.ini, will not use an Shared cache.
[2021.04.22-16.57.58:569][  0]LogDerivedDataCache: Unable to find inner node Shared for hierarchical cache Hierarchy.
[2021.04.22-16.57.58:620][  0]LogSlate: Using FreeType 2.10.0
[2021.04.22-16.57.58:637][  0]LogSlate: SlateFontServices - WITH_FREETYPE: 1, WITH_HARFBUZZ: 1
[2021.04.22-16.57.59:015][  0]LogAssetRegistry: FAssetRegistry took 0.0024 seconds to start up
[2021.04.22-16.57.59:261][  0]LogInit: Selected Device Profile: [Windows]
[2021.04.22-16.58.00:567][  0]LogMeshReduction: Using QuadricMeshReduction for automatic static mesh reduction
[2021.04.22-16.58.00:567][  0]LogMeshReduction: Using SimplygonMeshReduction for automatic skeletal mesh reduction
[2021.04.22-16.58.00:567][  0]LogMeshReduction: Using ProxyLODMeshReduction for automatic mesh merging
[2021.04.22-16.58.00:567][  0]LogMeshReduction: No distributed automatic mesh merging module available
[2021.04.22-16.58.00:567][  0]LogMeshMerging: No distributed automatic mesh merging module available
[2021.04.22-16.58.00:770][  0]LogNetVersion: Retail1 1.0.0, NetCL: 13144385, EngineNetVer: 14, GameNetVer: 0 (Checksum: 2139136878)
[2021.04.22-16.58.06:008][  0]LogAISub: UAISubsystem::UAISubsystem AISubsystem (000001B96C6E0F00), frame # 0
[2021.04.22-16.58.06:008][  0]LogAISub: UAISubsystem::UAISubsystem AIPerceptionSystem (000001B96C59C2C0), frame # 0
[2021.04.22-16.58.06:009][  0]LogAISub: UAISubsystem::UAISubsystem EnvQueryManager (000001B96C6BE600), frame # 0
[2021.04.22-16.58.06:111][  0]LogPackageLocalizationCache: Processed 18 localized package path(s) for 1 prioritized culture(s) in 0.038353 seconds
[2021.04.22-16.58.06:117][  0]LogUObjectArray: 15814 objects as part of root set at end of initial load.
[2021.04.22-16.58.06:117][  0]LogUObjectAllocator: 3939424 out of 0 bytes used by permanent object pool.
[2021.04.22-16.58.06:117][  0]LogUObjectArray: CloseDisregardForGC: 0/0 objects in disregard for GC pool
[2021.04.22-16.58.11:062][  0]LogTcpMessaging: Initializing TcpMessaging bridge
[2021.04.22-16.58.11:124][  0]LogUdpMessaging: Initializing bridge on interface 0.0.0.0:0 to multicast group 230.0.0.1:6666.
[2021.04.22-16.58.11:487][  0]LogTemp: TIME TO COMPLETE 0
[2021.04.22-16.58.14:729][  0]SourceControl: Source control is disabled
[2021.04.22-16.58.14:729][  0]SourceControl: Source control is disabled
[2021.04.22-16.58.14:794][  0]SourceControl: Source control is disabled
[2021.04.22-16.58.14:991][  0]SourceControl: Source control is disabled
[2021.04.22-16.58.15:094][  0]SourceControl: Source control is disabled
[2021.04.22-16.58.18:733][  0]LogAndroidPermission: UAndroidPermissionCallbackProxy::GetInstance
[2021.04.22-16.58.19:115][  0]LogAudioCaptureCore: Display: No Audio Capture implementations found. Audio input will be silent.
[2021.04.22-16.58.19:115][  0]LogAudioCaptureCore: Display: No Audio Capture implementations found. Audio input will be silent.
[2021.04.22-16.58.19:613][  0]LogOcInput: OculusInput pre-init called
[2021.04.22-16.58.20:651][  0]LogEngine: Initializing Engine...
[2021.04.22-16.58.20:686][  0]LogMagicLeap: Warning: VR disabled because ZI is not enabled.  To enable, in the editor, Edit -> Project Settings -> Plugins -> Magic Leap Plugin -> Enable Zero Iteration
[2021.04.22-16.58.20:688][  0]LogStats: UGameplayTagsManager::InitializeManager -  0.000 s
[2021.04.22-16.58.20:828][  0]LogInit: Initializing FReadOnlyCVARCache
[2021.04.22-16.58.20:876][  0]LogAIModule: Creating AISystem for world Untitled
[2021.04.22-16.58.20:876][  0]LogAISub: UAISubsystem::UAISubsystem EnvQueryManager (000001B97465C800), frame # 0
[2021.04.22-16.58.20:876][  0]LogAISub: UAISubsystem::UAISubsystem AIPerceptionSystem (000001B974623B00), frame # 0
[2021.04.22-16.58.20:907][  0]LogAudioMixer: Display: Audio Mixer Platform Settings:
[2021.04.22-16.58.20:907][  0]LogAudioMixer: Display: 	Sample Rate:						  48000
[2021.04.22-16.58.20:908][  0]LogAudioMixer: Display: 	Callback Buffer Frame Size Requested: 1024
[2021.04.22-16.58.20:908][  0]LogAudioMixer: Display: 	Callback Buffer Frame Size To Use:	  1024
[2021.04.22-16.58.20:908][  0]LogAudioMixer: Display: 	Number of buffers to queue:			  2
[2021.04.22-16.58.20:908][  0]LogAudioMixer: Display: 	Max Channels (voices):				  32
[2021.04.22-16.58.20:908][  0]LogAudioMixer: Display: 	Number of Async Source Workers:		  0
[2021.04.22-16.58.20:908][  0]LogAudio: Display: AudioDevice MaxSources: 32
[2021.04.22-16.58.20:908][  0]LogAudio: Display: Using built-in audio occlusion.
[2021.04.22-16.58.20:908][  0]LogAudioMixer: Display: Initializing audio mixer.
[2021.04.22-16.58.21:074][  0]LogAudioMixer: Display: 0: FrontLeft
[2021.04.22-16.58.21:074][  0]LogAudioMixer: Display: 1: FrontRight
[2021.04.22-16.58.21:074][  0]LogAudioMixer: Display: 2: FrontCenter
[2021.04.22-16.58.21:074][  0]LogAudioMixer: Display: 3: LowFrequency
[2021.04.22-16.58.21:075][  0]LogAudioMixer: Display: 4: BackLeft
[2021.04.22-16.58.21:075][  0]LogAudioMixer: Display: 5: BackRight
[2021.04.22-16.58.21:075][  0]LogAudioMixer: Display: 6: SideLeft
[2021.04.22-16.58.21:075][  0]LogAudioMixer: Display: 7: SideRight
[2021.04.22-16.58.21:517][  0]LogAudioMixer: Display: Using Audio Device Speakers / Headphones (Realtek Audio)
[2021.04.22-16.58.21:520][  0]LogAudioMixer: Display: Initializing Sound Submixes...
[2021.04.22-16.58.21:522][  0]LogAudioMixer: Display: Creating Master Submix 'MasterSubmixDefault'
[2021.04.22-16.58.21:522][  0]LogAudioMixer: Display: Creating Master Submix 'MasterReverbSubmixDefault'
[2021.04.22-16.58.21:523][  0]LogAudioMixer: Display: Creating Master Submix 'MasterEQSubmixDefault'
[2021.04.22-16.58.21:524][  0]LogInit: FAudioDevice initialized.
[2021.04.22-16.58.21:524][  0]LogNetVersion: Set ProjectVersion to 1.0.0.0. Version Checksum will be recalculated on next use.
[2021.04.22-16.58.21:598][  0]LogDerivedDataCache: Saved boot cache 0.07s 82MB C:/Users/missp/AppData/Local/UnrealEngine/4.25/DerivedDataCache/Boot.ddc.
[2021.04.22-16.58.21:598][  0]LogInit: Texture streaming: Enabled
[2021.04.22-16.58.21:800][  0]LogEngineSessionManager: EngineSessionManager initialized
[2021.04.22-16.58.21:801][  0]LogEditorSessionSummary: Verbose: Initializing EditorSessionSummaryWriter for editor session tracking
[2021.04.22-16.58.21:807][  0]LogEditorSessionSummary: EditorSessionSummaryWriter initialized
[2021.04.22-16.58.22:035][  0]LogInit: Transaction tracking system initialized
[2021.04.22-16.58.22:375][  0]BlueprintLog: New page: Editor Load
[2021.04.22-16.58.23:755][  0]LocalizationService: Localization service is disabled
[2021.04.22-16.58.25:153][  0]LogCook: Display: Max memory allowance for cook 16384mb min free memory 0mb
[2021.04.22-16.58.25:153][  0]LogCook: Display: Mobile HDR setting 1
[2021.04.22-16.58.25:735][  0]LogFileCache: Scanning file cache for directory 'D:/missp/Projects/Retail-Game/Retail1/Content/' took 0.03s
[2021.04.22-16.58.27:088][  0]SourceControl: Source control is disabled
[2021.04.22-16.58.27:088][  0]LogUnrealEdMisc: Loading editor; pre map load, took 154.945
[2021.04.22-16.58.27:088][  0]Cmd: MAP LOAD FILE="../../../../Projects/Retail-Game/Retail1/Content/ThirdPersonCPP/Maps/ThirdPersonExampleMap.umap" TEMPLATE=0 SHOWPROGRESS=1 FEATURELEVEL=3
[2021.04.22-16.58.27:136][  0]LightingResults: New page: Lighting Build
[2021.04.22-16.58.27:137][  0]LogWorld: UWorld::CleanupWorld for Untitled, bSessionEnded=true, bCleanupResources=true
[2021.04.22-16.58.27:137][  0]LogSlate: InvalidateAllWidgets triggered.  All widgets were invalidated
[2021.04.22-16.58.27:137][  0]MapCheck: New page: Map Check
[2021.04.22-16.58.27:137][  0]LightingResults: New page: Lighting Build
[2021.04.22-16.58.27:157][  0]LogAISub: UAISubsystem::~UAISubsystem EnvQueryManager (000001B97465C800), frame # 0
[2021.04.22-16.58.27:157][  0]LogAISub: UAISubsystem::~UAISubsystem AIPerceptionSystem (000001B974623B00), frame # 0
[2021.04.22-16.58.27:158][  0]LogUObjectHash: Compacting FUObjectHashTables data took   0.68ms
[2021.04.22-16.58.30:537][  0]LogTemp: TIME TO COMPLETE 0
[2021.04.22-16.58.30:539][  0]LogTemp: TIME TO COMPLETE 0
[2021.04.22-16.58.30:542][  0]LogTemp: TIME TO COMPLETE 0
[2021.04.22-16.58.47:412][  0]LogAIModule: Creating AISystem for world ThirdPersonExampleMap
[2021.04.22-16.58.47:412][  0]LogAISub: UAISubsystem::UAISubsystem EnvQueryManager (000001B9196B5600), frame # 0
[2021.04.22-16.58.47:412][  0]LogAISub: UAISubsystem::UAISubsystem AIPerceptionSystem (000001B9193E3B00), frame # 0
[2021.04.22-16.58.48:625][  0]LogEditorServer: Finished looking for orphan Actors (0.000 secs)
[2021.04.22-16.58.48:686][  0]LogUObjectHash: Compacting FUObjectHashTables data took   1.46ms
[2021.04.22-16.58.48:687][  0]Cmd: MAP CHECKDEP NOCLEARLOG
[2021.04.22-16.58.48:688][  0]MapCheck: Map check complete: 0 Error(s), 0 Warning(s), took 0.559ms to complete.
[2021.04.22-16.58.48:688][  0]LogFileHelpers: Loading map 'ThirdPersonExampleMap' took 21.599
[2021.04.22-16.58.48:703][  0]LogUnrealEdMisc: Total Editor Startup Time, took 176.560
[2021.04.22-16.58.53:713][  0]LogSlate: Updating window title bar state: overlay mode, drag disabled, window buttons hidden, title bar hidden
[2021.04.22-16.58.53:742][  0]LogSlate: Updating window title bar state: overlay mode, drag disabled, window buttons hidden, title bar hidden
[2021.04.22-16.58.53:750][  0]LogSlate: Updating window title bar state: overlay mode, drag disabled, window buttons hidden, title bar hidden
[2021.04.22-16.58.53:758][  0]LogSlate: Updating window title bar state: overlay mode, drag disabled, window buttons hidden, title bar hidden
[2021.04.22-16.58.54:009][  0]LogCollectionManager: Loaded 0 collections in 0.001007 seconds
[2021.04.22-16.58.54:325][  0]LogFileCache: Scanning file cache for directory 'D:/missp/Projects/Retail-Game/Retail1/Saved/Collections/' took 0.00s
[2021.04.22-16.58.54:325][  0]LogFileCache: Scanning file cache for directory 'D:/missp/Projects/Retail-Game/Retail1/Content/Developers/missp/Collections/' took 0.00s
[2021.04.22-16.58.54:325][  0]LogFileCache: Scanning file cache for directory 'D:/missp/Projects/Retail-Game/Retail1/Content/Collections/' took 0.00s
[2021.04.22-16.58.54:325][  0]LogContentBrowser: Native class hierarchy populated in 0.0372 seconds. Added 3428 classes and 817 folders.
[2021.04.22-16.58.54:547][  0]LogContentBrowser: Native class hierarchy updated for 'WidgetCarousel' in 0.0007 seconds. Added 0 classes and 0 folders.
[2021.04.22-16.58.56:720][  0]LogContentBrowser: Native class hierarchy updated for 'AddContentDialog' in 0.0005 seconds. Added 0 classes and 0 folders.
[2021.04.22-16.58.58:180][  0]LogSlate: Took 0.005744 seconds to synchronously load lazily loaded font '../../../Engine/Content/Slate/Fonts/Roboto-Regular.ttf' (155K)
[2021.04.22-16.58.58:321][  0]LogSlate: Took 0.005174 seconds to synchronously load lazily loaded font '../../../Engine/Content/Slate/Fonts/Roboto-Bold.ttf' (160K)
[2021.04.22-16.58.58:369][  0]LogSlate: Took 0.015932 seconds to synchronously load lazily loaded font '../../../Engine/Content/Editor/Slate/Fonts/FontAwesome.ttf' (139K)
[2021.04.22-16.58.59:045][  0]LogRenderer: Reallocating scene render targets to support 1668x640 Format 10 NumSamples 1 (Frame:1).
[2021.04.22-16.59.00:274][  0]LogContentBrowser: Native class hierarchy updated for 'HierarchicalLODOutliner' in 0.0008 seconds. Added 0 classes and 0 folders.
[2021.04.22-16.59.00:274][  0]LogLoad: (Engine Initialization) Total time: 188.13 seconds
[2021.04.22-16.59.00:274][  0]LogLoad: (Engine Initialization) Total Blueprint compile time: 0.00 seconds
[2021.04.22-16.59.00:852][  0]LogContentStreaming: Texture pool size now 1000 MB
[2021.04.22-16.59.01:301][  1]LogAssetRegistry: Asset discovery search completed in 62.2878 seconds
[2021.04.22-16.59.01:305][  1]LogCollectionManager: Fixed up redirectors for 0 collections in 0.000003 seconds (updated 0 objects)
[2021.04.22-17.03.21:216][491]LogAnimationCompression: Building Anim DDC data for AnimSequence /Game/Assets/StoreStuff/Characters/PinkCustomer/pinkCustomer_Anim_walk.pinkCustomer_Anim_walk
[2021.04.22-17.03.21:288][491]LogSlate: Took 0.068443 seconds to synchronously load lazily loaded font '../../../Engine/Content/Slate/Fonts/Roboto-Light.ttf' (167K)
[2021.04.22-17.03.21:323][491]LogAssetEditorSubsystem: Opening Asset editor for AnimSequence /Game/Assets/StoreStuff/Characters/PinkCustomer/pinkCustomer_Anim_walk.pinkCustomer_Anim_walk
[2021.04.22-17.03.21:623][491]LogSkeletalMesh: Building Skeletal Mesh pinkCustomer...
[2021.04.22-17.03.24:872][491]LogSkeletalMesh: Section 0: 27186 vertices, 6 active bones
[2021.04.22-17.03.24:875][491]LogSkeletalMesh: Section 1: 18066 vertices, 2 active bones
[2021.04.22-17.03.24:875][491]LogSkeletalMesh: Section 2: 578 vertices, 2 active bones
[2021.04.22-17.03.24:875][491]LogSkeletalMesh: Section 3: 3246 vertices, 1 active bones
[2021.04.22-17.03.24:876][491]LogSkeletalMesh: Section 4: 5912 vertices, 2 active bones
[2021.04.22-17.03.24:876][491]LogSkeletalMesh: Section 5: 1982 vertices, 2 active bones
[2021.04.22-17.03.24:883][491]LogSkeletalMesh: Section 0: Material=0, 47616 triangles
[2021.04.22-17.03.24:883][491]LogSkeletalMesh: Section 1: Material=1, 31744 triangles
[2021.04.22-17.03.24:883][491]LogSkeletalMesh: Section 2: Material=2, 896 triangles
[2021.04.22-17.03.24:883][491]LogSkeletalMesh: Section 3: Material=3, 5376 triangles
[2021.04.22-17.03.24:883][491]LogSkeletalMesh: Section 4: Material=4, 10496 triangles
[2021.04.22-17.03.24:883][491]LogSkeletalMesh: Section 5: Material=5, 3072 triangles
[2021.04.22-17.03.25:178][491]LogSkeletalMesh: Built Skeletal Mesh [3.55s] /Game/Assets/StoreStuff/Characters/PinkCustomer/pinkCustomer.pinkCustomer
[2021.04.22-17.03.25:180][491]LogMaterial: Display: Missing cached shader map for material skin, compiling. 
[2021.04.22-17.03.25:314][491]LogMaterial: Display: Missing cached shader map for material shoes, compiling. 
[2021.04.22-17.03.25:334][491]LogShaderCompilers: Display: Worker (1/5): shaders left to compile 39
[2021.04.22-17.03.25:334][491]LogShaderCompilers: Display: Worker (2/5): shaders left to compile 29
[2021.04.22-17.03.25:334][491]LogShaderCompilers: Display: Worker (3/5): shaders left to compile 19
[2021.04.22-17.03.25:334][491]LogShaderCompilers: Display: Worker (4/5): shaders left to compile 9
[2021.04.22-17.03.25:334][491]LogMaterial: Display: Missing cached shader map for material shirt, compiling. 
[2021.04.22-17.03.25:353][491]LogMaterial: Display: Missing cached shader map for material eyes, compiling. 
[2021.04.22-17.03.25:371][491]LogMaterial: Display: Missing cached shader map for material hair, compiling. 
[2021.04.22-17.03.25:391][491]LogMaterial: Display: Missing cached shader map for material pants, compiling. 
[2021.04.22-17.03.25:544][491]LogContentBrowser: Native class hierarchy updated for 'SkeletonEditor' in 0.0007 seconds. Added 1 classes and 2 folders.
[2021.04.22-17.03.26:776][491]LogActorComponent: RegisterComponentWithWorld: (/Engine/Transient.World_1:PersistentLevel.AnimationEditorPreviewActor_0.DebugSkelMeshComponent_0) Already registered. Aborting.
[2021.04.22-17.03.26:936][491]LogContentBrowser: Native class hierarchy updated for 'PinnedCommandList' in 0.0006 seconds. Added 1 classes and 0 folders.
[2021.04.22-17.03.27:921][491]LogSkeletalMesh: USkeletalMeshComponent::InitArticulated : Bodies already created (/Engine/Transient.World_1:PersistentLevel.AnimationEditorPreviewActor_0.DebugSkelMeshComponent_0) - call TermArticulated first.
[2021.04.22-17.03.30:173][491]LogContentBrowser: Verbose: The majority of assets in the view are of type: AnimSequence
[2021.04.22-17.03.32:295][538]LogShaderCompilers: Display: Worker (4/5): shaders left to compile 195
[2021.04.22-17.03.32:312][539]LogShaderCompilers: Display: Worker (2/5): shaders left to compile 185
[2021.04.22-17.03.32:616][547]LogShaderCompilers: Display: Worker (1/5): shaders left to compile 175
[2021.04.22-17.03.32:912][555]LogShaderCompilers: Display: Worker (3/5): shaders left to compile 165
[2021.04.22-17.03.36:173][652]LogShaderCompilers: Display: Worker (2/5): shaders left to compile 155
[2021.04.22-17.03.36:542][664]LogShaderCompilers: Display: Worker (4/5): shaders left to compile 145
[2021.04.22-17.03.37:015][681]LogShaderCompilers: Display: Worker (1/5): shaders left to compile 135
[2021.04.22-17.03.37:182][687]LogShaderCompilers: Display: Worker (3/5): shaders left to compile 125
[2021.04.22-17.03.40:238][799]LogShaderCompilers: Display: Worker (2/5): shaders left to compile 115
[2021.04.22-17.03.40:700][816]LogShaderCompilers: Display: Worker (4/5): shaders left to compile 105
[2021.04.22-17.03.41:372][840]LogShaderCompilers: Display: Worker (1/5): shaders left to compile 95
[2021.04.22-17.03.41:611][849]LogShaderCompilers: Display: Worker (3/5): shaders left to compile 85
[2021.04.22-17.03.44:279][936]LogShaderCompilers: Display: Worker (2/5): shaders left to compile 75
[2021.04.22-17.03.44:889][955]LogShaderCompilers: Display: Worker (4/5): shaders left to compile 65
[2021.04.22-17.03.45:632][980]LogShaderCompilers: Display: Worker (3/5): shaders left to compile 55
[2021.04.22-17.03.45:855][987]LogShaderCompilers: Display: Worker (1/5): shaders left to compile 45
[2021.04.22-17.03.48:247][ 58]LogAnimationCompression: Building Anim DDC data for AnimSequence /Game/Assets/StoreStuff/Characters/PinkCustomer/pinkCustomer_Anim_root_hit_left.pinkCustomer_Anim_root_hit_left
[2021.04.22-17.03.48:253][ 58]LogShaderCompilers: Display: Worker (2/5): shaders left to compile 35
[2021.04.22-17.03.48:401][ 58]LogWorld: UWorld::CleanupWorld for World_5, bSessionEnded=true, bCleanupResources=true
[2021.04.22-17.03.48:401][ 58]LogSlate: InvalidateAllWidgets triggered.  All widgets were invalidated
[2021.04.22-17.03.48:764][ 68]LogShaderCompilers: Display: Worker (4/5): shaders left to compile 26
[2021.04.22-17.03.49:513][ 91]LogShaderCompilers: Display: Worker (1/5): shaders left to compile 19
[2021.04.22-17.03.50:251][113]LogShaderCompilers: Display: Worker (3/5): shaders left to compile 14
[2021.04.22-17.03.51:036][135]LogAnimationCompression: Building Anim DDC data for AnimSequence /Game/Assets/StoreStuff/Characters/PinkCustomer/pinkCustomer_Anim_root_hit_right.pinkCustomer_Anim_root_hit_right
[2021.04.22-17.03.51:092][135]LogWorld: UWorld::CleanupWorld for World_7, bSessionEnded=true, bCleanupResources=true
[2021.04.22-17.03.51:092][135]LogSlate: InvalidateAllWidgets triggered.  All widgets were invalidated
[2021.04.22-17.03.51:547][150]LogShaderCompilers: Display: Worker (1/5): shaders left to compile 10
[2021.04.22-17.03.51:547][150]LogShaderCompilers: Display: Worker (4/5): shaders left to compile 7
[2021.04.22-17.03.51:741][156]LogShaderCompilers: Display: Worker (2/5): shaders left to compile 4
[2021.04.22-17.03.51:941][162]LogShaderCompilers: Display: Worker (3/5): shaders left to compile 2
[2021.04.22-17.03.52:341][174]LogShaderCompilers: Display: Worker (2/5): shaders left to compile 1
[2021.04.22-17.03.52:940][191]LogAnimationCompression: Building Anim DDC data for AnimSequence /Game/Assets/StoreStuff/Characters/PinkCustomer/pinkCustomer_Anim_root_idle.pinkCustomer_Anim_root_idle
[2021.04.22-17.03.52:999][191]LogWorld: UWorld::CleanupWorld for World_8, bSessionEnded=true, bCleanupResources=true
[2021.04.22-17.03.52:999][191]LogSlate: InvalidateAllWidgets triggered.  All widgets were invalidated
[2021.04.22-17.03.56:164][306]LogAnimationCompression: Building Anim DDC data for AnimSequence /Game/Assets/StoreStuff/Characters/PinkCustomer/pinkCustomer_Anim_root_run.pinkCustomer_Anim_root_run
[2021.04.22-17.03.56:216][306]LogWorld: UWorld::CleanupWorld for World_9, bSessionEnded=true, bCleanupResources=true
[2021.04.22-17.03.56:216][306]LogSlate: InvalidateAllWidgets triggered.  All widgets were invalidated
[2021.04.22-17.03.58:577][390]LogAnimationCompression: Building Anim DDC data for AnimSequence /Game/Assets/StoreStuff/Characters/PinkCustomer/pinkCustomer_Anim_root_happy.pinkCustomer_Anim_root_happy
[2021.04.22-17.03.58:629][390]LogWorld: UWorld::CleanupWorld for World_10, bSessionEnded=true, bCleanupResources=true
[2021.04.22-17.03.58:629][390]LogSlate: InvalidateAllWidgets triggered.  All widgets were invalidated
[2021.04.22-17.04.01:781][514]LogAnimationCompression: Building Anim DDC data for AnimSequence /Game/Assets/StoreStuff/Characters/PinkCustomer/pinkCustomer_Anim_root_hair_sad.pinkCustomer_Anim_root_hair_sad
[2021.04.22-17.04.01:833][514]LogWorld: UWorld::CleanupWorld for World_11, bSessionEnded=true, bCleanupResources=true
[2021.04.22-17.04.01:833][514]LogSlate: InvalidateAllWidgets triggered.  All widgets were invalidated
[2021.04.22-17.04.04:816][623]LogAnimationCompression: Building Anim DDC data for AnimSequence /Game/Assets/StoreStuff/Characters/PinkCustomer/pinkCustomer_Anim_root_hair_hit_right.pinkCustomer_Anim_root_hair_hit_right
[2021.04.22-17.04.04:866][623]LogWorld: UWorld::CleanupWorld for World_12, bSessionEnded=true, bCleanupResources=true
[2021.04.22-17.04.04:866][623]LogSlate: InvalidateAllWidgets triggered.  All widgets were invalidated
[2021.04.22-17.04.06:500][684]LogAnimationCompression: Building Anim DDC data for AnimSequence /Game/Assets/StoreStuff/Characters/PinkCustomer/pinkCustomer_Anim_root_hair_hit_left.pinkCustomer_Anim_root_hair_hit_left
[2021.04.22-17.04.06:553][684]LogWorld: UWorld::CleanupWorld for World_13, bSessionEnded=true, bCleanupResources=true
[2021.04.22-17.04.06:553][684]LogSlate: InvalidateAllWidgets triggered.  All widgets were invalidated
[2021.04.22-17.04.08:398][751]LogAnimationCompression: Building Anim DDC data for AnimSequence /Game/Assets/StoreStuff/Characters/PinkCustomer/pinkCustomer_Anim_root_hair_angry.pinkCustomer_Anim_root_hair_angry
[2021.04.22-17.04.08:450][751]LogWorld: UWorld::CleanupWorld for World_14, bSessionEnded=true, bCleanupResources=true
[2021.04.22-17.04.08:450][751]LogSlate: InvalidateAllWidgets triggered.  All widgets were invalidated
[2021.04.22-17.04.09:689][796]LogAnimationCompression: Building Anim DDC data for AnimSequence /Game/Assets/StoreStuff/Characters/PinkCustomer/pinkCustomer_Anim_root_angry.pinkCustomer_Anim_root_angry
[2021.04.22-17.04.09:739][796]LogWorld: UWorld::CleanupWorld for World_15, bSessionEnded=true, bCleanupResources=true
[2021.04.22-17.04.09:739][796]LogSlate: InvalidateAllWidgets triggered.  All widgets were invalidated
[2021.04.22-17.04.11:567][866]LogAnimationCompression: Building Anim DDC data for AnimSequence /Game/Assets/StoreStuff/Characters/PinkCustomer/pinkCustomer_Anim_hit_right.pinkCustomer_Anim_hit_right
[2021.04.22-17.04.11:620][866]LogWorld: UWorld::CleanupWorld for World_16, bSessionEnded=true, bCleanupResources=true
[2021.04.22-17.04.11:620][866]LogSlate: InvalidateAllWidgets triggered.  All widgets were invalidated
[2021.04.22-17.04.13:494][935]LogAnimationCompression: Building Anim DDC data for AnimSequence /Game/Assets/StoreStuff/Characters/PinkCustomer/pinkCustomer_Anim_hit_left.pinkCustomer_Anim_hit_left
[2021.04.22-17.04.13:547][935]LogWorld: UWorld::CleanupWorld for World_17, bSessionEnded=true, bCleanupResources=true
[2021.04.22-17.04.13:547][935]LogSlate: InvalidateAllWidgets triggered.  All widgets were invalidated
[2021.04.22-17.04.14:515][970]LogAnimationCompression: Building Anim DDC data for AnimSequence /Game/Assets/StoreStuff/Characters/PinkCustomer/pinkCustomer_Anim_happy.pinkCustomer_Anim_happy
[2021.04.22-17.04.14:564][970]LogWorld: UWorld::CleanupWorld for World_18, bSessionEnded=true, bCleanupResources=true
[2021.04.22-17.04.14:564][970]LogSlate: InvalidateAllWidgets triggered.  All widgets were invalidated
[2021.04.22-17.04.15:758][ 15]LogAnimationCompression: Building Anim DDC data for AnimSequence /Game/Assets/StoreStuff/Characters/PinkCustomer/pinkCustomer_Anim_hairAction.pinkCustomer_Anim_hairAction
[2021.04.22-17.04.15:809][ 15]LogWorld: UWorld::CleanupWorld for World_19, bSessionEnded=true, bCleanupResources=true
[2021.04.22-17.04.15:809][ 15]LogSlate: InvalidateAllWidgets triggered.  All widgets were invalidated
[2021.04.22-17.04.17:792][ 83]LogAnimationCompression: Building Anim DDC data for AnimSequence /Game/Assets/StoreStuff/Characters/PinkCustomer/pinkCustomer_Anim_hair_idle.pinkCustomer_Anim_hair_idle
[2021.04.22-17.04.17:842][ 83]LogWorld: UWorld::CleanupWorld for World_20, bSessionEnded=true, bCleanupResources=true
[2021.04.22-17.04.17:842][ 83]LogSlate: InvalidateAllWidgets triggered.  All widgets were invalidated
[2021.04.22-17.04.19:031][127]LogAnimationCompression: Building Anim DDC data for AnimSequence /Game/Assets/StoreStuff/Characters/PinkCustomer/pinkCustomer_Anim_hair_hit_right.pinkCustomer_Anim_hair_hit_right
[2021.04.22-17.04.19:081][127]LogWorld: UWorld::CleanupWorld for World_21, bSessionEnded=true, bCleanupResources=true
[2021.04.22-17.04.19:081][127]LogSlate: InvalidateAllWidgets triggered.  All widgets were invalidated
[2021.04.22-17.04.20:289][172]LogAnimationCompression: Building Anim DDC data for AnimSequence /Game/Assets/StoreStuff/Characters/PinkCustomer/pinkCustomer_Anim_hair_hit_left.pinkCustomer_Anim_hair_hit_left
[2021.04.22-17.04.20:339][172]LogWorld: UWorld::CleanupWorld for World_22, bSessionEnded=true, bCleanupResources=true
[2021.04.22-17.04.20:339][172]LogSlate: InvalidateAllWidgets triggered.  All widgets were invalidated
[2021.04.22-17.04.21:687][224]LogAnimationCompression: Building Anim DDC data for AnimSequence /Game/Assets/StoreStuff/Characters/PinkCustomer/pinkCustomer_Anim_hair_hairAction.pinkCustomer_Anim_hair_hairAction
[2021.04.22-17.04.21:741][224]LogWorld: UWorld::CleanupWorld for World_23, bSessionEnded=true, bCleanupResources=true
[2021.04.22-17.04.21:741][224]LogSlate: InvalidateAllWidgets triggered.  All widgets were invalidated
[2021.04.22-17.04.22:816][264]LogAnimationCompression: Building Anim DDC data for AnimSequence /Game/Assets/StoreStuff/Characters/PinkCustomer/pinkCustomer_Anim_hair_hair_walk.pinkCustomer_Anim_hair_hair_walk
[2021.04.22-17.04.22:869][264]LogWorld: UWorld::CleanupWorld for World_24, bSessionEnded=true, bCleanupResources=true
[2021.04.22-17.04.22:869][264]LogSlate: InvalidateAllWidgets triggered.  All widgets were invalidated
[2021.04.22-17.04.25:378][355]LogAnimationCompression: Building Anim DDC data for AnimSequence /Game/Assets/StoreStuff/Characters/PinkCustomer/pinkCustomer_Anim_hair_hair_hit_right.pinkCustomer_Anim_hair_hair_hit_right
[2021.04.22-17.04.25:431][355]LogWorld: UWorld::CleanupWorld for World_25, bSessionEnded=true, bCleanupResources=true
[2021.04.22-17.04.25:431][355]LogSlate: InvalidateAllWidgets triggered.  All widgets were invalidated
[2021.04.22-17.04.26:426][392]LogAnimationCompression: Building Anim DDC data for AnimSequence /Game/Assets/StoreStuff/Characters/PinkCustomer/pinkCustomer_Anim_hair_hair_hit_left.pinkCustomer_Anim_hair_hair_hit_left
[2021.04.22-17.04.26:478][392]LogWorld: UWorld::CleanupWorld for World_26, bSessionEnded=true, bCleanupResources=true
[2021.04.22-17.04.26:478][392]LogSlate: InvalidateAllWidgets triggered.  All widgets were invalidated
[2021.04.22-17.04.28:125][450]LogAnimationCompression: Building Anim DDC data for AnimSequence /Game/Assets/StoreStuff/Characters/PinkCustomer/pinkCustomer_Anim_angry.pinkCustomer_Anim_angry
[2021.04.22-17.04.28:183][450]LogWorld: UWorld::CleanupWorld for World_27, bSessionEnded=true, bCleanupResources=true
[2021.04.22-17.04.28:183][450]LogSlate: InvalidateAllWidgets triggered.  All widgets were invalidated
[2021.04.22-17.04.29:888][512]LogAnimationCompression: Building Anim DDC data for AnimSequence /Game/Assets/StoreStuff/Characters/PinkCustomer/pinkCustomer_Anim_hair_angry.pinkCustomer_Anim_hair_angry
[2021.04.22-17.04.29:940][512]LogWorld: UWorld::CleanupWorld for World_28, bSessionEnded=true, bCleanupResources=true
[2021.04.22-17.04.29:940][512]LogSlate: InvalidateAllWidgets triggered.  All widgets were invalidated
[2021.04.22-17.04.41:329][928]LogWorld: UWorld::CleanupWorld for World_29, bSessionEnded=true, bCleanupResources=true
[2021.04.22-17.04.41:329][928]LogSlate: InvalidateAllWidgets triggered.  All widgets were invalidated
[2021.04.22-17.04.44:963][ 60]LogWorld: UWorld::CleanupWorld for World_30, bSessionEnded=true, bCleanupResources=true
[2021.04.22-17.04.44:963][ 60]LogSlate: InvalidateAllWidgets triggered.  All widgets were invalidated
[2021.04.22-17.04.56:827][494]LogAnimationCompression: Building Anim DDC data for AnimSequence /Game/Assets/StoreStuff/Characters/PinkCustomer/pinkCustomer_Anim_sad.pinkCustomer_Anim_sad
[2021.04.22-17.04.56:885][494]LogWorld: UWorld::CleanupWorld for World_31, bSessionEnded=true, bCleanupResources=true
[2021.04.22-17.04.56:886][494]LogSlate: InvalidateAllWidgets triggered.  All widgets were invalidated
[2021.04.22-17.05.05:325][797]LogWorld: UWorld::CleanupWorld for World_32, bSessionEnded=true, bCleanupResources=true
[2021.04.22-17.05.05:325][797]LogSlate: InvalidateAllWidgets triggered.  All widgets were invalidated
[2021.04.22-17.05.13:090][ 81]LogWorld: UWorld::CleanupWorld for World_33, bSessionEnded=true, bCleanupResources=true
[2021.04.22-17.05.13:090][ 81]LogSlate: InvalidateAllWidgets triggered.  All widgets were invalidated
[2021.04.22-17.05.35:746][898]LogWorld: UWorld::CleanupWorld for World_34, bSessionEnded=true, bCleanupResources=true
[2021.04.22-17.05.35:746][898]LogSlate: InvalidateAllWidgets triggered.  All widgets were invalidated
[2021.04.22-17.05.36:749][934]LogWorld: UWorld::CleanupWorld for World_35, bSessionEnded=true, bCleanupResources=true
[2021.04.22-17.05.36:749][934]LogSlate: InvalidateAllWidgets triggered.  All widgets were invalidated
[2021.04.22-17.05.37:289][954]LogWorld: UWorld::CleanupWorld for World_36, bSessionEnded=true, bCleanupResources=true
[2021.04.22-17.05.37:289][954]LogSlate: InvalidateAllWidgets triggered.  All widgets were invalidated
[2021.04.22-17.05.37:486][959]LogWorld: UWorld::CleanupWorld for World_37, bSessionEnded=true, bCleanupResources=true
[2021.04.22-17.05.37:486][959]LogSlate: InvalidateAllWidgets triggered.  All widgets were invalidated
[2021.04.22-17.05.37:666][965]LogWorld: UWorld::CleanupWorld for World_38, bSessionEnded=true, bCleanupResources=true
[2021.04.22-17.05.37:666][965]LogSlate: InvalidateAllWidgets triggered.  All widgets were invalidated
[2021.04.22-17.05.37:858][970]LogWorld: UWorld::CleanupWorld for World_39, bSessionEnded=true, bCleanupResources=true
[2021.04.22-17.05.37:858][970]LogSlate: InvalidateAllWidgets triggered.  All widgets were invalidated
[2021.04.22-17.05.38:060][977]LogWorld: UWorld::CleanupWorld for World_40, bSessionEnded=true, bCleanupResources=true
[2021.04.22-17.05.38:060][977]LogSlate: InvalidateAllWidgets triggered.  All widgets were invalidated
[2021.04.22-17.05.38:223][981]LogWorld: UWorld::CleanupWorld for World_41, bSessionEnded=true, bCleanupResources=true
[2021.04.22-17.05.38:223][981]LogSlate: InvalidateAllWidgets triggered.  All widgets were invalidated
[2021.04.22-17.05.38:392][986]LogWorld: UWorld::CleanupWorld for World_42, bSessionEnded=true, bCleanupResources=true
[2021.04.22-17.05.38:393][986]LogSlate: InvalidateAllWidgets triggered.  All widgets were invalidated
[2021.04.22-17.05.57:923][709]LogSlate: Window 'pinkCustomer_Anim_hair_hair_walk' being destroyed
[2021.04.22-17.05.57:977][709]LogWorld: UWorld::CleanupWorld for World_1, bSessionEnded=true, bCleanupResources=true
[2021.04.22-17.05.57:977][709]LogSlate: InvalidateAllWidgets triggered.  All widgets were invalidated
[2021.04.22-17.05.58:169][709]LogWorld: UWorld::CleanupWorld for World_43, bSessionEnded=true, bCleanupResources=true
[2021.04.22-17.05.58:169][709]LogSlate: InvalidateAllWidgets triggered.  All widgets were invalidated
[2021.04.22-17.05.58:349][709]LogWorld: UWorld::CleanupWorld for World_2, bSessionEnded=true, bCleanupResources=true
[2021.04.22-17.05.58:349][709]LogSlate: InvalidateAllWidgets triggered.  All widgets were invalidated
[2021.04.22-17.06.07:889][ 31]LogAssetEditorSubsystem: Opening Asset editor for AnimBlueprint /Game/Assets/StoreStuff/Characters/Customer_One/poshCustomerAnimation_BP.poshCustomerAnimation_BP
[2021.04.22-17.06.07:967][ 31]LogActorComponent: RegisterComponentWithWorld: (/Engine/Transient.World_46:PersistentLevel.AnimationEditorPreviewActor_0.DebugSkelMeshComponent_0) Already registered. Aborting.
[2021.04.22-17.06.08:426][ 31]LogContentBrowser: Native class hierarchy updated for 'BlueprintGraph' in 0.0008 seconds. Added 125 classes and 0 folders.
[2021.04.22-17.06.09:980][ 31]LogSkeletalMesh: USkeletalMeshComponent::InitArticulated : Bodies already created (/Engine/Transient.World_46:PersistentLevel.AnimationEditorPreviewActor_0.DebugSkelMeshComponent_0) - call TermArticulated first.
[2021.04.22-17.06.10:434][ 31]LogSlate: Took 0.006397 seconds to synchronously load lazily loaded font '../../../Engine/Content/Slate/Fonts/Roboto-BoldCondensed.ttf' (158K)
[2021.04.22-17.06.19:819][560]LogAssetEditorSubsystem: Opening Asset editor for AnimSequence /Game/Assets/StoreStuff/Characters/Customer_One/poshCustomer_Anim_run.poshCustomer_Anim_run
[2021.04.22-17.06.19:822][560]LogActorComponent: RegisterComponentWithWorld: (/Engine/Transient.World_48:PersistentLevel.AnimationEditorPreviewActor_0.DebugSkelMeshComponent_0) Already registered. Aborting.
[2021.04.22-17.06.19:847][560]LogSkeletalMesh: USkeletalMeshComponent::InitArticulated : Bodies already created (/Engine/Transient.World_48:PersistentLevel.AnimationEditorPreviewActor_0.DebugSkelMeshComponent_0) - call TermArticulated first.
[2021.04.22-17.06.20:208][560]LogRenderer: Reallocating scene render targets to support 1668x772 Format 10 NumSamples 1 (Frame:1).
[2021.04.22-17.06.20:208][560]LogContentBrowser: Verbose: The majority of assets in the view are of type: AnimSequence
[2021.04.22-17.06.29:928][ 99]LogWorld: UWorld::CleanupWorld for World_48, bSessionEnded=true, bCleanupResources=true
[2021.04.22-17.06.29:928][ 99]LogSlate: InvalidateAllWidgets triggered.  All widgets were invalidated
[2021.04.22-17.06.29:955][ 99]LogWorld: UWorld::CleanupWorld for World_50, bSessionEnded=true, bCleanupResources=true
[2021.04.22-17.06.29:956][ 99]LogSlate: InvalidateAllWidgets triggered.  All widgets were invalidated
[2021.04.22-17.06.30:027][ 99]LogWorld: UWorld::CleanupWorld for World_49, bSessionEnded=true, bCleanupResources=true
[2021.04.22-17.06.30:027][ 99]LogSlate: InvalidateAllWidgets triggered.  All widgets were invalidated
[2021.04.22-17.07.45:091][221]LogAssetEditorSubsystem: Opening Asset editor for AnimSequence /Game/Assets/StoreStuff/Characters/Main_Character/mainChar_Anim_root_idle.mainChar_Anim_root_idle
[2021.04.22-17.07.45:098][221]LogActorComponent: RegisterComponentWithWorld: (/Engine/Transient.World_53:PersistentLevel.AnimationEditorPreviewActor_0.DebugSkelMeshComponent_0) Already registered. Aborting.
[2021.04.22-17.07.45:210][221]LogSkeletalMesh: USkeletalMeshComponent::InitArticulated : Bodies already created (/Engine/Transient.World_53:PersistentLevel.AnimationEditorPreviewActor_0.DebugSkelMeshComponent_0) - call TermArticulated first.
[2021.04.22-17.07.45:554][221]LogContentBrowser: Verbose: The majority of assets in the view are of type: AnimSequence
[2021.04.22-17.08.12:172][195]LogSlate: Window 'mainChar_Anim_root_idle' being destroyed
[2021.04.22-17.08.12:181][195]LogWorld: UWorld::CleanupWorld for World_53, bSessionEnded=true, bCleanupResources=true
[2021.04.22-17.08.12:181][195]LogSlate: InvalidateAllWidgets triggered.  All widgets were invalidated
[2021.04.22-17.08.12:213][195]LogWorld: UWorld::CleanupWorld for World_55, bSessionEnded=true, bCleanupResources=true
[2021.04.22-17.08.12:213][195]LogSlate: InvalidateAllWidgets triggered.  All widgets were invalidated
[2021.04.22-17.08.12:293][195]LogWorld: UWorld::CleanupWorld for World_54, bSessionEnded=true, bCleanupResources=true
[2021.04.22-17.08.12:293][195]LogSlate: InvalidateAllWidgets triggered.  All widgets were invalidated
[2021.04.22-17.08.14:361][274]LogAssetEditorSubsystem: Opening Asset editor for AnimSequence /Game/Assets/StoreStuff/Characters/Main_Character/mainChar_Anim_root_idle.mainChar_Anim_root_idle
[2021.04.22-17.08.14:368][274]LogActorComponent: RegisterComponentWithWorld: (/Engine/Transient.World_56:PersistentLevel.AnimationEditorPreviewActor_0.DebugSkelMeshComponent_0) Already registered. Aborting.
[2021.04.22-17.08.14:479][274]LogSkeletalMesh: USkeletalMeshComponent::InitArticulated : Bodies already created (/Engine/Transient.World_56:PersistentLevel.AnimationEditorPreviewActor_0.DebugSkelMeshComponent_0) - call TermArticulated first.
[2021.04.22-17.08.14:813][274]LogContentBrowser: Verbose: The majority of assets in the view are of type: AnimSequence
[2021.04.22-17.08.46:697][598]LogSlate: Window 'mainChar_Anim_root_idle' being destroyed
[2021.04.22-17.08.46:705][598]LogWorld: UWorld::CleanupWorld for World_56, bSessionEnded=true, bCleanupResources=true
[2021.04.22-17.08.46:705][598]LogSlate: InvalidateAllWidgets triggered.  All widgets were invalidated
[2021.04.22-17.08.46:813][598]LogWorld: UWorld::CleanupWorld for World_58, bSessionEnded=true, bCleanupResources=true
[2021.04.22-17.08.46:813][598]LogSlate: InvalidateAllWidgets triggered.  All widgets were invalidated
[2021.04.22-17.08.46:951][598]LogWorld: UWorld::CleanupWorld for World_57, bSessionEnded=true, bCleanupResources=true
[2021.04.22-17.08.46:951][598]LogSlate: InvalidateAllWidgets triggered.  All widgets were invalidated
[2021.04.22-17.09.06:314][413]LogSavePackage: Moving '../../../../Projects/Retail-Game/Retail1/Saved/mainChar_Anim_root_idle15524313C47AE25B7AE61DA825A767C22.tmp' to '../../../../Projects/Retail-Game/Retail1/Content/Assets/StoreStuff/Characters/Customer_One/mainChar_Anim_root_idle1.uasset'
[2021.04.22-17.09.06:729][413]LogUObjectHash: Compacting FUObjectHashTables data took   2.57ms
[2021.04.22-17.09.06:775][413]LogUObjectHash: Compacting FUObjectHashTables data took   3.42ms
[2021.04.22-17.09.06:801][413]LogUObjectHash: Compacting FUObjectHashTables data took   0.95ms
[2021.04.22-17.09.07:869][413]AssetCheck: New page: Asset Save: mainChar_Anim_root_idle1
[2021.04.22-17.09.07:869][413]LogContentValidation: Display: Validating AnimSequence /Game/Assets/StoreStuff/Characters/Customer_One/mainChar_Anim_root_idle1.mainChar_Anim_root_idle1
[2021.04.22-17.09.10:260][492]LogAssetEditorSubsystem: Opening Asset editor for AnimSequence /Game/Assets/StoreStuff/Characters/Customer_One/mainChar_Anim_root_idle1.mainChar_Anim_root_idle1
[2021.04.22-17.09.10:266][492]LogActorComponent: RegisterComponentWithWorld: (/Engine/Transient.World_59:PersistentLevel.AnimationEditorPreviewActor_0.DebugSkelMeshComponent_0) Already registered. Aborting.
[2021.04.22-17.09.10:379][492]LogSkeletalMesh: USkeletalMeshComponent::InitArticulated : Bodies already created (/Engine/Transient.World_59:PersistentLevel.AnimationEditorPreviewActor_0.DebugSkelMeshComponent_0) - call TermArticulated first.
[2021.04.22-17.09.10:704][492]LogContentBrowser: Verbose: The majority of assets in the view are of type: AnimSequence
[2021.04.22-17.09.31:864][440]LogOutputDevice: Warning: 

Script Stack (0 frames):

[2021.04.22-17.09.31:864][440]LogWindows: Windows GetLastError: The operation completed successfully. (0)
[2021.04.22-17.09.41:544][440]LogWindows: Error: === Critical error: ===
[2021.04.22-17.09.41:544][440]LogWindows: Error: 
[2021.04.22-17.09.41:544][440]LogWindows: Error: Assertion failed: (Index >= 0) & (Index < ArrayNum) [File:D:\Build\++UE4\Sync\Engine\Source\Runtime\Core\Public\Containers/Array.h] [Line: 674] 
[2021.04.22-17.09.41:544][440]LogWindows: Error: Array index out of bounds: 16 from an array of size 16
[2021.04.22-17.09.41:544][440]LogWindows: Error: 
[2021.04.22-17.09.41:544][440]LogWindows: Error: 
[2021.04.22-17.09.41:544][440]LogWindows: Error: [Callstack] 0x00007ffbb6d84b59 KERNELBASE.dll!UnknownFunction []
[2021.04.22-17.09.41:544][440]LogWindows: Error: [Callstack] 0x00007ffb7939ec66 UE4Editor-Core.dll!UnknownFunction []
[2021.04.22-17.09.41:544][440]LogWindows: Error: [Callstack] 0x00007ffb793a2048 UE4Editor-Core.dll!UnknownFunction []
[2021.04.22-17.09.41:544][440]LogWindows: Error: [Callstack] 0x00007ffb7912e52d UE4Editor-Core.dll!UnknownFunction []
[2021.04.22-17.09.41:544][440]LogWindows: Error: [Callstack] 0x00007ffb790b97c5 UE4Editor-Core.dll!UnknownFunction []
[2021.04.22-17.09.41:544][440]LogWindows: Error: [Callstack] 0x00007ffb790bbb00 UE4Editor-Core.dll!UnknownFunction []
[2021.04.22-17.09.41:544][440]LogWindows: Error: [Callstack] 0x00007ffb30663228 UE4Editor-Engine.dll!UnknownFunction []
[2021.04.22-17.09.41:544][440]LogWindows: Error: [Callstack] 0x00007ffb2eedc74b UE4Editor-Engine.dll!UnknownFunction []
[2021.04.22-17.09.41:544][440]LogWindows: Error: [Callstack] 0x00007ffb2ef4dba9 UE4Editor-Engine.dll!UnknownFunction []
[2021.04.22-17.09.41:544][440]LogWindows: Error: [Callstack] 0x00007ffb2ef4c91b UE4Editor-Engine.dll!UnknownFunction []
[2021.04.22-17.09.41:544][440]LogWindows: Error: [Callstack] 0x00007ffb2efaa5a2 UE4Editor-Engine.dll!UnknownFunction []
[2021.04.22-17.09.41:544][440]LogWindows: Error: [Callstack] 0x00007ffb2efaa151 UE4Editor-Engine.dll!UnknownFunction []
[2021.04.22-17.09.41:544][440]LogWindows: Error: [Callstack] 0x00007ffb77ae2aee UE4Editor-AnimGraph.dll!UnknownFunction []
[2021.04.22-17.09.41:544][440]LogWindows: Error: [Callstack] 0x00007ffb2eee23ec UE4Editor-Engine.dll!UnknownFunction []
[2021.04.22-17.09.41:544][440]LogWindows: Error: [Callstack] 0x00007ffb2eeffe4e UE4Editor-Engine.dll!UnknownFunction []
[2021.04.22-17.09.41:544][440]LogWindows: Error: [Callstack] 0x00007ffb2f26b0d4 UE4Editor-Engine.dll!UnknownFunction []
[2021.04.22-17.09.41:544][440]LogWindows: Error: [Callstack] 0x00007ffb2f27b456 UE4Editor-Engine.dll!UnknownFunction []
[2021.04.22-17.09.41:544][440]LogWindows: Error: [Callstack] 0x00007ffb2f27aadb UE4Editor-Engine.dll!UnknownFunction []
[2021.04.22-17.09.41:544][440]LogWindows: Error: [Callstack] 0x00007ffb2f269096 UE4Editor-Engine.dll!UnknownFunction []
[2021.04.22-17.09.41:544][440]LogWindows: Error: [Callstack] 0x00007ffb2f27fe06 UE4Editor-Engine.dll!UnknownFunction []
[2021.04.22-17.09.41:544][440]LogWindows: Error: [Callstack] 0x00007ffb3cb3db27 UE4Editor-UnrealEd.dll!UnknownFunction []
[2021.04.22-17.09.41:544][440]LogWindows: Error: [Callstack] 0x00007ffb3d68e8a5 UE4Editor-UnrealEd.dll!UnknownFunction []
[2021.04.22-17.09.41:544][440]LogWindows: Error: [Callstack] 0x00007ffb3d658468 UE4Editor-UnrealEd.dll!UnknownFunction []
[2021.04.22-17.09.41:544][440]LogWindows: Error: [Callstack] 0x00007ffb3d37c59c UE4Editor-UnrealEd.dll!UnknownFunction []
[2021.04.22-17.09.41:544][440]LogWindows: Error: [Callstack] 0x00007ffb3cb52b2b UE4Editor-UnrealEd.dll!UnknownFunction []
[2021.04.22-17.09.41:544][440]LogWindows: Error: [Callstack] 0x00007ffb3caa0689 UE4Editor-UnrealEd.dll!UnknownFunction []
[2021.04.22-17.09.41:544][440]LogWindows: Error: [Callstack] 0x00007ffb3ce7a14e UE4Editor-UnrealEd.dll!UnknownFunction []
[2021.04.22-17.09.41:544][440]LogWindows: Error: [Callstack] 0x00007ffb3d7537e6 UE4Editor-UnrealEd.dll!UnknownFunction []
[2021.04.22-17.09.41:544][440]LogWindows: Error: [Callstack] 0x00007ff6147d7800 UE4Editor.exe!UnknownFunction []
[2021.04.22-17.09.41:544][440]LogWindows: Error: [Callstack] 0x00007ff6147eba7c UE4Editor.exe!UnknownFunction []
[2021.04.22-17.09.41:544][440]LogWindows: Error: [Callstack] 0x00007ff6147ebb5a UE4Editor.exe!UnknownFunction []
[2021.04.22-17.09.41:544][440]LogWindows: Error: [Callstack] 0x00007ff6147fe31d UE4Editor.exe!UnknownFunction []
[2021.04.22-17.09.41:544][440]LogWindows: Error: [Callstack] 0x00007ff61480145a UE4Editor.exe!UnknownFunction []
[2021.04.22-17.09.41:544][440]LogWindows: Error: [Callstack] 0x00007ffbb76a7034 KERNEL32.DLL!UnknownFunction []
[2021.04.22-17.09.41:544][440]LogWindows: Error: [Callstack] 0x00007ffbb9662651 ntdll.dll!UnknownFunction []
[2021.04.22-17.09.41:544][440]LogWindows: Error: 
[2021.04.22-17.09.41:551][440]LogExit: Executing StaticShutdownAfterError
[2021.04.22-17.09.41:611][440]LogWindows: FPlatformMisc::RequestExit(1)
[2021.04.22-17.09.41:612][440]LogCore: Engine exit requested (reason: Win RequestExit)
[2021.04.22-17.09.41:630][440]Log file closed, 04/22/21 11:09:41
