Log file open, 03/31/21 22:22:41
LogInit: Display: Running engine for game: Retail1
LogPlatformFile: Not using cached read wrapper
LogTaskGraph: Started task graph with 5 named threads and 35 total threads with 3 sets of task threads.
LogStats: Stats thread started at 0.236617
LogD3D11RHI: Loaded GFSDK_Aftermath_Lib.x64.dll
LogICUInternationalization: ICU TimeZone Detection - Raw Offset: -7:00, Platform Override: ''
LogPluginManager: Mounting plugin Paper2D
LogPluginManager: Mounting plugin AISupport
LogPluginManager: Mounting plugin LightPropagationVolume
LogPluginManager: Mounting plugin CameraShakePreviewer
LogPluginManager: Mounting plugin ActorLayerUtilities
LogPluginManager: Mounting plugin AnimationSharing
LogPluginManager: Mounting plugin CLionSourceCodeAccess
LogPluginManager: Mounting plugin CodeLiteSourceCodeAccess
LogPluginManager: Mounting plugin GitSourceControl
LogPluginManager: Mounting plugin KDevelopSourceCodeAccess
LogPluginManager: Mounting plugin NullSourceCodeAccess
LogPluginManager: Mounting plugin PerforceSourceControl
LogPluginManager: Mounting plugin PlasticSourceControl
LogPluginManager: Mounting plugin RiderSourceCodeAccess
LogPluginManager: Mounting plugin SubversionSourceControl
LogPluginManager: Mounting plugin UObjectPlugin
LogPluginManager: Mounting plugin VisualStudioCodeSourceCodeAccess
LogPluginManager: Mounting plugin VisualStudioSourceCodeAccess
LogPluginManager: Mounting plugin XCodeSourceCodeAccess
LogPluginManager: Mounting plugin AssetManagerEditor
LogPluginManager: Mounting plugin CryptoKeys
LogPluginManager: Mounting plugin CurveEditorTools
LogPluginManager: Mounting plugin DataValidation
LogPluginManager: Mounting plugin EditorScriptingUtilities
LogPluginManager: Mounting plugin FacialAnimation
LogPluginManager: Mounting plugin GameplayTagsEditor
LogPluginManager: Mounting plugin GeometryMode
LogPluginManager: Mounting plugin MacGraphicsSwitching
LogPluginManager: Mounting plugin MaterialAnalyzer
LogPluginManager: Mounting plugin MobileLauncherProfileWizard
LogPluginManager: Mounting plugin PluginBrowser
LogPluginManager: Mounting plugin SpeedTreeImporter
LogPluginManager: Mounting plugin DatasmithContent
LogPluginManager: Mounting plugin VariantManagerContent
LogPluginManager: Mounting plugin AlembicImporter
LogPluginManager: Mounting plugin AutomationUtils
LogPluginManager: Mounting plugin BackChannel
LogPluginManager: Mounting plugin ChaosCloth
LogPluginManager: Mounting plugin ChaosClothEditor
LogPluginManager: Mounting plugin ChaosEditor
LogPluginManager: Mounting plugin ChaosNiagara
LogPluginManager: Mounting plugin ChaosSolverPlugin
LogPluginManager: Mounting plugin CharacterAI
LogPluginManager: Mounting plugin GeometryCache
LogPluginManager: Mounting plugin GeometryCollectionPlugin
LogPluginManager: Mounting plugin GeometryProcessing
LogPluginManager: Mounting plugin PlanarCut
LogPluginManager: Mounting plugin PlatformCrypto
LogPluginManager: Mounting plugin ProxyLODPlugin
LogPluginManager: Mounting plugin SkeletalReduction
LogPluginManager: Mounting plugin Niagara
LogPluginManager: Mounting plugin MagicLeap
LogPluginManager: Mounting plugin MagicLeapLightEstimation
LogPluginManager: Mounting plugin MagicLeapMedia
LogPluginManager: Mounting plugin MagicLeapPassableWorld
LogPluginManager: Mounting plugin MLSDK
LogPluginManager: Mounting plugin AndroidMedia
LogPluginManager: Mounting plugin AvfMedia
LogPluginManager: Mounting plugin ImgMedia
LogPluginManager: Mounting plugin MediaCompositing
LogPluginManager: Mounting plugin MediaPlayerEditor
LogPluginManager: Mounting plugin WebMMedia
LogPluginManager: Mounting plugin WmfMedia
LogPluginManager: Mounting plugin MeshPainting
LogPluginManager: Mounting plugin TcpMessaging
LogPluginManager: Mounting plugin UdpMessaging
LogPluginManager: Mounting plugin ActorSequence
LogPluginManager: Mounting plugin LevelSequenceEditor
LogPluginManager: Mounting plugin MatineeToLevelSequence
LogPluginManager: Mounting plugin MovieRenderPipeline
LogPluginManager: Mounting plugin TemplateSequence
LogPluginManager: Mounting plugin NetcodeUnitTest
LogPluginManager: Mounting plugin NUTUnrealEngine4
LogPluginManager: Mounting plugin OnlineSubsystemGooglePlay
LogPluginManager: Mounting plugin OnlineSubsystemIOS
LogPluginManager: Mounting plugin OnlineSubsystem
LogPluginManager: Mounting plugin OnlineSubsystemNull
LogPluginManager: Mounting plugin OnlineSubsystemUtils
LogPluginManager: Mounting plugin LauncherChunkInstaller
LogPluginManager: Mounting plugin AndroidDeviceProfileSelector
LogPluginManager: Mounting plugin AndroidMoviePlayer
LogPluginManager: Mounting plugin AndroidPermission
LogPluginManager: Mounting plugin AppleImageUtils
LogPluginManager: Mounting plugin AppleMoviePlayer
LogPluginManager: Mounting plugin ArchVisCharacter
LogPluginManager: Mounting plugin AssetTags
LogPluginManager: Mounting plugin AudioCapture
LogPluginManager: Mounting plugin CableComponent
LogPluginManager: Mounting plugin CustomMeshComponent
LogPluginManager: Mounting plugin EditableMesh
LogPluginManager: Mounting plugin ExampleDeviceProfileSelector
LogPluginManager: Mounting plugin GoogleCloudMessaging
LogPluginManager: Mounting plugin GooglePAD
LogPluginManager: Mounting plugin IOSDeviceProfileSelector
LogPluginManager: Mounting plugin LinuxDeviceProfileSelector
LogPluginManager: Mounting plugin LocationServicesBPLibrary
LogPluginManager: Mounting plugin MobilePatchingUtils
LogPluginManager: Mounting plugin OculusVR
LogPluginManager: Mounting plugin PhysXVehicles
LogPluginManager: Mounting plugin PostSplashScreen
LogPluginManager: Mounting plugin ProceduralMeshComponent
LogPluginManager: Mounting plugin RuntimePhysXCooking
LogPluginManager: Mounting plugin SignificanceManager
LogPluginManager: Mounting plugin SoundFields
LogPluginManager: Mounting plugin SteamVR
LogPluginManager: Mounting plugin Synthesis
LogPluginManager: Mounting plugin WebMMoviePlayer
LogPluginManager: Mounting plugin WindowsMoviePlayer
LogPluginManager: Mounting plugin ScreenshotTools
LogInit: Using libcurl 7.55.1-DEV
LogInit:  - built for x86_64-pc-win32
LogInit:  - supports SSL with OpenSSL/1.1.1
LogInit:  - supports HTTP deflate (compression) using libz 1.2.8
LogInit:  - other features:
LogInit:      CURL_VERSION_SSL
LogInit:      CURL_VERSION_LIBZ
LogInit:      CURL_VERSION_IPV6
LogInit:      CURL_VERSION_ASYNCHDNS
LogInit:      CURL_VERSION_LARGEFILE
LogInit:      CURL_VERSION_IDN
LogInit:  CurlRequestOptions (configurable via config and command line):
LogInit:  - bVerifyPeer = true  - Libcurl will verify peer certificate
LogInit:  - bUseHttpProxy = false  - Libcurl will NOT use HTTP proxy
LogInit:  - bDontReuseConnections = false  - Libcurl will reuse connections
LogInit:  - MaxHostConnections = 16  - Libcurl will limit the number of connections to a host
LogInit:  - LocalHostAddr = Default
LogInit:  - BufferSize = 65536
LogOnline: OSS: Creating online subsystem instance for: NULL
LogInit: WinSock: version 1.1 (2.2), MaxSocks=32767, MaxUdp=65467
LogOnline: OSS: TryLoadSubsystemAndSetDefault: Loaded subsystem for module [NULL]
LogOculusPluginWrapper: OculusPlugin initialized successfully
LogHMD: Failed initializing OVRPlugin 1.44.0
LogInit: Build: ++UE4+Release-4.25-CL-14469661
LogInit: Engine Version: 4.25.4-14469661+++UE4+Release-4.25
LogInit: Compatible Engine Version: 4.25.0-13144385+++UE4+Release-4.25
LogInit: Net CL: 13144385
LogInit: OS: Windows 10 (Release 2009) (), CPU: Intel(R) Core(TM) i7-8750H CPU @ 2.20GHz, GPU: Intel(R) UHD Graphics 630
LogInit: Compiled (64-bit): Oct 11 2020 08:10:49
LogInit: Compiled with Visual C++: 19.24.28315.00
LogInit: Build Configuration: Development
LogInit: Branch Name: ++UE4+Release-4.25
LogInit: Command Line: 
LogInit: Base Directory: C:/Program Files/Epic Games/UE_4.25/Engine/Binaries/Win64/
LogInit: Allocator: TBB
LogInit: Installed Engine Build: 1
LogDevObjectVersion: Number of dev versions registered: 26
LogDevObjectVersion:   Dev-Blueprints (B0D832E4-1F89-4F0D-ACCF-7EB736FD4AA2): 10
LogDevObjectVersion:   Dev-Build (E1C64328-A22C-4D53-A36C-8E866417BD8C): 0
LogDevObjectVersion:   Dev-Core (375EC13C-06E4-48FB-B500-84F0262A717E): 4
LogDevObjectVersion:   Dev-Editor (E4B068ED-F494-42E9-A231-DA0B2E46BB41): 38
LogDevObjectVersion:   Dev-Framework (CFFC743F-43B0-4480-9391-14DF171D2073): 37
LogDevObjectVersion:   Dev-Mobile (B02B49B5-BB20-44E9-A304-32B752E40360): 2
LogDevObjectVersion:   Dev-Networking (A4E4105C-59A1-49B5-A7C5-40C4547EDFEE): 0
LogDevObjectVersion:   Dev-Online (39C831C9-5AE6-47DC-9A44-9C173E1C8E7C): 0
LogDevObjectVersion:   Dev-Physics (78F01B33-EBEA-4F98-B9B4-84EACCB95AA2): 4
LogDevObjectVersion:   Dev-Platform (6631380F-2D4D-43E0-8009-CF276956A95A): 0
LogDevObjectVersion:   Dev-Rendering (12F88B9F-8875-4AFC-A67C-D90C383ABD29): 43
LogDevObjectVersion:   Dev-Sequencer (7B5AE74C-D270-4C10-A958-57980B212A5A): 12
LogDevObjectVersion:   Dev-VR (D7296918-1DD6-4BDD-9DE2-64A83CC13884): 3
LogDevObjectVersion:   Dev-LoadTimes (C2A15278-BFE7-4AFE-6C17-90FF531DF755): 1
LogDevObjectVersion:   Private-Geometry (6EACA3D4-40EC-4CC1-B786-8BED09428FC5): 3
LogDevObjectVersion:   Dev-AnimPhys (29E575DD-E0A3-4627-9D10-D276232CDCEA): 17
LogDevObjectVersion:   Dev-Anim (AF43A65D-7FD3-4947-9873-3E8ED9C1BB05): 7
LogDevObjectVersion:   Dev-ReflectionCapture (6B266CEC-1EC7-4B8F-A30B-E4D90942FC07): 1
LogDevObjectVersion:   Dev-Automation (0DF73D61-A23F-47EA-B727-89E90C41499A): 1
LogDevObjectVersion:   FortniteMain (601D1886-AC64-4F84-AA16-D3DE0DEAC7D6): 31
LogDevObjectVersion:   Dev-Enterprise (9DFFBCD6-494F-0158-E221-12823C92A888): 10
LogDevObjectVersion:   Dev-Niagara (F2AED0AC-9AFE-416F-8664-AA7FFA26D6FC): 1
LogDevObjectVersion:   Dev-Destruction (174F1F0B-B4C6-45A5-B13F-2EE8D0FB917D): 10
LogDevObjectVersion:   Dev-Physics-Ext (35F94A83-E258-406C-A318-09F59610247C): 37
LogDevObjectVersion:   Dev-PhysicsMaterial-Chaos (B68FC16E-8B1B-42E2-B453-215C058844FE): 1
LogDevObjectVersion:   Dev-CineCamera (B2E18506-4273-CFC2-A54E-F4BB758BBA07): 1
LogInit: Presizing for max 25165824 objects, including 0 objects not considered by GC, pre-allocating 0 bytes for permanent pool.
LogConfig: Applying CVar settings from Section [/Script/Engine.StreamingSettings] File [C:/Users/miken/Desktop/RetailGame/480RetailGame/Retail-Game/Retail1/Saved/Config/Windows/Engine.ini]
LogConfig: Setting CVar [[s.MinBulkDataSizeForAsyncLoading:131072]]
LogConfig: Setting CVar [[s.AsyncLoadingThreadEnabled:0]]
LogConfig: Setting CVar [[s.EventDrivenLoaderEnabled:1]]
LogConfig: Setting CVar [[s.WarnIfTimeLimitExceeded:0]]
LogConfig: Setting CVar [[s.TimeLimitExceededMultiplier:1.5]]
LogConfig: Setting CVar [[s.TimeLimitExceededMinTime:0.005]]
LogConfig: Setting CVar [[s.UseBackgroundLevelStreaming:1]]
LogConfig: Setting CVar [[s.PriorityAsyncLoadingExtraTime:15.0]]
LogConfig: Setting CVar [[s.LevelStreamingActorsUpdateTimeLimit:5.0]]
LogConfig: Setting CVar [[s.PriorityLevelStreamingActorsUpdateExtraTime:5.0]]
LogConfig: Setting CVar [[s.LevelStreamingComponentsRegistrationGranularity:10]]
LogConfig: Setting CVar [[s.UnregisterComponentsTimeLimit:1.0]]
LogConfig: Setting CVar [[s.LevelStreamingComponentsUnregistrationGranularity:5]]
LogConfig: Setting CVar [[s.FlushStreamingOnExit:1]]
LogInit: Object subsystem initialized
LogConfig: Setting CVar [[con.DebugEarlyDefault:1]]
LogConfig: Setting CVar [[r.setres:1280x720]]
[2021.04.01-04.22.42:579][  0]LogConfig: Setting CVar [[r.VSync:0]]
[2021.04.01-04.22.42:579][  0]LogConfig: Setting CVar [[r.RHICmdBypass:0]]
[2021.04.01-04.22.42:579][  0]LogConfig: Applying CVar settings from Section [/Script/Engine.RendererSettings] File [C:/Users/miken/Desktop/RetailGame/480RetailGame/Retail-Game/Retail1/Saved/Config/Windows/Engine.ini]
[2021.04.01-04.22.42:579][  0]LogConfig: Setting CVar [[r.GPUCrashDebugging:0]]
[2021.04.01-04.22.42:579][  0]LogConfig: Applying CVar settings from Section [/Script/Engine.RendererOverrideSettings] File [C:/Users/miken/Desktop/RetailGame/480RetailGame/Retail-Game/Retail1/Saved/Config/Windows/Engine.ini]
[2021.04.01-04.22.42:579][  0]LogConfig: Applying CVar settings from Section [/Script/Engine.StreamingSettings] File [C:/Users/miken/Desktop/RetailGame/480RetailGame/Retail-Game/Retail1/Saved/Config/Windows/Engine.ini]
[2021.04.01-04.22.42:579][  0]LogConfig: Setting CVar [[s.MinBulkDataSizeForAsyncLoading:131072]]
[2021.04.01-04.22.42:579][  0]LogConfig: Setting CVar [[s.AsyncLoadingThreadEnabled:0]]
[2021.04.01-04.22.42:579][  0]LogConfig: Setting CVar [[s.EventDrivenLoaderEnabled:1]]
[2021.04.01-04.22.42:579][  0]LogConfig: Setting CVar [[s.WarnIfTimeLimitExceeded:0]]
[2021.04.01-04.22.42:579][  0]LogConfig: Setting CVar [[s.TimeLimitExceededMultiplier:1.5]]
[2021.04.01-04.22.42:579][  0]LogConfig: Setting CVar [[s.TimeLimitExceededMinTime:0.005]]
[2021.04.01-04.22.42:579][  0]LogConfig: Setting CVar [[s.UseBackgroundLevelStreaming:1]]
[2021.04.01-04.22.42:579][  0]LogConfig: Setting CVar [[s.PriorityAsyncLoadingExtraTime:15.0]]
[2021.04.01-04.22.42:579][  0]LogConfig: Setting CVar [[s.LevelStreamingActorsUpdateTimeLimit:5.0]]
[2021.04.01-04.22.42:579][  0]LogConfig: Setting CVar [[s.PriorityLevelStreamingActorsUpdateExtraTime:5.0]]
[2021.04.01-04.22.42:579][  0]LogConfig: Setting CVar [[s.LevelStreamingComponentsRegistrationGranularity:10]]
[2021.04.01-04.22.42:579][  0]LogConfig: Setting CVar [[s.UnregisterComponentsTimeLimit:1.0]]
[2021.04.01-04.22.42:579][  0]LogConfig: Setting CVar [[s.LevelStreamingComponentsUnregistrationGranularity:5]]
[2021.04.01-04.22.42:579][  0]LogConfig: Setting CVar [[s.FlushStreamingOnExit:1]]
[2021.04.01-04.22.42:579][  0]LogConfig: Applying CVar settings from Section [/Script/Engine.GarbageCollectionSettings] File [C:/Users/miken/Desktop/RetailGame/480RetailGame/Retail-Game/Retail1/Saved/Config/Windows/Engine.ini]
[2021.04.01-04.22.42:579][  0]LogConfig: Setting CVar [[gc.MaxObjectsNotConsideredByGC:1]]
[2021.04.01-04.22.42:579][  0]LogConfig: Setting CVar [[gc.SizeOfPermanentObjectPool:0]]
[2021.04.01-04.22.42:579][  0]LogConfig: Setting CVar [[gc.FlushStreamingOnGC:0]]
[2021.04.01-04.22.42:580][  0]LogConfig: Setting CVar [[gc.NumRetriesBeforeForcingGC:10]]
[2021.04.01-04.22.42:580][  0]LogConfig: Setting CVar [[gc.AllowParallelGC:1]]
[2021.04.01-04.22.42:580][  0]LogConfig: Setting CVar [[gc.TimeBetweenPurgingPendingKillObjects:61.1]]
[2021.04.01-04.22.42:580][  0]LogConfig: Setting CVar [[gc.MaxObjectsInEditor:25165824]]
[2021.04.01-04.22.42:580][  0]LogConfig: Setting CVar [[gc.IncrementalBeginDestroyEnabled:1]]
[2021.04.01-04.22.42:580][  0]LogConfig: Setting CVar [[gc.CreateGCClusters:1]]
[2021.04.01-04.22.42:580][  0]LogConfig: Setting CVar [[gc.MinGCClusterSize:5]]
[2021.04.01-04.22.42:580][  0]LogConfig: Setting CVar [[gc.ActorClusteringEnabled:0]]
[2021.04.01-04.22.42:580][  0]LogConfig: Setting CVar [[gc.BlueprintClusteringEnabled:0]]
[2021.04.01-04.22.42:580][  0]LogConfig: Setting CVar [[gc.UseDisregardForGCOnDedicatedServers:0]]
[2021.04.01-04.22.42:580][  0]LogConfig: Applying CVar settings from Section [/Script/Engine.NetworkSettings] File [C:/Users/miken/Desktop/RetailGame/480RetailGame/Retail-Game/Retail1/Saved/Config/Windows/Engine.ini]
[2021.04.01-04.22.42:580][  0]LogConfig: Applying CVar settings from Section [/Script/UnrealEd.CookerSettings] File [C:/Users/miken/Desktop/RetailGame/480RetailGame/Retail-Game/Retail1/Saved/Config/Windows/Engine.ini]
[2021.04.01-04.22.42:582][  0]LogConfig: Applying CVar settings from Section [ViewDistanceQuality@3] File [C:/Users/miken/Desktop/RetailGame/480RetailGame/Retail-Game/Retail1/Saved/Config/Windows/Scalability.ini]
[2021.04.01-04.22.42:582][  0]LogConfig: Setting CVar [[r.SkeletalMeshLODBias:0]]
[2021.04.01-04.22.42:582][  0]LogConfig: Setting CVar [[r.ViewDistanceScale:1.0]]
[2021.04.01-04.22.42:582][  0]LogConfig: Applying CVar settings from Section [AntiAliasingQuality@3] File [C:/Users/miken/Desktop/RetailGame/480RetailGame/Retail-Game/Retail1/Saved/Config/Windows/Scalability.ini]
[2021.04.01-04.22.42:582][  0]LogConfig: Setting CVar [[r.PostProcessAAQuality:4]]
[2021.04.01-04.22.42:582][  0]LogConfig: Applying CVar settings from Section [ShadowQuality@3] File [C:/Users/miken/Desktop/RetailGame/480RetailGame/Retail-Game/Retail1/Saved/Config/Windows/Scalability.ini]
[2021.04.01-04.22.42:582][  0]LogConfig: Setting CVar [[r.LightFunctionQuality:1]]
[2021.04.01-04.22.42:582][  0]LogConfig: Setting CVar [[r.ShadowQuality:5]]
[2021.04.01-04.22.42:582][  0]LogConfig: Setting CVar [[r.Shadow.CSM.MaxCascades:10]]
[2021.04.01-04.22.42:582][  0]LogConfig: Setting CVar [[r.Shadow.MaxResolution:2048]]
[2021.04.01-04.22.42:582][  0]LogConfig: Setting CVar [[r.Shadow.MaxCSMResolution:2048]]
[2021.04.01-04.22.42:582][  0]LogConfig: Setting CVar [[r.Shadow.RadiusThreshold:0.01]]
[2021.04.01-04.22.42:582][  0]LogConfig: Setting CVar [[r.Shadow.DistanceScale:1.0]]
[2021.04.01-04.22.42:582][  0]LogConfig: Setting CVar [[r.Shadow.CSM.TransitionScale:1.0]]
[2021.04.01-04.22.42:582][  0]LogConfig: Setting CVar [[r.Shadow.PreShadowResolutionFactor:1.0]]
[2021.04.01-04.22.42:582][  0]LogConfig: Setting CVar [[r.DistanceFieldShadowing:1]]
[2021.04.01-04.22.42:582][  0]LogConfig: Setting CVar [[r.DistanceFieldAO:1]]
[2021.04.01-04.22.42:582][  0]LogConfig: Setting CVar [[r.AOQuality:2]]
[2021.04.01-04.22.42:582][  0]LogConfig: Setting CVar [[r.VolumetricFog:1]]
[2021.04.01-04.22.42:582][  0]LogConfig: Setting CVar [[r.VolumetricFog.GridPixelSize:8]]
[2021.04.01-04.22.42:582][  0]LogConfig: Setting CVar [[r.VolumetricFog.GridSizeZ:128]]
[2021.04.01-04.22.42:582][  0]LogConfig: Setting CVar [[r.VolumetricFog.HistoryMissSupersampleCount:4]]
[2021.04.01-04.22.42:582][  0]LogConfig: Setting CVar [[r.LightMaxDrawDistanceScale:1]]
[2021.04.01-04.22.42:582][  0]LogConfig: Setting CVar [[r.CapsuleShadows:1]]
[2021.04.01-04.22.42:582][  0]LogConfig: Applying CVar settings from Section [PostProcessQuality@3] File [C:/Users/miken/Desktop/RetailGame/480RetailGame/Retail-Game/Retail1/Saved/Config/Windows/Scalability.ini]
[2021.04.01-04.22.42:582][  0]LogConfig: Setting CVar [[r.MotionBlurQuality:4]]
[2021.04.01-04.22.42:582][  0]LogConfig: Setting CVar [[r.AmbientOcclusionMipLevelFactor:0.4]]
[2021.04.01-04.22.42:582][  0]LogConfig: Setting CVar [[r.AmbientOcclusionMaxQuality:100]]
[2021.04.01-04.22.42:582][  0]LogConfig: Setting CVar [[r.AmbientOcclusionLevels:-1]]
[2021.04.01-04.22.42:583][  0]LogConfig: Setting CVar [[r.AmbientOcclusionRadiusScale:1.0]]
[2021.04.01-04.22.42:583][  0]LogConfig: Setting CVar [[r.DepthOfFieldQuality:2]]
[2021.04.01-04.22.42:583][  0]LogConfig: Setting CVar [[r.RenderTargetPoolMin:400]]
[2021.04.01-04.22.42:583][  0]LogConfig: Setting CVar [[r.LensFlareQuality:2]]
[2021.04.01-04.22.42:583][  0]LogConfig: Setting CVar [[r.SceneColorFringeQuality:1]]
[2021.04.01-04.22.42:583][  0]LogConfig: Setting CVar [[r.EyeAdaptationQuality:2]]
[2021.04.01-04.22.42:583][  0]LogConfig: Setting CVar [[r.BloomQuality:5]]
[2021.04.01-04.22.42:583][  0]LogConfig: Setting CVar [[r.FastBlurThreshold:100]]
[2021.04.01-04.22.42:583][  0]LogConfig: Setting CVar [[r.Upscale.Quality:3]]
[2021.04.01-04.22.42:583][  0]LogConfig: Setting CVar [[r.Tonemapper.GrainQuantization:1]]
[2021.04.01-04.22.42:583][  0]LogConfig: Setting CVar [[r.LightShaftQuality:1]]
[2021.04.01-04.22.42:583][  0]LogConfig: Setting CVar [[r.Filter.SizeScale:1]]
[2021.04.01-04.22.42:583][  0]LogConfig: Setting CVar [[r.Tonemapper.Quality:5]]
[2021.04.01-04.22.42:583][  0]LogConfig: Setting CVar [[r.DOF.Gather.AccumulatorQuality:1        ; higher gathering accumulator quality]]
[2021.04.01-04.22.42:583][  0]LogConfig: Setting CVar [[r.DOF.Gather.PostfilterMethod:1          ; Median3x3 postfilering method]]
[2021.04.01-04.22.42:583][  0]LogConfig: Setting CVar [[r.DOF.Gather.EnableBokehSettings:0       ; no bokeh simulation when gathering]]
[2021.04.01-04.22.42:583][  0]LogConfig: Setting CVar [[r.DOF.Gather.RingCount:4                 ; medium number of samples when gathering]]
[2021.04.01-04.22.42:583][  0]LogConfig: Setting CVar [[r.DOF.Scatter.ForegroundCompositing:1    ; additive foreground scattering]]
[2021.04.01-04.22.42:583][  0]LogConfig: Setting CVar [[r.DOF.Scatter.BackgroundCompositing:2    ; additive background scattering]]
[2021.04.01-04.22.42:583][  0]LogConfig: Setting CVar [[r.DOF.Scatter.EnableBokehSettings:1      ; bokeh simulation when scattering]]
[2021.04.01-04.22.42:583][  0]LogConfig: Setting CVar [[r.DOF.Scatter.MaxSpriteRatio:0.1         ; only a maximum of 10% of scattered bokeh]]
[2021.04.01-04.22.42:583][  0]LogConfig: Setting CVar [[r.DOF.Recombine.Quality:1                ; cheap slight out of focus]]
[2021.04.01-04.22.42:583][  0]LogConfig: Setting CVar [[r.DOF.Recombine.EnableBokehSettings:0    ; no bokeh simulation on slight out of focus]]
[2021.04.01-04.22.42:583][  0]LogConfig: Setting CVar [[r.DOF.TemporalAAQuality:1                ; more stable temporal accumulation]]
[2021.04.01-04.22.42:583][  0]LogConfig: Setting CVar [[r.DOF.Kernel.MaxForegroundRadius:0.025]]
[2021.04.01-04.22.42:583][  0]LogConfig: Setting CVar [[r.DOF.Kernel.MaxBackgroundRadius:0.025]]
[2021.04.01-04.22.42:583][  0]LogConfig: Applying CVar settings from Section [TextureQuality@3] File [C:/Users/miken/Desktop/RetailGame/480RetailGame/Retail-Game/Retail1/Saved/Config/Windows/Scalability.ini]
[2021.04.01-04.22.42:583][  0]LogConfig: Setting CVar [[r.Streaming.MipBias:0]]
[2021.04.01-04.22.42:583][  0]LogConfig: Setting CVar [[r.Streaming.AmortizeCPUToGPUCopy:0]]
[2021.04.01-04.22.42:583][  0]LogConfig: Setting CVar [[r.Streaming.MaxNumTexturesToStreamPerFrame:0]]
[2021.04.01-04.22.42:583][  0]LogConfig: Setting CVar [[r.Streaming.Boost:1]]
[2021.04.01-04.22.42:583][  0]LogConfig: Setting CVar [[r.MaxAnisotropy:8]]
[2021.04.01-04.22.42:583][  0]LogConfig: Setting CVar [[r.VT.MaxAnisotropy:8]]
[2021.04.01-04.22.42:583][  0]LogConfig: Setting CVar [[r.Streaming.LimitPoolSizeToVRAM:0]]
[2021.04.01-04.22.42:583][  0]LogConfig: Setting CVar [[r.Streaming.PoolSize:1000]]
[2021.04.01-04.22.42:583][  0]LogConfig: Setting CVar [[r.Streaming.MaxEffectiveScreenSize:0]]
[2021.04.01-04.22.42:583][  0]LogConfig: Applying CVar settings from Section [EffectsQuality@3] File [C:/Users/miken/Desktop/RetailGame/480RetailGame/Retail-Game/Retail1/Saved/Config/Windows/Scalability.ini]
[2021.04.01-04.22.42:583][  0]LogConfig: Setting CVar [[r.TranslucencyLightingVolumeDim:64]]
[2021.04.01-04.22.42:583][  0]LogConfig: Setting CVar [[r.RefractionQuality:2]]
[2021.04.01-04.22.42:583][  0]LogConfig: Setting CVar [[r.SSR.Quality:3]]
[2021.04.01-04.22.42:583][  0]LogConfig: Setting CVar [[r.SSR.HalfResSceneColor:0]]
[2021.04.01-04.22.42:583][  0]LogConfig: Setting CVar [[r.SceneColorFormat:4]]
[2021.04.01-04.22.42:583][  0]LogConfig: Setting CVar [[r.DetailMode:2]]
[2021.04.01-04.22.42:583][  0]LogConfig: Setting CVar [[r.TranslucencyVolumeBlur:1]]
[2021.04.01-04.22.42:583][  0]LogConfig: Setting CVar [[r.MaterialQualityLevel:1 ; High quality]]
[2021.04.01-04.22.42:583][  0]LogConfig: Setting CVar [[r.SSS.Scale:1]]
[2021.04.01-04.22.42:583][  0]LogConfig: Setting CVar [[r.SSS.SampleSet:2]]
[2021.04.01-04.22.42:583][  0]LogConfig: Setting CVar [[r.SSS.Quality:1]]
[2021.04.01-04.22.42:583][  0]LogConfig: Setting CVar [[r.SSS.HalfRes:0]]
[2021.04.01-04.22.42:583][  0]LogConfig: Setting CVar [[r.SSGI.Quality:3]]
[2021.04.01-04.22.42:583][  0]LogConfig: Setting CVar [[r.EmitterSpawnRateScale:1.0]]
[2021.04.01-04.22.42:583][  0]LogConfig: Setting CVar [[r.ParticleLightQuality:2]]
[2021.04.01-04.22.42:583][  0]LogConfig: Setting CVar [[r.SkyAtmosphere.AerialPerspectiveLUT.FastApplyOnOpaque:1 ; Always have FastSkyLUT 1 in this case to avoid wrong sky]]
[2021.04.01-04.22.42:583][  0]LogConfig: Setting CVar [[r.SkyAtmosphere.AerialPerspectiveLUT.SampleCountPerSlice:1]]
[2021.04.01-04.22.42:583][  0]LogConfig: Setting CVar [[r.SkyAtmosphere.AerialPerspectiveLUT.DepthResolution:16.0]]
[2021.04.01-04.22.42:583][  0]LogConfig: Setting CVar [[r.SkyAtmosphere.FastSkyLUT:1]]
[2021.04.01-04.22.42:583][  0]LogConfig: Setting CVar [[r.SkyAtmosphere.FastSkyLUT.SampleCountMin:4.0]]
[2021.04.01-04.22.42:583][  0]LogConfig: Setting CVar [[r.SkyAtmosphere.FastSkyLUT.SampleCountMax:32.0]]
[2021.04.01-04.22.42:583][  0]LogConfig: Setting CVar [[r.SkyAtmosphere.SampleCountMin:4.0]]
[2021.04.01-04.22.42:583][  0]LogConfig: Setting CVar [[r.SkyAtmosphere.SampleCountMax:32.0]]
[2021.04.01-04.22.42:583][  0]LogConfig: Setting CVar [[r.SkyAtmosphere.TransmittanceLUT.UseSmallFormat:0]]
[2021.04.01-04.22.42:584][  0]LogConfig: Setting CVar [[r.SkyAtmosphere.TransmittanceLUT.SampleCount:10.0]]
[2021.04.01-04.22.42:584][  0]LogConfig: Setting CVar [[r.SkyAtmosphere.MultiScatteringLUT.SampleCount:15.0]]
[2021.04.01-04.22.42:584][  0]LogConfig: Applying CVar settings from Section [FoliageQuality@3] File [C:/Users/miken/Desktop/RetailGame/480RetailGame/Retail-Game/Retail1/Saved/Config/Windows/Scalability.ini]
[2021.04.01-04.22.42:584][  0]LogConfig: Setting CVar [[foliage.DensityScale:1.0]]
[2021.04.01-04.22.42:584][  0]LogConfig: Setting CVar [[grass.DensityScale:1.0]]
[2021.04.01-04.22.42:584][  0]LogConfig: Applying CVar settings from Section [ShadingQuality@3] File [C:/Users/miken/Desktop/RetailGame/480RetailGame/Retail-Game/Retail1/Saved/Config/Windows/Scalability.ini]
[2021.04.01-04.22.42:584][  0]LogConfig: Setting CVar [[r.HairStrands.SkyLighting.SampleCount:16]]
[2021.04.01-04.22.42:584][  0]LogConfig: Setting CVar [[r.HairStrands.SkyLighting.JitterIntegration:0]]
[2021.04.01-04.22.42:584][  0]LogConfig: Setting CVar [[r.HairStrands.SkyAO.SampleCount:16]]
[2021.04.01-04.22.42:584][  0]LogConfig: Setting CVar [[r.HairStrands.DeepShadow.SuperSampling:0]]
[2021.04.01-04.22.42:584][  0]LogConfig: Setting CVar [[r.HairStrands.VisibilityPPLL:0]]
[2021.04.01-04.22.42:584][  0]LogConfig: Setting CVar [[r.HairStrands.RasterizationScale:0.5]]
[2021.04.01-04.22.42:584][  0]LogConfig: Setting CVar [[r.HairStrands.VelocityRasterizationScale:1]]
[2021.04.01-04.22.42:584][  0]LogInit: Selected Device Profile: [Windows]
[2021.04.01-04.22.42:584][  0]LogInit: Applying CVar settings loaded from the selected device profile: [Windows]
[2021.04.01-04.22.42:584][  0]LogHAL: Display: Platform has ~ 16 GB [16966279168 / 17179869184 / 16], which maps to Larger [LargestMinGB=32, LargerMinGB=12, DefaultMinGB=8, SmallerMinGB=6, SmallestMinGB=0)
[2021.04.01-04.22.42:584][  0]LogInit: Going up to parent DeviceProfile []
[2021.04.01-04.22.42:584][  0]LogConfig: Applying CVar settings from Section [ViewDistanceQuality@3] File [C:/Users/miken/Desktop/RetailGame/480RetailGame/Retail-Game/Retail1/Saved/Config/Windows/Scalability.ini]
[2021.04.01-04.22.42:584][  0]LogConfig: Setting CVar [[r.SkeletalMeshLODBias:0]]
[2021.04.01-04.22.42:584][  0]LogConfig: Setting CVar [[r.ViewDistanceScale:1.0]]
[2021.04.01-04.22.42:584][  0]LogConfig: Applying CVar settings from Section [AntiAliasingQuality@3] File [C:/Users/miken/Desktop/RetailGame/480RetailGame/Retail-Game/Retail1/Saved/Config/Windows/Scalability.ini]
[2021.04.01-04.22.42:584][  0]LogConfig: Setting CVar [[r.PostProcessAAQuality:4]]
[2021.04.01-04.22.42:584][  0]LogConfig: Applying CVar settings from Section [ShadowQuality@3] File [C:/Users/miken/Desktop/RetailGame/480RetailGame/Retail-Game/Retail1/Saved/Config/Windows/Scalability.ini]
[2021.04.01-04.22.42:584][  0]LogConfig: Setting CVar [[r.LightFunctionQuality:1]]
[2021.04.01-04.22.42:584][  0]LogConfig: Setting CVar [[r.ShadowQuality:5]]
[2021.04.01-04.22.42:584][  0]LogConfig: Setting CVar [[r.Shadow.CSM.MaxCascades:10]]
[2021.04.01-04.22.42:584][  0]LogConfig: Setting CVar [[r.Shadow.MaxResolution:2048]]
[2021.04.01-04.22.42:584][  0]LogConfig: Setting CVar [[r.Shadow.MaxCSMResolution:2048]]
[2021.04.01-04.22.42:584][  0]LogConfig: Setting CVar [[r.Shadow.RadiusThreshold:0.01]]
[2021.04.01-04.22.42:584][  0]LogConfig: Setting CVar [[r.Shadow.DistanceScale:1.0]]
[2021.04.01-04.22.42:584][  0]LogConfig: Setting CVar [[r.Shadow.CSM.TransitionScale:1.0]]
[2021.04.01-04.22.42:584][  0]LogConfig: Setting CVar [[r.Shadow.PreShadowResolutionFactor:1.0]]
[2021.04.01-04.22.42:584][  0]LogConfig: Setting CVar [[r.DistanceFieldShadowing:1]]
[2021.04.01-04.22.42:584][  0]LogConfig: Setting CVar [[r.DistanceFieldAO:1]]
[2021.04.01-04.22.42:584][  0]LogConfig: Setting CVar [[r.AOQuality:2]]
[2021.04.01-04.22.42:584][  0]LogConfig: Setting CVar [[r.VolumetricFog:1]]
[2021.04.01-04.22.42:584][  0]LogConfig: Setting CVar [[r.VolumetricFog.GridPixelSize:8]]
[2021.04.01-04.22.42:584][  0]LogConfig: Setting CVar [[r.VolumetricFog.GridSizeZ:128]]
[2021.04.01-04.22.42:584][  0]LogConfig: Setting CVar [[r.VolumetricFog.HistoryMissSupersampleCount:4]]
[2021.04.01-04.22.42:584][  0]LogConfig: Setting CVar [[r.LightMaxDrawDistanceScale:1]]
[2021.04.01-04.22.42:584][  0]LogConfig: Setting CVar [[r.CapsuleShadows:1]]
[2021.04.01-04.22.42:584][  0]LogConfig: Applying CVar settings from Section [PostProcessQuality@3] File [C:/Users/miken/Desktop/RetailGame/480RetailGame/Retail-Game/Retail1/Saved/Config/Windows/Scalability.ini]
[2021.04.01-04.22.42:584][  0]LogConfig: Setting CVar [[r.MotionBlurQuality:4]]
[2021.04.01-04.22.42:584][  0]LogConfig: Setting CVar [[r.AmbientOcclusionMipLevelFactor:0.4]]
[2021.04.01-04.22.42:584][  0]LogConfig: Setting CVar [[r.AmbientOcclusionMaxQuality:100]]
[2021.04.01-04.22.42:584][  0]LogConfig: Setting CVar [[r.AmbientOcclusionLevels:-1]]
[2021.04.01-04.22.42:584][  0]LogConfig: Setting CVar [[r.AmbientOcclusionRadiusScale:1.0]]
[2021.04.01-04.22.42:584][  0]LogConfig: Setting CVar [[r.DepthOfFieldQuality:2]]
[2021.04.01-04.22.42:584][  0]LogConfig: Setting CVar [[r.RenderTargetPoolMin:400]]
[2021.04.01-04.22.42:584][  0]LogConfig: Setting CVar [[r.LensFlareQuality:2]]
[2021.04.01-04.22.42:584][  0]LogConfig: Setting CVar [[r.SceneColorFringeQuality:1]]
[2021.04.01-04.22.42:584][  0]LogConfig: Setting CVar [[r.EyeAdaptationQuality:2]]
[2021.04.01-04.22.42:584][  0]LogConfig: Setting CVar [[r.BloomQuality:5]]
[2021.04.01-04.22.42:584][  0]LogConfig: Setting CVar [[r.FastBlurThreshold:100]]
[2021.04.01-04.22.42:584][  0]LogConfig: Setting CVar [[r.Upscale.Quality:3]]
[2021.04.01-04.22.42:585][  0]LogConfig: Setting CVar [[r.Tonemapper.GrainQuantization:1]]
[2021.04.01-04.22.42:585][  0]LogConfig: Setting CVar [[r.LightShaftQuality:1]]
[2021.04.01-04.22.42:585][  0]LogConfig: Setting CVar [[r.Filter.SizeScale:1]]
[2021.04.01-04.22.42:585][  0]LogConfig: Setting CVar [[r.Tonemapper.Quality:5]]
[2021.04.01-04.22.42:585][  0]LogConfig: Setting CVar [[r.DOF.Gather.AccumulatorQuality:1        ; higher gathering accumulator quality]]
[2021.04.01-04.22.42:585][  0]LogConfig: Setting CVar [[r.DOF.Gather.PostfilterMethod:1          ; Median3x3 postfilering method]]
[2021.04.01-04.22.42:585][  0]LogConfig: Setting CVar [[r.DOF.Gather.EnableBokehSettings:0       ; no bokeh simulation when gathering]]
[2021.04.01-04.22.42:585][  0]LogConfig: Setting CVar [[r.DOF.Gather.RingCount:4                 ; medium number of samples when gathering]]
[2021.04.01-04.22.42:585][  0]LogConfig: Setting CVar [[r.DOF.Scatter.ForegroundCompositing:1    ; additive foreground scattering]]
[2021.04.01-04.22.42:585][  0]LogConfig: Setting CVar [[r.DOF.Scatter.BackgroundCompositing:2    ; additive background scattering]]
[2021.04.01-04.22.42:585][  0]LogConfig: Setting CVar [[r.DOF.Scatter.EnableBokehSettings:1      ; bokeh simulation when scattering]]
[2021.04.01-04.22.42:585][  0]LogConfig: Setting CVar [[r.DOF.Scatter.MaxSpriteRatio:0.1         ; only a maximum of 10% of scattered bokeh]]
[2021.04.01-04.22.42:585][  0]LogConfig: Setting CVar [[r.DOF.Recombine.Quality:1                ; cheap slight out of focus]]
[2021.04.01-04.22.42:585][  0]LogConfig: Setting CVar [[r.DOF.Recombine.EnableBokehSettings:0    ; no bokeh simulation on slight out of focus]]
[2021.04.01-04.22.42:585][  0]LogConfig: Setting CVar [[r.DOF.TemporalAAQuality:1                ; more stable temporal accumulation]]
[2021.04.01-04.22.42:585][  0]LogConfig: Setting CVar [[r.DOF.Kernel.MaxForegroundRadius:0.025]]
[2021.04.01-04.22.42:585][  0]LogConfig: Setting CVar [[r.DOF.Kernel.MaxBackgroundRadius:0.025]]
[2021.04.01-04.22.42:585][  0]LogConfig: Applying CVar settings from Section [TextureQuality@3] File [C:/Users/miken/Desktop/RetailGame/480RetailGame/Retail-Game/Retail1/Saved/Config/Windows/Scalability.ini]
[2021.04.01-04.22.42:585][  0]LogConfig: Setting CVar [[r.Streaming.MipBias:0]]
[2021.04.01-04.22.42:585][  0]LogConfig: Setting CVar [[r.Streaming.AmortizeCPUToGPUCopy:0]]
[2021.04.01-04.22.42:585][  0]LogConfig: Setting CVar [[r.Streaming.MaxNumTexturesToStreamPerFrame:0]]
[2021.04.01-04.22.42:585][  0]LogConfig: Setting CVar [[r.Streaming.Boost:1]]
[2021.04.01-04.22.42:585][  0]LogConfig: Setting CVar [[r.MaxAnisotropy:8]]
[2021.04.01-04.22.42:585][  0]LogConfig: Setting CVar [[r.VT.MaxAnisotropy:8]]
[2021.04.01-04.22.42:585][  0]LogConfig: Setting CVar [[r.Streaming.LimitPoolSizeToVRAM:0]]
[2021.04.01-04.22.42:585][  0]LogConfig: Setting CVar [[r.Streaming.PoolSize:1000]]
[2021.04.01-04.22.42:585][  0]LogConfig: Setting CVar [[r.Streaming.MaxEffectiveScreenSize:0]]
[2021.04.01-04.22.42:585][  0]LogConfig: Applying CVar settings from Section [EffectsQuality@3] File [C:/Users/miken/Desktop/RetailGame/480RetailGame/Retail-Game/Retail1/Saved/Config/Windows/Scalability.ini]
[2021.04.01-04.22.42:585][  0]LogConfig: Setting CVar [[r.TranslucencyLightingVolumeDim:64]]
[2021.04.01-04.22.42:585][  0]LogConfig: Setting CVar [[r.RefractionQuality:2]]
[2021.04.01-04.22.42:585][  0]LogConfig: Setting CVar [[r.SSR.Quality:3]]
[2021.04.01-04.22.42:585][  0]LogConfig: Setting CVar [[r.SSR.HalfResSceneColor:0]]
[2021.04.01-04.22.42:585][  0]LogConfig: Setting CVar [[r.SceneColorFormat:4]]
[2021.04.01-04.22.42:585][  0]LogConfig: Setting CVar [[r.DetailMode:2]]
[2021.04.01-04.22.42:585][  0]LogConfig: Setting CVar [[r.TranslucencyVolumeBlur:1]]
[2021.04.01-04.22.42:585][  0]LogConfig: Setting CVar [[r.MaterialQualityLevel:1 ; High quality]]
[2021.04.01-04.22.42:585][  0]LogConfig: Setting CVar [[r.SSS.Scale:1]]
[2021.04.01-04.22.42:585][  0]LogConfig: Setting CVar [[r.SSS.SampleSet:2]]
[2021.04.01-04.22.42:585][  0]LogConfig: Setting CVar [[r.SSS.Quality:1]]
[2021.04.01-04.22.42:585][  0]LogConfig: Setting CVar [[r.SSS.HalfRes:0]]
[2021.04.01-04.22.42:585][  0]LogConfig: Setting CVar [[r.SSGI.Quality:3]]
[2021.04.01-04.22.42:585][  0]LogConfig: Setting CVar [[r.EmitterSpawnRateScale:1.0]]
[2021.04.01-04.22.42:585][  0]LogConfig: Setting CVar [[r.ParticleLightQuality:2]]
[2021.04.01-04.22.42:585][  0]LogConfig: Setting CVar [[r.SkyAtmosphere.AerialPerspectiveLUT.FastApplyOnOpaque:1 ; Always have FastSkyLUT 1 in this case to avoid wrong sky]]
[2021.04.01-04.22.42:585][  0]LogConfig: Setting CVar [[r.SkyAtmosphere.AerialPerspectiveLUT.SampleCountPerSlice:1]]
[2021.04.01-04.22.42:585][  0]LogConfig: Setting CVar [[r.SkyAtmosphere.AerialPerspectiveLUT.DepthResolution:16.0]]
[2021.04.01-04.22.42:585][  0]LogConfig: Setting CVar [[r.SkyAtmosphere.FastSkyLUT:1]]
[2021.04.01-04.22.42:585][  0]LogConfig: Setting CVar [[r.SkyAtmosphere.FastSkyLUT.SampleCountMin:4.0]]
[2021.04.01-04.22.42:585][  0]LogConfig: Setting CVar [[r.SkyAtmosphere.FastSkyLUT.SampleCountMax:32.0]]
[2021.04.01-04.22.42:585][  0]LogConfig: Setting CVar [[r.SkyAtmosphere.SampleCountMin:4.0]]
[2021.04.01-04.22.42:585][  0]LogConfig: Setting CVar [[r.SkyAtmosphere.SampleCountMax:32.0]]
[2021.04.01-04.22.42:585][  0]LogConfig: Setting CVar [[r.SkyAtmosphere.TransmittanceLUT.UseSmallFormat:0]]
[2021.04.01-04.22.42:585][  0]LogConfig: Setting CVar [[r.SkyAtmosphere.TransmittanceLUT.SampleCount:10.0]]
[2021.04.01-04.22.42:585][  0]LogConfig: Setting CVar [[r.SkyAtmosphere.MultiScatteringLUT.SampleCount:15.0]]
[2021.04.01-04.22.42:585][  0]LogConfig: Applying CVar settings from Section [FoliageQuality@3] File [C:/Users/miken/Desktop/RetailGame/480RetailGame/Retail-Game/Retail1/Saved/Config/Windows/Scalability.ini]
[2021.04.01-04.22.42:585][  0]LogConfig: Setting CVar [[foliage.DensityScale:1.0]]
[2021.04.01-04.22.42:585][  0]LogConfig: Setting CVar [[grass.DensityScale:1.0]]
[2021.04.01-04.22.42:585][  0]LogConfig: Applying CVar settings from Section [ShadingQuality@3] File [C:/Users/miken/Desktop/RetailGame/480RetailGame/Retail-Game/Retail1/Saved/Config/Windows/Scalability.ini]
[2021.04.01-04.22.42:585][  0]LogConfig: Setting CVar [[r.HairStrands.SkyLighting.SampleCount:16]]
[2021.04.01-04.22.42:586][  0]LogConfig: Setting CVar [[r.HairStrands.SkyLighting.JitterIntegration:0]]
[2021.04.01-04.22.42:586][  0]LogConfig: Setting CVar [[r.HairStrands.SkyAO.SampleCount:16]]
[2021.04.01-04.22.42:586][  0]LogConfig: Setting CVar [[r.HairStrands.DeepShadow.SuperSampling:0]]
[2021.04.01-04.22.42:586][  0]LogConfig: Setting CVar [[r.HairStrands.VisibilityPPLL:0]]
[2021.04.01-04.22.42:586][  0]LogConfig: Setting CVar [[r.HairStrands.RasterizationScale:0.5]]
[2021.04.01-04.22.42:586][  0]LogConfig: Setting CVar [[r.HairStrands.VelocityRasterizationScale:1]]
[2021.04.01-04.22.42:586][  0]LogConfig: Applying CVar settings from Section [Startup] File [../../../Engine/Config/ConsoleVariables.ini]
[2021.04.01-04.22.42:586][  0]LogConfig: Setting CVar [[net.UseAdaptiveNetUpdateFrequency:0]]
[2021.04.01-04.22.42:586][  0]LogConfig: Setting CVar [[p.chaos.AllowCreatePhysxBodies:1]]
[2021.04.01-04.22.42:586][  0]LogConfig: Setting CVar [[fx.SkipVectorVMBackendOptimizations:1]]
[2021.04.01-04.22.42:586][  0]LogConfig: Applying CVar settings from Section [ConsoleVariables] File [C:/Users/miken/Desktop/RetailGame/480RetailGame/Retail-Game/Retail1/Saved/Config/Windows/Engine.ini]
[2021.04.01-04.22.42:586][  0]LogInit: Computer: DESKTOP-9L11L9P
[2021.04.01-04.22.42:586][  0]LogInit: User: miken
[2021.04.01-04.22.42:586][  0]LogInit: CPU Page size=4096, Cores=6
[2021.04.01-04.22.42:586][  0]LogInit: High frequency timer resolution =10.000000 MHz
[2021.04.01-04.22.42:586][  0]LogMemory: Memory total: Physical=15.8GB (16GB approx)
[2021.04.01-04.22.42:586][  0]LogMemory: Platform Memory Stats for Windows
[2021.04.01-04.22.42:586][  0]LogMemory: Process Physical Memory: 119.42 MB used, 119.42 MB peak
[2021.04.01-04.22.42:586][  0]LogMemory: Process Virtual Memory: 109.50 MB used, 109.50 MB peak
[2021.04.01-04.22.42:586][  0]LogMemory: Physical Memory: 9833.17 MB used,  6347.14 MB free, 16180.30 MB total
[2021.04.01-04.22.42:586][  0]LogMemory: Virtual Memory: 5216.53 MB used,  134212512.00 MB free, 134217728.00 MB total
[2021.04.01-04.22.43:099][  0]LogWindows: WindowsPlatformFeatures enabled
[2021.04.01-04.22.43:243][  0]LogInit: Physics initialised using underlying interface: PhysX
[2021.04.01-04.22.43:248][  0]LogInit: Using OS detected language (en-US).
[2021.04.01-04.22.43:248][  0]LogInit: Using OS detected locale (en-US).
[2021.04.01-04.22.43:256][  0]LogTextLocalizationManager: No specific localization for 'en-US' exists, so the 'en' localization will be used.
[2021.04.01-04.22.43:515][  0]LogInit: Setting process to per monitor DPI aware
[2021.04.01-04.22.43:551][  0]LogSlate: New Slate User Created.  User Index 0, Is Virtual User: 0
[2021.04.01-04.22.43:551][  0]LogSlate: Slate User Registered.  User Index 0, Is Virtual User: 0
[2021.04.01-04.22.43:876][  0]LogHMD: Failed to initialize OpenVR with code 110
[2021.04.01-04.22.43:876][  0]LogD3D11RHI: D3D11 min allowed feature level: 11_0
[2021.04.01-04.22.43:876][  0]LogD3D11RHI: D3D11 max allowed feature level: 11_0
[2021.04.01-04.22.43:876][  0]LogD3D11RHI: D3D11 adapters:
[2021.04.01-04.22.43:969][  0]LogD3D11RHI:    0. 'NVIDIA GeForce RTX 2070 with Max-Q Design' (Feature Level 11_0)
[2021.04.01-04.22.43:969][  0]LogD3D11RHI:       8031/0/8090 MB DedicatedVideo/DedicatedSystem/SharedSystem, Outputs:1, VendorId:0x10de
[2021.04.01-04.22.44:012][  0]LogD3D11RHI:    1. 'Intel(R) UHD Graphics 630' (Feature Level 11_0)
[2021.04.01-04.22.44:012][  0]LogD3D11RHI:       128/0/8090 MB DedicatedVideo/DedicatedSystem/SharedSystem, Outputs:0, VendorId:0x8086
[2021.04.01-04.22.44:014][  0]LogD3D11RHI:    2. 'Microsoft Basic Render Driver' (Feature Level 11_0)
[2021.04.01-04.22.44:014][  0]LogD3D11RHI:       0/0/8090 MB DedicatedVideo/DedicatedSystem/SharedSystem, Outputs:0, VendorId:0x1414
[2021.04.01-04.22.44:014][  0]LogD3D11RHI: Chosen D3D11 Adapter: 0
[2021.04.01-04.22.44:025][  0]LogD3D11RHI: Creating new Direct3DDevice
[2021.04.01-04.22.44:025][  0]LogD3D11RHI:     GPU DeviceId: 0x1f10 (for the marketing name, search the web for "GPU Device Id")
[2021.04.01-04.22.44:025][  0]LogWindows: EnumDisplayDevices:
[2021.04.01-04.22.44:025][  0]LogWindows:    0. 'Intel(R) UHD Graphics 630' (P:1 D:1)
[2021.04.01-04.22.44:026][  0]LogWindows:    1. 'Intel(R) UHD Graphics 630' (P:0 D:0)
[2021.04.01-04.22.44:026][  0]LogWindows:    2. 'Intel(R) UHD Graphics 630' (P:0 D:0)
[2021.04.01-04.22.44:026][  0]LogWindows:    3. 'NVIDIA GeForce RTX 2070 with Max-Q Design' (P:0 D:0)
[2021.04.01-04.22.44:027][  0]LogWindows:    4. 'NVIDIA GeForce RTX 2070 with Max-Q Design' (P:0 D:0)
[2021.04.01-04.22.44:027][  0]LogWindows:    5. 'NVIDIA GeForce RTX 2070 with Max-Q Design' (P:0 D:0)
[2021.04.01-04.22.44:027][  0]LogWindows:    6. 'NVIDIA GeForce RTX 2070 with Max-Q Design' (P:0 D:0)
[2021.04.01-04.22.44:028][  0]LogWindows: DebugString: PrimaryIsNotTheChoosenAdapter PrimaryIsNotTheChoosenAdapter PrimaryIsNotTheChoosenAdapter FoundDriverCount:4 
[2021.04.01-04.22.44:028][  0]LogD3D11RHI:     Adapter Name: NVIDIA GeForce RTX 2070 with Max-Q Design
[2021.04.01-04.22.44:028][  0]LogD3D11RHI:   Driver Version: 456.87 (internal:27.21.14.5687, unified:456.87)
[2021.04.01-04.22.44:028][  0]LogD3D11RHI:      Driver Date: 10-14-2020
[2021.04.01-04.22.44:028][  0]LogRHI: Texture pool is 5621 MB (70% of 8031 MB)
[2021.04.01-04.22.44:089][  0]LogD3D11RHI: RHI has support for 64 bit atomics
[2021.04.01-04.22.44:089][  0]LogD3D11RHI: Async texture creation enabled
[2021.04.01-04.22.44:089][  0]LogD3D11RHI: Array index from any shader is supported
[2021.04.01-04.22.44:105][  0]LogD3D11RHI: GPU Timing Frequency: 1000.000000 (Debug: 2 1)
[2021.04.01-04.22.44:465][  0]LogTargetPlatformManager: Display: Loaded TargetPlatform 'AllDesktop'
[2021.04.01-04.22.44:488][  0]LogTargetPlatformManager: Display: Loaded TargetPlatform 'Android'
[2021.04.01-04.22.44:488][  0]LogTargetPlatformManager: Display: Loaded TargetPlatform 'Android_ASTC'
[2021.04.01-04.22.44:488][  0]LogTargetPlatformManager: Display: Loaded TargetPlatform 'Android_DXT'
[2021.04.01-04.22.44:488][  0]LogTargetPlatformManager: Display: Loaded TargetPlatform 'Android_ETC2'
[2021.04.01-04.22.44:488][  0]LogTargetPlatformManager: Display: Loaded TargetPlatform 'AndroidClient'
[2021.04.01-04.22.44:488][  0]LogTargetPlatformManager: Display: Loaded TargetPlatform 'Android_ASTCClient'
[2021.04.01-04.22.44:488][  0]LogTargetPlatformManager: Display: Loaded TargetPlatform 'Android_DXTClient'
[2021.04.01-04.22.44:488][  0]LogTargetPlatformManager: Display: Loaded TargetPlatform 'Android_ETC2Client'
[2021.04.01-04.22.44:488][  0]LogTargetPlatformManager: Display: Loaded TargetPlatform 'Android_Multi'
[2021.04.01-04.22.44:488][  0]LogTargetPlatformManager: Display: Loaded TargetPlatform 'Android_MultiClient'
[2021.04.01-04.22.44:514][  0]LogTargetPlatformManager: Display: Loaded TargetPlatform 'IOSClient'
[2021.04.01-04.22.44:514][  0]LogTargetPlatformManager: Display: Loaded TargetPlatform 'IOS'
[2021.04.01-04.22.44:527][  0]LogTargetPlatformManager: Display: Loaded TargetPlatform 'Linux'
[2021.04.01-04.22.44:538][  0]LogTargetPlatformManager: Display: Loaded TargetPlatform 'LinuxNoEditor'
[2021.04.01-04.22.44:551][  0]LogTargetPlatformManager: Display: Loaded TargetPlatform 'LinuxClient'
[2021.04.01-04.22.44:568][  0]LogTargetPlatformManager: Display: Loaded TargetPlatform 'LinuxServer'
[2021.04.01-04.22.44:588][  0]LogTargetPlatformManager: Display: Loaded TargetPlatform 'LinuxAArch64NoEditor'
[2021.04.01-04.22.44:599][  0]LogTargetPlatformManager: Display: Loaded TargetPlatform 'LinuxAArch64Client'
[2021.04.01-04.22.44:612][  0]LogTargetPlatformManager: Display: Loaded TargetPlatform 'LinuxAArch64Server'
[2021.04.01-04.22.44:641][  0]LogTargetPlatformManager: Display: Loaded TargetPlatform 'Lumin'
[2021.04.01-04.22.44:641][  0]LogTargetPlatformManager: Display: Loaded TargetPlatform 'LuminClient'
[2021.04.01-04.22.44:659][  0]LogTargetPlatformManager: Display: Loaded TargetPlatform 'TVOSClient'
[2021.04.01-04.22.44:659][  0]LogTargetPlatformManager: Display: Loaded TargetPlatform 'TVOS'
[2021.04.01-04.22.44:669][  0]LogTargetPlatformManager: Display: Loaded TargetPlatform 'WindowsNoEditor'
[2021.04.01-04.22.44:681][  0]LogTargetPlatformManager: Display: Loaded TargetPlatform 'Windows'
[2021.04.01-04.22.44:692][  0]LogTargetPlatformManager: Display: Loaded TargetPlatform 'WindowsClient'
[2021.04.01-04.22.44:703][  0]LogTargetPlatformManager: Display: Loaded TargetPlatform 'WindowsServer'
[2021.04.01-04.22.44:703][  0]LogTargetPlatformManager: Display: Building Assets For Windows
[2021.04.01-04.22.44:715][  0]LogAudioDebug: Display: Lib vorbis DLL was dynamically loaded.
[2021.04.01-04.22.44:812][  0]LogShaderCompilers: Guid format shader working directory is -37 characters bigger than the processId version (../../../../../../Users/miken/Desktop/RetailGame/480RetailGame/Retail-Game/Retail1/Intermediate/Shaders/WorkingDirectory/10820/).
[2021.04.01-04.22.44:813][  0]LogShaderCompilers: Cleaned the shader compiler working directory 'C:/Users/miken/AppData/Local/Temp/UnrealShaderWorkingDir/EED6DD7C41169CC382400AAC1625DC6E/'.
[2021.04.01-04.22.44:813][  0]LogXGEController: Cleaning working directory: C:/Users/miken/AppData/Local/Temp/UnrealXGEWorkingDir/
[2021.04.01-04.22.44:814][  0]LogXGEController: Cannot use XGE Controller as Incredibuild is not installed on this machine.
[2021.04.01-04.22.44:814][  0]LogShaderCompilers: Cannot use XGE Shader Compiler as Incredibuild is not installed on this machine.
[2021.04.01-04.22.44:814][  0]LogShaderCompilers: Display: Using Local Shader Compiler.
[2021.04.01-04.22.45:546][  0]LogDerivedDataCache: Display: Max Cache Size: 512 MB
[2021.04.01-04.22.45:654][  0]LogDerivedDataCache: Loaded boot cache 0.11s 82MB C:/Users/miken/AppData/Local/UnrealEngine/4.25/DerivedDataCache/Boot.ddc.
[2021.04.01-04.22.45:654][  0]LogDerivedDataCache: Display: Loaded Boot cache: C:/Users/miken/AppData/Local/UnrealEngine/4.25/DerivedDataCache/Boot.ddc
[2021.04.01-04.22.45:654][  0]LogDerivedDataCache: FDerivedDataBackendGraph:  Pak pak cache file ../../../../../../Users/miken/Desktop/RetailGame/480RetailGame/Retail-Game/Retail1/DerivedDataCache/DDC.ddp not found, will not use a pak cache.
[2021.04.01-04.22.45:654][  0]LogDerivedDataCache: Unable to find inner node Pak for hierarchical cache Hierarchy.
[2021.04.01-04.22.45:654][  0]LogDerivedDataCache: FDerivedDataBackendGraph:  CompressedPak pak cache file ../../../../../../Users/miken/Desktop/RetailGame/480RetailGame/Retail-Game/Retail1/DerivedDataCache/Compressed.ddp not found, will not use a pak cache.
[2021.04.01-04.22.45:654][  0]LogDerivedDataCache: Unable to find inner node CompressedPak for hierarchical cache Hierarchy.
[2021.04.01-04.22.45:665][  0]LogDerivedDataCache: Display: Pak cache opened for reading ../../../Engine/DerivedDataCache/Compressed.ddp.
[2021.04.01-04.22.45:665][  0]LogDerivedDataCache: FDerivedDataBackendGraph:  EnterprisePak pak cache file ../../../Enterprise/DerivedDataCache/Compressed.ddp not found, will not use a pak cache.
[2021.04.01-04.22.45:665][  0]LogDerivedDataCache: Unable to find inner node EnterprisePak for hierarchical cache Hierarchy.
[2021.04.01-04.22.45:666][  0]LogDerivedDataCache: Using Local data cache path C:/Users/miken/AppData/Local/UnrealEngine/Common/DerivedDataCache: Writable
[2021.04.01-04.22.45:666][  0]LogDerivedDataCache: Shared data cache path not found in *engine.ini, will not use an Shared cache.
[2021.04.01-04.22.45:666][  0]LogDerivedDataCache: Unable to find inner node Shared for hierarchical cache Hierarchy.
[2021.04.01-04.22.45:713][  0]LogSlate: Using FreeType 2.10.0
[2021.04.01-04.22.45:714][  0]LogSlate: SlateFontServices - WITH_FREETYPE: 1, WITH_HARFBUZZ: 1
[2021.04.01-04.22.45:742][  0]LogAssetRegistry: FAssetRegistry took 0.0027 seconds to start up
[2021.04.01-04.22.45:955][  0]LogInit: Selected Device Profile: [Windows]
[2021.04.01-04.22.46:093][  0]LogMeshReduction: Using QuadricMeshReduction for automatic static mesh reduction
[2021.04.01-04.22.46:093][  0]LogMeshReduction: Using SimplygonMeshReduction for automatic skeletal mesh reduction
[2021.04.01-04.22.46:093][  0]LogMeshReduction: Using ProxyLODMeshReduction for automatic mesh merging
[2021.04.01-04.22.46:093][  0]LogMeshReduction: No distributed automatic mesh merging module available
[2021.04.01-04.22.46:093][  0]LogMeshMerging: No distributed automatic mesh merging module available
[2021.04.01-04.22.46:108][  0]LogNetVersion: Retail1 1.0.0, NetCL: 13144385, EngineNetVer: 14, GameNetVer: 0 (Checksum: 2139136878)
[2021.04.01-04.22.46:549][  0]LogAISub: UAISubsystem::UAISubsystem AISubsystem (000001C3E1FEDD00), frame # 0
[2021.04.01-04.22.46:549][  0]LogAISub: UAISubsystem::UAISubsystem AIPerceptionSystem (000001C3E1F27EC0), frame # 0
[2021.04.01-04.22.46:550][  0]LogAISub: UAISubsystem::UAISubsystem EnvQueryManager (000001C3E1F91E00), frame # 0
[2021.04.01-04.22.46:604][  0]LogPackageLocalizationCache: Processed 19 localized package path(s) for 1 prioritized culture(s) in 0.047840 seconds
[2021.04.01-04.22.46:608][  0]LogUObjectArray: 15917 objects as part of root set at end of initial load.
[2021.04.01-04.22.46:608][  0]LogUObjectAllocator: 3965568 out of 0 bytes used by permanent object pool.
[2021.04.01-04.22.46:608][  0]LogUObjectArray: CloseDisregardForGC: 0/0 objects in disregard for GC pool
[2021.04.01-04.22.47:186][  0]LogTcpMessaging: Initializing TcpMessaging bridge
[2021.04.01-04.22.47:192][  0]LogUdpMessaging: Initializing bridge on interface 0.0.0.0:0 to multicast group 230.0.0.1:6666.
[2021.04.01-04.22.47:237][  0]LogTemp: TIME TO COMPLETE 0
[2021.04.01-04.22.47:237][  0]LogTemp: ITEM 0
[2021.04.01-04.22.47:434][  0]SourceControl: Source control is disabled
[2021.04.01-04.22.47:434][  0]SourceControl: Source control is disabled
[2021.04.01-04.22.47:456][  0]SourceControl: Source control is disabled
[2021.04.01-04.22.47:473][  0]SourceControl: Source control is disabled
[2021.04.01-04.22.47:483][  0]SourceControl: Source control is disabled
[2021.04.01-04.22.47:908][  0]LogAndroidPermission: UAndroidPermissionCallbackProxy::GetInstance
[2021.04.01-04.22.47:948][  0]LogAudioCaptureCore: Display: No Audio Capture implementations found. Audio input will be silent.
[2021.04.01-04.22.47:948][  0]LogAudioCaptureCore: Display: No Audio Capture implementations found. Audio input will be silent.
[2021.04.01-04.22.48:012][  0]LogOcInput: OculusInput pre-init called
[2021.04.01-04.22.48:280][  0]LogEngine: Initializing Engine...
[2021.04.01-04.22.48:281][  0]LogHMD: Failed to initialize OpenVR with code 110
[2021.04.01-04.22.48:281][  0]LogMagicLeap: Warning: VR disabled because ZI is not enabled.  To enable, in the editor, Edit -> Project Settings -> Plugins -> Magic Leap Plugin -> Enable Zero Iteration
[2021.04.01-04.22.48:282][  0]LogStats: UGameplayTagsManager::InitializeManager -  0.000 s
[2021.04.01-04.22.48:392][  0]LogInit: Initializing FReadOnlyCVARCache
[2021.04.01-04.22.48:403][  0]LogAIModule: Creating AISystem for world Untitled
[2021.04.01-04.22.48:403][  0]LogAISub: UAISubsystem::UAISubsystem EnvQueryManager (000001C3ECE1FC00), frame # 0
[2021.04.01-04.22.48:403][  0]LogAISub: UAISubsystem::UAISubsystem AIPerceptionSystem (000001C3ECE7DA80), frame # 0
[2021.04.01-04.22.48:422][  0]LogAudioMixer: Display: Audio Mixer Platform Settings:
[2021.04.01-04.22.48:422][  0]LogAudioMixer: Display: 	Sample Rate:						  48000
[2021.04.01-04.22.48:422][  0]LogAudioMixer: Display: 	Callback Buffer Frame Size Requested: 1024
[2021.04.01-04.22.48:422][  0]LogAudioMixer: Display: 	Callback Buffer Frame Size To Use:	  1024
[2021.04.01-04.22.48:422][  0]LogAudioMixer: Display: 	Number of buffers to queue:			  2
[2021.04.01-04.22.48:422][  0]LogAudioMixer: Display: 	Max Channels (voices):				  32
[2021.04.01-04.22.48:422][  0]LogAudioMixer: Display: 	Number of Async Source Workers:		  0
[2021.04.01-04.22.48:422][  0]LogAudio: Display: AudioDevice MaxSources: 32
[2021.04.01-04.22.48:422][  0]LogAudio: Display: Using built-in audio occlusion.
[2021.04.01-04.22.48:422][  0]LogAudioMixer: Display: Initializing audio mixer.
[2021.04.01-04.22.48:560][  0]LogAudioMixer: Display: 0: FrontLeft
[2021.04.01-04.22.48:560][  0]LogAudioMixer: Display: 1: FrontRight
[2021.04.01-04.22.48:560][  0]LogAudioMixer: Display: 2: FrontCenter
[2021.04.01-04.22.48:560][  0]LogAudioMixer: Display: 3: LowFrequency
[2021.04.01-04.22.48:560][  0]LogAudioMixer: Display: 4: BackLeft
[2021.04.01-04.22.48:560][  0]LogAudioMixer: Display: 5: BackRight
[2021.04.01-04.22.48:560][  0]LogAudioMixer: Display: 6: SideLeft
[2021.04.01-04.22.48:560][  0]LogAudioMixer: Display: 7: SideRight
[2021.04.01-04.22.48:967][  0]LogAudioMixer: Display: Using Audio Device Speakers/Headphones (Realtek(R) Audio)
[2021.04.01-04.22.48:969][  0]LogAudioMixer: Display: Initializing Sound Submixes...
[2021.04.01-04.22.48:972][  0]LogAudioMixer: Display: Creating Master Submix 'MasterSubmixDefault'
[2021.04.01-04.22.48:972][  0]LogAudioMixer: Display: Creating Master Submix 'MasterReverbSubmixDefault'
[2021.04.01-04.22.48:973][  0]LogAudioMixer: Display: Creating Master Submix 'MasterEQSubmixDefault'
[2021.04.01-04.22.48:974][  0]LogInit: FAudioDevice initialized.
[2021.04.01-04.22.48:974][  0]LogNetVersion: Set ProjectVersion to 1.0.0.0. Version Checksum will be recalculated on next use.
[2021.04.01-04.22.49:100][  0]LogDerivedDataCache: Saved boot cache 0.13s 82MB C:/Users/miken/AppData/Local/UnrealEngine/4.25/DerivedDataCache/Boot.ddc.
[2021.04.01-04.22.49:101][  0]LogInit: Texture streaming: Enabled
[2021.04.01-04.22.49:127][  0]LogEngineSessionManager: EngineSessionManager initialized
[2021.04.01-04.22.49:127][  0]LogEditorSessionSummary: Verbose: Initializing EditorSessionSummaryWriter for editor session tracking
[2021.04.01-04.22.49:137][  0]LogEditorSessionSummary: EditorSessionSummaryWriter initialized
[2021.04.01-04.22.49:187][  0]LogInit: Transaction tracking system initialized
[2021.04.01-04.22.49:224][  0]BlueprintLog: New page: Editor Load
[2021.04.01-04.22.49:417][  0]LocalizationService: Localization service is disabled
[2021.04.01-04.22.49:612][  0]LogCook: Display: Max memory allowance for cook 16384mb min free memory 0mb
[2021.04.01-04.22.49:612][  0]LogCook: Display: Mobile HDR setting 1
[2021.04.01-04.22.49:786][  0]LogFileCache: Scanning file cache for directory 'C:/Users/miken/Desktop/RetailGame/480RetailGame/Retail-Game/Retail1/Content/' took 0.01s
[2021.04.01-04.22.50:020][  0]SourceControl: Source control is disabled
[2021.04.01-04.22.50:020][  0]LogUnrealEdMisc: Loading editor; pre map load, took 12.122
[2021.04.01-04.22.50:021][  0]Cmd: MAP LOAD FILE="../../../../../../Users/miken/Desktop/RetailGame/480RetailGame/Retail-Game/Retail1/Content/ThirdPersonCPP/Maps/ThirdPersonExampleMap.umap" TEMPLATE=0 SHOWPROGRESS=1 FEATURELEVEL=3
[2021.04.01-04.22.50:021][  0]LightingResults: New page: Lighting Build
[2021.04.01-04.22.50:022][  0]LogWorld: UWorld::CleanupWorld for Untitled, bSessionEnded=true, bCleanupResources=true
[2021.04.01-04.22.50:023][  0]LogSlate: InvalidateAllWidgets triggered.  All widgets were invalidated
[2021.04.01-04.22.50:023][  0]MapCheck: New page: Map Check
[2021.04.01-04.22.50:023][  0]LightingResults: New page: Lighting Build
[2021.04.01-04.22.50:034][  0]LogAISub: UAISubsystem::~UAISubsystem EnvQueryManager (000001C3ECE1FC00), frame # 0
[2021.04.01-04.22.50:034][  0]LogAISub: UAISubsystem::~UAISubsystem AIPerceptionSystem (000001C3ECE7DA80), frame # 0
[2021.04.01-04.22.50:035][  0]LogUObjectHash: Compacting FUObjectHashTables data took   0.75ms
[2021.04.01-04.22.50:122][  0]LogTemp: TIME TO COMPLETE 0
[2021.04.01-04.22.50:125][  0]LogTemp: TIME TO COMPLETE 0
[2021.04.01-04.22.50:129][  0]LogTemp: TIME TO COMPLETE 0
[2021.04.01-04.22.50:404][  0]LogStaticMesh: Building static mesh peachSign...
[2021.04.01-04.22.51:211][  0]LogStaticMesh: Built static mesh [0.81s] /Game/Assets/StoreStuff/Misc/peachSign.peachSign
[2021.04.01-04.22.51:549][  0]LogStaticMesh: Building static mesh sink...
[2021.04.01-04.22.51:560][  0]LogStaticMesh: Built static mesh [0.01s] /Game/Assets/StoreStuff/Misc/sink.sink
[2021.04.01-04.22.51:641][  0]LogAIModule: Creating AISystem for world ThirdPersonExampleMap
[2021.04.01-04.22.51:642][  0]LogAISub: UAISubsystem::UAISubsystem EnvQueryManager (000001C3F94DFE00), frame # 0
[2021.04.01-04.22.51:642][  0]LogAISub: UAISubsystem::UAISubsystem AIPerceptionSystem (000001C3F94E7B00), frame # 0
[2021.04.01-04.22.51:794][  0]LogEditorServer: Finished looking for orphan Actors (0.000 secs)
[2021.04.01-04.22.51:832][  0]LogUObjectHash: Compacting FUObjectHashTables data took   0.95ms
[2021.04.01-04.22.51:833][  0]Cmd: MAP CHECKDEP NOCLEARLOG
[2021.04.01-04.22.51:833][  0]MapCheck: Map check complete: 0 Error(s), 0 Warning(s), took 0.37ms to complete.
[2021.04.01-04.22.51:833][  0]LogFileHelpers: Loading map 'ThirdPersonExampleMap' took 1.813
[2021.04.01-04.22.51:837][  0]LogUnrealEdMisc: Total Editor Startup Time, took 13.939
[2021.04.01-04.22.51:985][  0]LogSlate: Updating window title bar state: overlay mode, drag disabled, window buttons hidden, title bar hidden
[2021.04.01-04.22.51:992][  0]LogSlate: Updating window title bar state: overlay mode, drag disabled, window buttons hidden, title bar hidden
[2021.04.01-04.22.51:999][  0]LogSlate: Updating window title bar state: overlay mode, drag disabled, window buttons hidden, title bar hidden
[2021.04.01-04.22.52:005][  0]LogSlate: Updating window title bar state: overlay mode, drag disabled, window buttons hidden, title bar hidden
[2021.04.01-04.22.52:018][  0]LogCollectionManager: Loaded 0 collections in 0.001824 seconds
[2021.04.01-04.22.52:032][  0]LogFileCache: Scanning file cache for directory 'C:/Users/miken/Desktop/RetailGame/480RetailGame/Retail-Game/Retail1/Saved/Collections/' took 0.00s
[2021.04.01-04.22.52:033][  0]LogFileCache: Scanning file cache for directory 'C:/Users/miken/Desktop/RetailGame/480RetailGame/Retail-Game/Retail1/Content/Developers/miken/Collections/' took 0.00s
[2021.04.01-04.22.52:033][  0]LogFileCache: Scanning file cache for directory 'C:/Users/miken/Desktop/RetailGame/480RetailGame/Retail-Game/Retail1/Content/Collections/' took 0.00s
[2021.04.01-04.22.52:033][  0]LogContentBrowser: Native class hierarchy populated in 0.0091 seconds. Added 3436 classes and 824 folders.
[2021.04.01-04.22.52:061][  0]LogContentBrowser: Native class hierarchy updated for 'WidgetCarousel' in 0.0005 seconds. Added 0 classes and 0 folders.
[2021.04.01-04.22.52:241][  0]LogContentBrowser: Native class hierarchy updated for 'AddContentDialog' in 0.0004 seconds. Added 0 classes and 0 folders.
[2021.04.01-04.22.52:242][  0]LogContentBrowser: Native class hierarchy updated for 'SceneOutliner' in 0.0004 seconds. Added 2 classes and 0 folders.
[2021.04.01-04.22.52:294][  0]LogSlate: Took 0.000901 seconds to synchronously load lazily loaded font '../../../Engine/Content/Slate/Fonts/Roboto-Regular.ttf' (155K)
[2021.04.01-04.22.52:296][  0]LogSlate: Took 0.000776 seconds to synchronously load lazily loaded font '../../../Engine/Content/Slate/Fonts/Roboto-Bold.ttf' (160K)
[2021.04.01-04.22.52:300][  0]LogSlate: Took 0.000574 seconds to synchronously load lazily loaded font '../../../Engine/Content/Editor/Slate/Fonts/FontAwesome.ttf' (139K)
[2021.04.01-04.22.52:423][  0]LogRenderer: Reallocating scene render targets to support 1340x676 Format 10 NumSamples 1 (Frame:1).
[2021.04.01-04.22.52:594][  0]LogContentBrowser: Native class hierarchy updated for 'HierarchicalLODOutliner' in 0.0007 seconds. Added 0 classes and 0 folders.
[2021.04.01-04.22.52:594][  0]LogLoad: (Engine Initialization) Total time: 14.70 seconds
[2021.04.01-04.22.52:594][  0]LogLoad: (Engine Initialization) Total Blueprint compile time: 0.00 seconds
[2021.04.01-04.22.52:638][  0]LogAssetRegistry: Asset discovery search completed in 6.8967 seconds
[2021.04.01-04.22.52:642][  0]LogCollectionManager: Fixed up redirectors for 0 collections in 0.000003 seconds (updated 0 objects)
[2021.04.01-04.22.52:656][  0]LogContentStreaming: Texture pool size now 1000 MB
[2021.04.01-04.22.52:689][  0]LogSlate: Took 0.000929 seconds to synchronously load lazily loaded font '../../../Engine/Content/Slate/Fonts/Roboto-Light.ttf' (167K)
[2021.04.01-04.22.53:621][ 43]LogSlate: Took 0.000204 seconds to synchronously load lazily loaded font '../../../Engine/Content/Slate/Fonts/Roboto-Light.ttf' (167K)
[2021.04.01-04.36.14:622][937]LogUObjectHash: Compacting FUObjectHashTables data took   0.81ms
[2021.04.01-04.36.15:338][937]LogSavePackage: Moving '../../../../../../Users/miken/Desktop/RetailGame/480RetailGame/Retail-Game/Retail1/Saved/ThirdPersonExampleMap_Auto15220C41248221AC42B07F898C1422446.tmp' to '../../../../../../Users/miken/Desktop/RetailGame/480RetailGame/Retail-Game/Retail1/Saved/Autosaves/Game/ThirdPersonCPP/Maps/ThirdPersonExampleMap_Auto1.umap'
[2021.04.01-04.36.15:341][937]LogFileHelpers: Editor autosave (incl. sublevels) for '/Game/ThirdPersonCPP/Maps/ThirdPersonExampleMap' took 0.735
[2021.04.01-04.36.15:341][937]LogFileHelpers: Editor autosave (incl. sublevels) for all levels took 0.735
[2021.04.01-04.36.41:652][ 46]LogFactory: FactoryCreateFile: StaticMesh with FbxFactory (0 0 C:\Users\miken\Documents\GIMM 480\GroceryStuff\blackBeans.fbx)
[2021.04.01-04.36.41:665][ 46]LogFbx: Loading FBX Scene from C:\Users\miken\Documents\GIMM 480\GroceryStuff\blackBeans.fbx
[2021.04.01-04.36.41:672][ 46]LogFbx: FBX Scene Loaded Succesfully
[2021.04.01-04.36.42:923][ 46]LogSlate: Window 'FBX Import Options' being destroyed
[2021.04.01-04.36.43:128][ 46]LogTexture: Display: Building textures: blackBeans1 (AutoDXT, 792X612)
[2021.04.01-04.36.43:143][ 46]LogMaterial: Display: Missing cached shader map for material blackBeanWrapper, compiling. 
[2021.04.01-04.36.43:192][ 46]LogShaderCompilers: Display: Worker (1/9): shaders left to compile 15
[2021.04.01-04.36.43:192][ 46]LogShaderCompilers: Display: Worker (2/9): shaders left to compile 13
[2021.04.01-04.36.43:192][ 46]LogShaderCompilers: Display: Worker (3/9): shaders left to compile 11
[2021.04.01-04.36.43:192][ 46]LogShaderCompilers: Display: Worker (4/9): shaders left to compile 9
[2021.04.01-04.36.43:192][ 46]LogShaderCompilers: Display: Worker (5/9): shaders left to compile 7
[2021.04.01-04.36.43:192][ 46]LogShaderCompilers: Display: Worker (6/9): shaders left to compile 5
[2021.04.01-04.36.43:192][ 46]LogShaderCompilers: Display: Worker (7/9): shaders left to compile 3
[2021.04.01-04.36.43:192][ 46]LogShaderCompilers: Display: Worker (8/9): shaders left to compile 1
[2021.04.01-04.36.43:192][ 46]LogFbx: Display: Triangulating static mesh Cylinder
[2021.04.01-04.36.43:288][ 46]LogStaticMesh: Building static mesh blackBeans...
[2021.04.01-04.36.43:309][ 46]LogStaticMesh: Built static mesh [0.02s] /Game/Assets/StoreStuff/Misc/blackBeans.blackBeans
[2021.04.01-04.36.43:323][ 46]FBXImport: Warning: No smoothing group information was found in this FBX scene.  Please make sure to enable the 'Export Smoothing Groups' option in the FBX Exporter plug-in before exporting the file.  Even for tools that don't support smoothing groups, the FBX Exporter will generate appropriate smoothing data at export-time so that correct vertex normals can be inferred while importing. 
[2021.04.01-04.36.43:543][ 46]LogSlate: Took 0.000756 seconds to synchronously load lazily loaded font '../../../Engine/Content/Slate/Fonts/DroidSansMono.ttf' (77K)
[2021.04.01-04.36.45:531][ 99]LogSlate: Window 'Message Log' being destroyed
[2021.04.01-04.36.45:544][ 99]LogSlate: Window 'Message Log' being destroyed
[2021.04.01-04.36.52:884][486]LogSavePackage: Moving '../../../../../../Users/miken/Desktop/RetailGame/480RetailGame/Retail-Game/Retail1/Saved/blackBeans0D04C14E4C5A188A2CC91C8902C37B65.tmp' to '../../../../../../Users/miken/Desktop/RetailGame/480RetailGame/Retail-Game/Retail1/Content/Assets/StoreStuff/Misc/blackBeans.uasset'
[2021.04.01-04.36.52:899][486]LogSavePackage: Moving '../../../../../../Users/miken/Desktop/RetailGame/480RetailGame/Retail-Game/Retail1/Saved/blackBeans14212921640A530C2CF1DD5BA3AB49401.tmp' to '../../../../../../Users/miken/Desktop/RetailGame/480RetailGame/Retail-Game/Retail1/Content/Assets/StoreStuff/Misc/blackBeans1.uasset'
[2021.04.01-04.36.52:914][486]LogSavePackage: Moving '../../../../../../Users/miken/Desktop/RetailGame/480RetailGame/Retail-Game/Retail1/Saved/blackBeanWrapperFE728FB443DDBEB7E3508C9754A43AA6.tmp' to '../../../../../../Users/miken/Desktop/RetailGame/480RetailGame/Retail-Game/Retail1/Content/Assets/StoreStuff/Misc/blackBeanWrapper.uasset'
[2021.04.01-04.36.52:930][486]AssetCheck: New page: Asset Save: multiple assets
[2021.04.01-04.36.52:930][486]LogContentValidation: Display: Validating StaticMesh /Game/Assets/StoreStuff/Misc/blackBeans.blackBeans
[2021.04.01-04.36.52:930][486]LogContentValidation: Display: Validating Texture2D /Game/Assets/StoreStuff/Misc/blackBeans1.blackBeans1
[2021.04.01-04.36.52:930][486]LogContentValidation: Display: Validating Material /Game/Assets/StoreStuff/Misc/blackBeanWrapper.blackBeanWrapper
[2021.04.01-04.36.59:238][828]LogSavePackage: Moving '../../../../../../Users/miken/Desktop/RetailGame/480RetailGame/Retail-Game/Retail1/Saved/blackBeans1615458FB46AFC1D784B3B1A1D474438C.tmp' to '../../../../../../Users/miken/Desktop/RetailGame/480RetailGame/Retail-Game/Retail1/Content/Assets/StoreStuff/Textures/blackBeans1.uasset'
[2021.04.01-04.36.59:405][828]LogUObjectHash: Compacting FUObjectHashTables data took   0.74ms
[2021.04.01-04.36.59:425][828]LogUObjectHash: Compacting FUObjectHashTables data took   0.77ms
[2021.04.01-04.36.59:435][828]LogUObjectHash: Compacting FUObjectHashTables data took   0.30ms
[2021.04.01-04.36.59:469][828]LogSavePackage: Moving '../../../../../../Users/miken/Desktop/RetailGame/480RetailGame/Retail-Game/Retail1/Saved/blackBeanWrapperEC7BC8A74E479208DE267A8C814D6492.tmp' to '../../../../../../Users/miken/Desktop/RetailGame/480RetailGame/Retail-Game/Retail1/Content/Assets/StoreStuff/Misc/blackBeanWrapper.uasset'
[2021.04.01-04.36.59:607][828]AssetCheck: New page: Asset Save: multiple assets
[2021.04.01-04.36.59:607][828]LogContentValidation: Display: Validating Texture2D /Game/Assets/StoreStuff/Textures/blackBeans1.blackBeans1
[2021.04.01-04.36.59:607][828]LogContentValidation: Display: Validating Material /Game/Assets/StoreStuff/Misc/blackBeanWrapper.blackBeanWrapper
[2021.04.01-04.37.02:046][949]LogSavePackage: Moving '../../../../../../Users/miken/Desktop/RetailGame/480RetailGame/Retail-Game/Retail1/Saved/blackBeanWrapper9CF1968542362672E2C633B019AE9E14.tmp' to '../../../../../../Users/miken/Desktop/RetailGame/480RetailGame/Retail-Game/Retail1/Content/Assets/StoreStuff/Materials/blackBeanWrapper.uasset'
[2021.04.01-04.37.02:188][949]LogUObjectHash: Compacting FUObjectHashTables data took   0.28ms
[2021.04.01-04.37.02:208][949]LogUObjectHash: Compacting FUObjectHashTables data took   0.77ms
[2021.04.01-04.37.02:218][949]LogUObjectHash: Compacting FUObjectHashTables data took   0.28ms
[2021.04.01-04.37.02:256][949]LogSavePackage: Moving '../../../../../../Users/miken/Desktop/RetailGame/480RetailGame/Retail-Game/Retail1/Saved/blackBeans1B60DC9C47080BBE910F398C6B0BABFB.tmp' to '../../../../../../Users/miken/Desktop/RetailGame/480RetailGame/Retail-Game/Retail1/Content/Assets/StoreStuff/Misc/blackBeans.uasset'
[2021.04.01-04.37.02:391][949]AssetCheck: New page: Asset Save: multiple assets
[2021.04.01-04.37.02:392][949]LogContentValidation: Display: Validating Material /Game/Assets/StoreStuff/Materials/blackBeanWrapper.blackBeanWrapper
[2021.04.01-04.37.02:392][949]LogContentValidation: Display: Validating StaticMesh /Game/Assets/StoreStuff/Misc/blackBeans.blackBeans
[2021.04.01-04.37.03:308][992]LogActorFactory: Actor Factory created blackBeans
[2021.04.01-04.37.03:718][  3]LogActorFactory: Actor Factory created blackBeans
[2021.04.01-04.37.31:294][643]Cmd: DUPLICATE
[2021.04.01-04.37.31:294][643]Cmd: ACTOR DUPLICATE
[2021.04.01-04.37.38:276][ 59]Cmd: DUPLICATE
[2021.04.01-04.37.38:276][ 59]Cmd: ACTOR DUPLICATE
[2021.04.01-04.37.39:771][146]LogEditorViewport: Clicking on Actor (LMB): StaticMeshActor (blackBeans3)
[2021.04.01-04.37.44:381][421]Cmd: DUPLICATE
[2021.04.01-04.37.44:381][421]Cmd: ACTOR DUPLICATE
[2021.04.01-04.37.47:732][619]Cmd: DUPLICATE
[2021.04.01-04.37.47:732][619]Cmd: ACTOR DUPLICATE
[2021.04.01-04.37.57:664][204]Cmd: DUPLICATE
[2021.04.01-04.37.57:664][204]Cmd: ACTOR DUPLICATE
[2021.04.01-04.38.01:178][412]Cmd: EDIT CUT
[2021.04.01-04.38.01:224][412]LogEditorActor: Deleted Actor: StaticMeshActor
[2021.04.01-04.38.01:224][412]LogEditorActor: Deleted Actor: StaticMeshActor
[2021.04.01-04.38.01:224][412]LogEditorActor: Deleted Actor: StaticMeshActor
[2021.04.01-04.38.01:225][412]LogEditorActor: Deleted Actor: StaticMeshActor
[2021.04.01-04.38.01:225][412]LogEditorActor: Deleted Actor: StaticMeshActor
[2021.04.01-04.38.01:235][412]LogUObjectHash: Compacting FUObjectHashTables data took   1.00ms
[2021.04.01-04.38.01:237][412]LogEditorActor: Deleted 5 Actors (0.056 secs)
[2021.04.01-04.38.03:542][550]Cmd: TRANSACTION UNDO
[2021.04.01-04.38.03:542][550]LogEditorTransaction: Undo Cut
[2021.04.01-04.38.04:040][559]Cmd: TRANSACTION UNDO
[2021.04.01-04.38.04:040][559]LogEditorTransaction: Undo Move Actors
[2021.04.01-04.38.10:994][970]Cmd: DUPLICATE
[2021.04.01-04.38.10:994][970]Cmd: ACTOR DUPLICATE
[2021.04.01-04.38.14:824][196]Cmd: DUPLICATE
[2021.04.01-04.38.14:824][196]Cmd: ACTOR DUPLICATE
[2021.04.01-04.38.39:333][660]Cmd: TRANSACTION UNDO
[2021.04.01-04.38.39:333][660]LogEditorTransaction: Undo Clicking on Actors
[2021.04.01-04.38.45:701][ 23]Cmd: TRANSACTION UNDO
[2021.04.01-04.38.45:701][ 23]LogEditorTransaction: Undo Clicking on Actors
[2021.04.01-04.38.58:631][779]Cmd: DUPLICATE
[2021.04.01-04.38.58:632][779]Cmd: ACTOR DUPLICATE
[2021.04.01-04.39.12:488][605]Cmd: DUPLICATE
[2021.04.01-04.39.12:488][605]Cmd: ACTOR DUPLICATE
[2021.04.01-04.39.23:208][241]Cmd: DUPLICATE
[2021.04.01-04.39.23:208][241]Cmd: ACTOR DUPLICATE
[2021.04.01-04.39.27:694][504]Cmd: DUPLICATE
[2021.04.01-04.39.27:694][504]Cmd: ACTOR DUPLICATE
[2021.04.01-04.39.42:431][379]LogEditorViewport: Clicking on Actor (LMB): StaticMeshActor (shelf80)
[2021.04.01-04.39.50:426][856]LogEditorViewport: Clicking on Actor (LMB): StaticMeshActor (blackBeans86)
[2021.04.01-04.39.57:516][270]Cmd: DELETE
[2021.04.01-04.39.57:516][270]Cmd: ACTOR DELETE
[2021.04.01-04.39.57:557][270]LogEditorActor: Deleted Actor: StaticMeshActor
[2021.04.01-04.39.57:558][270]LogEditorActor: Deleted Actor: StaticMeshActor
[2021.04.01-04.39.57:558][270]LogEditorActor: Deleted Actor: StaticMeshActor
[2021.04.01-04.39.57:558][270]LogEditorActor: Deleted Actor: StaticMeshActor
[2021.04.01-04.39.57:558][270]LogEditorActor: Deleted Actor: StaticMeshActor
[2021.04.01-04.39.57:571][270]LogUObjectHash: Compacting FUObjectHashTables data took   0.70ms
[2021.04.01-04.39.57:572][270]LogEditorActor: Deleted 5 Actors (0.056 secs)
[2021.04.01-04.40.07:869][885]Cmd: DUPLICATE
[2021.04.01-04.40.07:869][885]Cmd: ACTOR DUPLICATE
[2021.04.01-04.40.14:582][270]Cmd: DUPLICATE
[2021.04.01-04.40.14:582][270]Cmd: ACTOR DUPLICATE
[2021.04.01-04.40.44:371][ 16]LogUObjectHash: Compacting FUObjectHashTables data took   0.69ms
[2021.04.01-04.40.45:089][ 16]LogSavePackage: Moving '../../../../../../Users/miken/Desktop/RetailGame/480RetailGame/Retail-Game/Retail1/Saved/ThirdPersonExampleMapE49719434E39C705FD397F8210BAE252.tmp' to '../../../../../../Users/miken/Desktop/RetailGame/480RetailGame/Retail-Game/Retail1/Content/ThirdPersonCPP/Maps/ThirdPersonExampleMap.umap'
[2021.04.01-04.40.45:176][ 16]AssetCheck: New page: Asset Save: ThirdPersonExampleMap
[2021.04.01-04.40.45:176][ 16]LogContentValidation: Display: Validating World /Game/ThirdPersonCPP/Maps/ThirdPersonExampleMap.ThirdPersonExampleMap
[2021.04.01-05.18.44:766][115]LogTemp: Resetting audio stream to device id 
[2021.04.01-05.18.44:807][115]LogAudioMixer: Display: 0: FrontLeft
[2021.04.01-05.18.44:807][115]LogAudioMixer: Display: 1: FrontRight
[2021.04.01-05.18.44:807][115]LogAudioMixer: Display: 2: FrontCenter
[2021.04.01-05.18.44:807][115]LogAudioMixer: Display: 3: LowFrequency
[2021.04.01-05.18.44:808][115]LogAudioMixer: Display: 4: BackLeft
[2021.04.01-05.18.44:808][115]LogAudioMixer: Display: 5: BackRight
[2021.04.01-05.18.44:808][115]LogAudioMixer: Display: 6: SideLeft
[2021.04.01-05.18.44:808][115]LogAudioMixer: Display: 7: SideRight
[2021.04.01-05.18.51:105][131]LogTemp: Resetting audio stream to device id 
[2021.04.01-06.00.52:285][131]LogD3D11RHI: Timed out while waiting for GPU to catch up. (500 ms)
[2021.04.01-06.00.52:285][131]LogD3D11RHI: Timed out while waiting for GPU to catch up. (500 ms)
[2021.04.01-06.00.52:285][131]LogAudioMixer: Display: 0: FrontLeft
[2021.04.01-06.00.52:285][131]LogAudioMixer: Display: 1: FrontRight
[2021.04.01-06.00.52:285][131]LogAudioMixer: Display: 2: FrontCenter
[2021.04.01-06.00.52:285][131]LogAudioMixer: Display: 3: LowFrequency
[2021.04.01-06.00.52:285][131]LogAudioMixer: Display: 4: BackLeft
[2021.04.01-06.00.52:285][131]LogAudioMixer: Display: 5: BackRight
[2021.04.01-06.00.52:285][131]LogAudioMixer: Display: 6: SideLeft
[2021.04.01-06.00.52:285][131]LogAudioMixer: Display: 7: SideRight
[2021.04.01-06.00.53:259][132]LogTemp: Resetting audio stream to device id 
[2021.04.01-06.00.53:317][132]LogAudioMixer: Display: 0: FrontLeft
[2021.04.01-06.00.53:317][132]LogAudioMixer: Display: 1: FrontRight
[2021.04.01-06.00.53:317][132]LogAudioMixer: Display: 2: FrontCenter
[2021.04.01-06.00.53:317][132]LogAudioMixer: Display: 3: LowFrequency
[2021.04.01-06.00.53:317][132]LogAudioMixer: Display: 4: BackLeft
[2021.04.01-06.00.53:317][132]LogAudioMixer: Display: 5: BackRight
[2021.04.01-06.00.53:317][132]LogAudioMixer: Display: 6: SideLeft
[2021.04.01-06.00.53:317][132]LogAudioMixer: Display: 7: SideRight
