Log file open, 04/03/21 08:24:11
LogInit: Display: Running engine for game: Retail1
LogPlatformFile: Not using cached read wrapper
LogTaskGraph: Started task graph with 5 named threads and 35 total threads with 3 sets of task threads.
LogStats: Stats thread started at 0.739453
LogD3D11RHI: Loaded GFSDK_Aftermath_Lib.x64.dll
LogICUInternationalization: ICU TimeZone Detection - Raw Offset: -7:00, Platform Override: ''
LogPluginManager: Mounting plugin Paper2D
LogPluginManager: Mounting plugin AISupport
LogPluginManager: Mounting plugin LightPropagationVolume
LogPluginManager: Mounting plugin CameraShakePreviewer
LogPluginManager: Mounting plugin ActorLayerUtilities
LogPluginManager: Mounting plugin AnimationSharing
LogPluginManager: Mounting plugin CLionSourceCodeAccess
LogPluginManager: Mounting plugin CodeLiteSourceCodeAccess
LogPluginManager: Mounting plugin GitSourceControl
LogPluginManager: Mounting plugin KDevelopSourceCodeAccess
LogPluginManager: Mounting plugin NullSourceCodeAccess
LogPluginManager: Mounting plugin PerforceSourceControl
LogPluginManager: Mounting plugin PlasticSourceControl
LogPluginManager: Mounting plugin RiderSourceCodeAccess
LogPluginManager: Mounting plugin SubversionSourceControl
LogPluginManager: Mounting plugin UObjectPlugin
LogPluginManager: Mounting plugin VisualStudioCodeSourceCodeAccess
LogPluginManager: Mounting plugin VisualStudioSourceCodeAccess
LogPluginManager: Mounting plugin XCodeSourceCodeAccess
LogPluginManager: Mounting plugin AssetManagerEditor
LogPluginManager: Mounting plugin CryptoKeys
LogPluginManager: Mounting plugin CurveEditorTools
LogPluginManager: Mounting plugin DataValidation
LogPluginManager: Mounting plugin EditorScriptingUtilities
LogPluginManager: Mounting plugin FacialAnimation
LogPluginManager: Mounting plugin GameplayTagsEditor
LogPluginManager: Mounting plugin GeometryMode
LogPluginManager: Mounting plugin MacGraphicsSwitching
LogPluginManager: Mounting plugin MaterialAnalyzer
LogPluginManager: Mounting plugin MobileLauncherProfileWizard
LogPluginManager: Mounting plugin PluginBrowser
LogPluginManager: Mounting plugin SpeedTreeImporter
LogPluginManager: Mounting plugin DatasmithContent
LogPluginManager: Mounting plugin VariantManagerContent
LogPluginManager: Mounting plugin AlembicImporter
LogPluginManager: Mounting plugin AutomationUtils
LogPluginManager: Mounting plugin BackChannel
LogPluginManager: Mounting plugin ChaosCloth
LogPluginManager: Mounting plugin ChaosClothEditor
LogPluginManager: Mounting plugin ChaosEditor
LogPluginManager: Mounting plugin ChaosNiagara
LogPluginManager: Mounting plugin ChaosSolverPlugin
LogPluginManager: Mounting plugin CharacterAI
LogPluginManager: Mounting plugin GeometryCache
LogPluginManager: Mounting plugin GeometryCollectionPlugin
LogPluginManager: Mounting plugin GeometryProcessing
LogPluginManager: Mounting plugin PlanarCut
LogPluginManager: Mounting plugin PlatformCrypto
LogPluginManager: Mounting plugin ProxyLODPlugin
LogPluginManager: Mounting plugin SkeletalReduction
LogPluginManager: Mounting plugin Niagara
LogPluginManager: Mounting plugin MagicLeap
LogPluginManager: Mounting plugin MagicLeapLightEstimation
LogPluginManager: Mounting plugin MagicLeapMedia
LogPluginManager: Mounting plugin MagicLeapPassableWorld
LogPluginManager: Mounting plugin MLSDK
LogPluginManager: Mounting plugin AndroidMedia
LogPluginManager: Mounting plugin AvfMedia
LogPluginManager: Mounting plugin ImgMedia
LogPluginManager: Mounting plugin MediaCompositing
LogPluginManager: Mounting plugin MediaPlayerEditor
LogPluginManager: Mounting plugin WebMMedia
LogPluginManager: Mounting plugin WmfMedia
LogPluginManager: Mounting plugin MeshPainting
LogPluginManager: Mounting plugin TcpMessaging
LogPluginManager: Mounting plugin UdpMessaging
LogPluginManager: Mounting plugin ActorSequence
LogPluginManager: Mounting plugin LevelSequenceEditor
LogPluginManager: Mounting plugin MatineeToLevelSequence
LogPluginManager: Mounting plugin MovieRenderPipeline
LogPluginManager: Mounting plugin TemplateSequence
LogPluginManager: Mounting plugin NetcodeUnitTest
LogPluginManager: Mounting plugin NUTUnrealEngine4
LogPluginManager: Mounting plugin OnlineSubsystemGooglePlay
LogPluginManager: Mounting plugin OnlineSubsystemIOS
LogPluginManager: Mounting plugin OnlineSubsystem
LogPluginManager: Mounting plugin OnlineSubsystemNull
LogPluginManager: Mounting plugin OnlineSubsystemUtils
LogPluginManager: Mounting plugin LauncherChunkInstaller
LogPluginManager: Mounting plugin AndroidDeviceProfileSelector
LogPluginManager: Mounting plugin AndroidMoviePlayer
LogPluginManager: Mounting plugin AndroidPermission
LogPluginManager: Mounting plugin AppleImageUtils
LogPluginManager: Mounting plugin AppleMoviePlayer
LogPluginManager: Mounting plugin ArchVisCharacter
LogPluginManager: Mounting plugin AssetTags
LogPluginManager: Mounting plugin AudioCapture
LogPluginManager: Mounting plugin CableComponent
LogPluginManager: Mounting plugin CustomMeshComponent
LogPluginManager: Mounting plugin EditableMesh
LogPluginManager: Mounting plugin ExampleDeviceProfileSelector
LogPluginManager: Mounting plugin GoogleCloudMessaging
LogPluginManager: Mounting plugin GooglePAD
LogPluginManager: Mounting plugin IOSDeviceProfileSelector
LogPluginManager: Mounting plugin LinuxDeviceProfileSelector
LogPluginManager: Mounting plugin LocationServicesBPLibrary
LogPluginManager: Mounting plugin MobilePatchingUtils
LogPluginManager: Mounting plugin OculusVR
LogPluginManager: Mounting plugin PhysXVehicles
LogPluginManager: Mounting plugin PostSplashScreen
LogPluginManager: Mounting plugin ProceduralMeshComponent
LogPluginManager: Mounting plugin RuntimePhysXCooking
LogPluginManager: Mounting plugin SignificanceManager
LogPluginManager: Mounting plugin SoundFields
LogPluginManager: Mounting plugin SteamVR
LogPluginManager: Mounting plugin Synthesis
LogPluginManager: Mounting plugin WebMMoviePlayer
LogPluginManager: Mounting plugin WindowsMoviePlayer
LogPluginManager: Mounting plugin ScreenshotTools
LogInit: Using libcurl 7.55.1-DEV
LogInit:  - built for x86_64-pc-win32
LogInit:  - supports SSL with OpenSSL/1.1.1
LogInit:  - supports HTTP deflate (compression) using libz 1.2.8
LogInit:  - other features:
LogInit:      CURL_VERSION_SSL
LogInit:      CURL_VERSION_LIBZ
LogInit:      CURL_VERSION_IPV6
LogInit:      CURL_VERSION_ASYNCHDNS
LogInit:      CURL_VERSION_LARGEFILE
LogInit:      CURL_VERSION_IDN
LogInit:  CurlRequestOptions (configurable via config and command line):
LogInit:  - bVerifyPeer = true  - Libcurl will verify peer certificate
LogInit:  - bUseHttpProxy = false  - Libcurl will NOT use HTTP proxy
LogInit:  - bDontReuseConnections = false  - Libcurl will reuse connections
LogInit:  - MaxHostConnections = 16  - Libcurl will limit the number of connections to a host
LogInit:  - LocalHostAddr = Default
LogInit:  - BufferSize = 65536
LogOnline: OSS: Creating online subsystem instance for: NULL
LogInit: WinSock: version 1.1 (2.2), MaxSocks=32767, MaxUdp=65467
LogOnline: OSS: TryLoadSubsystemAndSetDefault: Loaded subsystem for module [NULL]
LogOculusPluginWrapper: OculusPlugin initialized successfully
LogHMD: Failed initializing OVRPlugin 1.44.0
LogInit: Build: ++UE4+Release-4.25-CL-14469661
LogInit: Engine Version: 4.25.4-14469661+++UE4+Release-4.25
LogInit: Compatible Engine Version: 4.25.0-13144385+++UE4+Release-4.25
LogInit: Net CL: 13144385
LogInit: OS: Windows 10 (Release 2009) (), CPU: Intel(R) Core(TM) i7-8750H CPU @ 2.20GHz, GPU: Intel(R) UHD Graphics 630
LogInit: Compiled (64-bit): Oct 11 2020 08:10:49
LogInit: Compiled with Visual C++: 19.24.28315.00
LogInit: Build Configuration: Development
LogInit: Branch Name: ++UE4+Release-4.25
LogInit: Command Line: 
LogInit: Base Directory: C:/Program Files/Epic Games/UE_4.25/Engine/Binaries/Win64/
LogInit: Allocator: TBB
LogInit: Installed Engine Build: 1
LogDevObjectVersion: Number of dev versions registered: 26
LogDevObjectVersion:   Dev-Blueprints (B0D832E4-1F89-4F0D-ACCF-7EB736FD4AA2): 10
LogDevObjectVersion:   Dev-Build (E1C64328-A22C-4D53-A36C-8E866417BD8C): 0
LogDevObjectVersion:   Dev-Core (375EC13C-06E4-48FB-B500-84F0262A717E): 4
LogDevObjectVersion:   Dev-Editor (E4B068ED-F494-42E9-A231-DA0B2E46BB41): 38
LogDevObjectVersion:   Dev-Framework (CFFC743F-43B0-4480-9391-14DF171D2073): 37
LogDevObjectVersion:   Dev-Mobile (B02B49B5-BB20-44E9-A304-32B752E40360): 2
LogDevObjectVersion:   Dev-Networking (A4E4105C-59A1-49B5-A7C5-40C4547EDFEE): 0
LogDevObjectVersion:   Dev-Online (39C831C9-5AE6-47DC-9A44-9C173E1C8E7C): 0
LogDevObjectVersion:   Dev-Physics (78F01B33-EBEA-4F98-B9B4-84EACCB95AA2): 4
LogDevObjectVersion:   Dev-Platform (6631380F-2D4D-43E0-8009-CF276956A95A): 0
LogDevObjectVersion:   Dev-Rendering (12F88B9F-8875-4AFC-A67C-D90C383ABD29): 43
LogDevObjectVersion:   Dev-Sequencer (7B5AE74C-D270-4C10-A958-57980B212A5A): 12
LogDevObjectVersion:   Dev-VR (D7296918-1DD6-4BDD-9DE2-64A83CC13884): 3
LogDevObjectVersion:   Dev-LoadTimes (C2A15278-BFE7-4AFE-6C17-90FF531DF755): 1
LogDevObjectVersion:   Private-Geometry (6EACA3D4-40EC-4CC1-B786-8BED09428FC5): 3
LogDevObjectVersion:   Dev-AnimPhys (29E575DD-E0A3-4627-9D10-D276232CDCEA): 17
LogDevObjectVersion:   Dev-Anim (AF43A65D-7FD3-4947-9873-3E8ED9C1BB05): 7
LogDevObjectVersion:   Dev-ReflectionCapture (6B266CEC-1EC7-4B8F-A30B-E4D90942FC07): 1
LogDevObjectVersion:   Dev-Automation (0DF73D61-A23F-47EA-B727-89E90C41499A): 1
LogDevObjectVersion:   FortniteMain (601D1886-AC64-4F84-AA16-D3DE0DEAC7D6): 31
LogDevObjectVersion:   Dev-Enterprise (9DFFBCD6-494F-0158-E221-12823C92A888): 10
LogDevObjectVersion:   Dev-Niagara (F2AED0AC-9AFE-416F-8664-AA7FFA26D6FC): 1
LogDevObjectVersion:   Dev-Destruction (174F1F0B-B4C6-45A5-B13F-2EE8D0FB917D): 10
LogDevObjectVersion:   Dev-Physics-Ext (35F94A83-E258-406C-A318-09F59610247C): 37
LogDevObjectVersion:   Dev-PhysicsMaterial-Chaos (B68FC16E-8B1B-42E2-B453-215C058844FE): 1
LogDevObjectVersion:   Dev-CineCamera (B2E18506-4273-CFC2-A54E-F4BB758BBA07): 1
LogInit: Presizing for max 25165824 objects, including 0 objects not considered by GC, pre-allocating 0 bytes for permanent pool.
LogConfig: Applying CVar settings from Section [/Script/Engine.StreamingSettings] File [C:/Users/miken/Desktop/RetailGame/480RetailGame/Retail-Game/Retail1/Saved/Config/Windows/Engine.ini]
LogConfig: Setting CVar [[s.MinBulkDataSizeForAsyncLoading:131072]]
LogConfig: Setting CVar [[s.AsyncLoadingThreadEnabled:0]]
LogConfig: Setting CVar [[s.EventDrivenLoaderEnabled:1]]
LogConfig: Setting CVar [[s.WarnIfTimeLimitExceeded:0]]
LogConfig: Setting CVar [[s.TimeLimitExceededMultiplier:1.5]]
LogConfig: Setting CVar [[s.TimeLimitExceededMinTime:0.005]]
LogConfig: Setting CVar [[s.UseBackgroundLevelStreaming:1]]
LogConfig: Setting CVar [[s.PriorityAsyncLoadingExtraTime:15.0]]
LogConfig: Setting CVar [[s.LevelStreamingActorsUpdateTimeLimit:5.0]]
LogConfig: Setting CVar [[s.PriorityLevelStreamingActorsUpdateExtraTime:5.0]]
LogConfig: Setting CVar [[s.LevelStreamingComponentsRegistrationGranularity:10]]
LogConfig: Setting CVar [[s.UnregisterComponentsTimeLimit:1.0]]
LogConfig: Setting CVar [[s.LevelStreamingComponentsUnregistrationGranularity:5]]
LogConfig: Setting CVar [[s.FlushStreamingOnExit:1]]
LogInit: Object subsystem initialized
LogConfig: Setting CVar [[con.DebugEarlyDefault:1]]
LogConfig: Setting CVar [[r.setres:1280x720]]
[2021.04.03-14.24.12:518][  0]LogConfig: Setting CVar [[r.VSync:0]]
[2021.04.03-14.24.12:518][  0]LogConfig: Setting CVar [[r.RHICmdBypass:0]]
[2021.04.03-14.24.12:519][  0]LogConfig: Applying CVar settings from Section [/Script/Engine.RendererSettings] File [C:/Users/miken/Desktop/RetailGame/480RetailGame/Retail-Game/Retail1/Saved/Config/Windows/Engine.ini]
[2021.04.03-14.24.12:519][  0]LogConfig: Setting CVar [[r.GPUCrashDebugging:0]]
[2021.04.03-14.24.12:519][  0]LogConfig: Applying CVar settings from Section [/Script/Engine.RendererOverrideSettings] File [C:/Users/miken/Desktop/RetailGame/480RetailGame/Retail-Game/Retail1/Saved/Config/Windows/Engine.ini]
[2021.04.03-14.24.12:519][  0]LogConfig: Applying CVar settings from Section [/Script/Engine.StreamingSettings] File [C:/Users/miken/Desktop/RetailGame/480RetailGame/Retail-Game/Retail1/Saved/Config/Windows/Engine.ini]
[2021.04.03-14.24.12:519][  0]LogConfig: Setting CVar [[s.MinBulkDataSizeForAsyncLoading:131072]]
[2021.04.03-14.24.12:519][  0]LogConfig: Setting CVar [[s.AsyncLoadingThreadEnabled:0]]
[2021.04.03-14.24.12:519][  0]LogConfig: Setting CVar [[s.EventDrivenLoaderEnabled:1]]
[2021.04.03-14.24.12:519][  0]LogConfig: Setting CVar [[s.WarnIfTimeLimitExceeded:0]]
[2021.04.03-14.24.12:519][  0]LogConfig: Setting CVar [[s.TimeLimitExceededMultiplier:1.5]]
[2021.04.03-14.24.12:519][  0]LogConfig: Setting CVar [[s.TimeLimitExceededMinTime:0.005]]
[2021.04.03-14.24.12:519][  0]LogConfig: Setting CVar [[s.UseBackgroundLevelStreaming:1]]
[2021.04.03-14.24.12:519][  0]LogConfig: Setting CVar [[s.PriorityAsyncLoadingExtraTime:15.0]]
[2021.04.03-14.24.12:519][  0]LogConfig: Setting CVar [[s.LevelStreamingActorsUpdateTimeLimit:5.0]]
[2021.04.03-14.24.12:519][  0]LogConfig: Setting CVar [[s.PriorityLevelStreamingActorsUpdateExtraTime:5.0]]
[2021.04.03-14.24.12:519][  0]LogConfig: Setting CVar [[s.LevelStreamingComponentsRegistrationGranularity:10]]
[2021.04.03-14.24.12:519][  0]LogConfig: Setting CVar [[s.UnregisterComponentsTimeLimit:1.0]]
[2021.04.03-14.24.12:519][  0]LogConfig: Setting CVar [[s.LevelStreamingComponentsUnregistrationGranularity:5]]
[2021.04.03-14.24.12:519][  0]LogConfig: Setting CVar [[s.FlushStreamingOnExit:1]]
[2021.04.03-14.24.12:519][  0]LogConfig: Applying CVar settings from Section [/Script/Engine.GarbageCollectionSettings] File [C:/Users/miken/Desktop/RetailGame/480RetailGame/Retail-Game/Retail1/Saved/Config/Windows/Engine.ini]
[2021.04.03-14.24.12:519][  0]LogConfig: Setting CVar [[gc.MaxObjectsNotConsideredByGC:1]]
[2021.04.03-14.24.12:519][  0]LogConfig: Setting CVar [[gc.SizeOfPermanentObjectPool:0]]
[2021.04.03-14.24.12:519][  0]LogConfig: Setting CVar [[gc.FlushStreamingOnGC:0]]
[2021.04.03-14.24.12:519][  0]LogConfig: Setting CVar [[gc.NumRetriesBeforeForcingGC:10]]
[2021.04.03-14.24.12:519][  0]LogConfig: Setting CVar [[gc.AllowParallelGC:1]]
[2021.04.03-14.24.12:519][  0]LogConfig: Setting CVar [[gc.TimeBetweenPurgingPendingKillObjects:61.1]]
[2021.04.03-14.24.12:519][  0]LogConfig: Setting CVar [[gc.MaxObjectsInEditor:25165824]]
[2021.04.03-14.24.12:519][  0]LogConfig: Setting CVar [[gc.IncrementalBeginDestroyEnabled:1]]
[2021.04.03-14.24.12:519][  0]LogConfig: Setting CVar [[gc.CreateGCClusters:1]]
[2021.04.03-14.24.12:519][  0]LogConfig: Setting CVar [[gc.MinGCClusterSize:5]]
[2021.04.03-14.24.12:519][  0]LogConfig: Setting CVar [[gc.ActorClusteringEnabled:0]]
[2021.04.03-14.24.12:519][  0]LogConfig: Setting CVar [[gc.BlueprintClusteringEnabled:0]]
[2021.04.03-14.24.12:519][  0]LogConfig: Setting CVar [[gc.UseDisregardForGCOnDedicatedServers:0]]
[2021.04.03-14.24.12:519][  0]LogConfig: Applying CVar settings from Section [/Script/Engine.NetworkSettings] File [C:/Users/miken/Desktop/RetailGame/480RetailGame/Retail-Game/Retail1/Saved/Config/Windows/Engine.ini]
[2021.04.03-14.24.12:519][  0]LogConfig: Applying CVar settings from Section [/Script/UnrealEd.CookerSettings] File [C:/Users/miken/Desktop/RetailGame/480RetailGame/Retail-Game/Retail1/Saved/Config/Windows/Engine.ini]
[2021.04.03-14.24.12:525][  0]LogConfig: Applying CVar settings from Section [ViewDistanceQuality@3] File [C:/Users/miken/Desktop/RetailGame/480RetailGame/Retail-Game/Retail1/Saved/Config/Windows/Scalability.ini]
[2021.04.03-14.24.12:525][  0]LogConfig: Setting CVar [[r.SkeletalMeshLODBias:0]]
[2021.04.03-14.24.12:525][  0]LogConfig: Setting CVar [[r.ViewDistanceScale:1.0]]
[2021.04.03-14.24.12:525][  0]LogConfig: Applying CVar settings from Section [AntiAliasingQuality@3] File [C:/Users/miken/Desktop/RetailGame/480RetailGame/Retail-Game/Retail1/Saved/Config/Windows/Scalability.ini]
[2021.04.03-14.24.12:525][  0]LogConfig: Setting CVar [[r.PostProcessAAQuality:4]]
[2021.04.03-14.24.12:525][  0]LogConfig: Applying CVar settings from Section [ShadowQuality@3] File [C:/Users/miken/Desktop/RetailGame/480RetailGame/Retail-Game/Retail1/Saved/Config/Windows/Scalability.ini]
[2021.04.03-14.24.12:525][  0]LogConfig: Setting CVar [[r.LightFunctionQuality:1]]
[2021.04.03-14.24.12:525][  0]LogConfig: Setting CVar [[r.ShadowQuality:5]]
[2021.04.03-14.24.12:526][  0]LogConfig: Setting CVar [[r.Shadow.CSM.MaxCascades:10]]
[2021.04.03-14.24.12:526][  0]LogConfig: Setting CVar [[r.Shadow.MaxResolution:2048]]
[2021.04.03-14.24.12:526][  0]LogConfig: Setting CVar [[r.Shadow.MaxCSMResolution:2048]]
[2021.04.03-14.24.12:526][  0]LogConfig: Setting CVar [[r.Shadow.RadiusThreshold:0.01]]
[2021.04.03-14.24.12:526][  0]LogConfig: Setting CVar [[r.Shadow.DistanceScale:1.0]]
[2021.04.03-14.24.12:526][  0]LogConfig: Setting CVar [[r.Shadow.CSM.TransitionScale:1.0]]
[2021.04.03-14.24.12:526][  0]LogConfig: Setting CVar [[r.Shadow.PreShadowResolutionFactor:1.0]]
[2021.04.03-14.24.12:526][  0]LogConfig: Setting CVar [[r.DistanceFieldShadowing:1]]
[2021.04.03-14.24.12:526][  0]LogConfig: Setting CVar [[r.DistanceFieldAO:1]]
[2021.04.03-14.24.12:526][  0]LogConfig: Setting CVar [[r.AOQuality:2]]
[2021.04.03-14.24.12:526][  0]LogConfig: Setting CVar [[r.VolumetricFog:1]]
[2021.04.03-14.24.12:526][  0]LogConfig: Setting CVar [[r.VolumetricFog.GridPixelSize:8]]
[2021.04.03-14.24.12:526][  0]LogConfig: Setting CVar [[r.VolumetricFog.GridSizeZ:128]]
[2021.04.03-14.24.12:526][  0]LogConfig: Setting CVar [[r.VolumetricFog.HistoryMissSupersampleCount:4]]
[2021.04.03-14.24.12:526][  0]LogConfig: Setting CVar [[r.LightMaxDrawDistanceScale:1]]
[2021.04.03-14.24.12:526][  0]LogConfig: Setting CVar [[r.CapsuleShadows:1]]
[2021.04.03-14.24.12:526][  0]LogConfig: Applying CVar settings from Section [PostProcessQuality@3] File [C:/Users/miken/Desktop/RetailGame/480RetailGame/Retail-Game/Retail1/Saved/Config/Windows/Scalability.ini]
[2021.04.03-14.24.12:526][  0]LogConfig: Setting CVar [[r.MotionBlurQuality:4]]
[2021.04.03-14.24.12:526][  0]LogConfig: Setting CVar [[r.AmbientOcclusionMipLevelFactor:0.4]]
[2021.04.03-14.24.12:526][  0]LogConfig: Setting CVar [[r.AmbientOcclusionMaxQuality:100]]
[2021.04.03-14.24.12:526][  0]LogConfig: Setting CVar [[r.AmbientOcclusionLevels:-1]]
[2021.04.03-14.24.12:526][  0]LogConfig: Setting CVar [[r.AmbientOcclusionRadiusScale:1.0]]
[2021.04.03-14.24.12:526][  0]LogConfig: Setting CVar [[r.DepthOfFieldQuality:2]]
[2021.04.03-14.24.12:526][  0]LogConfig: Setting CVar [[r.RenderTargetPoolMin:400]]
[2021.04.03-14.24.12:526][  0]LogConfig: Setting CVar [[r.LensFlareQuality:2]]
[2021.04.03-14.24.12:526][  0]LogConfig: Setting CVar [[r.SceneColorFringeQuality:1]]
[2021.04.03-14.24.12:526][  0]LogConfig: Setting CVar [[r.EyeAdaptationQuality:2]]
[2021.04.03-14.24.12:526][  0]LogConfig: Setting CVar [[r.BloomQuality:5]]
[2021.04.03-14.24.12:526][  0]LogConfig: Setting CVar [[r.FastBlurThreshold:100]]
[2021.04.03-14.24.12:526][  0]LogConfig: Setting CVar [[r.Upscale.Quality:3]]
[2021.04.03-14.24.12:526][  0]LogConfig: Setting CVar [[r.Tonemapper.GrainQuantization:1]]
[2021.04.03-14.24.12:527][  0]LogConfig: Setting CVar [[r.LightShaftQuality:1]]
[2021.04.03-14.24.12:527][  0]LogConfig: Setting CVar [[r.Filter.SizeScale:1]]
[2021.04.03-14.24.12:527][  0]LogConfig: Setting CVar [[r.Tonemapper.Quality:5]]
[2021.04.03-14.24.12:527][  0]LogConfig: Setting CVar [[r.DOF.Gather.AccumulatorQuality:1        ; higher gathering accumulator quality]]
[2021.04.03-14.24.12:527][  0]LogConfig: Setting CVar [[r.DOF.Gather.PostfilterMethod:1          ; Median3x3 postfilering method]]
[2021.04.03-14.24.12:527][  0]LogConfig: Setting CVar [[r.DOF.Gather.EnableBokehSettings:0       ; no bokeh simulation when gathering]]
[2021.04.03-14.24.12:527][  0]LogConfig: Setting CVar [[r.DOF.Gather.RingCount:4                 ; medium number of samples when gathering]]
[2021.04.03-14.24.12:527][  0]LogConfig: Setting CVar [[r.DOF.Scatter.ForegroundCompositing:1    ; additive foreground scattering]]
[2021.04.03-14.24.12:527][  0]LogConfig: Setting CVar [[r.DOF.Scatter.BackgroundCompositing:2    ; additive background scattering]]
[2021.04.03-14.24.12:527][  0]LogConfig: Setting CVar [[r.DOF.Scatter.EnableBokehSettings:1      ; bokeh simulation when scattering]]
[2021.04.03-14.24.12:527][  0]LogConfig: Setting CVar [[r.DOF.Scatter.MaxSpriteRatio:0.1         ; only a maximum of 10% of scattered bokeh]]
[2021.04.03-14.24.12:527][  0]LogConfig: Setting CVar [[r.DOF.Recombine.Quality:1                ; cheap slight out of focus]]
[2021.04.03-14.24.12:527][  0]LogConfig: Setting CVar [[r.DOF.Recombine.EnableBokehSettings:0    ; no bokeh simulation on slight out of focus]]
[2021.04.03-14.24.12:527][  0]LogConfig: Setting CVar [[r.DOF.TemporalAAQuality:1                ; more stable temporal accumulation]]
[2021.04.03-14.24.12:527][  0]LogConfig: Setting CVar [[r.DOF.Kernel.MaxForegroundRadius:0.025]]
[2021.04.03-14.24.12:527][  0]LogConfig: Setting CVar [[r.DOF.Kernel.MaxBackgroundRadius:0.025]]
[2021.04.03-14.24.12:527][  0]LogConfig: Applying CVar settings from Section [TextureQuality@3] File [C:/Users/miken/Desktop/RetailGame/480RetailGame/Retail-Game/Retail1/Saved/Config/Windows/Scalability.ini]
[2021.04.03-14.24.12:527][  0]LogConfig: Setting CVar [[r.Streaming.MipBias:0]]
[2021.04.03-14.24.12:527][  0]LogConfig: Setting CVar [[r.Streaming.AmortizeCPUToGPUCopy:0]]
[2021.04.03-14.24.12:527][  0]LogConfig: Setting CVar [[r.Streaming.MaxNumTexturesToStreamPerFrame:0]]
[2021.04.03-14.24.12:527][  0]LogConfig: Setting CVar [[r.Streaming.Boost:1]]
[2021.04.03-14.24.12:527][  0]LogConfig: Setting CVar [[r.MaxAnisotropy:8]]
[2021.04.03-14.24.12:527][  0]LogConfig: Setting CVar [[r.VT.MaxAnisotropy:8]]
[2021.04.03-14.24.12:527][  0]LogConfig: Setting CVar [[r.Streaming.LimitPoolSizeToVRAM:0]]
[2021.04.03-14.24.12:527][  0]LogConfig: Setting CVar [[r.Streaming.PoolSize:1000]]
[2021.04.03-14.24.12:527][  0]LogConfig: Setting CVar [[r.Streaming.MaxEffectiveScreenSize:0]]
[2021.04.03-14.24.12:527][  0]LogConfig: Applying CVar settings from Section [EffectsQuality@3] File [C:/Users/miken/Desktop/RetailGame/480RetailGame/Retail-Game/Retail1/Saved/Config/Windows/Scalability.ini]
[2021.04.03-14.24.12:527][  0]LogConfig: Setting CVar [[r.TranslucencyLightingVolumeDim:64]]
[2021.04.03-14.24.12:527][  0]LogConfig: Setting CVar [[r.RefractionQuality:2]]
[2021.04.03-14.24.12:527][  0]LogConfig: Setting CVar [[r.SSR.Quality:3]]
[2021.04.03-14.24.12:527][  0]LogConfig: Setting CVar [[r.SSR.HalfResSceneColor:0]]
[2021.04.03-14.24.12:527][  0]LogConfig: Setting CVar [[r.SceneColorFormat:4]]
[2021.04.03-14.24.12:527][  0]LogConfig: Setting CVar [[r.DetailMode:2]]
[2021.04.03-14.24.12:527][  0]LogConfig: Setting CVar [[r.TranslucencyVolumeBlur:1]]
[2021.04.03-14.24.12:527][  0]LogConfig: Setting CVar [[r.MaterialQualityLevel:1 ; High quality]]
[2021.04.03-14.24.12:527][  0]LogConfig: Setting CVar [[r.SSS.Scale:1]]
[2021.04.03-14.24.12:527][  0]LogConfig: Setting CVar [[r.SSS.SampleSet:2]]
[2021.04.03-14.24.12:527][  0]LogConfig: Setting CVar [[r.SSS.Quality:1]]
[2021.04.03-14.24.12:527][  0]LogConfig: Setting CVar [[r.SSS.HalfRes:0]]
[2021.04.03-14.24.12:527][  0]LogConfig: Setting CVar [[r.SSGI.Quality:3]]
[2021.04.03-14.24.12:527][  0]LogConfig: Setting CVar [[r.EmitterSpawnRateScale:1.0]]
[2021.04.03-14.24.12:527][  0]LogConfig: Setting CVar [[r.ParticleLightQuality:2]]
[2021.04.03-14.24.12:527][  0]LogConfig: Setting CVar [[r.SkyAtmosphere.AerialPerspectiveLUT.FastApplyOnOpaque:1 ; Always have FastSkyLUT 1 in this case to avoid wrong sky]]
[2021.04.03-14.24.12:527][  0]LogConfig: Setting CVar [[r.SkyAtmosphere.AerialPerspectiveLUT.SampleCountPerSlice:1]]
[2021.04.03-14.24.12:527][  0]LogConfig: Setting CVar [[r.SkyAtmosphere.AerialPerspectiveLUT.DepthResolution:16.0]]
[2021.04.03-14.24.12:527][  0]LogConfig: Setting CVar [[r.SkyAtmosphere.FastSkyLUT:1]]
[2021.04.03-14.24.12:528][  0]LogConfig: Setting CVar [[r.SkyAtmosphere.FastSkyLUT.SampleCountMin:4.0]]
[2021.04.03-14.24.12:528][  0]LogConfig: Setting CVar [[r.SkyAtmosphere.FastSkyLUT.SampleCountMax:32.0]]
[2021.04.03-14.24.12:528][  0]LogConfig: Setting CVar [[r.SkyAtmosphere.SampleCountMin:4.0]]
[2021.04.03-14.24.12:528][  0]LogConfig: Setting CVar [[r.SkyAtmosphere.SampleCountMax:32.0]]
[2021.04.03-14.24.12:528][  0]LogConfig: Setting CVar [[r.SkyAtmosphere.TransmittanceLUT.UseSmallFormat:0]]
[2021.04.03-14.24.12:528][  0]LogConfig: Setting CVar [[r.SkyAtmosphere.TransmittanceLUT.SampleCount:10.0]]
[2021.04.03-14.24.12:528][  0]LogConfig: Setting CVar [[r.SkyAtmosphere.MultiScatteringLUT.SampleCount:15.0]]
[2021.04.03-14.24.12:528][  0]LogConfig: Applying CVar settings from Section [FoliageQuality@3] File [C:/Users/miken/Desktop/RetailGame/480RetailGame/Retail-Game/Retail1/Saved/Config/Windows/Scalability.ini]
[2021.04.03-14.24.12:528][  0]LogConfig: Setting CVar [[foliage.DensityScale:1.0]]
[2021.04.03-14.24.12:528][  0]LogConfig: Setting CVar [[grass.DensityScale:1.0]]
[2021.04.03-14.24.12:528][  0]LogConfig: Applying CVar settings from Section [ShadingQuality@3] File [C:/Users/miken/Desktop/RetailGame/480RetailGame/Retail-Game/Retail1/Saved/Config/Windows/Scalability.ini]
[2021.04.03-14.24.12:528][  0]LogConfig: Setting CVar [[r.HairStrands.SkyLighting.SampleCount:16]]
[2021.04.03-14.24.12:528][  0]LogConfig: Setting CVar [[r.HairStrands.SkyLighting.JitterIntegration:0]]
[2021.04.03-14.24.12:528][  0]LogConfig: Setting CVar [[r.HairStrands.SkyAO.SampleCount:16]]
[2021.04.03-14.24.12:528][  0]LogConfig: Setting CVar [[r.HairStrands.DeepShadow.SuperSampling:0]]
[2021.04.03-14.24.12:528][  0]LogConfig: Setting CVar [[r.HairStrands.VisibilityPPLL:0]]
[2021.04.03-14.24.12:528][  0]LogConfig: Setting CVar [[r.HairStrands.RasterizationScale:0.5]]
[2021.04.03-14.24.12:528][  0]LogConfig: Setting CVar [[r.HairStrands.VelocityRasterizationScale:1]]
[2021.04.03-14.24.12:529][  0]LogInit: Selected Device Profile: [Windows]
[2021.04.03-14.24.12:529][  0]LogInit: Applying CVar settings loaded from the selected device profile: [Windows]
[2021.04.03-14.24.12:530][  0]LogHAL: Display: Platform has ~ 16 GB [16966279168 / 17179869184 / 16], which maps to Larger [LargestMinGB=32, LargerMinGB=12, DefaultMinGB=8, SmallerMinGB=6, SmallestMinGB=0)
[2021.04.03-14.24.12:530][  0]LogInit: Going up to parent DeviceProfile []
[2021.04.03-14.24.12:531][  0]LogConfig: Applying CVar settings from Section [ViewDistanceQuality@3] File [C:/Users/miken/Desktop/RetailGame/480RetailGame/Retail-Game/Retail1/Saved/Config/Windows/Scalability.ini]
[2021.04.03-14.24.12:531][  0]LogConfig: Setting CVar [[r.SkeletalMeshLODBias:0]]
[2021.04.03-14.24.12:531][  0]LogConfig: Setting CVar [[r.ViewDistanceScale:1.0]]
[2021.04.03-14.24.12:531][  0]LogConfig: Applying CVar settings from Section [AntiAliasingQuality@3] File [C:/Users/miken/Desktop/RetailGame/480RetailGame/Retail-Game/Retail1/Saved/Config/Windows/Scalability.ini]
[2021.04.03-14.24.12:531][  0]LogConfig: Setting CVar [[r.PostProcessAAQuality:4]]
[2021.04.03-14.24.12:531][  0]LogConfig: Applying CVar settings from Section [ShadowQuality@3] File [C:/Users/miken/Desktop/RetailGame/480RetailGame/Retail-Game/Retail1/Saved/Config/Windows/Scalability.ini]
[2021.04.03-14.24.12:531][  0]LogConfig: Setting CVar [[r.LightFunctionQuality:1]]
[2021.04.03-14.24.12:531][  0]LogConfig: Setting CVar [[r.ShadowQuality:5]]
[2021.04.03-14.24.12:531][  0]LogConfig: Setting CVar [[r.Shadow.CSM.MaxCascades:10]]
[2021.04.03-14.24.12:531][  0]LogConfig: Setting CVar [[r.Shadow.MaxResolution:2048]]
[2021.04.03-14.24.12:531][  0]LogConfig: Setting CVar [[r.Shadow.MaxCSMResolution:2048]]
[2021.04.03-14.24.12:531][  0]LogConfig: Setting CVar [[r.Shadow.RadiusThreshold:0.01]]
[2021.04.03-14.24.12:531][  0]LogConfig: Setting CVar [[r.Shadow.DistanceScale:1.0]]
[2021.04.03-14.24.12:531][  0]LogConfig: Setting CVar [[r.Shadow.CSM.TransitionScale:1.0]]
[2021.04.03-14.24.12:531][  0]LogConfig: Setting CVar [[r.Shadow.PreShadowResolutionFactor:1.0]]
[2021.04.03-14.24.12:531][  0]LogConfig: Setting CVar [[r.DistanceFieldShadowing:1]]
[2021.04.03-14.24.12:531][  0]LogConfig: Setting CVar [[r.DistanceFieldAO:1]]
[2021.04.03-14.24.12:531][  0]LogConfig: Setting CVar [[r.AOQuality:2]]
[2021.04.03-14.24.12:531][  0]LogConfig: Setting CVar [[r.VolumetricFog:1]]
[2021.04.03-14.24.12:531][  0]LogConfig: Setting CVar [[r.VolumetricFog.GridPixelSize:8]]
[2021.04.03-14.24.12:531][  0]LogConfig: Setting CVar [[r.VolumetricFog.GridSizeZ:128]]
[2021.04.03-14.24.12:531][  0]LogConfig: Setting CVar [[r.VolumetricFog.HistoryMissSupersampleCount:4]]
[2021.04.03-14.24.12:531][  0]LogConfig: Setting CVar [[r.LightMaxDrawDistanceScale:1]]
[2021.04.03-14.24.12:531][  0]LogConfig: Setting CVar [[r.CapsuleShadows:1]]
[2021.04.03-14.24.12:531][  0]LogConfig: Applying CVar settings from Section [PostProcessQuality@3] File [C:/Users/miken/Desktop/RetailGame/480RetailGame/Retail-Game/Retail1/Saved/Config/Windows/Scalability.ini]
[2021.04.03-14.24.12:531][  0]LogConfig: Setting CVar [[r.MotionBlurQuality:4]]
[2021.04.03-14.24.12:531][  0]LogConfig: Setting CVar [[r.AmbientOcclusionMipLevelFactor:0.4]]
[2021.04.03-14.24.12:531][  0]LogConfig: Setting CVar [[r.AmbientOcclusionMaxQuality:100]]
[2021.04.03-14.24.12:531][  0]LogConfig: Setting CVar [[r.AmbientOcclusionLevels:-1]]
[2021.04.03-14.24.12:532][  0]LogConfig: Setting CVar [[r.AmbientOcclusionRadiusScale:1.0]]
[2021.04.03-14.24.12:532][  0]LogConfig: Setting CVar [[r.DepthOfFieldQuality:2]]
[2021.04.03-14.24.12:532][  0]LogConfig: Setting CVar [[r.RenderTargetPoolMin:400]]
[2021.04.03-14.24.12:532][  0]LogConfig: Setting CVar [[r.LensFlareQuality:2]]
[2021.04.03-14.24.12:532][  0]LogConfig: Setting CVar [[r.SceneColorFringeQuality:1]]
[2021.04.03-14.24.12:532][  0]LogConfig: Setting CVar [[r.EyeAdaptationQuality:2]]
[2021.04.03-14.24.12:532][  0]LogConfig: Setting CVar [[r.BloomQuality:5]]
[2021.04.03-14.24.12:532][  0]LogConfig: Setting CVar [[r.FastBlurThreshold:100]]
[2021.04.03-14.24.12:532][  0]LogConfig: Setting CVar [[r.Upscale.Quality:3]]
[2021.04.03-14.24.12:532][  0]LogConfig: Setting CVar [[r.Tonemapper.GrainQuantization:1]]
[2021.04.03-14.24.12:532][  0]LogConfig: Setting CVar [[r.LightShaftQuality:1]]
[2021.04.03-14.24.12:532][  0]LogConfig: Setting CVar [[r.Filter.SizeScale:1]]
[2021.04.03-14.24.12:532][  0]LogConfig: Setting CVar [[r.Tonemapper.Quality:5]]
[2021.04.03-14.24.12:532][  0]LogConfig: Setting CVar [[r.DOF.Gather.AccumulatorQuality:1        ; higher gathering accumulator quality]]
[2021.04.03-14.24.12:532][  0]LogConfig: Setting CVar [[r.DOF.Gather.PostfilterMethod:1          ; Median3x3 postfilering method]]
[2021.04.03-14.24.12:532][  0]LogConfig: Setting CVar [[r.DOF.Gather.EnableBokehSettings:0       ; no bokeh simulation when gathering]]
[2021.04.03-14.24.12:532][  0]LogConfig: Setting CVar [[r.DOF.Gather.RingCount:4                 ; medium number of samples when gathering]]
[2021.04.03-14.24.12:532][  0]LogConfig: Setting CVar [[r.DOF.Scatter.ForegroundCompositing:1    ; additive foreground scattering]]
[2021.04.03-14.24.12:532][  0]LogConfig: Setting CVar [[r.DOF.Scatter.BackgroundCompositing:2    ; additive background scattering]]
[2021.04.03-14.24.12:532][  0]LogConfig: Setting CVar [[r.DOF.Scatter.EnableBokehSettings:1      ; bokeh simulation when scattering]]
[2021.04.03-14.24.12:532][  0]LogConfig: Setting CVar [[r.DOF.Scatter.MaxSpriteRatio:0.1         ; only a maximum of 10% of scattered bokeh]]
[2021.04.03-14.24.12:532][  0]LogConfig: Setting CVar [[r.DOF.Recombine.Quality:1                ; cheap slight out of focus]]
[2021.04.03-14.24.12:532][  0]LogConfig: Setting CVar [[r.DOF.Recombine.EnableBokehSettings:0    ; no bokeh simulation on slight out of focus]]
[2021.04.03-14.24.12:532][  0]LogConfig: Setting CVar [[r.DOF.TemporalAAQuality:1                ; more stable temporal accumulation]]
[2021.04.03-14.24.12:532][  0]LogConfig: Setting CVar [[r.DOF.Kernel.MaxForegroundRadius:0.025]]
[2021.04.03-14.24.12:532][  0]LogConfig: Setting CVar [[r.DOF.Kernel.MaxBackgroundRadius:0.025]]
[2021.04.03-14.24.12:532][  0]LogConfig: Applying CVar settings from Section [TextureQuality@3] File [C:/Users/miken/Desktop/RetailGame/480RetailGame/Retail-Game/Retail1/Saved/Config/Windows/Scalability.ini]
[2021.04.03-14.24.12:532][  0]LogConfig: Setting CVar [[r.Streaming.MipBias:0]]
[2021.04.03-14.24.12:532][  0]LogConfig: Setting CVar [[r.Streaming.AmortizeCPUToGPUCopy:0]]
[2021.04.03-14.24.12:532][  0]LogConfig: Setting CVar [[r.Streaming.MaxNumTexturesToStreamPerFrame:0]]
[2021.04.03-14.24.12:532][  0]LogConfig: Setting CVar [[r.Streaming.Boost:1]]
[2021.04.03-14.24.12:532][  0]LogConfig: Setting CVar [[r.MaxAnisotropy:8]]
[2021.04.03-14.24.12:532][  0]LogConfig: Setting CVar [[r.VT.MaxAnisotropy:8]]
[2021.04.03-14.24.12:532][  0]LogConfig: Setting CVar [[r.Streaming.LimitPoolSizeToVRAM:0]]
[2021.04.03-14.24.12:532][  0]LogConfig: Setting CVar [[r.Streaming.PoolSize:1000]]
[2021.04.03-14.24.12:532][  0]LogConfig: Setting CVar [[r.Streaming.MaxEffectiveScreenSize:0]]
[2021.04.03-14.24.12:532][  0]LogConfig: Applying CVar settings from Section [EffectsQuality@3] File [C:/Users/miken/Desktop/RetailGame/480RetailGame/Retail-Game/Retail1/Saved/Config/Windows/Scalability.ini]
[2021.04.03-14.24.12:532][  0]LogConfig: Setting CVar [[r.TranslucencyLightingVolumeDim:64]]
[2021.04.03-14.24.12:532][  0]LogConfig: Setting CVar [[r.RefractionQuality:2]]
[2021.04.03-14.24.12:533][  0]LogConfig: Setting CVar [[r.SSR.Quality:3]]
[2021.04.03-14.24.12:533][  0]LogConfig: Setting CVar [[r.SSR.HalfResSceneColor:0]]
[2021.04.03-14.24.12:533][  0]LogConfig: Setting CVar [[r.SceneColorFormat:4]]
[2021.04.03-14.24.12:533][  0]LogConfig: Setting CVar [[r.DetailMode:2]]
[2021.04.03-14.24.12:533][  0]LogConfig: Setting CVar [[r.TranslucencyVolumeBlur:1]]
[2021.04.03-14.24.12:533][  0]LogConfig: Setting CVar [[r.MaterialQualityLevel:1 ; High quality]]
[2021.04.03-14.24.12:533][  0]LogConfig: Setting CVar [[r.SSS.Scale:1]]
[2021.04.03-14.24.12:533][  0]LogConfig: Setting CVar [[r.SSS.SampleSet:2]]
[2021.04.03-14.24.12:533][  0]LogConfig: Setting CVar [[r.SSS.Quality:1]]
[2021.04.03-14.24.12:533][  0]LogConfig: Setting CVar [[r.SSS.HalfRes:0]]
[2021.04.03-14.24.12:533][  0]LogConfig: Setting CVar [[r.SSGI.Quality:3]]
[2021.04.03-14.24.12:533][  0]LogConfig: Setting CVar [[r.EmitterSpawnRateScale:1.0]]
[2021.04.03-14.24.12:533][  0]LogConfig: Setting CVar [[r.ParticleLightQuality:2]]
[2021.04.03-14.24.12:533][  0]LogConfig: Setting CVar [[r.SkyAtmosphere.AerialPerspectiveLUT.FastApplyOnOpaque:1 ; Always have FastSkyLUT 1 in this case to avoid wrong sky]]
[2021.04.03-14.24.12:533][  0]LogConfig: Setting CVar [[r.SkyAtmosphere.AerialPerspectiveLUT.SampleCountPerSlice:1]]
[2021.04.03-14.24.12:533][  0]LogConfig: Setting CVar [[r.SkyAtmosphere.AerialPerspectiveLUT.DepthResolution:16.0]]
[2021.04.03-14.24.12:533][  0]LogConfig: Setting CVar [[r.SkyAtmosphere.FastSkyLUT:1]]
[2021.04.03-14.24.12:533][  0]LogConfig: Setting CVar [[r.SkyAtmosphere.FastSkyLUT.SampleCountMin:4.0]]
[2021.04.03-14.24.12:533][  0]LogConfig: Setting CVar [[r.SkyAtmosphere.FastSkyLUT.SampleCountMax:32.0]]
[2021.04.03-14.24.12:533][  0]LogConfig: Setting CVar [[r.SkyAtmosphere.SampleCountMin:4.0]]
[2021.04.03-14.24.12:533][  0]LogConfig: Setting CVar [[r.SkyAtmosphere.SampleCountMax:32.0]]
[2021.04.03-14.24.12:533][  0]LogConfig: Setting CVar [[r.SkyAtmosphere.TransmittanceLUT.UseSmallFormat:0]]
[2021.04.03-14.24.12:533][  0]LogConfig: Setting CVar [[r.SkyAtmosphere.TransmittanceLUT.SampleCount:10.0]]
[2021.04.03-14.24.12:533][  0]LogConfig: Setting CVar [[r.SkyAtmosphere.MultiScatteringLUT.SampleCount:15.0]]
[2021.04.03-14.24.12:533][  0]LogConfig: Applying CVar settings from Section [FoliageQuality@3] File [C:/Users/miken/Desktop/RetailGame/480RetailGame/Retail-Game/Retail1/Saved/Config/Windows/Scalability.ini]
[2021.04.03-14.24.12:533][  0]LogConfig: Setting CVar [[foliage.DensityScale:1.0]]
[2021.04.03-14.24.12:533][  0]LogConfig: Setting CVar [[grass.DensityScale:1.0]]
[2021.04.03-14.24.12:533][  0]LogConfig: Applying CVar settings from Section [ShadingQuality@3] File [C:/Users/miken/Desktop/RetailGame/480RetailGame/Retail-Game/Retail1/Saved/Config/Windows/Scalability.ini]
[2021.04.03-14.24.12:533][  0]LogConfig: Setting CVar [[r.HairStrands.SkyLighting.SampleCount:16]]
[2021.04.03-14.24.12:533][  0]LogConfig: Setting CVar [[r.HairStrands.SkyLighting.JitterIntegration:0]]
[2021.04.03-14.24.12:533][  0]LogConfig: Setting CVar [[r.HairStrands.SkyAO.SampleCount:16]]
[2021.04.03-14.24.12:533][  0]LogConfig: Setting CVar [[r.HairStrands.DeepShadow.SuperSampling:0]]
[2021.04.03-14.24.12:533][  0]LogConfig: Setting CVar [[r.HairStrands.VisibilityPPLL:0]]
[2021.04.03-14.24.12:533][  0]LogConfig: Setting CVar [[r.HairStrands.RasterizationScale:0.5]]
[2021.04.03-14.24.12:533][  0]LogConfig: Setting CVar [[r.HairStrands.VelocityRasterizationScale:1]]
[2021.04.03-14.24.12:533][  0]LogConfig: Applying CVar settings from Section [Startup] File [../../../Engine/Config/ConsoleVariables.ini]
[2021.04.03-14.24.12:534][  0]LogConfig: Setting CVar [[net.UseAdaptiveNetUpdateFrequency:0]]
[2021.04.03-14.24.12:534][  0]LogConfig: Setting CVar [[p.chaos.AllowCreatePhysxBodies:1]]
[2021.04.03-14.24.12:534][  0]LogConfig: Setting CVar [[fx.SkipVectorVMBackendOptimizations:1]]
[2021.04.03-14.24.12:534][  0]LogConfig: Applying CVar settings from Section [ConsoleVariables] File [C:/Users/miken/Desktop/RetailGame/480RetailGame/Retail-Game/Retail1/Saved/Config/Windows/Engine.ini]
[2021.04.03-14.24.12:535][  0]LogInit: Computer: DESKTOP-9L11L9P
[2021.04.03-14.24.12:535][  0]LogInit: User: miken
[2021.04.03-14.24.12:535][  0]LogInit: CPU Page size=4096, Cores=6
[2021.04.03-14.24.12:535][  0]LogInit: High frequency timer resolution =10.000000 MHz
[2021.04.03-14.24.12:535][  0]LogMemory: Memory total: Physical=15.8GB (16GB approx)
[2021.04.03-14.24.12:535][  0]LogMemory: Platform Memory Stats for Windows
[2021.04.03-14.24.12:535][  0]LogMemory: Process Physical Memory: 118.99 MB used, 118.99 MB peak
[2021.04.03-14.24.12:535][  0]LogMemory: Process Virtual Memory: 100.86 MB used, 100.86 MB peak
[2021.04.03-14.24.12:535][  0]LogMemory: Physical Memory: 8296.57 MB used,  7883.73 MB free, 16180.30 MB total
[2021.04.03-14.24.12:535][  0]LogMemory: Virtual Memory: 5208.28 MB used,  134212520.00 MB free, 134217728.00 MB total
[2021.04.03-14.24.12:860][  0]LogWindows: WindowsPlatformFeatures enabled
[2021.04.03-14.24.13:056][  0]LogInit: Physics initialised using underlying interface: PhysX
[2021.04.03-14.24.13:058][  0]LogInit: Using OS detected language (en-US).
[2021.04.03-14.24.13:058][  0]LogInit: Using OS detected locale (en-US).
[2021.04.03-14.24.13:066][  0]LogTextLocalizationManager: No specific localization for 'en-US' exists, so the 'en' localization will be used.
[2021.04.03-14.24.13:315][  0]LogInit: Setting process to per monitor DPI aware
[2021.04.03-14.24.13:363][  0]LogSlate: New Slate User Created.  User Index 0, Is Virtual User: 0
[2021.04.03-14.24.13:363][  0]LogSlate: Slate User Registered.  User Index 0, Is Virtual User: 0
[2021.04.03-14.24.13:704][  0]LogHMD: Failed to initialize OpenVR with code 110
[2021.04.03-14.24.13:704][  0]LogD3D11RHI: D3D11 min allowed feature level: 11_0
[2021.04.03-14.24.13:704][  0]LogD3D11RHI: D3D11 max allowed feature level: 11_0
[2021.04.03-14.24.13:705][  0]LogD3D11RHI: D3D11 adapters:
[2021.04.03-14.24.13:794][  0]LogD3D11RHI:    0. 'NVIDIA GeForce RTX 2070 with Max-Q Design' (Feature Level 11_0)
[2021.04.03-14.24.13:794][  0]LogD3D11RHI:       8031/0/8090 MB DedicatedVideo/DedicatedSystem/SharedSystem, Outputs:1, VendorId:0x10de
[2021.04.03-14.24.13:831][  0]LogD3D11RHI:    1. 'Intel(R) UHD Graphics 630' (Feature Level 11_0)
[2021.04.03-14.24.13:831][  0]LogD3D11RHI:       128/0/8090 MB DedicatedVideo/DedicatedSystem/SharedSystem, Outputs:0, VendorId:0x8086
[2021.04.03-14.24.13:833][  0]LogD3D11RHI:    2. 'Microsoft Basic Render Driver' (Feature Level 11_0)
[2021.04.03-14.24.13:833][  0]LogD3D11RHI:       0/0/8090 MB DedicatedVideo/DedicatedSystem/SharedSystem, Outputs:0, VendorId:0x1414
[2021.04.03-14.24.13:833][  0]LogD3D11RHI: Chosen D3D11 Adapter: 0
[2021.04.03-14.24.13:841][  0]LogD3D11RHI: Creating new Direct3DDevice
[2021.04.03-14.24.13:841][  0]LogD3D11RHI:     GPU DeviceId: 0x1f10 (for the marketing name, search the web for "GPU Device Id")
[2021.04.03-14.24.13:842][  0]LogWindows: EnumDisplayDevices:
[2021.04.03-14.24.13:842][  0]LogWindows:    0. 'Intel(R) UHD Graphics 630' (P:1 D:1)
[2021.04.03-14.24.13:842][  0]LogWindows:    1. 'Intel(R) UHD Graphics 630' (P:0 D:0)
[2021.04.03-14.24.13:843][  0]LogWindows:    2. 'Intel(R) UHD Graphics 630' (P:0 D:0)
[2021.04.03-14.24.13:843][  0]LogWindows:    3. 'NVIDIA GeForce RTX 2070 with Max-Q Design' (P:0 D:0)
[2021.04.03-14.24.13:843][  0]LogWindows:    4. 'NVIDIA GeForce RTX 2070 with Max-Q Design' (P:0 D:0)
[2021.04.03-14.24.13:844][  0]LogWindows:    5. 'NVIDIA GeForce RTX 2070 with Max-Q Design' (P:0 D:0)
[2021.04.03-14.24.13:844][  0]LogWindows:    6. 'NVIDIA GeForce RTX 2070 with Max-Q Design' (P:0 D:0)
[2021.04.03-14.24.13:844][  0]LogWindows: DebugString: PrimaryIsNotTheChoosenAdapter PrimaryIsNotTheChoosenAdapter PrimaryIsNotTheChoosenAdapter FoundDriverCount:4 
[2021.04.03-14.24.13:844][  0]LogD3D11RHI:     Adapter Name: NVIDIA GeForce RTX 2070 with Max-Q Design
[2021.04.03-14.24.13:844][  0]LogD3D11RHI:   Driver Version: 456.87 (internal:27.21.14.5687, unified:456.87)
[2021.04.03-14.24.13:845][  0]LogD3D11RHI:      Driver Date: 10-14-2020
[2021.04.03-14.24.13:845][  0]LogRHI: Texture pool is 5621 MB (70% of 8031 MB)
[2021.04.03-14.24.13:903][  0]LogD3D11RHI: RHI has support for 64 bit atomics
[2021.04.03-14.24.13:905][  0]LogD3D11RHI: Async texture creation enabled
[2021.04.03-14.24.13:905][  0]LogD3D11RHI: Array index from any shader is supported
[2021.04.03-14.24.13:944][  0]LogD3D11RHI: GPU Timing Frequency: 1000.000000 (Debug: 2 2)
[2021.04.03-14.24.14:295][  0]LogTargetPlatformManager: Display: Loaded TargetPlatform 'AllDesktop'
[2021.04.03-14.24.14:319][  0]LogTargetPlatformManager: Display: Loaded TargetPlatform 'Android'
[2021.04.03-14.24.14:320][  0]LogTargetPlatformManager: Display: Loaded TargetPlatform 'Android_ASTC'
[2021.04.03-14.24.14:320][  0]LogTargetPlatformManager: Display: Loaded TargetPlatform 'Android_DXT'
[2021.04.03-14.24.14:320][  0]LogTargetPlatformManager: Display: Loaded TargetPlatform 'Android_ETC2'
[2021.04.03-14.24.14:320][  0]LogTargetPlatformManager: Display: Loaded TargetPlatform 'AndroidClient'
[2021.04.03-14.24.14:320][  0]LogTargetPlatformManager: Display: Loaded TargetPlatform 'Android_ASTCClient'
[2021.04.03-14.24.14:320][  0]LogTargetPlatformManager: Display: Loaded TargetPlatform 'Android_DXTClient'
[2021.04.03-14.24.14:320][  0]LogTargetPlatformManager: Display: Loaded TargetPlatform 'Android_ETC2Client'
[2021.04.03-14.24.14:320][  0]LogTargetPlatformManager: Display: Loaded TargetPlatform 'Android_Multi'
[2021.04.03-14.24.14:320][  0]LogTargetPlatformManager: Display: Loaded TargetPlatform 'Android_MultiClient'
[2021.04.03-14.24.14:351][  0]LogTargetPlatformManager: Display: Loaded TargetPlatform 'IOSClient'
[2021.04.03-14.24.14:351][  0]LogTargetPlatformManager: Display: Loaded TargetPlatform 'IOS'
[2021.04.03-14.24.14:364][  0]LogTargetPlatformManager: Display: Loaded TargetPlatform 'Linux'
[2021.04.03-14.24.14:375][  0]LogTargetPlatformManager: Display: Loaded TargetPlatform 'LinuxNoEditor'
[2021.04.03-14.24.14:387][  0]LogTargetPlatformManager: Display: Loaded TargetPlatform 'LinuxClient'
[2021.04.03-14.24.14:398][  0]LogTargetPlatformManager: Display: Loaded TargetPlatform 'LinuxServer'
[2021.04.03-14.24.14:410][  0]LogTargetPlatformManager: Display: Loaded TargetPlatform 'LinuxAArch64NoEditor'
[2021.04.03-14.24.14:421][  0]LogTargetPlatformManager: Display: Loaded TargetPlatform 'LinuxAArch64Client'
[2021.04.03-14.24.14:433][  0]LogTargetPlatformManager: Display: Loaded TargetPlatform 'LinuxAArch64Server'
[2021.04.03-14.24.14:463][  0]LogTargetPlatformManager: Display: Loaded TargetPlatform 'Lumin'
[2021.04.03-14.24.14:463][  0]LogTargetPlatformManager: Display: Loaded TargetPlatform 'LuminClient'
[2021.04.03-14.24.14:481][  0]LogTargetPlatformManager: Display: Loaded TargetPlatform 'TVOSClient'
[2021.04.03-14.24.14:481][  0]LogTargetPlatformManager: Display: Loaded TargetPlatform 'TVOS'
[2021.04.03-14.24.14:492][  0]LogTargetPlatformManager: Display: Loaded TargetPlatform 'WindowsNoEditor'
[2021.04.03-14.24.14:503][  0]LogTargetPlatformManager: Display: Loaded TargetPlatform 'Windows'
[2021.04.03-14.24.14:514][  0]LogTargetPlatformManager: Display: Loaded TargetPlatform 'WindowsClient'
[2021.04.03-14.24.14:525][  0]LogTargetPlatformManager: Display: Loaded TargetPlatform 'WindowsServer'
[2021.04.03-14.24.14:525][  0]LogTargetPlatformManager: Display: Building Assets For Windows
[2021.04.03-14.24.14:538][  0]LogAudioDebug: Display: Lib vorbis DLL was dynamically loaded.
[2021.04.03-14.24.14:650][  0]LogShaderCompilers: Guid format shader working directory is -37 characters bigger than the processId version (../../../../../../Users/miken/Desktop/RetailGame/480RetailGame/Retail-Game/Retail1/Intermediate/Shaders/WorkingDirectory/21016/).
[2021.04.03-14.24.14:650][  0]LogShaderCompilers: Cleaned the shader compiler working directory 'C:/Users/miken/AppData/Local/Temp/UnrealShaderWorkingDir/0E5E2B4549D53C2AE84FACA73DD4F7B5/'.
[2021.04.03-14.24.14:651][  0]LogXGEController: Cleaning working directory: C:/Users/miken/AppData/Local/Temp/UnrealXGEWorkingDir/
[2021.04.03-14.24.14:651][  0]LogXGEController: Cannot use XGE Controller as Incredibuild is not installed on this machine.
[2021.04.03-14.24.14:651][  0]LogShaderCompilers: Cannot use XGE Shader Compiler as Incredibuild is not installed on this machine.
[2021.04.03-14.24.14:651][  0]LogShaderCompilers: Display: Using Local Shader Compiler.
[2021.04.03-14.24.15:500][  0]LogDerivedDataCache: Display: Max Cache Size: 512 MB
[2021.04.03-14.24.15:593][  0]LogDerivedDataCache: Loaded boot cache 0.09s 82MB C:/Users/miken/AppData/Local/UnrealEngine/4.25/DerivedDataCache/Boot.ddc.
[2021.04.03-14.24.15:593][  0]LogDerivedDataCache: Display: Loaded Boot cache: C:/Users/miken/AppData/Local/UnrealEngine/4.25/DerivedDataCache/Boot.ddc
[2021.04.03-14.24.15:593][  0]LogDerivedDataCache: FDerivedDataBackendGraph:  Pak pak cache file ../../../../../../Users/miken/Desktop/RetailGame/480RetailGame/Retail-Game/Retail1/DerivedDataCache/DDC.ddp not found, will not use a pak cache.
[2021.04.03-14.24.15:593][  0]LogDerivedDataCache: Unable to find inner node Pak for hierarchical cache Hierarchy.
[2021.04.03-14.24.15:593][  0]LogDerivedDataCache: FDerivedDataBackendGraph:  CompressedPak pak cache file ../../../../../../Users/miken/Desktop/RetailGame/480RetailGame/Retail-Game/Retail1/DerivedDataCache/Compressed.ddp not found, will not use a pak cache.
[2021.04.03-14.24.15:593][  0]LogDerivedDataCache: Unable to find inner node CompressedPak for hierarchical cache Hierarchy.
[2021.04.03-14.24.15:605][  0]LogDerivedDataCache: Display: Pak cache opened for reading ../../../Engine/DerivedDataCache/Compressed.ddp.
[2021.04.03-14.24.15:605][  0]LogDerivedDataCache: FDerivedDataBackendGraph:  EnterprisePak pak cache file ../../../Enterprise/DerivedDataCache/Compressed.ddp not found, will not use a pak cache.
[2021.04.03-14.24.15:605][  0]LogDerivedDataCache: Unable to find inner node EnterprisePak for hierarchical cache Hierarchy.
[2021.04.03-14.24.15:606][  0]LogDerivedDataCache: Using Local data cache path C:/Users/miken/AppData/Local/UnrealEngine/Common/DerivedDataCache: Writable
[2021.04.03-14.24.15:606][  0]LogDerivedDataCache: Shared data cache path not found in *engine.ini, will not use an Shared cache.
[2021.04.03-14.24.15:606][  0]LogDerivedDataCache: Unable to find inner node Shared for hierarchical cache Hierarchy.
[2021.04.03-14.24.15:660][  0]LogSlate: Using FreeType 2.10.0
[2021.04.03-14.24.15:662][  0]LogSlate: SlateFontServices - WITH_FREETYPE: 1, WITH_HARFBUZZ: 1
[2021.04.03-14.24.15:702][  0]LogAssetRegistry: FAssetRegistry took 0.0054 seconds to start up
[2021.04.03-14.24.15:994][  0]LogInit: Selected Device Profile: [Windows]
[2021.04.03-14.24.16:251][  0]LogMeshReduction: Using QuadricMeshReduction for automatic static mesh reduction
[2021.04.03-14.24.16:251][  0]LogMeshReduction: Using SimplygonMeshReduction for automatic skeletal mesh reduction
[2021.04.03-14.24.16:251][  0]LogMeshReduction: Using ProxyLODMeshReduction for automatic mesh merging
[2021.04.03-14.24.16:251][  0]LogMeshReduction: No distributed automatic mesh merging module available
[2021.04.03-14.24.16:252][  0]LogMeshMerging: No distributed automatic mesh merging module available
[2021.04.03-14.24.16:283][  0]LogNetVersion: Retail1 1.0.0, NetCL: 13144385, EngineNetVer: 14, GameNetVer: 0 (Checksum: 2139136878)
[2021.04.03-14.24.16:924][  0]LogAISub: UAISubsystem::UAISubsystem AISubsystem (000002CDCA75DB40), frame # 0
[2021.04.03-14.24.16:925][  0]LogAISub: UAISubsystem::UAISubsystem AIPerceptionSystem (000002CDCA693EC0), frame # 0
[2021.04.03-14.24.16:928][  0]LogAISub: UAISubsystem::UAISubsystem EnvQueryManager (000002CDCA6EDE00), frame # 0
[2021.04.03-14.24.16:986][  0]LogPackageLocalizationCache: Processed 19 localized package path(s) for 1 prioritized culture(s) in 0.038025 seconds
[2021.04.03-14.24.16:991][  0]LogUObjectArray: 15917 objects as part of root set at end of initial load.
[2021.04.03-14.24.16:991][  0]LogUObjectAllocator: 3965568 out of 0 bytes used by permanent object pool.
[2021.04.03-14.24.16:991][  0]LogUObjectArray: CloseDisregardForGC: 0/0 objects in disregard for GC pool
[2021.04.03-14.24.17:883][  0]LogTcpMessaging: Initializing TcpMessaging bridge
[2021.04.03-14.24.17:895][  0]LogUdpMessaging: Initializing bridge on interface 0.0.0.0:0 to multicast group 230.0.0.1:6666.
[2021.04.03-14.24.17:954][  0]LogTemp: TIME TO COMPLETE 0
[2021.04.03-14.24.17:954][  0]LogTemp: ITEM 2
[2021.04.03-14.24.18:261][  0]SourceControl: Source control is disabled
[2021.04.03-14.24.18:261][  0]SourceControl: Source control is disabled
[2021.04.03-14.24.18:277][  0]SourceControl: Source control is disabled
[2021.04.03-14.24.18:286][  0]SourceControl: Source control is disabled
[2021.04.03-14.24.18:304][  0]SourceControl: Source control is disabled
[2021.04.03-14.24.18:906][  0]LogAndroidPermission: UAndroidPermissionCallbackProxy::GetInstance
[2021.04.03-14.24.18:940][  0]LogAudioCaptureCore: Display: No Audio Capture implementations found. Audio input will be silent.
[2021.04.03-14.24.18:940][  0]LogAudioCaptureCore: Display: No Audio Capture implementations found. Audio input will be silent.
[2021.04.03-14.24.19:037][  0]LogOcInput: OculusInput pre-init called
[2021.04.03-14.24.19:350][  0]LogEngine: Initializing Engine...
[2021.04.03-14.24.19:351][  0]LogHMD: Failed to initialize OpenVR with code 110
[2021.04.03-14.24.19:351][  0]LogMagicLeap: Warning: VR disabled because ZI is not enabled.  To enable, in the editor, Edit -> Project Settings -> Plugins -> Magic Leap Plugin -> Enable Zero Iteration
[2021.04.03-14.24.19:353][  0]LogStats: UGameplayTagsManager::InitializeManager -  0.001 s
[2021.04.03-14.24.19:550][  0]LogInit: Initializing FReadOnlyCVARCache
[2021.04.03-14.24.19:580][  0]LogAIModule: Creating AISystem for world Untitled
[2021.04.03-14.24.19:580][  0]LogAISub: UAISubsystem::UAISubsystem EnvQueryManager (000002CDD65E7C00), frame # 0
[2021.04.03-14.24.19:580][  0]LogAISub: UAISubsystem::UAISubsystem AIPerceptionSystem (000002CDD664D580), frame # 0
[2021.04.03-14.24.19:590][  0]LogAudioMixer: Display: Audio Mixer Platform Settings:
[2021.04.03-14.24.19:590][  0]LogAudioMixer: Display: 	Sample Rate:						  48000
[2021.04.03-14.24.19:590][  0]LogAudioMixer: Display: 	Callback Buffer Frame Size Requested: 1024
[2021.04.03-14.24.19:590][  0]LogAudioMixer: Display: 	Callback Buffer Frame Size To Use:	  1024
[2021.04.03-14.24.19:590][  0]LogAudioMixer: Display: 	Number of buffers to queue:			  2
[2021.04.03-14.24.19:590][  0]LogAudioMixer: Display: 	Max Channels (voices):				  32
[2021.04.03-14.24.19:590][  0]LogAudioMixer: Display: 	Number of Async Source Workers:		  0
[2021.04.03-14.24.19:590][  0]LogAudio: Display: AudioDevice MaxSources: 32
[2021.04.03-14.24.19:592][  0]LogAudio: Display: Using built-in audio occlusion.
[2021.04.03-14.24.19:592][  0]LogAudioMixer: Display: Initializing audio mixer.
[2021.04.03-14.24.19:717][  0]LogAudioMixer: Display: 0: FrontLeft
[2021.04.03-14.24.19:717][  0]LogAudioMixer: Display: 1: FrontRight
[2021.04.03-14.24.19:717][  0]LogAudioMixer: Display: 2: FrontCenter
[2021.04.03-14.24.19:717][  0]LogAudioMixer: Display: 3: LowFrequency
[2021.04.03-14.24.19:717][  0]LogAudioMixer: Display: 4: BackLeft
[2021.04.03-14.24.19:717][  0]LogAudioMixer: Display: 5: BackRight
[2021.04.03-14.24.19:718][  0]LogAudioMixer: Display: 6: SideLeft
[2021.04.03-14.24.19:718][  0]LogAudioMixer: Display: 7: SideRight
[2021.04.03-14.24.20:071][  0]LogAudioMixer: Display: Using Audio Device Speakers/Headphones (Realtek(R) Audio)
[2021.04.03-14.24.20:072][  0]LogAudioMixer: Display: Initializing Sound Submixes...
[2021.04.03-14.24.20:076][  0]LogAudioMixer: Display: Creating Master Submix 'MasterSubmixDefault'
[2021.04.03-14.24.20:076][  0]LogAudioMixer: Display: Creating Master Submix 'MasterReverbSubmixDefault'
[2021.04.03-14.24.20:078][  0]LogAudioMixer: Display: Creating Master Submix 'MasterEQSubmixDefault'
[2021.04.03-14.24.20:079][  0]LogInit: FAudioDevice initialized.
[2021.04.03-14.24.20:079][  0]LogNetVersion: Set ProjectVersion to 1.0.0.0. Version Checksum will be recalculated on next use.
[2021.04.03-14.24.20:349][  0]LogDerivedDataCache: Saved boot cache 0.27s 82MB C:/Users/miken/AppData/Local/UnrealEngine/4.25/DerivedDataCache/Boot.ddc.
[2021.04.03-14.24.20:349][  0]LogInit: Texture streaming: Enabled
[2021.04.03-14.24.20:384][  0]LogEngineSessionManager: EngineSessionManager initialized
[2021.04.03-14.24.20:384][  0]LogEditorSessionSummary: Verbose: Initializing EditorSessionSummaryWriter for editor session tracking
[2021.04.03-14.24.20:395][  0]LogEditorSessionSummary: EditorSessionSummaryWriter initialized
[2021.04.03-14.24.20:449][  0]LogInit: Transaction tracking system initialized
[2021.04.03-14.24.20:505][  0]BlueprintLog: New page: Editor Load
[2021.04.03-14.24.20:853][  0]LocalizationService: Localization service is disabled
[2021.04.03-14.24.21:146][  0]LogCook: Display: Max memory allowance for cook 16384mb min free memory 0mb
[2021.04.03-14.24.21:146][  0]LogCook: Display: Mobile HDR setting 1
[2021.04.03-14.24.21:405][  0]LogFileCache: Scanning file cache for directory 'C:/Users/miken/Desktop/RetailGame/480RetailGame/Retail-Game/Retail1/Content/' took 0.01s
[2021.04.03-14.24.21:636][  0]SourceControl: Source control is disabled
[2021.04.03-14.24.21:636][  0]LogUnrealEdMisc: Loading editor; pre map load, took 14.515
[2021.04.03-14.24.21:637][  0]Cmd: MAP LOAD FILE="../../../../../../Users/miken/Desktop/RetailGame/480RetailGame/Retail-Game/Retail1/Content/ThirdPersonCPP/Maps/ThirdPersonExampleMap.umap" TEMPLATE=0 SHOWPROGRESS=1 FEATURELEVEL=3
[2021.04.03-14.24.21:638][  0]LightingResults: New page: Lighting Build
[2021.04.03-14.24.21:642][  0]LogWorld: UWorld::CleanupWorld for Untitled, bSessionEnded=true, bCleanupResources=true
[2021.04.03-14.24.21:643][  0]LogSlate: InvalidateAllWidgets triggered.  All widgets were invalidated
[2021.04.03-14.24.21:643][  0]MapCheck: New page: Map Check
[2021.04.03-14.24.21:643][  0]LightingResults: New page: Lighting Build
[2021.04.03-14.24.21:658][  0]LogAISub: UAISubsystem::~UAISubsystem EnvQueryManager (000002CDD65E7C00), frame # 0
[2021.04.03-14.24.21:658][  0]LogAISub: UAISubsystem::~UAISubsystem AIPerceptionSystem (000002CDD664D580), frame # 0
[2021.04.03-14.24.21:659][  0]LogUObjectHash: Compacting FUObjectHashTables data took   0.81ms
[2021.04.03-14.24.21:774][  0]LogTemp: TIME TO COMPLETE 0
[2021.04.03-14.24.21:776][  0]LogTemp: TIME TO COMPLETE 0
[2021.04.03-14.24.21:779][  0]LogTemp: TIME TO COMPLETE 0
[2021.04.03-14.24.23:501][  0]LogAIModule: Creating AISystem for world ThirdPersonExampleMap
[2021.04.03-14.24.23:502][  0]LogAISub: UAISubsystem::UAISubsystem EnvQueryManager (000002CDE9364800), frame # 0
[2021.04.03-14.24.23:502][  0]LogAISub: UAISubsystem::UAISubsystem AIPerceptionSystem (000002CDE95696C0), frame # 0
[2021.04.03-14.24.23:887][  0]LogEditorServer: Finished looking for orphan Actors (0.002 secs)
[2021.04.03-14.24.23:985][  0]LogWindows: Windows GetLastError: The operation completed successfully. (0)
[2021.04.03-14.24.26:809][  0]LogThreadingWindows: Error: Runnable thread TaskGraphThreadBP 23 crashed.
[2021.04.03-14.24.26:809][  0]LogWindows: Error: === Critical error: ===
[2021.04.03-14.24.26:809][  0]LogWindows: Error: 
[2021.04.03-14.24.26:809][  0]LogWindows: Error: Fatal error: [File:D:/Build/++UE4/Sync/Engine/Source/Runtime/CoreUObject/Private/UObject/GarbageCollection.cpp] [Line: 903] 
[2021.04.03-14.24.26:809][  0]LogWindows: Error: Invalid object in GC: 0x000002cdcdcdcd00, ReferencingObject: Material /Engine/EngineSky/M_Sky_Panning_Clouds2.M_Sky_Panning_Clouds2, ReferencingObjectClass: Class /Script/Engine.Material, Property Name: Expressions, Offset: 2680, TokenIndex: 43
[2021.04.03-14.24.26:809][  0]LogWindows: Error: 
[2021.04.03-14.24.26:809][  0]LogWindows: Error: 
[2021.04.03-14.24.26:809][  0]LogWindows: Error: [Callstack] 0x00007ffedbfed759 KERNELBASE.dll!UnknownFunction []
[2021.04.03-14.24.26:809][  0]LogWindows: Error: [Callstack] 0x00007ffe3432ec66 UE4Editor-Core.dll!UnknownFunction []
[2021.04.03-14.24.26:809][  0]LogWindows: Error: [Callstack] 0x00007ffe34332048 UE4Editor-Core.dll!UnknownFunction []
[2021.04.03-14.24.26:809][  0]LogWindows: Error: [Callstack] 0x00007ffe340be52d UE4Editor-Core.dll!UnknownFunction []
[2021.04.03-14.24.26:809][  0]LogWindows: Error: [Callstack] 0x00007ffe6d52f17e UE4Editor-CoreUObject.dll!UnknownFunction []
[2021.04.03-14.24.26:809][  0]LogWindows: Error: [Callstack] 0x00007ffe6d4f6da1 UE4Editor-CoreUObject.dll!UnknownFunction []
[2021.04.03-14.24.26:809][  0]LogWindows: Error: [Callstack] 0x00007ffe6d4fe11e UE4Editor-CoreUObject.dll!UnknownFunction []
[2021.04.03-14.24.26:809][  0]LogWindows: Error: [Callstack] 0x00007ffe33e67ad9 UE4Editor-Core.dll!UnknownFunction []
[2021.04.03-14.24.26:809][  0]LogWindows: Error: [Callstack] 0x00007ffe33e68b1d UE4Editor-Core.dll!UnknownFunction []
[2021.04.03-14.24.26:809][  0]LogWindows: Error: [Callstack] 0x00007ffe33e70eeb UE4Editor-Core.dll!UnknownFunction []
[2021.04.03-14.24.26:809][  0]LogWindows: Error: [Callstack] 0x00007ffe343504db UE4Editor-Core.dll!UnknownFunction []
[2021.04.03-14.24.26:809][  0]LogWindows: Error: [Callstack] 0x00007ffe34347eb0 UE4Editor-Core.dll!UnknownFunction []
[2021.04.03-14.24.26:809][  0]LogWindows: Error: [Callstack] 0x00007ffedd657034 KERNEL32.DLL!UnknownFunction []
[2021.04.03-14.24.26:809][  0]LogWindows: Error: [Callstack] 0x00007ffede742651 ntdll.dll!UnknownFunction []
[2021.04.03-14.24.26:809][  0]LogWindows: Error: 
[2021.04.03-14.24.26:809][  0]LogWindows: Error: Crash in runnable thread TaskGraphThreadBP 23
[2021.04.03-14.24.26:834][  0]LogExit: Executing StaticShutdownAfterError
[2021.04.03-14.24.26:834][  0]LogWindows: FPlatformMisc::RequestExit(1)
[2021.04.03-14.24.26:834][  0]LogCore: Engine exit requested (reason: Win RequestExit)
[2021.04.03-14.24.26:843][  0]Log file closed, 04/03/21 08:24:26
