Log file open, 01/06/21 14:42:17
LogInit: Display: Running engine for game: Retail1
LogPlatformFile: Not using cached read wrapper
LogTaskGraph: Started task graph with 5 named threads and 23 total threads with 3 sets of task threads.
LogStats: Stats thread started at 0.183666
LogD3D11RHI: Loaded GFSDK_Aftermath_Lib.x64.dll
LogICUInternationalization: ICU TimeZone Detection - Raw Offset: -7:00, Platform Override: ''
LogPluginManager: Mounting plugin Paper2D
LogPluginManager: Mounting plugin AISupport
LogPluginManager: Mounting plugin LightPropagationVolume
LogPluginManager: Mounting plugin CameraShakePreviewer
LogPluginManager: Mounting plugin ActorLayerUtilities
LogPluginManager: Mounting plugin AnimationSharing
LogPluginManager: Mounting plugin CLionSourceCodeAccess
LogPluginManager: Mounting plugin CodeLiteSourceCodeAccess
LogPluginManager: Mounting plugin GitSourceControl
LogPluginManager: Mounting plugin KDevelopSourceCodeAccess
LogPluginManager: Mounting plugin NullSourceCodeAccess
LogPluginManager: Mounting plugin PerforceSourceControl
LogPluginManager: Mounting plugin PlasticSourceControl
LogPluginManager: Mounting plugin RiderSourceCodeAccess
LogPluginManager: Mounting plugin SubversionSourceControl
LogPluginManager: Mounting plugin UObjectPlugin
LogPluginManager: Mounting plugin VisualStudioCodeSourceCodeAccess
LogPluginManager: Mounting plugin VisualStudioSourceCodeAccess
LogPluginManager: Mounting plugin XCodeSourceCodeAccess
LogPluginManager: Mounting plugin AssetManagerEditor
LogPluginManager: Mounting plugin CryptoKeys
LogPluginManager: Mounting plugin CurveEditorTools
LogPluginManager: Mounting plugin DataValidation
LogPluginManager: Mounting plugin EditorScriptingUtilities
LogPluginManager: Mounting plugin FacialAnimation
LogPluginManager: Mounting plugin GameplayTagsEditor
LogPluginManager: Mounting plugin GeometryMode
LogPluginManager: Mounting plugin MacGraphicsSwitching
LogPluginManager: Mounting plugin MaterialAnalyzer
LogPluginManager: Mounting plugin MobileLauncherProfileWizard
LogPluginManager: Mounting plugin PluginBrowser
LogPluginManager: Mounting plugin SpeedTreeImporter
LogPluginManager: Mounting plugin DatasmithContent
LogPluginManager: Mounting plugin VariantManagerContent
LogPluginManager: Mounting plugin AlembicImporter
LogPluginManager: Mounting plugin AutomationUtils
LogPluginManager: Mounting plugin BackChannel
LogPluginManager: Mounting plugin ChaosCloth
LogPluginManager: Mounting plugin ChaosClothEditor
LogPluginManager: Mounting plugin ChaosEditor
LogPluginManager: Mounting plugin ChaosNiagara
LogPluginManager: Mounting plugin ChaosSolverPlugin
LogPluginManager: Mounting plugin CharacterAI
LogPluginManager: Mounting plugin GeometryCache
LogPluginManager: Mounting plugin GeometryCollectionPlugin
LogPluginManager: Mounting plugin GeometryProcessing
LogPluginManager: Mounting plugin PlanarCut
LogPluginManager: Mounting plugin PlatformCrypto
LogPluginManager: Mounting plugin ProxyLODPlugin
LogPluginManager: Mounting plugin SkeletalReduction
LogPluginManager: Mounting plugin Niagara
LogPluginManager: Mounting plugin MagicLeap
LogPluginManager: Mounting plugin MagicLeapLightEstimation
LogPluginManager: Mounting plugin MagicLeapMedia
LogPluginManager: Mounting plugin MagicLeapPassableWorld
LogPluginManager: Mounting plugin MLSDK
LogPluginManager: Mounting plugin AndroidMedia
LogPluginManager: Mounting plugin AvfMedia
LogPluginManager: Mounting plugin ImgMedia
LogPluginManager: Mounting plugin MediaCompositing
LogPluginManager: Mounting plugin MediaPlayerEditor
LogPluginManager: Mounting plugin WebMMedia
LogPluginManager: Mounting plugin WmfMedia
LogPluginManager: Mounting plugin MeshPainting
LogPluginManager: Mounting plugin TcpMessaging
LogPluginManager: Mounting plugin UdpMessaging
LogPluginManager: Mounting plugin ActorSequence
LogPluginManager: Mounting plugin LevelSequenceEditor
LogPluginManager: Mounting plugin MatineeToLevelSequence
LogPluginManager: Mounting plugin MovieRenderPipeline
LogPluginManager: Mounting plugin TemplateSequence
LogPluginManager: Mounting plugin NetcodeUnitTest
LogPluginManager: Mounting plugin NUTUnrealEngine4
LogPluginManager: Mounting plugin OnlineSubsystemGooglePlay
LogPluginManager: Mounting plugin OnlineSubsystemIOS
LogPluginManager: Mounting plugin OnlineSubsystem
LogPluginManager: Mounting plugin OnlineSubsystemNull
LogPluginManager: Mounting plugin OnlineSubsystemUtils
LogPluginManager: Mounting plugin LauncherChunkInstaller
LogPluginManager: Mounting plugin AndroidDeviceProfileSelector
LogPluginManager: Mounting plugin AndroidMoviePlayer
LogPluginManager: Mounting plugin AndroidPermission
LogPluginManager: Mounting plugin AppleImageUtils
LogPluginManager: Mounting plugin AppleMoviePlayer
LogPluginManager: Mounting plugin ArchVisCharacter
LogPluginManager: Mounting plugin AssetTags
LogPluginManager: Mounting plugin AudioCapture
LogPluginManager: Mounting plugin CableComponent
LogPluginManager: Mounting plugin CustomMeshComponent
LogPluginManager: Mounting plugin EditableMesh
LogPluginManager: Mounting plugin ExampleDeviceProfileSelector
LogPluginManager: Mounting plugin GoogleCloudMessaging
LogPluginManager: Mounting plugin GooglePAD
LogPluginManager: Mounting plugin IOSDeviceProfileSelector
LogPluginManager: Mounting plugin LinuxDeviceProfileSelector
LogPluginManager: Mounting plugin LocationServicesBPLibrary
LogPluginManager: Mounting plugin MobilePatchingUtils
LogPluginManager: Mounting plugin OculusVR
LogPluginManager: Mounting plugin PhysXVehicles
LogPluginManager: Mounting plugin PostSplashScreen
LogPluginManager: Mounting plugin ProceduralMeshComponent
LogPluginManager: Mounting plugin RuntimePhysXCooking
LogPluginManager: Mounting plugin SignificanceManager
LogPluginManager: Mounting plugin SoundFields
LogPluginManager: Mounting plugin Synthesis
LogPluginManager: Mounting plugin WebMMoviePlayer
LogPluginManager: Mounting plugin WindowsMoviePlayer
LogPluginManager: Mounting plugin ScreenshotTools
LogInit: Using libcurl 7.55.1-DEV
LogInit:  - built for x86_64-pc-win32
LogInit:  - supports SSL with OpenSSL/1.1.1
LogInit:  - supports HTTP deflate (compression) using libz 1.2.8
LogInit:  - other features:
LogInit:      CURL_VERSION_SSL
LogInit:      CURL_VERSION_LIBZ
LogInit:      CURL_VERSION_IPV6
LogInit:      CURL_VERSION_ASYNCHDNS
LogInit:      CURL_VERSION_LARGEFILE
LogInit:      CURL_VERSION_IDN
LogInit:  CurlRequestOptions (configurable via config and command line):
LogInit:  - bVerifyPeer = true  - Libcurl will verify peer certificate
LogInit:  - bUseHttpProxy = false  - Libcurl will NOT use HTTP proxy
LogInit:  - bDontReuseConnections = false  - Libcurl will reuse connections
LogInit:  - MaxHostConnections = 16  - Libcurl will limit the number of connections to a host
LogInit:  - LocalHostAddr = Default
LogInit:  - BufferSize = 65536
LogOnline: OSS: Creating online subsystem instance for: NULL
LogInit: WinSock: version 1.1 (2.2), MaxSocks=32767, MaxUdp=65467
LogOnline: OSS: TryLoadSubsystemAndSetDefault: Loaded subsystem for module [NULL]
LogOculusPluginWrapper: OculusPlugin initialized successfully
LogHMD: Failed initializing OVRPlugin 1.44.0
LogInit: Build: ++UE4+Release-4.25-CL-14469661
LogInit: Engine Version: 4.25.4-14469661+++UE4+Release-4.25
LogInit: Compatible Engine Version: 4.25.0-13144385+++UE4+Release-4.25
LogInit: Net CL: 13144385
LogInit: OS: Windows 10 (Release 1909) (), CPU: Intel(R) Core(TM) i7-7820HK CPU @ 2.90GHz, GPU: NVIDIA GeForce GTX 1070
LogInit: Compiled (64-bit): Oct 11 2020 08:10:49
LogInit: Compiled with Visual C++: 19.24.28315.00
LogInit: Build Configuration: Development
LogInit: Branch Name: ++UE4+Release-4.25
LogInit: Command Line: 
LogInit: Base Directory: D:/missp/UE_4.25/Engine/Binaries/Win64/
LogInit: Allocator: TBB
LogInit: Installed Engine Build: 1
LogDevObjectVersion: Number of dev versions registered: 26
LogDevObjectVersion:   Dev-Blueprints (B0D832E4-1F89-4F0D-ACCF-7EB736FD4AA2): 10
LogDevObjectVersion:   Dev-Build (E1C64328-A22C-4D53-A36C-8E866417BD8C): 0
LogDevObjectVersion:   Dev-Core (375EC13C-06E4-48FB-B500-84F0262A717E): 4
LogDevObjectVersion:   Dev-Editor (E4B068ED-F494-42E9-A231-DA0B2E46BB41): 38
LogDevObjectVersion:   Dev-Framework (CFFC743F-43B0-4480-9391-14DF171D2073): 37
LogDevObjectVersion:   Dev-Mobile (B02B49B5-BB20-44E9-A304-32B752E40360): 2
LogDevObjectVersion:   Dev-Networking (A4E4105C-59A1-49B5-A7C5-40C4547EDFEE): 0
LogDevObjectVersion:   Dev-Online (39C831C9-5AE6-47DC-9A44-9C173E1C8E7C): 0
LogDevObjectVersion:   Dev-Physics (78F01B33-EBEA-4F98-B9B4-84EACCB95AA2): 4
LogDevObjectVersion:   Dev-Platform (6631380F-2D4D-43E0-8009-CF276956A95A): 0
LogDevObjectVersion:   Dev-Rendering (12F88B9F-8875-4AFC-A67C-D90C383ABD29): 43
LogDevObjectVersion:   Dev-Sequencer (7B5AE74C-D270-4C10-A958-57980B212A5A): 12
LogDevObjectVersion:   Dev-VR (D7296918-1DD6-4BDD-9DE2-64A83CC13884): 3
LogDevObjectVersion:   Dev-LoadTimes (C2A15278-BFE7-4AFE-6C17-90FF531DF755): 1
LogDevObjectVersion:   Private-Geometry (6EACA3D4-40EC-4CC1-B786-8BED09428FC5): 3
LogDevObjectVersion:   Dev-AnimPhys (29E575DD-E0A3-4627-9D10-D276232CDCEA): 17
LogDevObjectVersion:   Dev-Anim (AF43A65D-7FD3-4947-9873-3E8ED9C1BB05): 7
LogDevObjectVersion:   Dev-ReflectionCapture (6B266CEC-1EC7-4B8F-A30B-E4D90942FC07): 1
LogDevObjectVersion:   Dev-Automation (0DF73D61-A23F-47EA-B727-89E90C41499A): 1
LogDevObjectVersion:   FortniteMain (601D1886-AC64-4F84-AA16-D3DE0DEAC7D6): 31
LogDevObjectVersion:   Dev-Enterprise (9DFFBCD6-494F-0158-E221-12823C92A888): 10
LogDevObjectVersion:   Dev-Niagara (F2AED0AC-9AFE-416F-8664-AA7FFA26D6FC): 1
LogDevObjectVersion:   Dev-Destruction (174F1F0B-B4C6-45A5-B13F-2EE8D0FB917D): 10
LogDevObjectVersion:   Dev-Physics-Ext (35F94A83-E258-406C-A318-09F59610247C): 37
LogDevObjectVersion:   Dev-PhysicsMaterial-Chaos (B68FC16E-8B1B-42E2-B453-215C058844FE): 1
LogDevObjectVersion:   Dev-CineCamera (B2E18506-4273-CFC2-A54E-F4BB758BBA07): 1
LogInit: Presizing for max 25165824 objects, including 0 objects not considered by GC, pre-allocating 0 bytes for permanent pool.
LogConfig: Applying CVar settings from Section [/Script/Engine.StreamingSettings] File [D:/missp/Projects/Retail-Game/Retail1/Saved/Config/Windows/Engine.ini]
LogConfig: Setting CVar [[s.MinBulkDataSizeForAsyncLoading:131072]]
LogConfig: Setting CVar [[s.AsyncLoadingThreadEnabled:0]]
LogConfig: Setting CVar [[s.EventDrivenLoaderEnabled:1]]
LogConfig: Setting CVar [[s.WarnIfTimeLimitExceeded:0]]
LogConfig: Setting CVar [[s.TimeLimitExceededMultiplier:1.5]]
LogConfig: Setting CVar [[s.TimeLimitExceededMinTime:0.005]]
LogConfig: Setting CVar [[s.UseBackgroundLevelStreaming:1]]
LogConfig: Setting CVar [[s.PriorityAsyncLoadingExtraTime:15.0]]
LogConfig: Setting CVar [[s.LevelStreamingActorsUpdateTimeLimit:5.0]]
LogConfig: Setting CVar [[s.PriorityLevelStreamingActorsUpdateExtraTime:5.0]]
LogConfig: Setting CVar [[s.LevelStreamingComponentsRegistrationGranularity:10]]
LogConfig: Setting CVar [[s.UnregisterComponentsTimeLimit:1.0]]
LogConfig: Setting CVar [[s.LevelStreamingComponentsUnregistrationGranularity:5]]
LogConfig: Setting CVar [[s.FlushStreamingOnExit:1]]
LogInit: Object subsystem initialized
LogConfig: Setting CVar [[con.DebugEarlyDefault:1]]
LogConfig: Setting CVar [[r.setres:1280x720]]
[2021.01.06-21.42.17:938][  0]LogConfig: Setting CVar [[r.VSync:0]]
[2021.01.06-21.42.17:938][  0]LogConfig: Setting CVar [[r.RHICmdBypass:0]]
[2021.01.06-21.42.17:938][  0]LogConfig: Applying CVar settings from Section [/Script/Engine.RendererSettings] File [D:/missp/Projects/Retail-Game/Retail1/Saved/Config/Windows/Engine.ini]
[2021.01.06-21.42.17:938][  0]LogConfig: Setting CVar [[r.GPUCrashDebugging:0]]
[2021.01.06-21.42.17:938][  0]LogConfig: Applying CVar settings from Section [/Script/Engine.RendererOverrideSettings] File [D:/missp/Projects/Retail-Game/Retail1/Saved/Config/Windows/Engine.ini]
[2021.01.06-21.42.17:938][  0]LogConfig: Applying CVar settings from Section [/Script/Engine.StreamingSettings] File [D:/missp/Projects/Retail-Game/Retail1/Saved/Config/Windows/Engine.ini]
[2021.01.06-21.42.17:938][  0]LogConfig: Setting CVar [[s.MinBulkDataSizeForAsyncLoading:131072]]
[2021.01.06-21.42.17:938][  0]LogConfig: Setting CVar [[s.AsyncLoadingThreadEnabled:0]]
[2021.01.06-21.42.17:938][  0]LogConfig: Setting CVar [[s.EventDrivenLoaderEnabled:1]]
[2021.01.06-21.42.17:938][  0]LogConfig: Setting CVar [[s.WarnIfTimeLimitExceeded:0]]
[2021.01.06-21.42.17:938][  0]LogConfig: Setting CVar [[s.TimeLimitExceededMultiplier:1.5]]
[2021.01.06-21.42.17:938][  0]LogConfig: Setting CVar [[s.TimeLimitExceededMinTime:0.005]]
[2021.01.06-21.42.17:938][  0]LogConfig: Setting CVar [[s.UseBackgroundLevelStreaming:1]]
[2021.01.06-21.42.17:939][  0]LogConfig: Setting CVar [[s.PriorityAsyncLoadingExtraTime:15.0]]
[2021.01.06-21.42.17:939][  0]LogConfig: Setting CVar [[s.LevelStreamingActorsUpdateTimeLimit:5.0]]
[2021.01.06-21.42.17:939][  0]LogConfig: Setting CVar [[s.PriorityLevelStreamingActorsUpdateExtraTime:5.0]]
[2021.01.06-21.42.17:939][  0]LogConfig: Setting CVar [[s.LevelStreamingComponentsRegistrationGranularity:10]]
[2021.01.06-21.42.17:939][  0]LogConfig: Setting CVar [[s.UnregisterComponentsTimeLimit:1.0]]
[2021.01.06-21.42.17:939][  0]LogConfig: Setting CVar [[s.LevelStreamingComponentsUnregistrationGranularity:5]]
[2021.01.06-21.42.17:939][  0]LogConfig: Setting CVar [[s.FlushStreamingOnExit:1]]
[2021.01.06-21.42.17:939][  0]LogConfig: Applying CVar settings from Section [/Script/Engine.GarbageCollectionSettings] File [D:/missp/Projects/Retail-Game/Retail1/Saved/Config/Windows/Engine.ini]
[2021.01.06-21.42.17:939][  0]LogConfig: Setting CVar [[gc.MaxObjectsNotConsideredByGC:1]]
[2021.01.06-21.42.17:939][  0]LogConfig: Setting CVar [[gc.SizeOfPermanentObjectPool:0]]
[2021.01.06-21.42.17:939][  0]LogConfig: Setting CVar [[gc.FlushStreamingOnGC:0]]
[2021.01.06-21.42.17:939][  0]LogConfig: Setting CVar [[gc.NumRetriesBeforeForcingGC:10]]
[2021.01.06-21.42.17:939][  0]LogConfig: Setting CVar [[gc.AllowParallelGC:1]]
[2021.01.06-21.42.17:939][  0]LogConfig: Setting CVar [[gc.TimeBetweenPurgingPendingKillObjects:61.1]]
[2021.01.06-21.42.17:939][  0]LogConfig: Setting CVar [[gc.MaxObjectsInEditor:25165824]]
[2021.01.06-21.42.17:939][  0]LogConfig: Setting CVar [[gc.IncrementalBeginDestroyEnabled:1]]
[2021.01.06-21.42.17:939][  0]LogConfig: Setting CVar [[gc.CreateGCClusters:1]]
[2021.01.06-21.42.17:939][  0]LogConfig: Setting CVar [[gc.MinGCClusterSize:5]]
[2021.01.06-21.42.17:939][  0]LogConfig: Setting CVar [[gc.ActorClusteringEnabled:0]]
[2021.01.06-21.42.17:939][  0]LogConfig: Setting CVar [[gc.BlueprintClusteringEnabled:0]]
[2021.01.06-21.42.17:939][  0]LogConfig: Setting CVar [[gc.UseDisregardForGCOnDedicatedServers:0]]
[2021.01.06-21.42.17:939][  0]LogConfig: Applying CVar settings from Section [/Script/Engine.NetworkSettings] File [D:/missp/Projects/Retail-Game/Retail1/Saved/Config/Windows/Engine.ini]
[2021.01.06-21.42.17:939][  0]LogConfig: Applying CVar settings from Section [/Script/UnrealEd.CookerSettings] File [D:/missp/Projects/Retail-Game/Retail1/Saved/Config/Windows/Engine.ini]
[2021.01.06-21.42.17:945][  0]LogConfig: Applying CVar settings from Section [ViewDistanceQuality@3] File [D:/missp/Projects/Retail-Game/Retail1/Saved/Config/Windows/Scalability.ini]
[2021.01.06-21.42.17:945][  0]LogConfig: Setting CVar [[r.SkeletalMeshLODBias:0]]
[2021.01.06-21.42.17:945][  0]LogConfig: Setting CVar [[r.ViewDistanceScale:1.0]]
[2021.01.06-21.42.17:945][  0]LogConfig: Applying CVar settings from Section [AntiAliasingQuality@3] File [D:/missp/Projects/Retail-Game/Retail1/Saved/Config/Windows/Scalability.ini]
[2021.01.06-21.42.17:945][  0]LogConfig: Setting CVar [[r.PostProcessAAQuality:4]]
[2021.01.06-21.42.17:945][  0]LogConfig: Applying CVar settings from Section [ShadowQuality@3] File [D:/missp/Projects/Retail-Game/Retail1/Saved/Config/Windows/Scalability.ini]
[2021.01.06-21.42.17:945][  0]LogConfig: Setting CVar [[r.LightFunctionQuality:1]]
[2021.01.06-21.42.17:945][  0]LogConfig: Setting CVar [[r.ShadowQuality:5]]
[2021.01.06-21.42.17:945][  0]LogConfig: Setting CVar [[r.Shadow.CSM.MaxCascades:10]]
[2021.01.06-21.42.17:945][  0]LogConfig: Setting CVar [[r.Shadow.MaxResolution:2048]]
[2021.01.06-21.42.17:945][  0]LogConfig: Setting CVar [[r.Shadow.MaxCSMResolution:2048]]
[2021.01.06-21.42.17:945][  0]LogConfig: Setting CVar [[r.Shadow.RadiusThreshold:0.01]]
[2021.01.06-21.42.17:945][  0]LogConfig: Setting CVar [[r.Shadow.DistanceScale:1.0]]
[2021.01.06-21.42.17:945][  0]LogConfig: Setting CVar [[r.Shadow.CSM.TransitionScale:1.0]]
[2021.01.06-21.42.17:945][  0]LogConfig: Setting CVar [[r.Shadow.PreShadowResolutionFactor:1.0]]
[2021.01.06-21.42.17:945][  0]LogConfig: Setting CVar [[r.DistanceFieldShadowing:1]]
[2021.01.06-21.42.17:946][  0]LogConfig: Setting CVar [[r.DistanceFieldAO:1]]
[2021.01.06-21.42.17:946][  0]LogConfig: Setting CVar [[r.AOQuality:2]]
[2021.01.06-21.42.17:946][  0]LogConfig: Setting CVar [[r.VolumetricFog:1]]
[2021.01.06-21.42.17:946][  0]LogConfig: Setting CVar [[r.VolumetricFog.GridPixelSize:8]]
[2021.01.06-21.42.17:946][  0]LogConfig: Setting CVar [[r.VolumetricFog.GridSizeZ:128]]
[2021.01.06-21.42.17:946][  0]LogConfig: Setting CVar [[r.VolumetricFog.HistoryMissSupersampleCount:4]]
[2021.01.06-21.42.17:946][  0]LogConfig: Setting CVar [[r.LightMaxDrawDistanceScale:1]]
[2021.01.06-21.42.17:946][  0]LogConfig: Setting CVar [[r.CapsuleShadows:1]]
[2021.01.06-21.42.17:946][  0]LogConfig: Applying CVar settings from Section [PostProcessQuality@3] File [D:/missp/Projects/Retail-Game/Retail1/Saved/Config/Windows/Scalability.ini]
[2021.01.06-21.42.17:946][  0]LogConfig: Setting CVar [[r.MotionBlurQuality:4]]
[2021.01.06-21.42.17:946][  0]LogConfig: Setting CVar [[r.AmbientOcclusionMipLevelFactor:0.4]]
[2021.01.06-21.42.17:946][  0]LogConfig: Setting CVar [[r.AmbientOcclusionMaxQuality:100]]
[2021.01.06-21.42.17:946][  0]LogConfig: Setting CVar [[r.AmbientOcclusionLevels:-1]]
[2021.01.06-21.42.17:946][  0]LogConfig: Setting CVar [[r.AmbientOcclusionRadiusScale:1.0]]
[2021.01.06-21.42.17:946][  0]LogConfig: Setting CVar [[r.DepthOfFieldQuality:2]]
[2021.01.06-21.42.17:946][  0]LogConfig: Setting CVar [[r.RenderTargetPoolMin:400]]
[2021.01.06-21.42.17:946][  0]LogConfig: Setting CVar [[r.LensFlareQuality:2]]
[2021.01.06-21.42.17:946][  0]LogConfig: Setting CVar [[r.SceneColorFringeQuality:1]]
[2021.01.06-21.42.17:946][  0]LogConfig: Setting CVar [[r.EyeAdaptationQuality:2]]
[2021.01.06-21.42.17:946][  0]LogConfig: Setting CVar [[r.BloomQuality:5]]
[2021.01.06-21.42.17:946][  0]LogConfig: Setting CVar [[r.FastBlurThreshold:100]]
[2021.01.06-21.42.17:946][  0]LogConfig: Setting CVar [[r.Upscale.Quality:3]]
[2021.01.06-21.42.17:946][  0]LogConfig: Setting CVar [[r.Tonemapper.GrainQuantization:1]]
[2021.01.06-21.42.17:946][  0]LogConfig: Setting CVar [[r.LightShaftQuality:1]]
[2021.01.06-21.42.17:946][  0]LogConfig: Setting CVar [[r.Filter.SizeScale:1]]
[2021.01.06-21.42.17:946][  0]LogConfig: Setting CVar [[r.Tonemapper.Quality:5]]
[2021.01.06-21.42.17:946][  0]LogConfig: Setting CVar [[r.DOF.Gather.AccumulatorQuality:1        ; higher gathering accumulator quality]]
[2021.01.06-21.42.17:946][  0]LogConfig: Setting CVar [[r.DOF.Gather.PostfilterMethod:1          ; Median3x3 postfilering method]]
[2021.01.06-21.42.17:946][  0]LogConfig: Setting CVar [[r.DOF.Gather.EnableBokehSettings:0       ; no bokeh simulation when gathering]]
[2021.01.06-21.42.17:946][  0]LogConfig: Setting CVar [[r.DOF.Gather.RingCount:4                 ; medium number of samples when gathering]]
[2021.01.06-21.42.17:946][  0]LogConfig: Setting CVar [[r.DOF.Scatter.ForegroundCompositing:1    ; additive foreground scattering]]
[2021.01.06-21.42.17:946][  0]LogConfig: Setting CVar [[r.DOF.Scatter.BackgroundCompositing:2    ; additive background scattering]]
[2021.01.06-21.42.17:946][  0]LogConfig: Setting CVar [[r.DOF.Scatter.EnableBokehSettings:1      ; bokeh simulation when scattering]]
[2021.01.06-21.42.17:946][  0]LogConfig: Setting CVar [[r.DOF.Scatter.MaxSpriteRatio:0.1         ; only a maximum of 10% of scattered bokeh]]
[2021.01.06-21.42.17:946][  0]LogConfig: Setting CVar [[r.DOF.Recombine.Quality:1                ; cheap slight out of focus]]
[2021.01.06-21.42.17:946][  0]LogConfig: Setting CVar [[r.DOF.Recombine.EnableBokehSettings:0    ; no bokeh simulation on slight out of focus]]
[2021.01.06-21.42.17:946][  0]LogConfig: Setting CVar [[r.DOF.TemporalAAQuality:1                ; more stable temporal accumulation]]
[2021.01.06-21.42.17:946][  0]LogConfig: Setting CVar [[r.DOF.Kernel.MaxForegroundRadius:0.025]]
[2021.01.06-21.42.17:946][  0]LogConfig: Setting CVar [[r.DOF.Kernel.MaxBackgroundRadius:0.025]]
[2021.01.06-21.42.17:946][  0]LogConfig: Applying CVar settings from Section [TextureQuality@3] File [D:/missp/Projects/Retail-Game/Retail1/Saved/Config/Windows/Scalability.ini]
[2021.01.06-21.42.17:946][  0]LogConfig: Setting CVar [[r.Streaming.MipBias:0]]
[2021.01.06-21.42.17:946][  0]LogConfig: Setting CVar [[r.Streaming.AmortizeCPUToGPUCopy:0]]
[2021.01.06-21.42.17:946][  0]LogConfig: Setting CVar [[r.Streaming.MaxNumTexturesToStreamPerFrame:0]]
[2021.01.06-21.42.17:946][  0]LogConfig: Setting CVar [[r.Streaming.Boost:1]]
[2021.01.06-21.42.17:946][  0]LogConfig: Setting CVar [[r.MaxAnisotropy:8]]
[2021.01.06-21.42.17:946][  0]LogConfig: Setting CVar [[r.VT.MaxAnisotropy:8]]
[2021.01.06-21.42.17:946][  0]LogConfig: Setting CVar [[r.Streaming.LimitPoolSizeToVRAM:0]]
[2021.01.06-21.42.17:946][  0]LogConfig: Setting CVar [[r.Streaming.PoolSize:1000]]
[2021.01.06-21.42.17:946][  0]LogConfig: Setting CVar [[r.Streaming.MaxEffectiveScreenSize:0]]
[2021.01.06-21.42.17:946][  0]LogConfig: Applying CVar settings from Section [EffectsQuality@3] File [D:/missp/Projects/Retail-Game/Retail1/Saved/Config/Windows/Scalability.ini]
[2021.01.06-21.42.17:946][  0]LogConfig: Setting CVar [[r.TranslucencyLightingVolumeDim:64]]
[2021.01.06-21.42.17:946][  0]LogConfig: Setting CVar [[r.RefractionQuality:2]]
[2021.01.06-21.42.17:946][  0]LogConfig: Setting CVar [[r.SSR.Quality:3]]
[2021.01.06-21.42.17:946][  0]LogConfig: Setting CVar [[r.SSR.HalfResSceneColor:0]]
[2021.01.06-21.42.17:946][  0]LogConfig: Setting CVar [[r.SceneColorFormat:4]]
[2021.01.06-21.42.17:946][  0]LogConfig: Setting CVar [[r.DetailMode:2]]
[2021.01.06-21.42.17:946][  0]LogConfig: Setting CVar [[r.TranslucencyVolumeBlur:1]]
[2021.01.06-21.42.17:946][  0]LogConfig: Setting CVar [[r.MaterialQualityLevel:1 ; High quality]]
[2021.01.06-21.42.17:946][  0]LogConfig: Setting CVar [[r.SSS.Scale:1]]
[2021.01.06-21.42.17:946][  0]LogConfig: Setting CVar [[r.SSS.SampleSet:2]]
[2021.01.06-21.42.17:946][  0]LogConfig: Setting CVar [[r.SSS.Quality:1]]
[2021.01.06-21.42.17:946][  0]LogConfig: Setting CVar [[r.SSS.HalfRes:0]]
[2021.01.06-21.42.17:946][  0]LogConfig: Setting CVar [[r.SSGI.Quality:3]]
[2021.01.06-21.42.17:946][  0]LogConfig: Setting CVar [[r.EmitterSpawnRateScale:1.0]]
[2021.01.06-21.42.17:946][  0]LogConfig: Setting CVar [[r.ParticleLightQuality:2]]
[2021.01.06-21.42.17:946][  0]LogConfig: Setting CVar [[r.SkyAtmosphere.AerialPerspectiveLUT.FastApplyOnOpaque:1 ; Always have FastSkyLUT 1 in this case to avoid wrong sky]]
[2021.01.06-21.42.17:946][  0]LogConfig: Setting CVar [[r.SkyAtmosphere.AerialPerspectiveLUT.SampleCountPerSlice:1]]
[2021.01.06-21.42.17:946][  0]LogConfig: Setting CVar [[r.SkyAtmosphere.AerialPerspectiveLUT.DepthResolution:16.0]]
[2021.01.06-21.42.17:946][  0]LogConfig: Setting CVar [[r.SkyAtmosphere.FastSkyLUT:1]]
[2021.01.06-21.42.17:946][  0]LogConfig: Setting CVar [[r.SkyAtmosphere.FastSkyLUT.SampleCountMin:4.0]]
[2021.01.06-21.42.17:946][  0]LogConfig: Setting CVar [[r.SkyAtmosphere.FastSkyLUT.SampleCountMax:32.0]]
[2021.01.06-21.42.17:946][  0]LogConfig: Setting CVar [[r.SkyAtmosphere.SampleCountMin:4.0]]
[2021.01.06-21.42.17:946][  0]LogConfig: Setting CVar [[r.SkyAtmosphere.SampleCountMax:32.0]]
[2021.01.06-21.42.17:946][  0]LogConfig: Setting CVar [[r.SkyAtmosphere.TransmittanceLUT.UseSmallFormat:0]]
[2021.01.06-21.42.17:946][  0]LogConfig: Setting CVar [[r.SkyAtmosphere.TransmittanceLUT.SampleCount:10.0]]
[2021.01.06-21.42.17:946][  0]LogConfig: Setting CVar [[r.SkyAtmosphere.MultiScatteringLUT.SampleCount:15.0]]
[2021.01.06-21.42.17:946][  0]LogConfig: Applying CVar settings from Section [FoliageQuality@3] File [D:/missp/Projects/Retail-Game/Retail1/Saved/Config/Windows/Scalability.ini]
[2021.01.06-21.42.17:946][  0]LogConfig: Setting CVar [[foliage.DensityScale:1.0]]
[2021.01.06-21.42.17:946][  0]LogConfig: Setting CVar [[grass.DensityScale:1.0]]
[2021.01.06-21.42.17:947][  0]LogConfig: Applying CVar settings from Section [ShadingQuality@3] File [D:/missp/Projects/Retail-Game/Retail1/Saved/Config/Windows/Scalability.ini]
[2021.01.06-21.42.17:947][  0]LogConfig: Setting CVar [[r.HairStrands.SkyLighting.SampleCount:16]]
[2021.01.06-21.42.17:947][  0]LogConfig: Setting CVar [[r.HairStrands.SkyLighting.JitterIntegration:0]]
[2021.01.06-21.42.17:947][  0]LogConfig: Setting CVar [[r.HairStrands.SkyAO.SampleCount:16]]
[2021.01.06-21.42.17:947][  0]LogConfig: Setting CVar [[r.HairStrands.DeepShadow.SuperSampling:0]]
[2021.01.06-21.42.17:947][  0]LogConfig: Setting CVar [[r.HairStrands.VisibilityPPLL:0]]
[2021.01.06-21.42.17:947][  0]LogConfig: Setting CVar [[r.HairStrands.RasterizationScale:0.5]]
[2021.01.06-21.42.17:947][  0]LogConfig: Setting CVar [[r.HairStrands.VelocityRasterizationScale:1]]
[2021.01.06-21.42.17:947][  0]LogInit: Selected Device Profile: [Windows]
[2021.01.06-21.42.17:947][  0]LogInit: Applying CVar settings loaded from the selected device profile: [Windows]
[2021.01.06-21.42.17:947][  0]LogHAL: Display: Platform has ~ 16 GB [17042706432 / 17179869184 / 16], which maps to Larger [LargestMinGB=32, LargerMinGB=12, DefaultMinGB=8, SmallerMinGB=6, SmallestMinGB=0)
[2021.01.06-21.42.17:947][  0]LogInit: Going up to parent DeviceProfile []
[2021.01.06-21.42.17:947][  0]LogConfig: Applying CVar settings from Section [ViewDistanceQuality@3] File [D:/missp/Projects/Retail-Game/Retail1/Saved/Config/Windows/Scalability.ini]
[2021.01.06-21.42.17:947][  0]LogConfig: Setting CVar [[r.SkeletalMeshLODBias:0]]
[2021.01.06-21.42.17:947][  0]LogConfig: Setting CVar [[r.ViewDistanceScale:1.0]]
[2021.01.06-21.42.17:947][  0]LogConfig: Applying CVar settings from Section [AntiAliasingQuality@3] File [D:/missp/Projects/Retail-Game/Retail1/Saved/Config/Windows/Scalability.ini]
[2021.01.06-21.42.17:947][  0]LogConfig: Setting CVar [[r.PostProcessAAQuality:4]]
[2021.01.06-21.42.17:947][  0]LogConfig: Applying CVar settings from Section [ShadowQuality@3] File [D:/missp/Projects/Retail-Game/Retail1/Saved/Config/Windows/Scalability.ini]
[2021.01.06-21.42.17:947][  0]LogConfig: Setting CVar [[r.LightFunctionQuality:1]]
[2021.01.06-21.42.17:947][  0]LogConfig: Setting CVar [[r.ShadowQuality:5]]
[2021.01.06-21.42.17:947][  0]LogConfig: Setting CVar [[r.Shadow.CSM.MaxCascades:10]]
[2021.01.06-21.42.17:947][  0]LogConfig: Setting CVar [[r.Shadow.MaxResolution:2048]]
[2021.01.06-21.42.17:947][  0]LogConfig: Setting CVar [[r.Shadow.MaxCSMResolution:2048]]
[2021.01.06-21.42.17:947][  0]LogConfig: Setting CVar [[r.Shadow.RadiusThreshold:0.01]]
[2021.01.06-21.42.17:947][  0]LogConfig: Setting CVar [[r.Shadow.DistanceScale:1.0]]
[2021.01.06-21.42.17:947][  0]LogConfig: Setting CVar [[r.Shadow.CSM.TransitionScale:1.0]]
[2021.01.06-21.42.17:947][  0]LogConfig: Setting CVar [[r.Shadow.PreShadowResolutionFactor:1.0]]
[2021.01.06-21.42.17:947][  0]LogConfig: Setting CVar [[r.DistanceFieldShadowing:1]]
[2021.01.06-21.42.17:947][  0]LogConfig: Setting CVar [[r.DistanceFieldAO:1]]
[2021.01.06-21.42.17:947][  0]LogConfig: Setting CVar [[r.AOQuality:2]]
[2021.01.06-21.42.17:947][  0]LogConfig: Setting CVar [[r.VolumetricFog:1]]
[2021.01.06-21.42.17:947][  0]LogConfig: Setting CVar [[r.VolumetricFog.GridPixelSize:8]]
[2021.01.06-21.42.17:947][  0]LogConfig: Setting CVar [[r.VolumetricFog.GridSizeZ:128]]
[2021.01.06-21.42.17:947][  0]LogConfig: Setting CVar [[r.VolumetricFog.HistoryMissSupersampleCount:4]]
[2021.01.06-21.42.17:947][  0]LogConfig: Setting CVar [[r.LightMaxDrawDistanceScale:1]]
[2021.01.06-21.42.17:947][  0]LogConfig: Setting CVar [[r.CapsuleShadows:1]]
[2021.01.06-21.42.17:947][  0]LogConfig: Applying CVar settings from Section [PostProcessQuality@3] File [D:/missp/Projects/Retail-Game/Retail1/Saved/Config/Windows/Scalability.ini]
[2021.01.06-21.42.17:947][  0]LogConfig: Setting CVar [[r.MotionBlurQuality:4]]
[2021.01.06-21.42.17:947][  0]LogConfig: Setting CVar [[r.AmbientOcclusionMipLevelFactor:0.4]]
[2021.01.06-21.42.17:947][  0]LogConfig: Setting CVar [[r.AmbientOcclusionMaxQuality:100]]
[2021.01.06-21.42.17:947][  0]LogConfig: Setting CVar [[r.AmbientOcclusionLevels:-1]]
[2021.01.06-21.42.17:947][  0]LogConfig: Setting CVar [[r.AmbientOcclusionRadiusScale:1.0]]
[2021.01.06-21.42.17:947][  0]LogConfig: Setting CVar [[r.DepthOfFieldQuality:2]]
[2021.01.06-21.42.17:947][  0]LogConfig: Setting CVar [[r.RenderTargetPoolMin:400]]
[2021.01.06-21.42.17:947][  0]LogConfig: Setting CVar [[r.LensFlareQuality:2]]
[2021.01.06-21.42.17:947][  0]LogConfig: Setting CVar [[r.SceneColorFringeQuality:1]]
[2021.01.06-21.42.17:947][  0]LogConfig: Setting CVar [[r.EyeAdaptationQuality:2]]
[2021.01.06-21.42.17:947][  0]LogConfig: Setting CVar [[r.BloomQuality:5]]
[2021.01.06-21.42.17:947][  0]LogConfig: Setting CVar [[r.FastBlurThreshold:100]]
[2021.01.06-21.42.17:947][  0]LogConfig: Setting CVar [[r.Upscale.Quality:3]]
[2021.01.06-21.42.17:947][  0]LogConfig: Setting CVar [[r.Tonemapper.GrainQuantization:1]]
[2021.01.06-21.42.17:947][  0]LogConfig: Setting CVar [[r.LightShaftQuality:1]]
[2021.01.06-21.42.17:947][  0]LogConfig: Setting CVar [[r.Filter.SizeScale:1]]
[2021.01.06-21.42.17:947][  0]LogConfig: Setting CVar [[r.Tonemapper.Quality:5]]
[2021.01.06-21.42.17:947][  0]LogConfig: Setting CVar [[r.DOF.Gather.AccumulatorQuality:1        ; higher gathering accumulator quality]]
[2021.01.06-21.42.17:947][  0]LogConfig: Setting CVar [[r.DOF.Gather.PostfilterMethod:1          ; Median3x3 postfilering method]]
[2021.01.06-21.42.17:947][  0]LogConfig: Setting CVar [[r.DOF.Gather.EnableBokehSettings:0       ; no bokeh simulation when gathering]]
[2021.01.06-21.42.17:948][  0]LogConfig: Setting CVar [[r.DOF.Gather.RingCount:4                 ; medium number of samples when gathering]]
[2021.01.06-21.42.17:948][  0]LogConfig: Setting CVar [[r.DOF.Scatter.ForegroundCompositing:1    ; additive foreground scattering]]
[2021.01.06-21.42.17:948][  0]LogConfig: Setting CVar [[r.DOF.Scatter.BackgroundCompositing:2    ; additive background scattering]]
[2021.01.06-21.42.17:948][  0]LogConfig: Setting CVar [[r.DOF.Scatter.EnableBokehSettings:1      ; bokeh simulation when scattering]]
[2021.01.06-21.42.17:948][  0]LogConfig: Setting CVar [[r.DOF.Scatter.MaxSpriteRatio:0.1         ; only a maximum of 10% of scattered bokeh]]
[2021.01.06-21.42.17:948][  0]LogConfig: Setting CVar [[r.DOF.Recombine.Quality:1                ; cheap slight out of focus]]
[2021.01.06-21.42.17:948][  0]LogConfig: Setting CVar [[r.DOF.Recombine.EnableBokehSettings:0    ; no bokeh simulation on slight out of focus]]
[2021.01.06-21.42.17:948][  0]LogConfig: Setting CVar [[r.DOF.TemporalAAQuality:1                ; more stable temporal accumulation]]
[2021.01.06-21.42.17:948][  0]LogConfig: Setting CVar [[r.DOF.Kernel.MaxForegroundRadius:0.025]]
[2021.01.06-21.42.17:948][  0]LogConfig: Setting CVar [[r.DOF.Kernel.MaxBackgroundRadius:0.025]]
[2021.01.06-21.42.17:948][  0]LogConfig: Applying CVar settings from Section [TextureQuality@3] File [D:/missp/Projects/Retail-Game/Retail1/Saved/Config/Windows/Scalability.ini]
[2021.01.06-21.42.17:948][  0]LogConfig: Setting CVar [[r.Streaming.MipBias:0]]
[2021.01.06-21.42.17:948][  0]LogConfig: Setting CVar [[r.Streaming.AmortizeCPUToGPUCopy:0]]
[2021.01.06-21.42.17:948][  0]LogConfig: Setting CVar [[r.Streaming.MaxNumTexturesToStreamPerFrame:0]]
[2021.01.06-21.42.17:948][  0]LogConfig: Setting CVar [[r.Streaming.Boost:1]]
[2021.01.06-21.42.17:948][  0]LogConfig: Setting CVar [[r.MaxAnisotropy:8]]
[2021.01.06-21.42.17:948][  0]LogConfig: Setting CVar [[r.VT.MaxAnisotropy:8]]
[2021.01.06-21.42.17:948][  0]LogConfig: Setting CVar [[r.Streaming.LimitPoolSizeToVRAM:0]]
[2021.01.06-21.42.17:948][  0]LogConfig: Setting CVar [[r.Streaming.PoolSize:1000]]
[2021.01.06-21.42.17:948][  0]LogConfig: Setting CVar [[r.Streaming.MaxEffectiveScreenSize:0]]
[2021.01.06-21.42.17:948][  0]LogConfig: Applying CVar settings from Section [EffectsQuality@3] File [D:/missp/Projects/Retail-Game/Retail1/Saved/Config/Windows/Scalability.ini]
[2021.01.06-21.42.17:948][  0]LogConfig: Setting CVar [[r.TranslucencyLightingVolumeDim:64]]
[2021.01.06-21.42.17:948][  0]LogConfig: Setting CVar [[r.RefractionQuality:2]]
[2021.01.06-21.42.17:948][  0]LogConfig: Setting CVar [[r.SSR.Quality:3]]
[2021.01.06-21.42.17:948][  0]LogConfig: Setting CVar [[r.SSR.HalfResSceneColor:0]]
[2021.01.06-21.42.17:948][  0]LogConfig: Setting CVar [[r.SceneColorFormat:4]]
[2021.01.06-21.42.17:948][  0]LogConfig: Setting CVar [[r.DetailMode:2]]
[2021.01.06-21.42.17:948][  0]LogConfig: Setting CVar [[r.TranslucencyVolumeBlur:1]]
[2021.01.06-21.42.17:948][  0]LogConfig: Setting CVar [[r.MaterialQualityLevel:1 ; High quality]]
[2021.01.06-21.42.17:948][  0]LogConfig: Setting CVar [[r.SSS.Scale:1]]
[2021.01.06-21.42.17:948][  0]LogConfig: Setting CVar [[r.SSS.SampleSet:2]]
[2021.01.06-21.42.17:948][  0]LogConfig: Setting CVar [[r.SSS.Quality:1]]
[2021.01.06-21.42.17:948][  0]LogConfig: Setting CVar [[r.SSS.HalfRes:0]]
[2021.01.06-21.42.17:948][  0]LogConfig: Setting CVar [[r.SSGI.Quality:3]]
[2021.01.06-21.42.17:948][  0]LogConfig: Setting CVar [[r.EmitterSpawnRateScale:1.0]]
[2021.01.06-21.42.17:948][  0]LogConfig: Setting CVar [[r.ParticleLightQuality:2]]
[2021.01.06-21.42.17:948][  0]LogConfig: Setting CVar [[r.SkyAtmosphere.AerialPerspectiveLUT.FastApplyOnOpaque:1 ; Always have FastSkyLUT 1 in this case to avoid wrong sky]]
[2021.01.06-21.42.17:948][  0]LogConfig: Setting CVar [[r.SkyAtmosphere.AerialPerspectiveLUT.SampleCountPerSlice:1]]
[2021.01.06-21.42.17:948][  0]LogConfig: Setting CVar [[r.SkyAtmosphere.AerialPerspectiveLUT.DepthResolution:16.0]]
[2021.01.06-21.42.17:948][  0]LogConfig: Setting CVar [[r.SkyAtmosphere.FastSkyLUT:1]]
[2021.01.06-21.42.17:948][  0]LogConfig: Setting CVar [[r.SkyAtmosphere.FastSkyLUT.SampleCountMin:4.0]]
[2021.01.06-21.42.17:948][  0]LogConfig: Setting CVar [[r.SkyAtmosphere.FastSkyLUT.SampleCountMax:32.0]]
[2021.01.06-21.42.17:948][  0]LogConfig: Setting CVar [[r.SkyAtmosphere.SampleCountMin:4.0]]
[2021.01.06-21.42.17:948][  0]LogConfig: Setting CVar [[r.SkyAtmosphere.SampleCountMax:32.0]]
[2021.01.06-21.42.17:948][  0]LogConfig: Setting CVar [[r.SkyAtmosphere.TransmittanceLUT.UseSmallFormat:0]]
[2021.01.06-21.42.17:948][  0]LogConfig: Setting CVar [[r.SkyAtmosphere.TransmittanceLUT.SampleCount:10.0]]
[2021.01.06-21.42.17:948][  0]LogConfig: Setting CVar [[r.SkyAtmosphere.MultiScatteringLUT.SampleCount:15.0]]
[2021.01.06-21.42.17:948][  0]LogConfig: Applying CVar settings from Section [FoliageQuality@3] File [D:/missp/Projects/Retail-Game/Retail1/Saved/Config/Windows/Scalability.ini]
[2021.01.06-21.42.17:948][  0]LogConfig: Setting CVar [[foliage.DensityScale:1.0]]
[2021.01.06-21.42.17:948][  0]LogConfig: Setting CVar [[grass.DensityScale:1.0]]
[2021.01.06-21.42.17:948][  0]LogConfig: Applying CVar settings from Section [ShadingQuality@3] File [D:/missp/Projects/Retail-Game/Retail1/Saved/Config/Windows/Scalability.ini]
[2021.01.06-21.42.17:948][  0]LogConfig: Setting CVar [[r.HairStrands.SkyLighting.SampleCount:16]]
[2021.01.06-21.42.17:948][  0]LogConfig: Setting CVar [[r.HairStrands.SkyLighting.JitterIntegration:0]]
[2021.01.06-21.42.17:948][  0]LogConfig: Setting CVar [[r.HairStrands.SkyAO.SampleCount:16]]
[2021.01.06-21.42.17:948][  0]LogConfig: Setting CVar [[r.HairStrands.DeepShadow.SuperSampling:0]]
[2021.01.06-21.42.17:948][  0]LogConfig: Setting CVar [[r.HairStrands.VisibilityPPLL:0]]
[2021.01.06-21.42.17:948][  0]LogConfig: Setting CVar [[r.HairStrands.RasterizationScale:0.5]]
[2021.01.06-21.42.17:948][  0]LogConfig: Setting CVar [[r.HairStrands.VelocityRasterizationScale:1]]
[2021.01.06-21.42.17:948][  0]LogConfig: Applying CVar settings from Section [Startup] File [../../../Engine/Config/ConsoleVariables.ini]
[2021.01.06-21.42.17:949][  0]LogConfig: Setting CVar [[net.UseAdaptiveNetUpdateFrequency:0]]
[2021.01.06-21.42.17:949][  0]LogConfig: Setting CVar [[p.chaos.AllowCreatePhysxBodies:1]]
[2021.01.06-21.42.17:949][  0]LogConfig: Setting CVar [[fx.SkipVectorVMBackendOptimizations:1]]
[2021.01.06-21.42.17:949][  0]LogConfig: Applying CVar settings from Section [ConsoleVariables] File [D:/missp/Projects/Retail-Game/Retail1/Saved/Config/Windows/Engine.ini]
[2021.01.06-21.42.17:949][  0]LogInit: Computer: WONDERLAND
[2021.01.06-21.42.17:949][  0]LogInit: User: missp
[2021.01.06-21.42.17:949][  0]LogInit: CPU Page size=4096, Cores=4
[2021.01.06-21.42.17:949][  0]LogInit: High frequency timer resolution =10.000000 MHz
[2021.01.06-21.42.17:949][  0]LogMemory: Memory total: Physical=15.9GB (16GB approx)
[2021.01.06-21.42.17:949][  0]LogMemory: Platform Memory Stats for Windows
[2021.01.06-21.42.17:949][  0]LogMemory: Process Physical Memory: 117.66 MB used, 117.66 MB peak
[2021.01.06-21.42.17:949][  0]LogMemory: Process Virtual Memory: 102.20 MB used, 102.20 MB peak
[2021.01.06-21.42.17:949][  0]LogMemory: Physical Memory: 10948.81 MB used,  5304.38 MB free, 16253.19 MB total
[2021.01.06-21.42.17:949][  0]LogMemory: Virtual Memory: 5184.17 MB used,  134212544.00 MB free, 134217728.00 MB total
[2021.01.06-21.42.19:080][  0]LogWindows: WindowsPlatformFeatures enabled
[2021.01.06-21.42.19:116][  0]LogInit: Physics initialised using underlying interface: PhysX
[2021.01.06-21.42.19:117][  0]LogInit: Using OS detected language (en-US).
[2021.01.06-21.42.19:117][  0]LogInit: Using OS detected locale (en-US).
[2021.01.06-21.42.19:119][  0]LogTextLocalizationManager: No specific localization for 'en-US' exists, so the 'en' localization will be used.
[2021.01.06-21.42.19:301][  0]LogInit: Setting process to per monitor DPI aware
[2021.01.06-21.42.19:343][  0]LogSlate: New Slate User Created.  User Index 0, Is Virtual User: 0
[2021.01.06-21.42.19:343][  0]LogSlate: Slate User Registered.  User Index 0, Is Virtual User: 0
[2021.01.06-21.42.19:578][  0]LogD3D11RHI: D3D11 min allowed feature level: 11_0
[2021.01.06-21.42.19:578][  0]LogD3D11RHI: D3D11 max allowed feature level: 11_0
[2021.01.06-21.42.19:578][  0]LogD3D11RHI: D3D11 adapters:
[2021.01.06-21.42.19:635][  0]LogD3D11RHI:    0. 'NVIDIA GeForce GTX 1070' (Feature Level 11_0)
[2021.01.06-21.42.19:636][  0]LogD3D11RHI:       8081/0/8126 MB DedicatedVideo/DedicatedSystem/SharedSystem, Outputs:2, VendorId:0x10de
[2021.01.06-21.42.19:669][  0]LogD3D11RHI:    1. 'Intel(R) HD Graphics 630' (Feature Level 11_0)
[2021.01.06-21.42.19:669][  0]LogD3D11RHI:       128/0/8126 MB DedicatedVideo/DedicatedSystem/SharedSystem, Outputs:0, VendorId:0x8086
[2021.01.06-21.42.19:671][  0]LogD3D11RHI:    2. 'Microsoft Basic Render Driver' (Feature Level 11_0)
[2021.01.06-21.42.19:671][  0]LogD3D11RHI:       0/0/8126 MB DedicatedVideo/DedicatedSystem/SharedSystem, Outputs:0, VendorId:0x1414
[2021.01.06-21.42.19:671][  0]LogD3D11RHI: Chosen D3D11 Adapter: 0
[2021.01.06-21.42.19:685][  0]LogD3D11RHI: Creating new Direct3DDevice
[2021.01.06-21.42.19:685][  0]LogD3D11RHI:     GPU DeviceId: 0x1be1 (for the marketing name, search the web for "GPU Device Id")
[2021.01.06-21.42.19:685][  0]LogWindows: EnumDisplayDevices:
[2021.01.06-21.42.19:685][  0]LogWindows:    0. 'NVIDIA GeForce GTX 1070' (P:1 D:1)
[2021.01.06-21.42.19:686][  0]LogWindows:    1. 'NVIDIA GeForce GTX 1070' (P:0 D:1)
[2021.01.06-21.42.19:686][  0]LogWindows:    2. 'NVIDIA GeForce GTX 1070' (P:0 D:0)
[2021.01.06-21.42.19:686][  0]LogWindows:    3. 'NVIDIA GeForce GTX 1070' (P:0 D:0)
[2021.01.06-21.42.19:686][  0]LogWindows:    4. 'Intel(R) HD Graphics 630' (P:0 D:0)
[2021.01.06-21.42.19:687][  0]LogWindows:    5. 'Intel(R) HD Graphics 630' (P:0 D:0)
[2021.01.06-21.42.19:687][  0]LogWindows:    6. 'Intel(R) HD Graphics 630' (P:0 D:0)
[2021.01.06-21.42.19:687][  0]LogWindows: DebugString: PrimaryIsNotTheChoosenAdapter PrimaryIsNotTheChoosenAdapter PrimaryIsNotTheChoosenAdapter FoundDriverCount:4 
[2021.01.06-21.42.19:687][  0]LogD3D11RHI:     Adapter Name: NVIDIA GeForce GTX 1070
[2021.01.06-21.42.19:687][  0]LogD3D11RHI:   Driver Version: 431.53 (internal:26.21.14.3153, unified:431.53)
[2021.01.06-21.42.19:687][  0]LogD3D11RHI:      Driver Date: 7-12-2019
[2021.01.06-21.42.19:687][  0]LogRHI: Texture pool is 5656 MB (70% of 8081 MB)
[2021.01.06-21.42.19:730][  0]LogD3D11RHI: RHI has support for 64 bit atomics
[2021.01.06-21.42.19:730][  0]LogD3D11RHI: Async texture creation enabled
[2021.01.06-21.42.19:730][  0]LogD3D11RHI: Array index from any shader is supported
[2021.01.06-21.42.19:840][  0]LogD3D11RHI: GPU Timing Frequency: 1000.000000 (Debug: 2 1)
[2021.01.06-21.42.20:158][  0]LogTargetPlatformManager: Display: Loaded TargetPlatform 'AllDesktop'
[2021.01.06-21.42.20:180][  0]LogTargetPlatformManager: Display: Loaded TargetPlatform 'Android'
[2021.01.06-21.42.20:180][  0]LogTargetPlatformManager: Display: Loaded TargetPlatform 'Android_ASTC'
[2021.01.06-21.42.20:180][  0]LogTargetPlatformManager: Display: Loaded TargetPlatform 'Android_DXT'
[2021.01.06-21.42.20:180][  0]LogTargetPlatformManager: Display: Loaded TargetPlatform 'Android_ETC2'
[2021.01.06-21.42.20:180][  0]LogTargetPlatformManager: Display: Loaded TargetPlatform 'AndroidClient'
[2021.01.06-21.42.20:180][  0]LogTargetPlatformManager: Display: Loaded TargetPlatform 'Android_ASTCClient'
[2021.01.06-21.42.20:180][  0]LogTargetPlatformManager: Display: Loaded TargetPlatform 'Android_DXTClient'
[2021.01.06-21.42.20:180][  0]LogTargetPlatformManager: Display: Loaded TargetPlatform 'Android_ETC2Client'
[2021.01.06-21.42.20:180][  0]LogTargetPlatformManager: Display: Loaded TargetPlatform 'Android_Multi'
[2021.01.06-21.42.20:180][  0]LogTargetPlatformManager: Display: Loaded TargetPlatform 'Android_MultiClient'
[2021.01.06-21.42.20:204][  0]LogTargetPlatformManager: Display: Loaded TargetPlatform 'IOSClient'
[2021.01.06-21.42.20:204][  0]LogTargetPlatformManager: Display: Loaded TargetPlatform 'IOS'
[2021.01.06-21.42.20:214][  0]LogTargetPlatformManager: Display: Loaded TargetPlatform 'Linux'
[2021.01.06-21.42.20:224][  0]LogTargetPlatformManager: Display: Loaded TargetPlatform 'LinuxNoEditor'
[2021.01.06-21.42.20:234][  0]LogTargetPlatformManager: Display: Loaded TargetPlatform 'LinuxClient'
[2021.01.06-21.42.20:243][  0]LogTargetPlatformManager: Display: Loaded TargetPlatform 'LinuxServer'
[2021.01.06-21.42.20:252][  0]LogTargetPlatformManager: Display: Loaded TargetPlatform 'LinuxAArch64NoEditor'
[2021.01.06-21.42.20:262][  0]LogTargetPlatformManager: Display: Loaded TargetPlatform 'LinuxAArch64Client'
[2021.01.06-21.42.20:271][  0]LogTargetPlatformManager: Display: Loaded TargetPlatform 'LinuxAArch64Server'
[2021.01.06-21.42.20:295][  0]LogTargetPlatformManager: Display: Loaded TargetPlatform 'Lumin'
[2021.01.06-21.42.20:295][  0]LogTargetPlatformManager: Display: Loaded TargetPlatform 'LuminClient'
[2021.01.06-21.42.20:310][  0]LogTargetPlatformManager: Display: Loaded TargetPlatform 'TVOSClient'
[2021.01.06-21.42.20:311][  0]LogTargetPlatformManager: Display: Loaded TargetPlatform 'TVOS'
[2021.01.06-21.42.20:319][  0]LogTargetPlatformManager: Display: Loaded TargetPlatform 'WindowsNoEditor'
[2021.01.06-21.42.20:329][  0]LogTargetPlatformManager: Display: Loaded TargetPlatform 'Windows'
[2021.01.06-21.42.20:338][  0]LogTargetPlatformManager: Display: Loaded TargetPlatform 'WindowsClient'
[2021.01.06-21.42.20:347][  0]LogTargetPlatformManager: Display: Loaded TargetPlatform 'WindowsServer'
[2021.01.06-21.42.20:347][  0]LogTargetPlatformManager: Display: Building Assets For Windows
[2021.01.06-21.42.20:355][  0]LogAudioDebug: Display: Lib vorbis DLL was dynamically loaded.
[2021.01.06-21.42.20:418][  0]LogShaderCompilers: Guid format shader working directory is 4 characters bigger than the processId version (../../../../Projects/Retail-Game/Retail1/Intermediate/Shaders/WorkingDirectory/101308/).
[2021.01.06-21.42.20:418][  0]LogShaderCompilers: Cleaned the shader compiler working directory 'C:/Users/missp/AppData/Local/Temp/UnrealShaderWorkingDir/A729770F47469BCB8705D8898A838A49/'.
[2021.01.06-21.42.20:419][  0]LogXGEController: Cannot use XGE Controller as Incredibuild is not installed on this machine.
[2021.01.06-21.42.20:419][  0]LogShaderCompilers: Cannot use XGE Shader Compiler as Incredibuild is not installed on this machine.
[2021.01.06-21.42.20:419][  0]LogShaderCompilers: Display: Using Local Shader Compiler.
[2021.01.06-21.42.21:213][  0]LogDerivedDataCache: Display: Max Cache Size: 512 MB
[2021.01.06-21.42.21:267][  0]LogDerivedDataCache: Loaded boot cache 0.05s 82MB C:/Users/missp/AppData/Local/UnrealEngine/4.25/DerivedDataCache/Boot.ddc.
[2021.01.06-21.42.21:267][  0]LogDerivedDataCache: Display: Loaded Boot cache: C:/Users/missp/AppData/Local/UnrealEngine/4.25/DerivedDataCache/Boot.ddc
[2021.01.06-21.42.21:267][  0]LogDerivedDataCache: FDerivedDataBackendGraph:  Pak pak cache file ../../../../Projects/Retail-Game/Retail1/DerivedDataCache/DDC.ddp not found, will not use a pak cache.
[2021.01.06-21.42.21:267][  0]LogDerivedDataCache: Unable to find inner node Pak for hierarchical cache Hierarchy.
[2021.01.06-21.42.21:267][  0]LogDerivedDataCache: FDerivedDataBackendGraph:  CompressedPak pak cache file ../../../../Projects/Retail-Game/Retail1/DerivedDataCache/Compressed.ddp not found, will not use a pak cache.
[2021.01.06-21.42.21:267][  0]LogDerivedDataCache: Unable to find inner node CompressedPak for hierarchical cache Hierarchy.
[2021.01.06-21.42.21:278][  0]LogDerivedDataCache: Display: Pak cache opened for reading ../../../Engine/DerivedDataCache/Compressed.ddp.
[2021.01.06-21.42.21:278][  0]LogDerivedDataCache: FDerivedDataBackendGraph:  EnterprisePak pak cache file ../../../Enterprise/DerivedDataCache/Compressed.ddp not found, will not use a pak cache.
[2021.01.06-21.42.21:278][  0]LogDerivedDataCache: Unable to find inner node EnterprisePak for hierarchical cache Hierarchy.
[2021.01.06-21.42.21:280][  0]LogDerivedDataCache: Using Local data cache path C:/Users/missp/AppData/Local/UnrealEngine/Common/DerivedDataCache: Writable
[2021.01.06-21.42.21:280][  0]LogDerivedDataCache: Shared data cache path not found in *engine.ini, will not use an Shared cache.
[2021.01.06-21.42.21:280][  0]LogDerivedDataCache: Unable to find inner node Shared for hierarchical cache Hierarchy.
[2021.01.06-21.42.21:334][  0]LogSlate: Using FreeType 2.10.0
[2021.01.06-21.42.21:335][  0]LogSlate: SlateFontServices - WITH_FREETYPE: 1, WITH_HARFBUZZ: 1
[2021.01.06-21.42.21:363][  0]LogAssetRegistry: FAssetRegistry took 0.0025 seconds to start up
[2021.01.06-21.42.21:620][  0]LogInit: Selected Device Profile: [Windows]
[2021.01.06-21.42.21:740][  0]LogMeshReduction: Using QuadricMeshReduction for automatic static mesh reduction
[2021.01.06-21.42.21:740][  0]LogMeshReduction: Using SimplygonMeshReduction for automatic skeletal mesh reduction
[2021.01.06-21.42.21:740][  0]LogMeshReduction: Using ProxyLODMeshReduction for automatic mesh merging
[2021.01.06-21.42.21:740][  0]LogMeshReduction: No distributed automatic mesh merging module available
[2021.01.06-21.42.21:740][  0]LogMeshMerging: No distributed automatic mesh merging module available
[2021.01.06-21.42.21:761][  0]LogNetVersion: Retail1 1.0.0, NetCL: 13144385, EngineNetVer: 14, GameNetVer: 0 (Checksum: 2139136878)
[2021.01.06-21.42.22:274][  0]LogAISub: UAISubsystem::UAISubsystem AISubsystem (0000011F2913C200), frame # 0
[2021.01.06-21.42.22:274][  0]LogAISub: UAISubsystem::UAISubsystem AIPerceptionSystem (0000011F2A0A0900), frame # 0
[2021.01.06-21.42.22:283][  0]LogAISub: UAISubsystem::UAISubsystem EnvQueryManager (0000011F2A0CC800), frame # 0
[2021.01.06-21.42.22:358][  0]LogPackageLocalizationCache: Processed 18 localized package path(s) for 1 prioritized culture(s) in 0.068918 seconds
[2021.01.06-21.42.22:363][  0]LogUObjectArray: 15814 objects as part of root set at end of initial load.
[2021.01.06-21.42.22:364][  0]LogUObjectAllocator: 3939424 out of 0 bytes used by permanent object pool.
[2021.01.06-21.42.22:364][  0]LogUObjectArray: CloseDisregardForGC: 0/0 objects in disregard for GC pool
[2021.01.06-21.42.22:718][  0]LogTcpMessaging: Initializing TcpMessaging bridge
[2021.01.06-21.42.22:722][  0]LogUdpMessaging: Initializing bridge on interface 0.0.0.0:0 to multicast group 230.0.0.1:6666.
[2021.01.06-21.42.22:758][  0]LogTemp: TIME TO COMPLETE -536870912
[2021.01.06-21.42.22:940][  0]SourceControl: Source control is disabled
[2021.01.06-21.42.22:940][  0]SourceControl: Source control is disabled
[2021.01.06-21.42.22:943][  0]SourceControl: Source control is disabled
[2021.01.06-21.42.22:946][  0]SourceControl: Source control is disabled
[2021.01.06-21.42.22:954][  0]SourceControl: Source control is disabled
[2021.01.06-21.42.23:182][  0]LogAndroidPermission: UAndroidPermissionCallbackProxy::GetInstance
[2021.01.06-21.42.23:202][  0]LogAudioCaptureCore: Display: No Audio Capture implementations found. Audio input will be silent.
[2021.01.06-21.42.23:202][  0]LogAudioCaptureCore: Display: No Audio Capture implementations found. Audio input will be silent.
[2021.01.06-21.42.23:253][  0]LogOcInput: OculusInput pre-init called
[2021.01.06-21.42.23:527][  0]LogEngine: Initializing Engine...
[2021.01.06-21.42.23:528][  0]LogMagicLeap: Warning: VR disabled because ZI is not enabled.  To enable, in the editor, Edit -> Project Settings -> Plugins -> Magic Leap Plugin -> Enable Zero Iteration
[2021.01.06-21.42.23:529][  0]LogStats: UGameplayTagsManager::InitializeManager -  0.000 s
[2021.01.06-21.42.23:641][  0]LogInit: Initializing FReadOnlyCVARCache
[2021.01.06-21.42.23:648][  0]LogAIModule: Creating AISystem for world Untitled
[2021.01.06-21.42.23:648][  0]LogAISub: UAISubsystem::UAISubsystem EnvQueryManager (0000011F316C9800), frame # 0
[2021.01.06-21.42.23:648][  0]LogAISub: UAISubsystem::UAISubsystem AIPerceptionSystem (0000011F3169FB00), frame # 0
[2021.01.06-21.42.23:728][  0]LogAudioMixer: Display: Audio Mixer Platform Settings:
[2021.01.06-21.42.23:728][  0]LogAudioMixer: Display: 	Sample Rate:						  48000
[2021.01.06-21.42.23:728][  0]LogAudioMixer: Display: 	Callback Buffer Frame Size Requested: 1024
[2021.01.06-21.42.23:728][  0]LogAudioMixer: Display: 	Callback Buffer Frame Size To Use:	  1024
[2021.01.06-21.42.23:728][  0]LogAudioMixer: Display: 	Number of buffers to queue:			  2
[2021.01.06-21.42.23:728][  0]LogAudioMixer: Display: 	Max Channels (voices):				  32
[2021.01.06-21.42.23:728][  0]LogAudioMixer: Display: 	Number of Async Source Workers:		  0
[2021.01.06-21.42.23:728][  0]LogAudio: Display: AudioDevice MaxSources: 32
[2021.01.06-21.42.23:729][  0]LogAudio: Display: Using built-in audio occlusion.
[2021.01.06-21.42.23:729][  0]LogAudioMixer: Display: Initializing audio mixer.
[2021.01.06-21.42.23:761][  0]LogAudioMixer: Display: 0: FrontLeft
[2021.01.06-21.42.23:761][  0]LogAudioMixer: Display: 1: FrontRight
[2021.01.06-21.42.23:761][  0]LogAudioMixer: Display: 2: FrontCenter
[2021.01.06-21.42.23:761][  0]LogAudioMixer: Display: 3: LowFrequency
[2021.01.06-21.42.23:761][  0]LogAudioMixer: Display: 4: BackLeft
[2021.01.06-21.42.23:761][  0]LogAudioMixer: Display: 5: BackRight
[2021.01.06-21.42.23:761][  0]LogAudioMixer: Display: 6: SideLeft
[2021.01.06-21.42.23:761][  0]LogAudioMixer: Display: 7: SideRight
[2021.01.06-21.42.24:024][  0]LogAudioMixer: Display: Using Audio Device Speakers / Headphones (Realtek Audio)
[2021.01.06-21.42.24:027][  0]LogAudioMixer: Display: Initializing Sound Submixes...
[2021.01.06-21.42.24:029][  0]LogAudioMixer: Display: Creating Master Submix 'MasterSubmixDefault'
[2021.01.06-21.42.24:029][  0]LogAudioMixer: Display: Creating Master Submix 'MasterReverbSubmixDefault'
[2021.01.06-21.42.24:030][  0]LogAudioMixer: Display: Creating Master Submix 'MasterEQSubmixDefault'
[2021.01.06-21.42.24:031][  0]LogInit: FAudioDevice initialized.
[2021.01.06-21.42.24:031][  0]LogNetVersion: Set ProjectVersion to 1.0.0.0. Version Checksum will be recalculated on next use.
[2021.01.06-21.42.24:110][  0]LogDerivedDataCache: Saved boot cache 0.08s 82MB C:/Users/missp/AppData/Local/UnrealEngine/4.25/DerivedDataCache/Boot.ddc.
[2021.01.06-21.42.24:115][  0]LogInit: Texture streaming: Enabled
[2021.01.06-21.42.24:130][  0]LogEngineSessionManager: EngineSessionManager initialized
[2021.01.06-21.42.24:130][  0]LogEditorSessionSummary: Verbose: Initializing EditorSessionSummaryWriter for editor session tracking
[2021.01.06-21.42.24:132][  0]LogEditorSessionSummary: EditorSessionSummaryWriter initialized
[2021.01.06-21.42.24:195][  0]LogInit: Transaction tracking system initialized
[2021.01.06-21.42.24:214][  0]BlueprintLog: New page: Editor Load
[2021.01.06-21.42.24:280][  0]LocalizationService: Localization service is disabled
[2021.01.06-21.42.24:429][  0]LogCook: Display: Max memory allowance for cook 16384mb min free memory 0mb
[2021.01.06-21.42.24:429][  0]LogCook: Display: Mobile HDR setting 1
[2021.01.06-21.42.24:442][  0]LogFileCache: Scanning file cache for directory 'D:/missp/Projects/Retail-Game/Retail1/Content/' took 0.01s
[2021.01.06-21.42.24:586][  0]SourceControl: Source control is disabled
[2021.01.06-21.42.24:586][  0]LogUnrealEdMisc: Loading editor; pre map load, took 9.480
[2021.01.06-21.42.24:587][  0]Cmd: MAP LOAD FILE="../../../../Projects/Retail-Game/Retail1/Content/ThirdPersonCPP/Maps/ThirdPersonExampleMap.umap" TEMPLATE=0 SHOWPROGRESS=1 FEATURELEVEL=3
[2021.01.06-21.42.24:587][  0]LightingResults: New page: Lighting Build
[2021.01.06-21.42.24:587][  0]LogWorld: UWorld::CleanupWorld for Untitled, bSessionEnded=true, bCleanupResources=true
[2021.01.06-21.42.24:588][  0]LogSlate: InvalidateAllWidgets triggered.  All widgets were invalidated
[2021.01.06-21.42.24:588][  0]MapCheck: New page: Map Check
[2021.01.06-21.42.24:588][  0]LightingResults: New page: Lighting Build
[2021.01.06-21.42.24:598][  0]LogAISub: UAISubsystem::~UAISubsystem EnvQueryManager (0000011F316C9800), frame # 0
[2021.01.06-21.42.24:598][  0]LogAISub: UAISubsystem::~UAISubsystem AIPerceptionSystem (0000011F3169FB00), frame # 0
[2021.01.06-21.42.24:599][  0]LogUObjectHash: Compacting FUObjectHashTables data took   0.73ms
[2021.01.06-21.42.24:643][  0]LogTemp: TIME TO COMPLETE 1610612736
[2021.01.06-21.42.24:645][  0]LogTemp: TIME TO COMPLETE -1073741824
[2021.01.06-21.42.24:647][  0]LogTemp: TIME TO COMPLETE 0
[2021.01.06-21.42.24:658][  0]LogTemp: TIME TO COMPLETE 1610612736
[2021.01.06-21.42.24:689][  0]LogAIModule: Creating AISystem for world ThirdPersonExampleMap
[2021.01.06-21.42.24:689][  0]LogAISub: UAISubsystem::UAISubsystem EnvQueryManager (0000011F31C77E00), frame # 0
[2021.01.06-21.42.24:689][  0]LogAISub: UAISubsystem::UAISubsystem AIPerceptionSystem (0000011F31C83B00), frame # 0
[2021.01.06-21.42.24:715][  0]LogEditorServer: Finished looking for orphan Actors (0.000 secs)
[2021.01.06-21.42.24:727][  0]LogUObjectHash: Compacting FUObjectHashTables data took   1.09ms
[2021.01.06-21.42.24:727][  0]Cmd: MAP CHECKDEP NOCLEARLOG
[2021.01.06-21.42.24:727][  0]MapCheck: Map check complete: 0 Error(s), 0 Warning(s), took 0.105ms to complete.
[2021.01.06-21.42.24:727][  0]LogFileHelpers: Loading map 'ThirdPersonExampleMap' took 0.141
[2021.01.06-21.42.24:731][  0]LogUnrealEdMisc: Total Editor Startup Time, took 9.624
[2021.01.06-21.42.25:305][  0]LogSlate: Updating window title bar state: overlay mode, drag disabled, window buttons hidden, title bar hidden
[2021.01.06-21.42.25:311][  0]LogSlate: Updating window title bar state: overlay mode, drag disabled, window buttons hidden, title bar hidden
[2021.01.06-21.42.25:318][  0]LogSlate: Updating window title bar state: overlay mode, drag disabled, window buttons hidden, title bar hidden
[2021.01.06-21.42.25:325][  0]LogSlate: Updating window title bar state: overlay mode, drag disabled, window buttons hidden, title bar hidden
[2021.01.06-21.42.25:334][  0]LogCollectionManager: Loaded 0 collections in 0.000967 seconds
[2021.01.06-21.42.25:349][  0]LogFileCache: Scanning file cache for directory 'D:/missp/Projects/Retail-Game/Retail1/Saved/Collections/' took 0.00s
[2021.01.06-21.42.25:349][  0]LogFileCache: Scanning file cache for directory 'D:/missp/Projects/Retail-Game/Retail1/Content/Developers/missp/Collections/' took 0.00s
[2021.01.06-21.42.25:349][  0]LogFileCache: Scanning file cache for directory 'D:/missp/Projects/Retail-Game/Retail1/Content/Collections/' took 0.00s
[2021.01.06-21.42.25:349][  0]LogContentBrowser: Native class hierarchy populated in 0.0093 seconds. Added 3422 classes and 817 folders.
[2021.01.06-21.42.25:354][  0]LogContentBrowser: Native class hierarchy updated for 'WidgetCarousel' in 0.0005 seconds. Added 0 classes and 0 folders.
[2021.01.06-21.42.25:437][  0]LogContentBrowser: Native class hierarchy updated for 'AddContentDialog' in 0.0006 seconds. Added 0 classes and 0 folders.
[2021.01.06-21.42.25:538][  0]LogSlate: Took 0.000338 seconds to synchronously load lazily loaded font '../../../Engine/Content/Slate/Fonts/Roboto-Regular.ttf' (155K)
[2021.01.06-21.42.25:541][  0]LogSlate: Took 0.000231 seconds to synchronously load lazily loaded font '../../../Engine/Content/Slate/Fonts/Roboto-Bold.ttf' (160K)
[2021.01.06-21.42.25:543][  0]LogSlate: Took 0.000164 seconds to synchronously load lazily loaded font '../../../Engine/Content/Editor/Slate/Fonts/FontAwesome.ttf' (139K)
[2021.01.06-21.42.25:614][  0]LogRenderer: Reallocating scene render targets to support 1344x304 Format 10 NumSamples 1 (Frame:1).
[2021.01.06-21.42.25:722][  0]LogContentBrowser: Native class hierarchy updated for 'HierarchicalLODOutliner' in 0.0005 seconds. Added 0 classes and 0 folders.
[2021.01.06-21.42.25:722][  0]LogLoad: (Engine Initialization) Total time: 10.62 seconds
[2021.01.06-21.42.25:722][  0]LogLoad: (Engine Initialization) Total Blueprint compile time: 0.00 seconds
[2021.01.06-21.42.25:781][  0]LogAssetRegistry: Asset discovery search completed in 4.4203 seconds
[2021.01.06-21.42.25:786][  0]LogCollectionManager: Fixed up redirectors for 0 collections in 0.000002 seconds (updated 0 objects)
[2021.01.06-21.42.25:788][  0]LogContentStreaming: Texture pool size now 1000 MB
[2021.01.06-21.42.27:088][  4]LogSlate: Took 0.000177 seconds to synchronously load lazily loaded font '../../../Engine/Content/Slate/Fonts/Roboto-Light.ttf' (167K)
[2021.01.06-21.42.30:441][ 11]LogRenderer: Reallocating scene render targets to support 2252x552 Format 10 NumSamples 1 (Frame:7).
[2021.01.06-21.42.32:074][106]LogRenderer: Reallocating scene render targets to support 2252x560 Format 10 NumSamples 1 (Frame:101).
[2021.01.06-21.42.32:122][107]LogRenderer: Reallocating scene render targets to support 2252x584 Format 10 NumSamples 1 (Frame:103).
[2021.01.06-21.42.32:219][107]LogRenderer: Reallocating scene render targets to support 2252x792 Format 10 NumSamples 1 (Frame:105).
[2021.01.06-21.42.32:276][109]LogRenderer: Reallocating scene render targets to support 2252x820 Format 10 NumSamples 1 (Frame:107).
[2021.01.06-21.42.32:364][111]LogRenderer: Reallocating scene render targets to support 2252x828 Format 10 NumSamples 1 (Frame:111).
[2021.01.06-21.42.32:414][112]LogRenderer: Reallocating scene render targets to support 2252x832 Format 10 NumSamples 1 (Frame:113).
[2021.01.06-21.42.32:461][113]LogRenderer: Reallocating scene render targets to support 2252x844 Format 10 NumSamples 1 (Frame:115).
[2021.01.06-21.42.32:512][114]LogRenderer: Reallocating scene render targets to support 2252x864 Format 10 NumSamples 1 (Frame:117).
[2021.01.06-21.42.32:563][115]LogRenderer: Reallocating scene render targets to support 2252x872 Format 10 NumSamples 1 (Frame:119).
[2021.01.06-21.42.43:237][705]LogAssetEditorSubsystem: Opening Asset editor for Blueprint /Game/Blueprints/SpillCleanup2_BP.SpillCleanup2_BP
[2021.01.06-21.42.43:466][705]LogContentBrowser: Native class hierarchy updated for 'BlueprintGraph' in 0.0009 seconds. Added 125 classes and 0 folders.
[2021.01.06-21.42.44:307][705]LogTemp: TIME TO COMPLETE -1073741824
[2021.01.06-21.42.44:330][705]LogSlate: Took 0.000222 seconds to synchronously load lazily loaded font '../../../Engine/Content/Slate/Fonts/Roboto-BoldCondensed.ttf' (158K)
[2021.01.06-21.42.44:373][706]LogSlate: Took 0.000276 seconds to synchronously load lazily loaded font '../../../Engine/Content/Slate/Fonts/Roboto-Italic.ttf' (157K)
[2021.01.06-21.42.49:370][988]LogSlate: Window 'SpillCleanup2_BP' being destroyed
[2021.01.06-21.43.25:669][141]BlueprintLog: New page: Compile SpillCleanup2_BP
[2021.01.06-21.43.25:669][141]LogTemp: TIME TO COMPLETE 1610612736
[2021.01.06-21.43.25:671][141]LogTemp: TIME TO COMPLETE 536870912
[2021.01.06-21.43.25:674][141]LogTemp: TIME TO COMPLETE -1073741824
[2021.01.06-21.43.25:678][141]LogTemp: TIME TO COMPLETE 0
[2021.01.06-21.43.25:725][141]LogUObjectHash: Compacting FUObjectHashTables data took   2.19ms
[2021.01.06-21.43.25:760][141]LogTemp: TIME TO COMPLETE -1073741824
[2021.01.06-21.43.25:782][141]Cmd: OBJ SAVEPACKAGE PACKAGE="/Game/Blueprints/SpillCleanup2_BP" FILE="../../../../Projects/Retail-Game/Retail1/Content/Blueprints/SpillCleanup2_BP.uasset" SILENT=true
[2021.01.06-21.43.25:816][141]LogSavePackage: Moving '../../../../Projects/Retail-Game/Retail1/Saved/SpillCleanup2_BPDD304DF64F17EEE834A0798B21949B54.tmp' to '../../../../Projects/Retail-Game/Retail1/Content/Blueprints/SpillCleanup2_BP.uasset'
[2021.01.06-21.43.25:832][141]AssetCheck: New page: Asset Save: SpillCleanup2_BP
[2021.01.06-21.43.25:832][141]LogContentValidation: Display: Validating Blueprint /Game/Blueprints/SpillCleanup2_BP.SpillCleanup2_BP
[2021.01.06-21.43.25:871][141]LogSlate: Took 0.022781 seconds to synchronously load lazily loaded font '../../../Engine/Content/Slate/Fonts/DroidSansMono.ttf' (77K)
[2021.01.06-21.43.38:833][911]LogAssetEditorSubsystem: Opening Asset editor for WidgetBlueprint /Game/Blueprints/CleanupWidget_BP.CleanupWidget_BP
[2021.01.06-21.43.59:927][123]LogUObjectHash: Compacting FUObjectHashTables data took   3.27ms
[2021.01.06-21.44.00:302][123]LogSavePackage: Moving '../../../../Projects/Retail-Game/Retail1/Saved/ThirdPersonExampleMapE243DB8B442CDC3079D0A2BBB34C24E9.tmp' to '../../../../Projects/Retail-Game/Retail1/Content/ThirdPersonCPP/Maps/ThirdPersonExampleMap.umap'
[2021.01.06-21.44.00:556][123]LogSavePackage: Moving '../../../../Projects/Retail-Game/Retail1/Saved/ThirdPersonExampleMap_BuiltData6A10B45D4BC4132C4BAF128446E65CE3.tmp' to '../../../../Projects/Retail-Game/Retail1/Content/ThirdPersonCPP/Maps/ThirdPersonExampleMap_BuiltData.uasset'
[2021.01.06-21.44.00:573][123]AssetCheck: New page: Asset Save: multiple assets
[2021.01.06-21.44.00:573][123]LogContentValidation: Display: Validating World /Game/ThirdPersonCPP/Maps/ThirdPersonExampleMap.ThirdPersonExampleMap
[2021.01.06-21.44.00:573][123]LogContentValidation: Display: Validating MapBuildDataRegistry /Game/ThirdPersonCPP/Maps/ThirdPersonExampleMap_BuiltData.ThirdPersonExampleMap_BuiltData
[2021.01.06-21.44.01:918][203]LogTemp: Repeating last play command: Selected Viewport
[2021.01.06-21.44.01:935][203]LogPlayLevel: PlayLevel: No blueprints needed recompiling
[2021.01.06-21.44.01:936][203]PIE: New page: PIE session: ThirdPersonExampleMap (Jan 6, 2021, 7:44:01 AM)
[2021.01.06-21.44.01:937][203]LogOnline: OSS: Creating online subsystem instance for: NULL
[2021.01.06-21.44.01:938][203]LogOnline: OSS: TryLoadSubsystemAndSetDefault: Loaded subsystem for module [NULL]
[2021.01.06-21.44.01:938][203]LogPlayLevel: Creating play world package: /Game/ThirdPersonCPP/Maps/UEDPIE_0_ThirdPersonExampleMap
[2021.01.06-21.44.01:939][203]LogTemp: TIME TO COMPLETE -1073741824
[2021.01.06-21.44.01:951][203]LogPlayLevel: PIE: StaticDuplicateObject took: (0.012437s)
[2021.01.06-21.44.01:952][203]LogAIModule: Creating AISystem for world ThirdPersonExampleMap
[2021.01.06-21.44.01:952][203]LogAISub: UAISubsystem::UAISubsystem EnvQueryManager (0000011F907F0200), frame # 5203
[2021.01.06-21.44.01:952][203]LogAISub: UAISubsystem::UAISubsystem AIPerceptionSystem (0000011F929FA700), frame # 5203
[2021.01.06-21.44.01:952][203]LogPlayLevel: PIE: World Init took: (0.001626s)
[2021.01.06-21.44.01:952][203]LogPlayLevel: PIE: Created PIE world by copying editor world from /Game/ThirdPersonCPP/Maps/ThirdPersonExampleMap.ThirdPersonExampleMap to /Game/ThirdPersonCPP/Maps/UEDPIE_0_ThirdPersonExampleMap.ThirdPersonExampleMap (0.014330s)
[2021.01.06-21.44.01:987][203]LogUObjectHash: Compacting FUObjectHashTables data took   3.28ms
[2021.01.06-21.44.01:989][203]LogAudioMixer: Display: Audio Mixer Platform Settings:
[2021.01.06-21.44.01:989][203]LogAudioMixer: Display: 	Sample Rate:						  48000
[2021.01.06-21.44.01:989][203]LogAudioMixer: Display: 	Callback Buffer Frame Size Requested: 1024
[2021.01.06-21.44.01:989][203]LogAudioMixer: Display: 	Callback Buffer Frame Size To Use:	  1024
[2021.01.06-21.44.01:989][203]LogAudioMixer: Display: 	Number of buffers to queue:			  2
[2021.01.06-21.44.01:989][203]LogAudioMixer: Display: 	Max Channels (voices):				  32
[2021.01.06-21.44.01:989][203]LogAudioMixer: Display: 	Number of Async Source Workers:		  0
[2021.01.06-21.44.01:989][203]LogAudio: Display: AudioDevice MaxSources: 32
[2021.01.06-21.44.01:990][203]LogAudio: Display: Using built-in audio occlusion.
[2021.01.06-21.44.01:990][203]LogAudioMixer: Display: Initializing audio mixer.
[2021.01.06-21.44.02:006][203]LogAudioMixer: Display: 0: FrontLeft
[2021.01.06-21.44.02:006][203]LogAudioMixer: Display: 1: FrontRight
[2021.01.06-21.44.02:006][203]LogAudioMixer: Display: 2: FrontCenter
[2021.01.06-21.44.02:006][203]LogAudioMixer: Display: 3: LowFrequency
[2021.01.06-21.44.02:006][203]LogAudioMixer: Display: 4: BackLeft
[2021.01.06-21.44.02:006][203]LogAudioMixer: Display: 5: BackRight
[2021.01.06-21.44.02:006][203]LogAudioMixer: Display: 6: SideLeft
[2021.01.06-21.44.02:006][203]LogAudioMixer: Display: 7: SideRight
[2021.01.06-21.44.02:079][203]LogAudioMixer: Display: Using Audio Device Speakers / Headphones (Realtek Audio)
[2021.01.06-21.44.02:079][203]LogAudioMixer: Display: Initializing Sound Submixes...
[2021.01.06-21.44.02:079][203]LogAudioMixer: Display: Creating Master Submix 'MasterSubmixDefault'
[2021.01.06-21.44.02:079][203]LogAudioMixer: Display: Creating Master Submix 'MasterReverbSubmixDefault'
[2021.01.06-21.44.02:080][203]LogAudioMixer: Display: Creating Master Submix 'MasterEQSubmixDefault'
[2021.01.06-21.44.02:094][203]LogInit: FAudioDevice initialized.
[2021.01.06-21.44.02:117][203]LogLoad: Game class is 'NewGameMode_BP_C'
[2021.01.06-21.44.02:120][203]LogWorld: Bringing World /Game/ThirdPersonCPP/Maps/UEDPIE_0_ThirdPersonExampleMap.ThirdPersonExampleMap up for play (max tick rate 60) at 2021.01.06-14.44.02
[2021.01.06-21.44.02:121][203]LogWorld: Bringing up level for play took: 0.002292
[2021.01.06-21.44.02:121][203]LogOnline: OSS: Creating online subsystem instance for: :Context_6
[2021.01.06-21.44.02:125][203]LogContentBrowser: Native class hierarchy updated for 'MovieSceneCapture' in 0.0006 seconds. Added 20 classes and 0 folders.
[2021.01.06-21.44.02:126][203]LogTemp: GAMEMODE::StartTimer
[2021.01.06-21.44.02:126][203]PIE: Server logged in
[2021.01.06-21.44.02:128][203]PIE: Play in editor total start time 0.193 seconds.
[2021.01.06-21.44.11:015][712]LogSlate: Updating window title bar state: overlay mode, drag disabled, window buttons hidden, title bar hidden
[2021.01.06-21.44.11:015][712]LogWorld: BeginTearingDown for /Game/ThirdPersonCPP/Maps/UEDPIE_0_ThirdPersonExampleMap
[2021.01.06-21.44.11:015][712]LogWorld: UWorld::CleanupWorld for ThirdPersonExampleMap, bSessionEnded=true, bCleanupResources=true
[2021.01.06-21.44.11:015][712]LogSlate: InvalidateAllWidgets triggered.  All widgets were invalidated
[2021.01.06-21.44.11:028][712]LogPlayLevel: Display: Shutting down PIE online subsystems
[2021.01.06-21.44.11:034][712]LogSlate: InvalidateAllWidgets triggered.  All widgets were invalidated
[2021.01.06-21.44.11:091][712]LogSlate: Updating window title bar state: overlay mode, drag disabled, window buttons hidden, title bar hidden
[2021.01.06-21.44.11:099][712]LogAISub: UAISubsystem::~UAISubsystem AIPerceptionSystem (0000011F929FA700), frame # 5712
[2021.01.06-21.44.11:099][712]LogAISub: UAISubsystem::~UAISubsystem EnvQueryManager (0000011F907F0200), frame # 5712
[2021.01.06-21.44.11:126][712]LogUObjectHash: Compacting FUObjectHashTables data took   3.96ms
[2021.01.06-21.44.11:168][713]LogPlayLevel: Display: Destroying online subsystem :Context_6
[2021.01.06-21.44.15:978][995]LogAssetEditorSubsystem: Opening Asset editor for WidgetBlueprint /Game/Blueprints/RetailHUD_BP.RetailHUD_BP
[2021.01.06-21.44.42:207][510]BlueprintLog: New page: Compile RetailHUD_BP
[2021.01.06-21.44.42:263][510]LogUObjectHash: Compacting FUObjectHashTables data took   3.41ms
[2021.01.06-21.44.42:290][510]Cmd: OBJ SAVEPACKAGE PACKAGE="/Game/Blueprints/RetailHUD_BP" FILE="../../../../Projects/Retail-Game/Retail1/Content/Blueprints/RetailHUD_BP.uasset" SILENT=true
[2021.01.06-21.44.42:332][510]LogSavePackage: Moving '../../../../Projects/Retail-Game/Retail1/Saved/RetailHUD_BPA5958F0C4364BFF553F902B218CC3EE2.tmp' to '../../../../Projects/Retail-Game/Retail1/Content/Blueprints/RetailHUD_BP.uasset'
[2021.01.06-21.44.42:347][510]AssetCheck: New page: Asset Save: RetailHUD_BP
[2021.01.06-21.44.42:347][510]LogContentValidation: Display: Validating WidgetBlueprint /Game/Blueprints/RetailHUD_BP.RetailHUD_BP
[2021.01.06-21.44.46:302][739]LogTemp: Repeating last play command: Selected Viewport
[2021.01.06-21.44.46:321][739]LogPlayLevel: PlayLevel: No blueprints needed recompiling
[2021.01.06-21.44.46:321][739]PIE: New page: PIE session: ThirdPersonExampleMap (Jan 6, 2021, 7:44:46 AM)
[2021.01.06-21.44.46:321][739]LogPlayLevel: Creating play world package: /Game/ThirdPersonCPP/Maps/UEDPIE_0_ThirdPersonExampleMap
[2021.01.06-21.44.46:322][739]LogTemp: TIME TO COMPLETE 0
[2021.01.06-21.44.46:335][739]LogPlayLevel: PIE: StaticDuplicateObject took: (0.014394s)
[2021.01.06-21.44.46:336][739]LogAIModule: Creating AISystem for world ThirdPersonExampleMap
[2021.01.06-21.44.46:336][739]LogAISub: UAISubsystem::UAISubsystem EnvQueryManager (0000011FABFEFE00), frame # 7739
[2021.01.06-21.44.46:336][739]LogAISub: UAISubsystem::UAISubsystem AIPerceptionSystem (0000011F91120540), frame # 7739
[2021.01.06-21.44.46:337][739]LogPlayLevel: PIE: World Init took: (0.001540s)
[2021.01.06-21.44.46:337][739]LogPlayLevel: PIE: Created PIE world by copying editor world from /Game/ThirdPersonCPP/Maps/ThirdPersonExampleMap.ThirdPersonExampleMap to /Game/ThirdPersonCPP/Maps/UEDPIE_0_ThirdPersonExampleMap.ThirdPersonExampleMap (0.016095s)
[2021.01.06-21.44.46:377][739]LogUObjectHash: Compacting FUObjectHashTables data took   4.27ms
[2021.01.06-21.44.46:378][739]LogAudioMixer: Display: Audio Mixer Platform Settings:
[2021.01.06-21.44.46:378][739]LogAudioMixer: Display: 	Sample Rate:						  48000
[2021.01.06-21.44.46:378][739]LogAudioMixer: Display: 	Callback Buffer Frame Size Requested: 1024
[2021.01.06-21.44.46:379][739]LogAudioMixer: Display: 	Callback Buffer Frame Size To Use:	  1024
[2021.01.06-21.44.46:379][739]LogAudioMixer: Display: 	Number of buffers to queue:			  2
[2021.01.06-21.44.46:379][739]LogAudioMixer: Display: 	Max Channels (voices):				  32
[2021.01.06-21.44.46:379][739]LogAudioMixer: Display: 	Number of Async Source Workers:		  0
[2021.01.06-21.44.46:379][739]LogAudio: Display: AudioDevice MaxSources: 32
[2021.01.06-21.44.46:379][739]LogAudio: Display: Using built-in audio occlusion.
[2021.01.06-21.44.46:379][739]LogAudioMixer: Display: Initializing audio mixer.
[2021.01.06-21.44.46:393][739]LogAudioMixer: Display: 0: FrontLeft
[2021.01.06-21.44.46:393][739]LogAudioMixer: Display: 1: FrontRight
[2021.01.06-21.44.46:393][739]LogAudioMixer: Display: 2: FrontCenter
[2021.01.06-21.44.46:393][739]LogAudioMixer: Display: 3: LowFrequency
[2021.01.06-21.44.46:393][739]LogAudioMixer: Display: 4: BackLeft
[2021.01.06-21.44.46:393][739]LogAudioMixer: Display: 5: BackRight
[2021.01.06-21.44.46:393][739]LogAudioMixer: Display: 6: SideLeft
[2021.01.06-21.44.46:393][739]LogAudioMixer: Display: 7: SideRight
[2021.01.06-21.44.46:461][739]LogAudioMixer: Display: Using Audio Device Speakers / Headphones (Realtek Audio)
[2021.01.06-21.44.46:461][739]LogAudioMixer: Display: Initializing Sound Submixes...
[2021.01.06-21.44.46:461][739]LogAudioMixer: Display: Creating Master Submix 'MasterSubmixDefault'
[2021.01.06-21.44.46:461][739]LogAudioMixer: Display: Creating Master Submix 'MasterReverbSubmixDefault'
[2021.01.06-21.44.46:461][739]LogAudioMixer: Display: Creating Master Submix 'MasterEQSubmixDefault'
[2021.01.06-21.44.46:475][739]LogInit: FAudioDevice initialized.
[2021.01.06-21.44.46:487][739]LogLoad: Game class is 'NewGameMode_BP_C'
[2021.01.06-21.44.46:491][739]LogWorld: Bringing World /Game/ThirdPersonCPP/Maps/UEDPIE_0_ThirdPersonExampleMap.ThirdPersonExampleMap up for play (max tick rate 60) at 2021.01.06-14.44.46
[2021.01.06-21.44.46:491][739]LogWorld: Bringing up level for play took: 0.002528
[2021.01.06-21.44.46:491][739]LogOnline: OSS: Creating online subsystem instance for: :Context_9
[2021.01.06-21.44.46:505][739]LogTemp: GAMEMODE::StartTimer
[2021.01.06-21.44.46:505][739]PIE: Server logged in
[2021.01.06-21.44.46:506][739]PIE: Play in editor total start time 0.186 seconds.
[2021.01.06-21.44.56:054][305]LogSlate: Updating window title bar state: overlay mode, drag disabled, window buttons hidden, title bar hidden
[2021.01.06-21.44.56:054][305]LogWorld: BeginTearingDown for /Game/ThirdPersonCPP/Maps/UEDPIE_0_ThirdPersonExampleMap
[2021.01.06-21.44.56:054][305]LogWorld: UWorld::CleanupWorld for ThirdPersonExampleMap, bSessionEnded=true, bCleanupResources=true
[2021.01.06-21.44.56:055][305]LogSlate: InvalidateAllWidgets triggered.  All widgets were invalidated
[2021.01.06-21.44.56:064][305]LogPlayLevel: Display: Shutting down PIE online subsystems
[2021.01.06-21.44.56:069][305]LogSlate: InvalidateAllWidgets triggered.  All widgets were invalidated
[2021.01.06-21.44.56:120][305]LogSlate: Updating window title bar state: overlay mode, drag disabled, window buttons hidden, title bar hidden
[2021.01.06-21.44.56:121][305]LogAISub: UAISubsystem::~UAISubsystem AIPerceptionSystem (0000011F91120540), frame # 8305
[2021.01.06-21.44.56:121][305]LogAISub: UAISubsystem::~UAISubsystem EnvQueryManager (0000011FABFEFE00), frame # 8305
[2021.01.06-21.44.56:124][305]LogUObjectHash: Compacting FUObjectHashTables data took   2.57ms
[2021.01.06-21.44.56:174][306]LogPlayLevel: Display: Destroying online subsystem :Context_9
[2021.01.06-21.45.12:612][273]Cmd: OBJ SAVEPACKAGE PACKAGE="/Game/Blueprints/RetailHUD_BP" FILE="../../../../Projects/Retail-Game/Retail1/Content/Blueprints/RetailHUD_BP.uasset" SILENT=true
[2021.01.06-21.45.12:646][273]LogSavePackage: Moving '../../../../Projects/Retail-Game/Retail1/Saved/RetailHUD_BP60381C4446191237F838079DC2B71F7E.tmp' to '../../../../Projects/Retail-Game/Retail1/Content/Blueprints/RetailHUD_BP.uasset'
[2021.01.06-21.45.12:661][273]AssetCheck: New page: Asset Save: RetailHUD_BP
[2021.01.06-21.45.12:661][273]LogContentValidation: Display: Validating WidgetBlueprint /Game/Blueprints/RetailHUD_BP.RetailHUD_BP
[2021.01.06-21.45.13:776][340]BlueprintLog: New page: Compile RetailHUD_BP
[2021.01.06-21.45.13:816][340]LogUObjectHash: Compacting FUObjectHashTables data took   2.44ms
[2021.01.06-21.46.13:746][863]Cmd: OBJ SAVEPACKAGE PACKAGE="/Game/Blueprints/SpillCleanup2_BP" FILE="../../../../Projects/Retail-Game/Retail1/Content/Blueprints/SpillCleanup2_BP.uasset" SILENT=true
[2021.01.06-21.46.13:771][863]LogSavePackage: Moving '../../../../Projects/Retail-Game/Retail1/Saved/SpillCleanup2_BP8215F50247AA813C7AD71C8CDDDE8D49.tmp' to '../../../../Projects/Retail-Game/Retail1/Content/Blueprints/SpillCleanup2_BP.uasset'
[2021.01.06-21.46.13:789][863]AssetCheck: New page: Asset Save: SpillCleanup2_BP
[2021.01.06-21.46.13:789][863]LogContentValidation: Display: Validating Blueprint /Game/Blueprints/SpillCleanup2_BP.SpillCleanup2_BP
[2021.01.06-21.46.27:894][706]BlueprintLog: New page: Compile SpillCleanup2_BP
[2021.01.06-21.46.27:895][706]LogTemp: TIME TO COMPLETE 536870912
[2021.01.06-21.46.27:896][706]LogTemp: TIME TO COMPLETE 1610612736
[2021.01.06-21.46.27:897][706]LogTemp: TIME TO COMPLETE -1073741824
[2021.01.06-21.46.27:898][706]LogTemp: TIME TO COMPLETE -536870912
[2021.01.06-21.46.27:898][706]LogTemp: TIME TO COMPLETE -2147483648
[2021.01.06-21.46.27:945][706]LogUObjectHash: Compacting FUObjectHashTables data took   5.71ms
[2021.01.06-21.46.27:954][706]LogTemp: TIME TO COMPLETE 536870912
[2021.01.06-21.47.02:606][758]LogUObjectHash: Compacting FUObjectHashTables data took   4.28ms
[2021.01.06-21.47.02:646][758]LogSavePackage: Moving '../../../../Projects/Retail-Game/Retail1/Saved/ThirdPersonExampleMap319C14614EC1EF15737B718E9442A906.tmp' to '../../../../Projects/Retail-Game/Retail1/Content/ThirdPersonCPP/Maps/ThirdPersonExampleMap.umap'
[2021.01.06-21.47.02:832][758]LogSavePackage: Moving '../../../../Projects/Retail-Game/Retail1/Saved/ThirdPersonExampleMap_BuiltData1AE2019F4D36E95D0781B78817D92392.tmp' to '../../../../Projects/Retail-Game/Retail1/Content/ThirdPersonCPP/Maps/ThirdPersonExampleMap_BuiltData.uasset'
[2021.01.06-21.47.02:849][758]AssetCheck: New page: Asset Save: multiple assets
[2021.01.06-21.47.02:849][758]LogContentValidation: Display: Validating World /Game/ThirdPersonCPP/Maps/ThirdPersonExampleMap.ThirdPersonExampleMap
[2021.01.06-21.47.02:849][758]LogContentValidation: Display: Validating MapBuildDataRegistry /Game/ThirdPersonCPP/Maps/ThirdPersonExampleMap_BuiltData.ThirdPersonExampleMap_BuiltData
[2021.01.06-21.47.04:669][863]Candidate modules for hot reload:
[2021.01.06-21.47.04:669][863]  Retail1
[2021.01.06-21.47.04:669][863]Launching UnrealBuildTool... [D:/missp/UE_4.25/Engine/Binaries/DotNET/UnrealBuildTool.exe  -ModuleWithSuffix=Retail1,6942 Retail1Editor Win64 Development -Project="D:/missp/Projects/Retail-Game/Retail1/Retail1.uproject" "D:/missp/Projects/Retail-Game/Retail1/Retail1.uproject"  -IgnoreJunk]
[2021.01.06-21.47.04:672][863]Warning: Starting HotReload took  0.0s.
[2021.01.06-21.47.07:060][987]CompilerResultsLog: New page: Compilation - Jan 6, 2021, 7:47:07 AM
[2021.01.06-21.47.07:060][987]CompilerResultsLog: Using 'git status' to determine working set for adaptive non-unity build (D:\missp\Projects\Retail-Game).
[2021.01.06-21.47.07:060][987]CompilerResultsLog: Building Retail1Editor...
[2021.01.06-21.47.07:060][987]CompilerResultsLog: Using Visual Studio 2019 14.28.29333 toolchain (D:\VSCommunity\VC\Tools\MSVC\14.28.29333) and Windows 10.0.18362.0 SDK (C:\Program Files (x86)\Windows Kits\10).
[2021.01.06-21.47.07:060][987]CompilerResultsLog: Building 3 actions with 8 processes...
[2021.01.06-21.47.07:060][987]CompilerResultsLog:   [1/3] UE4Editor-Retail1-6942.lib
[2021.01.06-21.47.07:060][987]CompilerResultsLog:      Creating library D:\missp\Projects\Retail-Game\Retail1\Intermediate\Build\Win64\UE4Editor\Development\Retail1\UE4Editor-Retail1-6942.lib and object D:\missp\Projects\Retail-Game\Retail1\Intermediate\Build\Win64\UE4Editor\Development\Retail1\UE4Editor-Retail1-6942.exp
[2021.01.06-21.47.07:060][987]CompilerResultsLog:   [2/3] UE4Editor-Retail1-6942.dll
[2021.01.06-21.47.07:060][987]CompilerResultsLog:      Creating library D:\missp\Projects\Retail-Game\Retail1\Intermediate\Build\Win64\UE4Editor\Development\Retail1\UE4Editor-Retail1-6942.suppressed.lib and object D:\missp\Projects\Retail-Game\Retail1\Intermediate\Build\Win64\UE4Editor\Development\Retail1\UE4Editor-Retail1-6942.suppressed.exp
[2021.01.06-21.47.07:060][987]CompilerResultsLog:   [3/3] Retail1Editor.target
[2021.01.06-21.47.07:060][987]CompilerResultsLog: Total time in Parallel executor: 1.13 seconds
[2021.01.06-21.47.07:060][987]CompilerResultsLog: Total execution time: 2.27 seconds
[2021.01.06-21.47.07:060][987]LogMainFrame: MainFrame: Module compiling took 2.395 seconds
[2021.01.06-21.47.07:095][987]LogTemp: TIME TO COMPLETE 536870912
[2021.01.06-21.47.07:096][987]LogHotReload: Re-instancing Cleanup after hot-reload.
[2021.01.06-21.47.07:097][987]LogTemp: TIME TO COMPLETE -536870912
[2021.01.06-21.47.07:100][987]LogTemp: TIME TO COMPLETE 1073741824
[2021.01.06-21.47.07:101][987]LogTemp: TIME TO COMPLETE 0
[2021.01.06-21.47.07:102][987]LogTemp: TIME TO COMPLETE 1073741824
[2021.01.06-21.47.07:103][987]LogTemp: TIME TO COMPLETE -536870912
[2021.01.06-21.47.07:127][987]LogTemp: TIME TO COMPLETE 0
[2021.01.06-21.47.07:166][987]LogContentBrowser: Native class hierarchy updated for 'Retail1' in 0.0006 seconds. Added 3 classes and 3 folders.
[2021.01.06-21.47.07:170][987]Display: HotReload successful (18 functions remapped  0 scriptstructs remapped)
[2021.01.06-21.47.07:297][987]LogContentBrowser: Native class hierarchy populated in 0.0148 seconds. Added 3422 classes and 817 folders.
[2021.01.06-21.47.07:297][987]Display: HotReload took  2.6s.
[2021.01.06-21.47.11:067][194]LogTemp: Repeating last play command: Selected Viewport
[2021.01.06-21.47.11:094][194]LogPlayLevel: PlayLevel: No blueprints needed recompiling
[2021.01.06-21.47.11:094][194]PIE: New page: PIE session: ThirdPersonExampleMap (Jan 6, 2021, 7:47:11 AM)
[2021.01.06-21.47.11:094][194]LogPlayLevel: Creating play world package: /Game/ThirdPersonCPP/Maps/UEDPIE_0_ThirdPersonExampleMap
[2021.01.06-21.47.11:095][194]LogTemp: TIME TO COMPLETE 0
[2021.01.06-21.47.11:108][194]LogPlayLevel: PIE: StaticDuplicateObject took: (0.014351s)
[2021.01.06-21.47.11:110][194]LogAIModule: Creating AISystem for world ThirdPersonExampleMap
[2021.01.06-21.47.11:110][194]LogAISub: UAISubsystem::UAISubsystem EnvQueryManager (0000011F42D63E00), frame # 16194
[2021.01.06-21.47.11:110][194]LogAISub: UAISubsystem::UAISubsystem AIPerceptionSystem (0000011F930B2E80), frame # 16194
[2021.01.06-21.47.11:110][194]LogPlayLevel: PIE: World Init took: (0.001719s)
[2021.01.06-21.47.11:110][194]LogPlayLevel: PIE: Created PIE world by copying editor world from /Game/ThirdPersonCPP/Maps/ThirdPersonExampleMap.ThirdPersonExampleMap to /Game/ThirdPersonCPP/Maps/UEDPIE_0_ThirdPersonExampleMap.ThirdPersonExampleMap (0.016243s)
[2021.01.06-21.47.11:203][194]LogUObjectHash: Compacting FUObjectHashTables data took   4.27ms
[2021.01.06-21.47.11:206][194]LogAudioMixer: Display: Audio Mixer Platform Settings:
[2021.01.06-21.47.11:206][194]LogAudioMixer: Display: 	Sample Rate:						  48000
[2021.01.06-21.47.11:206][194]LogAudioMixer: Display: 	Callback Buffer Frame Size Requested: 1024
[2021.01.06-21.47.11:206][194]LogAudioMixer: Display: 	Callback Buffer Frame Size To Use:	  1024
[2021.01.06-21.47.11:206][194]LogAudioMixer: Display: 	Number of buffers to queue:			  2
[2021.01.06-21.47.11:206][194]LogAudioMixer: Display: 	Max Channels (voices):				  32
[2021.01.06-21.47.11:206][194]LogAudioMixer: Display: 	Number of Async Source Workers:		  0
[2021.01.06-21.47.11:206][194]LogAudio: Display: AudioDevice MaxSources: 32
[2021.01.06-21.47.11:206][194]LogAudio: Display: Using built-in audio occlusion.
[2021.01.06-21.47.11:206][194]LogAudioMixer: Display: Initializing audio mixer.
[2021.01.06-21.47.11:216][194]LogAudioMixer: Display: 0: FrontLeft
[2021.01.06-21.47.11:216][194]LogAudioMixer: Display: 1: FrontRight
[2021.01.06-21.47.11:216][194]LogAudioMixer: Display: 2: FrontCenter
[2021.01.06-21.47.11:216][194]LogAudioMixer: Display: 3: LowFrequency
[2021.01.06-21.47.11:216][194]LogAudioMixer: Display: 4: BackLeft
[2021.01.06-21.47.11:216][194]LogAudioMixer: Display: 5: BackRight
[2021.01.06-21.47.11:216][194]LogAudioMixer: Display: 6: SideLeft
[2021.01.06-21.47.11:217][194]LogAudioMixer: Display: 7: SideRight
[2021.01.06-21.47.11:285][194]LogAudioMixer: Display: Using Audio Device Speakers / Headphones (Realtek Audio)
[2021.01.06-21.47.11:285][194]LogAudioMixer: Display: Initializing Sound Submixes...
[2021.01.06-21.47.11:285][194]LogAudioMixer: Display: Creating Master Submix 'MasterSubmixDefault'
[2021.01.06-21.47.11:285][194]LogAudioMixer: Display: Creating Master Submix 'MasterReverbSubmixDefault'
[2021.01.06-21.47.11:286][194]LogAudioMixer: Display: Creating Master Submix 'MasterEQSubmixDefault'
[2021.01.06-21.47.11:300][194]LogInit: FAudioDevice initialized.
[2021.01.06-21.47.11:306][194]LogLoad: Game class is 'NewGameMode_BP_C'
[2021.01.06-21.47.11:309][194]LogWorld: Bringing World /Game/ThirdPersonCPP/Maps/UEDPIE_0_ThirdPersonExampleMap.ThirdPersonExampleMap up for play (max tick rate 60) at 2021.01.06-14.47.11
[2021.01.06-21.47.11:309][194]LogWorld: Bringing up level for play took: 0.002277
[2021.01.06-21.47.11:309][194]LogOnline: OSS: Creating online subsystem instance for: :Context_10
[2021.01.06-21.47.11:312][194]LogTemp: GAMEMODE::StartTimer
[2021.01.06-21.47.11:312][194]PIE: Server logged in
[2021.01.06-21.47.11:313][194]PIE: Play in editor total start time 0.223 seconds.
[2021.01.06-21.47.20:398][738]LogOutputDevice: Warning: 

Script Stack (0 frames):

[2021.01.06-21.47.20:399][738]LogWindows: Windows GetLastError: The operation completed successfully. (0)
[2021.01.06-21.47.23:124][738]LogWindows: Error: === Critical error: ===
[2021.01.06-21.47.23:125][738]LogWindows: Error: 
[2021.01.06-21.47.23:125][738]LogWindows: Error: Assertion failed: (Index >= 0) & (Index < ArrayNum) [File:D:\missp\UE_4.25\Engine\Source\Runtime\Core\Public\Containers/Array.h] [Line: 674] 
[2021.01.06-21.47.23:125][738]LogWindows: Error: Array index out of bounds: 1 from an array of size 1
[2021.01.06-21.47.23:125][738]LogWindows: Error: 
[2021.01.06-21.47.23:125][738]LogWindows: Error: 
[2021.01.06-21.47.23:125][738]LogWindows: Error: [Callstack] 0x00007ff9e5343b29 KERNELBASE.dll!UnknownFunction []
[2021.01.06-21.47.23:125][738]LogWindows: Error: [Callstack] 0x00007ff98f47ec66 UE4Editor-Core.dll!UnknownFunction []
[2021.01.06-21.47.23:125][738]LogWindows: Error: [Callstack] 0x00007ff98f482048 UE4Editor-Core.dll!UnknownFunction []
[2021.01.06-21.47.23:125][738]LogWindows: Error: [Callstack] 0x00007ff98f20e52d UE4Editor-Core.dll!UnknownFunction []
[2021.01.06-21.47.23:125][738]LogWindows: Error: [Callstack] 0x00007ff98f1997c5 UE4Editor-Core.dll!UnknownFunction []
[2021.01.06-21.47.23:125][738]LogWindows: Error: [Callstack] 0x00007ff98f19bb00 UE4Editor-Core.dll!UnknownFunction []
[2021.01.06-21.47.23:125][738]LogWindows: Error: [Callstack] 0x00007ff9dba3e1c8 UE4Editor-Retail1-6942.dll!DispatchCheckVerify<void,<lambda_9883595a6086699eed914a325129fadc> >() [D:\missp\UE_4.25\Engine\Source\Runtime\Core\Public\Misc\AssertionMacros.h:162]
[2021.01.06-21.47.23:125][738]LogWindows: Error: [Callstack] 0x00007ff9dba357c3 UE4Editor-Retail1-6942.dll!UnknownFunction [D:\missp\Projects\Retail-Game\Retail1\Source\Retail1\Retail1Character.cpp:104]
[2021.01.06-21.47.23:125][738]LogWindows: Error: [Callstack] 0x00007ff982e091fa UE4Editor-Engine.dll!UnknownFunction []
[2021.01.06-21.47.23:125][738]LogWindows: Error: [Callstack] 0x00007ff982e3514e UE4Editor-Engine.dll!UnknownFunction []
[2021.01.06-21.47.23:125][738]LogWindows: Error: [Callstack] 0x00007ff98293b988 UE4Editor-Engine.dll!UnknownFunction []
[2021.01.06-21.47.23:125][738]LogWindows: Error: [Callstack] 0x00007ff98294f1b4 UE4Editor-Engine.dll!UnknownFunction []
[2021.01.06-21.47.23:125][738]LogWindows: Error: [Callstack] 0x00007ff982939a1b UE4Editor-Engine.dll!UnknownFunction []
[2021.01.06-21.47.23:125][738]LogWindows: Error: [Callstack] 0x00007ff98294d681 UE4Editor-Engine.dll!UnknownFunction []
[2021.01.06-21.47.23:125][738]LogWindows: Error: [Callstack] 0x00007ff981c29f84 UE4Editor-Engine.dll!UnknownFunction []
[2021.01.06-21.47.23:125][738]LogWindows: Error: [Callstack] 0x00007ff982ce936f UE4Editor-Engine.dll!UnknownFunction []
[2021.01.06-21.47.23:125][738]LogWindows: Error: [Callstack] 0x00007ff982cee3c7 UE4Editor-Engine.dll!UnknownFunction []
[2021.01.06-21.47.23:125][738]LogWindows: Error: [Callstack] 0x00007ff98efb87d8 UE4Editor-Core.dll!UnknownFunction []
[2021.01.06-21.47.23:125][738]LogWindows: Error: [Callstack] 0x00007ff98efb8aa3 UE4Editor-Core.dll!UnknownFunction []
[2021.01.06-21.47.23:125][738]LogWindows: Error: [Callstack] 0x00007ff98efcf027 UE4Editor-Core.dll!UnknownFunction []
[2021.01.06-21.47.23:125][738]LogWindows: Error: [Callstack] 0x00007ff982d0a402 UE4Editor-Engine.dll!UnknownFunction []
[2021.01.06-21.47.23:125][738]LogWindows: Error: [Callstack] 0x00007ff982d0f6ca UE4Editor-Engine.dll!UnknownFunction []
[2021.01.06-21.47.23:125][738]LogWindows: Error: [Callstack] 0x00007ff9824cd0bf UE4Editor-Engine.dll!UnknownFunction []
[2021.01.06-21.47.23:125][738]LogWindows: Error: [Callstack] 0x00007ff9824d7957 UE4Editor-Engine.dll!UnknownFunction []
[2021.01.06-21.47.23:125][738]LogWindows: Error: [Callstack] 0x00007ff98058af57 UE4Editor-UnrealEd.dll!UnknownFunction []
[2021.01.06-21.47.23:125][738]LogWindows: Error: [Callstack] 0x00007ff980e637e6 UE4Editor-UnrealEd.dll!UnknownFunction []
[2021.01.06-21.47.23:125][738]LogWindows: Error: [Callstack] 0x00007ff7d9817800 UE4Editor.exe!UnknownFunction []
[2021.01.06-21.47.23:125][738]LogWindows: Error: [Callstack] 0x00007ff7d982ba7c UE4Editor.exe!UnknownFunction []
[2021.01.06-21.47.23:125][738]LogWindows: Error: [Callstack] 0x00007ff7d982bb5a UE4Editor.exe!UnknownFunction []
[2021.01.06-21.47.23:125][738]LogWindows: Error: [Callstack] 0x00007ff7d983e31d UE4Editor.exe!UnknownFunction []
[2021.01.06-21.47.23:125][738]LogWindows: Error: [Callstack] 0x00007ff7d984145a UE4Editor.exe!UnknownFunction []
[2021.01.06-21.47.23:125][738]LogWindows: Error: [Callstack] 0x00007ff9e7857c24 KERNEL32.DLL!UnknownFunction []
[2021.01.06-21.47.23:125][738]LogWindows: Error: [Callstack] 0x00007ff9e7e4d4d1 ntdll.dll!UnknownFunction []
[2021.01.06-21.47.23:125][738]LogWindows: Error: 
[2021.01.06-21.47.23:140][738]LogExit: Executing StaticShutdownAfterError
[2021.01.06-21.47.23:146][738]LogWindows: FPlatformMisc::RequestExit(1)
[2021.01.06-21.47.23:146][738]LogCore: Engine exit requested (reason: Win RequestExit)
[2021.01.06-21.47.23:205][738]Log file closed, 01/06/21 14:47:23
